#
# There is insufficient memory for the Java Runtime Environment to continue.
# Native memory allocation (malloc) failed to allocate 32744 bytes for ChunkPool::allocate
# Possible reasons:
#   The system is out of physical RAM or swap space
#   In 32 bit mode, the process size limit was hit
# Possible solutions:
#   Reduce memory load on the system
#   Increase physical memory or swap space
#   Check if swap backing store is full
#   Use 64 bit Java on a 64 bit OS
#   Decrease Java heap size (-Xmx/-Xms)
#   Decrease number of Java threads
#   Decrease Java thread stack sizes (-Xss)
#   Set larger code cache with -XX:ReservedCodeCacheSize=
# This output file may be truncated or incomplete.
#
#  Out of Memory Error (allocation.cpp:273), pid=12988, tid=0x00000000000031c4
#
# JRE version: OpenJDK Runtime Environment (8.0_152-b01) (build 1.8.0_152-release-915-b01)
# Java VM: OpenJDK 64-Bit Server VM (25.152-b01 mixed mode windows-amd64 compressed oops)
# Failed to write core dump. Minidumps are not enabled by default on client versions of Windows
#

---------------  T H R E A D  ---------------

Current thread (0x0000000018470000):  JavaThread "C2 CompilerThread1" daemon [_thread_in_native, id=12740, stack(0x0000000019cb0000,0x0000000019db0000)]

Stack: [0x0000000019cb0000,0x0000000019db0000]
[error occurred during error reporting (printing stack bounds), id 0xc0000005]

Native frames: (J=compiled Java code, j=interpreted, Vv=VM code, C=native code)


Current CompileTask:
C2:  15995 5400       4       com.sun.org.apache.xerces.internal.impl.XMLDTDScannerImpl::scanEntityDecl (873 bytes)


---------------  P R O C E S S  ---------------

Java Threads: ( => current thread )
  0x000000001c88f000 JavaThread "Memory manager" [_thread_blocked, id=11064, stack(0x0000000022b80000,0x0000000022c80000)]
  0x000000001c892000 JavaThread "pool-1-thread-1" [_thread_blocked, id=11460, stack(0x0000000022880000,0x0000000022980000)]
  0x000000001be44800 JavaThread "build operations Thread 4" [_thread_blocked, id=7712, stack(0x0000000022580000,0x0000000022680000)]
  0x000000001be44000 JavaThread "build operations Thread 3" [_thread_blocked, id=8560, stack(0x0000000022480000,0x0000000022580000)]
  0x000000001be45800 JavaThread "build operations Thread 2" [_thread_blocked, id=4944, stack(0x0000000022380000,0x0000000022480000)]
  0x000000001be4a000 JavaThread "build operations" [_thread_blocked, id=7564, stack(0x0000000022280000,0x0000000022380000)]
  0x000000001be43000 JavaThread "Cache worker for Artifact transforms cache (C:\Users\Rozz\.gradle\caches\transforms-1)" [_thread_blocked, id=5172, stack(0x000000001f5b0000,0x000000001f6b0000)]
  0x000000001b822800 JavaThread "Cache worker for file hash cache (C:\PERALTA BACKUPS\PrestigeMobileAppUpdatedWed28-6-18-1258AM\MMReport\.gradle\4.1\fileHashes)" [_thread_blocked, id=9100, stack(0x000000001e0e0000,0x000000001e1e0000)]
  0x000000001be22800 JavaThread "File lock request listener" [_thread_in_native, id=7096, stack(0x000000001dde0000,0x000000001dee0000)]
  0x000000001be21800 JavaThread "Cache worker for file hash cache (C:\Users\Rozz\.gradle\caches\4.1\fileHashes)" [_thread_blocked, id=2596, stack(0x000000001dce0000,0x000000001dde0000)]
  0x000000001b7cc800 JavaThread "Stdin handler" [_thread_blocked, id=5564, stack(0x000000001dbe0000,0x000000001dce0000)]
  0x000000001b440000 JavaThread "Asynchronous log dispatcher for DefaultDaemonConnection: socket connection from /127.0.0.1:6430 to /127.0.0.1:6431" [_thread_blocked, id=14072, stack(0x000000001dae0000,0x000000001dbe0000)]
  0x000000001b514000 JavaThread "Daemon worker" [_thread_in_vm, id=12384, stack(0x000000001d9e0000,0x000000001dae0000)]
  0x000000001b7d0800 JavaThread "Cancel handler" [_thread_blocked, id=13232, stack(0x000000001d8e0000,0x000000001d9e0000)]
  0x000000001ac12800 JavaThread "Handler for socket connection from /127.0.0.1:6430 to /127.0.0.1:6431" [_thread_in_native, id=13724, stack(0x000000001d5e0000,0x000000001d6e0000)]
  0x000000001ac11800 JavaThread "Daemon" [_thread_blocked, id=2276, stack(0x000000001d4e0000,0x000000001d5e0000)]
  0x000000001b6f2800 JavaThread "Daemon periodic checks" [_thread_blocked, id=9260, stack(0x000000001d3e0000,0x000000001d4e0000)]
  0x000000001aba8800 JavaThread "Incoming local TCP Connector on port 6430" [_thread_in_native, id=2492, stack(0x000000001bc80000,0x000000001bd80000)]
  0x0000000019ed0800 JavaThread "Service Thread" daemon [_thread_blocked, id=12940, stack(0x000000001a2b0000,0x000000001a3b0000)]
  0x0000000018476000 JavaThread "C1 CompilerThread2" daemon [_thread_blocked, id=13784, stack(0x0000000019db0000,0x0000000019eb0000)]
=>0x0000000018470000 JavaThread "C2 CompilerThread1" daemon [_thread_in_native, id=12740, stack(0x0000000019cb0000,0x0000000019db0000)]
  0x000000001846d000 JavaThread "C2 CompilerThread0" daemon [_thread_in_native, id=12308, stack(0x0000000019bb0000,0x0000000019cb0000)]
  0x000000001846b800 JavaThread "Attach Listener" daemon [_thread_blocked, id=14220, stack(0x0000000019ab0000,0x0000000019bb0000)]
  0x000000001846a000 JavaThread "Signal Dispatcher" daemon [_thread_blocked, id=10616, stack(0x00000000199b0000,0x0000000019ab0000)]
  0x0000000018458800 JavaThread "Finalizer" daemon [_thread_blocked, id=7996, stack(0x00000000196c0000,0x00000000197c0000)]
  0x0000000004af2800 JavaThread "Reference Handler" daemon [_thread_blocked, id=11260, stack(0x00000000195c0000,0x00000000196c0000)]
  0x0000000002fee800 JavaThread "main" [_thread_blocked, id=12068, stack(0x0000000004850000,0x0000000004950000)]

Other Threads:
  0x0000000018435800 VMThread [stack: 0x00000000194c0000,0x00000000195c0000] [id=12528]
  0x0000000019ed1000 WatcherThread [stack: 0x000000001a3b0000,0x000000001a4b0000] [id=8136]

VM state:not at safepoint (normal execution)

VM Mutex/Monitor currently owned by a thread: None

Heap:
 PSYoungGen      total 125952K, used 21195K [0x00000000e0000000, 0x00000000eaf00000, 0x0000000100000000)
  eden space 113664K, 7% used [0x00000000e0000000,0x00000000e08b4e70,0x00000000e6f00000)
  from space 12288K, 99% used [0x00000000e6f00000,0x00000000e7afe0e0,0x00000000e7b00000)
  to   space 14848K, 0% used [0x00000000ea080000,0x00000000ea080000,0x00000000eaf00000)
 ParOldGen       total 58368K, used 17879K [0x00000000a0000000, 0x00000000a3900000, 0x00000000e0000000)
  object space 58368K, 30% used [0x00000000a0000000,0x00000000a1175d28,0x00000000a3900000)
 Metaspace       used 47128K, capacity 48318K, committed 48472K, reserved 1091584K
  class space    used 6307K, capacity 6646K, committed 6744K, reserved 1048576K

Card table byte_map: [0x0000000013ec0000,0x00000000141d0000] byte_map_base: 0x00000000139c0000

Marking Bits: (ParMarkBitMap*) 0x000000006aa33950
 Begin Bits: [0x00000000147d0000, 0x0000000015fd0000)
 End Bits:   [0x0000000015fd0000, 0x00000000177d0000)

Polling page: 0x0000000002fa0000

CodeCache: size=245760Kb used=18040Kb max_used=18040Kb free=227719Kb
 bounds [0x0000000004b00000, 0x0000000005cb0000, 0x0000000013b00000]
 total_blobs=5910 nmethods=5159 adapters=663
 compilation: enabled

Compilation events (10 events):
Event: 15.930 Thread 0x000000001846d000 5641       4       jdk.internal.org.objectweb.asm.ByteVector::putByte (39 bytes)
Event: 15.932 Thread 0x000000001846d000 nmethod 5641 0x0000000005c8f510 code [0x0000000005c8f660, 0x0000000005c8f788]
Event: 15.935 Thread 0x0000000018476000 5642       3       java.lang.invoke.InnerClassLambdaMetafactory::getLoadOpcode (25 bytes)
Event: 15.936 Thread 0x0000000018476000 nmethod 5642 0x0000000005c920d0 code [0x0000000005c92260, 0x0000000005c924d8]
Event: 15.936 Thread 0x0000000018476000 5643       3       java.lang.invoke.InnerClassLambdaMetafactory::getParameterSize (27 bytes)
Event: 15.936 Thread 0x0000000018476000 nmethod 5643 0x0000000005c91cd0 code [0x0000000005c91e40, 0x0000000005c92070]
Event: 15.942 Thread 0x0000000018476000 5644       3       java.lang.invoke.AbstractValidatingLambdaMetafactory::isAdaptableTo (126 bytes)
Event: 15.944 Thread 0x0000000018476000 nmethod 5644 0x0000000005c90590 code [0x0000000005c90800, 0x0000000005c91708]
Event: 15.945 Thread 0x000000001846d000 5645       4       jdk.internal.org.objectweb.asm.ClassWriter::newUTF8 (70 bytes)
Event: 15.956 Thread 0x0000000018476000 5646       3       java.lang.invoke.TypeConvertingMethodAdapter::convertType (299 bytes)

GC Heap History (10 events):
Event: 8.492 GC heap before
{Heap before GC invocations=9 (full 1):
 PSYoungGen      total 70656K, used 69016K [0x00000000e0000000, 0x00000000e6980000, 0x0000000100000000)
  eden space 61952K, 100% used [0x00000000e0000000,0x00000000e3c80000,0x00000000e3c80000)
  from space 8704K, 81% used [0x00000000e3c80000,0x00000000e4366020,0x00000000e4500000)
  to   space 9216K, 0% used [0x00000000e6080000,0x00000000e6080000,0x00000000e6980000)
 ParOldGen       total 41984K, used 12074K [0x00000000a0000000, 0x00000000a2900000, 0x00000000e0000000)
  object space 41984K, 28% used [0x00000000a0000000,0x00000000a0bca840,0x00000000a2900000)
 Metaspace       used 30184K, capacity 30700K, committed 30976K, reserved 1075200K
  class space    used 4117K, capacity 4319K, committed 4352K, reserved 1048576K
Event: 8.573 GC heap after
Heap after GC invocations=9 (full 1):
 PSYoungGen      total 97792K, used 8262K [0x00000000e0000000, 0x00000000e7080000, 0x0000000100000000)
  eden space 88576K, 0% used [0x00000000e0000000,0x00000000e0000000,0x00000000e5680000)
  from space 9216K, 89% used [0x00000000e6080000,0x00000000e6891ac8,0x00000000e6980000)
  to   space 10240K, 0% used [0x00000000e5680000,0x00000000e5680000,0x00000000e6080000)
 ParOldGen       total 41984K, used 12146K [0x00000000a0000000, 0x00000000a2900000, 0x00000000e0000000)
  object space 41984K, 28% used [0x00000000a0000000,0x00000000a0bdc850,0x00000000a2900000)
 Metaspace       used 30184K, capacity 30700K, committed 30976K, reserved 1075200K
  class space    used 4117K, capacity 4319K, committed 4352K, reserved 1048576K
}
Event: 10.195 GC heap before
{Heap before GC invocations=10 (full 1):
 PSYoungGen      total 97792K, used 63712K [0x00000000e0000000, 0x00000000e7080000, 0x0000000100000000)
  eden space 88576K, 62% used [0x00000000e0000000,0x00000000e3626740,0x00000000e5680000)
  from space 9216K, 89% used [0x00000000e6080000,0x00000000e6891ac8,0x00000000e6980000)
  to   space 10240K, 0% used [0x00000000e5680000,0x00000000e5680000,0x00000000e6080000)
 ParOldGen       total 41984K, used 12146K [0x00000000a0000000, 0x00000000a2900000, 0x00000000e0000000)
  object space 41984K, 28% used [0x00000000a0000000,0x00000000a0bdc850,0x00000000a2900000)
 Metaspace       used 34552K, capacity 35196K, committed 35416K, reserved 1079296K
  class space    used 4644K, capacity 4887K, committed 4952K, reserved 1048576K
Event: 10.207 GC heap after
Heap after GC invocations=10 (full 1):
 PSYoungGen      total 98816K, used 10232K [0x00000000e0000000, 0x00000000e8700000, 0x0000000100000000)
  eden space 88576K, 0% used [0x00000000e0000000,0x00000000e0000000,0x00000000e5680000)
  from space 10240K, 99% used [0x00000000e5680000,0x00000000e607e3c8,0x00000000e6080000)
  to   space 11776K, 0% used [0x00000000e7b80000,0x00000000e7b80000,0x00000000e8700000)
 ParOldGen       total 41984K, used 12178K [0x00000000a0000000, 0x00000000a2900000, 0x00000000e0000000)
  object space 41984K, 29% used [0x00000000a0000000,0x00000000a0be4b60,0x00000000a2900000)
 Metaspace       used 34552K, capacity 35196K, committed 35416K, reserved 1079296K
  class space    used 4644K, capacity 4887K, committed 4952K, reserved 1048576K
}
Event: 10.207 GC heap before
{Heap before GC invocations=11 (full 2):
 PSYoungGen      total 98816K, used 10232K [0x00000000e0000000, 0x00000000e8700000, 0x0000000100000000)
  eden space 88576K, 0% used [0x00000000e0000000,0x00000000e0000000,0x00000000e5680000)
  from space 10240K, 99% used [0x00000000e5680000,0x00000000e607e3c8,0x00000000e6080000)
  to   space 11776K, 0% used [0x00000000e7b80000,0x00000000e7b80000,0x00000000e8700000)
 ParOldGen       total 41984K, used 12178K [0x00000000a0000000, 0x00000000a2900000, 0x00000000e0000000)
  object space 41984K, 29% used [0x00000000a0000000,0x00000000a0be4b60,0x00000000a2900000)
 Metaspace       used 34552K, capacity 35196K, committed 35416K, reserved 1079296K
  class space    used 4644K, capacity 4887K, committed 4952K, reserved 1048576K
Event: 10.299 GC heap after
Heap after GC invocations=11 (full 2):
 PSYoungGen      total 98816K, used 0K [0x00000000e0000000, 0x00000000e8700000, 0x0000000100000000)
  eden space 88576K, 0% used [0x00000000e0000000,0x00000000e0000000,0x00000000e5680000)
  from space 10240K, 0% used [0x00000000e5680000,0x00000000e5680000,0x00000000e6080000)
  to   space 11776K, 0% used [0x00000000e7b80000,0x00000000e7b80000,0x00000000e8700000)
 ParOldGen       total 58368K, used 16248K [0x00000000a0000000, 0x00000000a3900000, 0x00000000e0000000)
  object space 58368K, 27% used [0x00000000a0000000,0x00000000a0fde368,0x00000000a3900000)
 Metaspace       used 34552K, capacity 35196K, committed 35416K, reserved 1079296K
  class space    used 4644K, capacity 4887K, committed 4952K, reserved 1048576K
}
Event: 12.672 GC heap before
{Heap before GC invocations=12 (full 2):
 PSYoungGen      total 98816K, used 88576K [0x00000000e0000000, 0x00000000e8700000, 0x0000000100000000)
  eden space 88576K, 100% used [0x00000000e0000000,0x00000000e5680000,0x00000000e5680000)
  from space 10240K, 0% used [0x00000000e5680000,0x00000000e5680000,0x00000000e6080000)
  to   space 11776K, 0% used [0x00000000e7b80000,0x00000000e7b80000,0x00000000e8700000)
 ParOldGen       total 58368K, used 16248K [0x00000000a0000000, 0x00000000a3900000, 0x00000000e0000000)
  object space 58368K, 27% used [0x00000000a0000000,0x00000000a0fde368,0x00000000a3900000)
 Metaspace       used 39930K, capacity 40694K, committed 41048K, reserved 1085440K
  class space    used 5345K, capacity 5600K, committed 5720K, reserved 1048576K
Event: 12.689 GC heap after
Heap after GC invocations=12 (full 2):
 PSYoungGen      total 125440K, used 8996K [0x00000000e0000000, 0x00000000e8700000, 0x0000000100000000)
  eden space 113664K, 0% used [0x00000000e0000000,0x00000000e0000000,0x00000000e6f00000)
  from space 11776K, 76% used [0x00000000e7b80000,0x00000000e84493f8,0x00000000e8700000)
  to   space 12288K, 0% used [0x00000000e6f00000,0x00000000e6f00000,0x00000000e7b00000)
 ParOldGen       total 58368K, used 16256K [0x00000000a0000000, 0x00000000a3900000, 0x00000000e0000000)
  object space 58368K, 27% used [0x00000000a0000000,0x00000000a0fe0368,0x00000000a3900000)
 Metaspace       used 39930K, capacity 40694K, committed 41048K, reserved 1085440K
  class space    used 5345K, capacity 5600K, committed 5720K, reserved 1048576K
}
Event: 15.234 GC heap before
{Heap before GC invocations=13 (full 2):
 PSYoungGen      total 125440K, used 122660K [0x00000000e0000000, 0x00000000e8700000, 0x0000000100000000)
  eden space 113664K, 100% used [0x00000000e0000000,0x00000000e6f00000,0x00000000e6f00000)
  from space 11776K, 76% used [0x00000000e7b80000,0x00000000e84493f8,0x00000000e8700000)
  to   space 12288K, 0% used [0x00000000e6f00000,0x00000000e6f00000,0x00000000e7b00000)
 ParOldGen       total 58368K, used 16256K [0x00000000a0000000, 0x00000000a3900000, 0x00000000e0000000)
  object space 58368K, 27% used [0x00000000a0000000,0x00000000a0fe0368,0x00000000a3900000)
 Metaspace       used 46645K, capacity 47776K, committed 48088K, reserved 1091584K
  class space    used 6225K, capacity 6569K, committed 6616K, reserved 1048576K
Event: 15.309 GC heap after
Heap after GC invocations=13 (full 2):
 PSYoungGen      total 125952K, used 12280K [0x00000000e0000000, 0x00000000eaf00000, 0x0000000100000000)
  eden space 113664K, 0% used [0x00000000e0000000,0x00000000e0000000,0x00000000e6f00000)
  from space 12288K, 99% used [0x00000000e6f00000,0x00000000e7afe0e0,0x00000000e7b00000)
  to   space 14848K, 0% used [0x00000000ea080000,0x00000000ea080000,0x00000000eaf00000)
 ParOldGen       total 58368K, used 17879K [0x00000000a0000000, 0x00000000a3900000, 0x00000000e0000000)
  object space 58368K, 30% used [0x00000000a0000000,0x00000000a1175d28,0x00000000a3900000)
 Metaspace       used 46645K, capacity 47776K, committed 48088K, reserved 1091584K
  class space    used 6225K, capacity 6569K, committed 6616K, reserved 1048576K
}

Deoptimization events (10 events):
Event: 13.323 Thread 0x000000001b514000 Uncommon trap: reason=unstable_if action=reinterpret pc=0x000000000591d4a4 method=java.io.DataInputStream.readUTF(Ljava/io/DataInput;)Ljava/lang/String; @ 31
Event: 13.368 Thread 0x000000001b514000 Uncommon trap: reason=unstable_if action=reinterpret pc=0x00000000055f1d60 method=com.sun.org.apache.xerces.internal.impl.XMLEntityScanner.scanLiteral(ILcom/sun/org/apache/xerces/internal/xni/XMLString;Z)I @ 660
Event: 13.502 Thread 0x000000001b514000 Uncommon trap: reason=unstable_if action=reinterpret pc=0x00000000056d5a90 method=java.lang.CharacterDataLatin1.digit(II)I @ 31
Event: 13.513 Thread 0x000000001b514000 Uncommon trap: reason=unstable_if action=reinterpret pc=0x00000000055ad8e8 method=java.lang.CharacterDataLatin1.digit(II)I @ 31
Event: 14.783 Thread 0x000000001b514000 Uncommon trap: reason=unstable_if action=reinterpret pc=0x0000000005b38834 method=java.util.regex.Pattern.compile()V @ 320
Event: 15.074 Thread 0x000000001b514000 Uncommon trap: reason=class_check action=maybe_recompile pc=0x0000000005796a00 method=com.google.common.collect.AbstractMapBasedMultimap$WrappedCollection.refreshIfEmpty()V @ 59
Event: 15.074 Thread 0x000000001b514000 Uncommon trap: reason=class_check action=maybe_recompile pc=0x0000000005796a00 method=com.google.common.collect.AbstractMapBasedMultimap$WrappedCollection.refreshIfEmpty()V @ 59
Event: 15.074 Thread 0x000000001b514000 Uncommon trap: reason=class_check action=maybe_recompile pc=0x0000000005796a00 method=com.google.common.collect.AbstractMapBasedMultimap$WrappedCollection.refreshIfEmpty()V @ 59
Event: 15.074 Thread 0x000000001b514000 Uncommon trap: reason=class_check action=maybe_recompile pc=0x0000000005796a00 method=com.google.common.collect.AbstractMapBasedMultimap$WrappedCollection.refreshIfEmpty()V @ 59
Event: 15.551 Thread 0x000000001b514000 Uncommon trap: reason=unstable_if action=reinterpret pc=0x0000000005862a40 method=java.util.HashMap$HashIterator.<init>(Ljava/util/HashMap;)V @ 45

Classes redefined (0 events):
No events

Internal exceptions (10 events):
Event: 15.683 Thread 0x000000001b514000 Exception <a 'java/lang/ClassNotFoundException': com/android/build/gradle/internal/tasks/MockableAndroidJarTask_DecoratedBeanInfo> (0x00000000e04dd2a0) thrown at [D:\src\AOSP-openjdk-cygwin\jdk8u\hotspot\src\share\vm\classfile\systemDictionary.cpp, line 2
Event: 15.685 Thread 0x000000001b514000 Exception <a 'java/lang/ClassNotFoundException': com/android/build/gradle/internal/tasks/MockableAndroidJarTaskBeanInfo> (0x00000000e04f2c48) thrown at [D:\src\AOSP-openjdk-cygwin\jdk8u\hotspot\src\share\vm\classfile\systemDictionary.cpp, line 210]
Event: 15.686 Thread 0x000000001b514000 Exception <a 'java/lang/ClassNotFoundException': com/android/build/gradle/internal/tasks/MockableAndroidJarTaskCustomizer> (0x00000000e0508d50) thrown at [D:\src\AOSP-openjdk-cygwin\jdk8u\hotspot\src\share\vm\classfile\systemDictionary.cpp, line 210]
Event: 15.703 Thread 0x000000001b514000 Exception <a 'java/lang/ClassNotFoundException': com/android/build/gradle/internal/tasks/MockableAndroidJarTask_DecoratedCustomizer> (0x00000000e0538110) thrown at [D:\src\AOSP-openjdk-cygwin\jdk8u\hotspot\src\share\vm\classfile\systemDictionary.cpp, line
Event: 15.793 Thread 0x000000001b514000 Exception <a 'java/lang/ClassNotFoundException': com/android/build/gradle/internal/tasks/CheckManifest_DecoratedBeanInfo> (0x00000000e06f0c40) thrown at [D:\src\AOSP-openjdk-cygwin\jdk8u\hotspot\src\share\vm\classfile\systemDictionary.cpp, line 210]
Event: 15.793 Thread 0x000000001b514000 Exception <a 'java/lang/ClassNotFoundException': com/android/build/gradle/internal/tasks/CheckManifestBeanInfo> (0x00000000e0704d10) thrown at [D:\src\AOSP-openjdk-cygwin\jdk8u\hotspot\src\share\vm\classfile\systemDictionary.cpp, line 210]
Event: 15.794 Thread 0x000000001b514000 Exception <a 'java/lang/ClassNotFoundException': com/android/build/gradle/internal/tasks/DefaultAndroidTaskBeanInfo> (0x00000000e0719670) thrown at [D:\src\AOSP-openjdk-cygwin\jdk8u\hotspot\src\share\vm\classfile\systemDictionary.cpp, line 210]
Event: 15.794 Thread 0x000000001b514000 Exception <a 'java/lang/ClassNotFoundException': com/android/build/gradle/internal/tasks/DefaultAndroidTaskCustomizer> (0x00000000e072eb18) thrown at [D:\src\AOSP-openjdk-cygwin\jdk8u\hotspot\src\share\vm\classfile\systemDictionary.cpp, line 210]
Event: 15.795 Thread 0x000000001b514000 Exception <a 'java/lang/ClassNotFoundException': com/android/build/gradle/internal/tasks/CheckManifestCustomizer> (0x00000000e0754fc0) thrown at [D:\src\AOSP-openjdk-cygwin\jdk8u\hotspot\src\share\vm\classfile\systemDictionary.cpp, line 210]
Event: 15.797 Thread 0x000000001b514000 Exception <a 'java/lang/ClassNotFoundException': com/android/build/gradle/internal/tasks/CheckManifest_DecoratedCustomizer> (0x00000000e077f558) thrown at [D:\src\AOSP-openjdk-cygwin\jdk8u\hotspot\src\share\vm\classfile\systemDictionary.cpp, line 210]

Events (10 events):
Event: 15.940 loading class com/android/build/gradle/internal/core/GradleVariantConfiguration
Event: 15.940 loading class com/android/build/gradle/internal/core/GradleVariantConfiguration done
Event: 15.943 loading class com/android/build/gradle/internal/core/GradleVariantConfiguration
Event: 15.943 loading class com/android/build/gradle/internal/core/GradleVariantConfiguration done
Event: 15.944 loading class com/android/build/gradle/internal/core/GradleVariantConfiguration
Event: 15.944 loading class com/android/build/gradle/internal/core/GradleVariantConfiguration done
Event: 15.945 loading class com/android/build/gradle/internal/TaskFactory
Event: 15.945 loading class com/android/build/gradle/internal/TaskFactory done
Event: 15.945 loading class com/android/build/gradle/internal/ApplicationTaskManager
Event: 15.945 loading class com/android/build/gradle/internal/ApplicationTaskManager done


Dynamic libraries:
0x00007ff6215c0000 - 0x00007ff6215f1000 	C:\Program Files\Android\Android Studio\jre\bin\java.exe
0x00007fff180f0000 - 0x00007fff182d0000 	C:\WINDOWS\SYSTEM32\ntdll.dll
0x00007fff18010000 - 0x00007fff180be000 	C:\WINDOWS\System32\KERNEL32.DLL
0x00007fff147f0000 - 0x00007fff14a56000 	C:\WINDOWS\System32\KERNELBASE.dll
0x00007fff178d0000 - 0x00007fff17971000 	C:\WINDOWS\System32\ADVAPI32.dll
0x00007fff17a70000 - 0x00007fff17b0d000 	C:\WINDOWS\System32\msvcrt.dll
0x00007fff17250000 - 0x00007fff172ab000 	C:\WINDOWS\System32\sechost.dll
0x00007fff16ea0000 - 0x00007fff16fbf000 	C:\WINDOWS\System32\RPCRT4.dll
0x00007fff16d10000 - 0x00007fff16e9f000 	C:\WINDOWS\System32\USER32.dll
0x00007fff155a0000 - 0x00007fff155c0000 	C:\WINDOWS\System32\win32u.dll
0x00007fff17840000 - 0x00007fff17868000 	C:\WINDOWS\System32\GDI32.dll
0x00007fff15300000 - 0x00007fff15493000 	C:\WINDOWS\System32\gdi32full.dll
0x00007fff14b10000 - 0x00007fff14bab000 	C:\WINDOWS\System32\msvcp_win.dll
0x00007fff154a0000 - 0x00007fff15596000 	C:\WINDOWS\System32\ucrtbase.dll
0x00007fff07bb0000 - 0x00007fff07e19000 	C:\WINDOWS\WinSxS\amd64_microsoft.windows.common-controls_6595b64144ccf1df_6.0.16299.309_none_15cfd4c4935e6b11\COMCTL32.dll
0x00007fff173c0000 - 0x00007fff176c8000 	C:\WINDOWS\System32\combase.dll
0x00007fff14770000 - 0x00007fff147e2000 	C:\WINDOWS\System32\bcryptPrimitives.dll
0x00007fff16fd0000 - 0x00007fff16ffd000 	C:\WINDOWS\System32\IMM32.DLL
0x000000006c750000 - 0x000000006c822000 	C:\Program Files\Android\Android Studio\jre\jre\bin\msvcr100.dll
0x000000006a270000 - 0x000000006aaae000 	C:\Program Files\Android\Android Studio\jre\jre\bin\server\jvm.dll
0x00007fff17000000 - 0x00007fff17008000 	C:\WINDOWS\System32\PSAPI.DLL
0x00007fff0f070000 - 0x00007fff0f079000 	C:\WINDOWS\SYSTEM32\WSOCK32.dll
0x00007fff08100000 - 0x00007fff0810a000 	C:\WINDOWS\SYSTEM32\VERSION.dll
0x00007fff10e80000 - 0x00007fff10ea3000 	C:\WINDOWS\SYSTEM32\WINMM.dll
0x00007fff15620000 - 0x00007fff1568c000 	C:\WINDOWS\System32\WS2_32.dll
0x00007fff10e50000 - 0x00007fff10e7a000 	C:\WINDOWS\SYSTEM32\WINMMBASE.dll
0x00007fff14550000 - 0x00007fff1459a000 	C:\WINDOWS\System32\cfgmgr32.dll
0x00007fff0f060000 - 0x00007fff0f06f000 	C:\Program Files\Android\Android Studio\jre\jre\bin\verify.dll
0x00007fff05d40000 - 0x00007fff05d69000 	C:\Program Files\Android\Android Studio\jre\jre\bin\java.dll
0x00007fff01e20000 - 0x00007fff01e36000 	C:\Program Files\Android\Android Studio\jre\jre\bin\zip.dll
0x00007fff15830000 - 0x00007fff16c66000 	C:\WINDOWS\System32\SHELL32.dll
0x00007fff17f60000 - 0x00007fff18006000 	C:\WINDOWS\System32\shcore.dll
0x00007fff14bb0000 - 0x00007fff152f7000 	C:\WINDOWS\System32\windows.storage.dll
0x00007fff171f0000 - 0x00007fff17241000 	C:\WINDOWS\System32\shlwapi.dll
0x00007fff14440000 - 0x00007fff14451000 	C:\WINDOWS\System32\kernel.appcore.dll
0x00007fff14480000 - 0x00007fff144cc000 	C:\WINDOWS\System32\powrprof.dll
0x00007fff14460000 - 0x00007fff1447b000 	C:\WINDOWS\System32\profapi.dll
0x00007ffeff730000 - 0x00007ffeff74a000 	C:\Program Files\Android\Android Studio\jre\jre\bin\net.dll
0x00007fff13cd0000 - 0x00007fff13d36000 	C:\WINDOWS\system32\mswsock.dll
0x00007fff05d90000 - 0x00007fff05da1000 	C:\Program Files\Android\Android Studio\jre\jre\bin\nio.dll
0x00007fff05b20000 - 0x00007fff05b3e000 	C:\Users\Rozz\.gradle\native\25\windows-amd64\native-platform.dll
0x00007fff112f0000 - 0x00007fff112fd000 	C:\Program Files\Android\Android Studio\jre\jre\bin\management.dll
0x00007fff13e90000 - 0x00007fff13ea7000 	C:\WINDOWS\SYSTEM32\CRYPTSP.dll
0x00007fff138d0000 - 0x00007fff13903000 	C:\WINDOWS\system32\rsaenh.dll
0x00007fff13fa0000 - 0x00007fff13fc5000 	C:\WINDOWS\SYSTEM32\bcrypt.dll
0x00007fff14370000 - 0x00007fff14399000 	C:\WINDOWS\SYSTEM32\USERENV.dll
0x00007fff13eb0000 - 0x00007fff13ebb000 	C:\WINDOWS\SYSTEM32\CRYPTBASE.dll
0x00007fff13a60000 - 0x00007fff13a99000 	C:\WINDOWS\SYSTEM32\IPHLPAPI.DLL
0x00007fff171e0000 - 0x00007fff171e8000 	C:\WINDOWS\System32\NSI.dll
0x00007fff0afa0000 - 0x00007fff0afb6000 	C:\WINDOWS\SYSTEM32\dhcpcsvc6.DLL
0x00007fff0b2d0000 - 0x00007fff0b2ea000 	C:\WINDOWS\SYSTEM32\dhcpcsvc.DLL

VM Arguments:
jvm_args: -Xmx1536m -Dfile.encoding=windows-1252 -Duser.country=PH -Duser.language=en -Duser.variant 
java_command: org.gradle.launcher.daemon.bootstrap.GradleDaemon 4.1
java_class_path (initial): C:\Users\Rozz\.gradle\wrapper\dists\gradle-4.1-all\bzyivzo6n839fup2jbap0tjew\gradle-4.1\lib\gradle-launcher-4.1.jar
Launcher Type: SUN_STANDARD

Environment Variables:
JAVA_HOME=C:\Program Files (x86)\SAP\SAP Business One ServerTools\Common\sapjvm_8
CLASSPATH=C:\Program Files (x86)\SAP\SAP Business One DI API\JCO\LIB\sbowrapper.jar;C:\Program Files (x86)\SAP\SAP Business One DI API\JCO\LIB\sboapi.jar
PATH=C:\ProgramData\Oracle\Java\javapath;C:\Program Files (x86)\Intel\iCLS Client\;C:\Program Files\Intel\iCLS Client\;C:\Windows\system32;C:\Windows;C:\Windows\System32\Wbem;C:\Windows\System32\WindowsPowerShell\v1.0\;C:\Program Files (x86)\Intel\Intel(R) Management Engine Components\DAL;C:\Program Files\Intel\Intel(R) Management Engine Components\DAL;C:\Program Files (x86)\Intel\Intel(R) Management Engine Components\IPT;C:\Program Files\Intel\Intel(R) Management Engine Components\IPT;C:\Program Files (x86)\NVIDIA Corporation\PhysX\Common;C:\Program Files\dotnet\;C:\WINDOWS\system32\config\systemprofile\.dnx\bin;C:\Program Files\Microsoft DNX\Dnvm\;C:\Program Files\Microsoft SQL Server\130\Tools\Binn\;C:\Program Files (x86)\Microsoft SQL Server\110\Tools\Binn\;C:\Program Files\Microsoft SQL Server\110\Tools\Binn\;C:\Program Files\Microsoft SQL Server\110\DTS\Binn\;c:\Program Files (x86)\Microsoft SQL Server\100\Tools\Binn\;c:\Program Files\Microsoft SQL Server\100\Tools\Binn\;c:\Program Files\Microsoft SQL Server\100\DTS\Binn\;C:\Program Files (x86)\SAP\SAP Business One DI API\JCO\LIB\;C:\Program Files (x86)\SAP\SAP Business One DI API\DI API 90;C:\Program Files (x86)\SAP\SAP Business One\;C:\Program Files (x86)\Microsoft SQL Server\110\Tools\Binn\ManagementStudio\;C:\Program Files (x86)\Microsoft SQL Server\110\DTS\Binn\;C:\Program Files (x86)\SAP\SAP Business One ServerTools\Common\sapjvm_8\jre\bin;C:\Program Files (x86)\SAP\SAP Business One ServerTools\Common\tomcat\bin;C:\Program Files (x86)\SAP\SAP Business One ServerTools\Common\sapjvm_8\jre\bin\server;C:\WINDOWS\system32;C:\WINDOWS;C:\WINDOWS\System32\Wbem;C:\WINDOWS\System32\WindowsPowerShell\v1.0\;C:\Program Files\Git\cmd;C:\Users\Rozz\AppData\Local\Microsoft\WindowsApps;
USERNAME=Rozz
OS=Windows_NT
PROCESSOR_IDENTIFIER=Intel64 Family 6 Model 142 Stepping 9, GenuineIntel



---------------  S Y S T E M  ---------------

OS: Windows 10.0 , 64 bit Build 16299 (10.0.16299.15)

CPU:total 4 (initial active 4) (2 cores per cpu, 2 threads per core) family 6 model 142 stepping 9, cmov, cx8, fxsr, mmx, sse, sse2, sse3, ssse3, sse4.1, sse4.2, popcnt, avx, avx2, aes, clmul, erms, 3dnowpref, lzcnt, ht, tsc, tscinvbit, bmi1, bmi2, adx

Memory: 4k page, physical 4059364k(531528k free), swap 8253668k(4460k free)

vm_info: OpenJDK 64-Bit Server VM (25.152-b01) for windows-amd64 JRE (1.8.0_152-release-915-b01), built by "builder" with MS VC++ 10.0 (VS2010)

time: Wed Apr 25 10:50:03 2018
elapsed time: 15 seconds (0d 0h 0m 15s)

