#
# There is insufficient memory for the Java Runtime Environment to continue.
# Native memory allocation (malloc) failed to allocate 1935856 bytes for Chunk::new
# Possible reasons:
#   The system is out of physical RAM or swap space
#   In 32 bit mode, the process size limit was hit
# Possible solutions:
#   Reduce memory load on the system
#   Increase physical memory or swap space
#   Check if swap backing store is full
#   Use 64 bit Java on a 64 bit OS
#   Decrease Java heap size (-Xmx/-Xms)
#   Decrease number of Java threads
#   Decrease Java thread stack sizes (-Xss)
#   Set larger code cache with -XX:ReservedCodeCacheSize=
# This output file may be truncated or incomplete.
#
#  Out of Memory Error (allocation.cpp:390), pid=6160, tid=0x0000000000001cd0
#
# JRE version: OpenJDK Runtime Environment (8.0_152-b01) (build 1.8.0_152-release-915-b01)
# Java VM: OpenJDK 64-Bit Server VM (25.152-b01 mixed mode windows-amd64 compressed oops)
# Failed to write core dump. Minidumps are not enabled by default on client versions of Windows
#

---------------  T H R E A D  ---------------

Current thread (0x00000000181d2000):  JavaThread "C2 CompilerThread0" daemon [_thread_in_native, id=7376, stack(0x0000000019910000,0x0000000019a10000)]

Stack: [0x0000000019910000,0x0000000019a10000]
[error occurred during error reporting (printing stack bounds), id 0xc0000005]

Native frames: (J=compiled Java code, j=interpreted, Vv=VM code, C=native code)


Current CompileTask:
C2:  88638 3641   !   4       java.net.URLClassLoader$1::run (63 bytes)


---------------  P R O C E S S  ---------------

Java Threads: ( => current thread )
  0x000000001d9b8800 JavaThread "pool-1-thread-1" [_thread_blocked, id=4868, stack(0x00000000204a0000,0x00000000205a0000)]
  0x000000001d9ba800 JavaThread "build operations Thread 4" [_thread_blocked, id=13280, stack(0x00000000201a0000,0x00000000202a0000)]
  0x000000001d9bb800 JavaThread "build operations Thread 3" [_thread_blocked, id=10844, stack(0x00000000200a0000,0x00000000201a0000)]
  0x000000001d9b7000 JavaThread "build operations Thread 2" [_thread_blocked, id=2728, stack(0x000000001ffa0000,0x00000000200a0000)]
  0x000000001d9b6000 JavaThread "build operations" [_thread_blocked, id=872, stack(0x000000001fea0000,0x000000001ffa0000)]
  0x000000001d9b7800 JavaThread "Cache worker for Artifact transforms cache (C:\Users\Rozz\.gradle\caches\transforms-1)" [_thread_blocked, id=8780, stack(0x000000001f9a0000,0x000000001faa0000)]
  0x000000001b6d9800 JavaThread "Cache worker for file hash cache (C:\PERALTA BACKUPS\PrestigeMobileAppUpdatedWed28-6-18-1258AM\MMReport\.gradle\4.1\fileHashes)" [_thread_blocked, id=11796, stack(0x000000001de30000,0x000000001df30000)]
  0x000000001b248800 JavaThread "File lock request listener" [_thread_in_native, id=12860, stack(0x000000001cb60000,0x000000001cc60000)]
  0x000000001a0f1800 JavaThread "Cache worker for file hash cache (C:\Users\Rozz\.gradle\caches\4.1\fileHashes)" [_thread_blocked, id=12692, stack(0x000000001ca60000,0x000000001cb60000)]
  0x0000000019f15000 JavaThread "Asynchronous log dispatcher for DefaultDaemonConnection: socket connection from /127.0.0.1:20588 to /127.0.0.1:20589" [_thread_blocked, id=3884, stack(0x000000001c860000,0x000000001c960000)]
  0x000000001a49a000 JavaThread "Daemon worker" [_thread_in_native, id=76, stack(0x000000001c760000,0x000000001c860000)]
  0x000000001b0da000 JavaThread "Cancel handler" [_thread_blocked, id=7516, stack(0x000000001c660000,0x000000001c760000)]
  0x000000001a81d000 JavaThread "Handler for socket connection from /127.0.0.1:20588 to /127.0.0.1:20589" [_thread_in_native, id=11692, stack(0x000000001c360000,0x000000001c460000)]
  0x000000001a81c800 JavaThread "Daemon" [_thread_blocked, id=9152, stack(0x000000001c260000,0x000000001c360000)]
  0x000000001b0b9000 JavaThread "Daemon periodic checks" [_thread_blocked, id=9968, stack(0x000000001c160000,0x000000001c260000)]
  0x000000001b0a9800 JavaThread "Incoming local TCP Connector on port 20588" [_thread_in_native, id=2576, stack(0x000000001bf20000,0x000000001c020000)]
  0x000000001821d000 JavaThread "Service Thread" daemon [_thread_blocked, id=9036, stack(0x0000000019c10000,0x0000000019d10000)]
  0x00000000181db000 JavaThread "C1 CompilerThread2" daemon [_thread_blocked, id=6180, stack(0x0000000019b10000,0x0000000019c10000)]
  0x00000000181d5000 JavaThread "C2 CompilerThread1" daemon [_thread_blocked, id=5216, stack(0x0000000019a10000,0x0000000019b10000)]
=>0x00000000181d2000 JavaThread "C2 CompilerThread0" daemon [_thread_in_native, id=7376, stack(0x0000000019910000,0x0000000019a10000)]
  0x00000000181cd800 JavaThread "Attach Listener" daemon [_thread_blocked, id=8664, stack(0x0000000019810000,0x0000000019910000)]
  0x00000000181cc000 JavaThread "Signal Dispatcher" daemon [_thread_blocked, id=6000, stack(0x0000000019710000,0x0000000019810000)]
  0x00000000181b8000 JavaThread "Finalizer" daemon [_thread_blocked, id=11340, stack(0x0000000019420000,0x0000000019520000)]
  0x0000000004853800 JavaThread "Reference Handler" daemon [_thread_blocked, id=7928, stack(0x0000000019320000,0x0000000019420000)]
  0x000000000475e800 JavaThread "main" [_thread_blocked, id=2636, stack(0x0000000004570000,0x0000000004670000)]

Other Threads:
  0x0000000018195800 VMThread [stack: 0x0000000019220000,0x0000000019320000] [id=11544]
  0x000000001821e000 WatcherThread [stack: 0x0000000019d10000,0x0000000019e10000] [id=824]

VM state:not at safepoint (normal execution)

VM Mutex/Monitor currently owned by a thread: None

Heap:
 PSYoungGen      total 22528K, used 16890K [0x00000000e0000000, 0x00000000e2000000, 0x0000000100000000)
  eden space 14336K, 61% used [0x00000000e0000000,0x00000000e089ec68,0x00000000e0e00000)
  from space 8192K, 98% used [0x00000000e0e00000,0x00000000e15dfc28,0x00000000e1600000)
  to   space 9216K, 0% used [0x00000000e1700000,0x00000000e1700000,0x00000000e2000000)
 ParOldGen       total 26112K, used 7594K [0x00000000a0000000, 0x00000000a1980000, 0x00000000e0000000)
  object space 26112K, 29% used [0x00000000a0000000,0x00000000a076a878,0x00000000a1980000)
 Metaspace       used 34287K, capacity 34944K, committed 35328K, reserved 1079296K
  class space    used 4613K, capacity 4843K, committed 4864K, reserved 1048576K

Card table byte_map: [0x0000000013c20000,0x0000000013f30000] byte_map_base: 0x0000000013720000

Marking Bits: (ParMarkBitMap*) 0x0000000066963950
 Begin Bits: [0x0000000014530000, 0x0000000015d30000)
 End Bits:   [0x0000000015d30000, 0x0000000017530000)

Polling page: 0x0000000002830000

CodeCache: size=245760Kb used=12586Kb max_used=12598Kb free=233173Kb
 bounds [0x0000000004860000, 0x00000000054c0000, 0x0000000013860000]
 total_blobs=4051 nmethods=3354 adapters=609
 compilation: enabled

Compilation events (10 events):
Event: 88.088 Thread 0x00000000181db000 nmethod 3635 0x00000000054b1290 code [0x00000000054b1440, 0x00000000054b1ab8]
Event: 88.088 Thread 0x00000000181db000 3636       3       java.lang.invoke.MemberName$Factory::resolveOrFail (52 bytes)
Event: 88.089 Thread 0x00000000181db000 nmethod 3636 0x00000000054b1fd0 code [0x00000000054b21a0, 0x00000000054b2a78]
Event: 88.089 Thread 0x00000000181db000 3639       3       java.lang.invoke.MemberName::checkForTypeAlias (168 bytes)
Event: 88.090 Thread 0x00000000181db000 nmethod 3639 0x00000000054b2d90 code [0x00000000054b3180, 0x00000000054b5818]
Event: 88.123 Thread 0x00000000181d5000 3640       4       java.util.concurrent.atomic.AtomicReferenceArray::checkedByteOffset (45 bytes)
Event: 88.123 Thread 0x00000000181d2000 3641   !   4       java.net.URLClassLoader$1::run (63 bytes)
Event: 88.124 Thread 0x00000000181d5000 nmethod 3640 0x00000000054ab6d0 code [0x00000000054ab800, 0x00000000054ab8b8]
Event: 88.171 Thread 0x00000000181d5000 3642       4       com.google.common.collect.MapMakerInternalMap::segmentFor (17 bytes)
Event: 88.173 Thread 0x00000000181d5000 nmethod 3642 0x00000000054ab450 code [0x00000000054ab580, 0x00000000054ab618]

GC Heap History (10 events):
Event: 74.830 GC heap before
{Heap before GC invocations=16 (full 1):
 PSYoungGen      total 22016K, used 20864K [0x00000000e0000000, 0x00000000e1c00000, 0x0000000100000000)
  eden space 15360K, 100% used [0x00000000e0000000,0x00000000e0f00000,0x00000000e0f00000)
  from space 6656K, 82% used [0x00000000e1580000,0x00000000e1ae0200,0x00000000e1c00000)
  to   space 6656K, 0% used [0x00000000e0f00000,0x00000000e0f00000,0x00000000e1580000)
 ParOldGen       total 26112K, used 7490K [0x00000000a0000000, 0x00000000a1980000, 0x00000000e0000000)
  object space 26112K, 28% used [0x00000000a0000000,0x00000000a0750868,0x00000000a1980000)
 Metaspace       used 30017K, capacity 30572K, committed 30720K, reserved 1075200K
  class space    used 4123K, capacity 4319K, committed 4352K, reserved 1048576K
Event: 74.837 GC heap after
Heap after GC invocations=16 (full 1):
 PSYoungGen      total 22016K, used 5885K [0x00000000e0000000, 0x00000000e1d00000, 0x0000000100000000)
  eden space 15360K, 0% used [0x00000000e0000000,0x00000000e0000000,0x00000000e0f00000)
  from space 6656K, 88% used [0x00000000e0f00000,0x00000000e14bf590,0x00000000e1580000)
  to   space 7168K, 0% used [0x00000000e1600000,0x00000000e1600000,0x00000000e1d00000)
 ParOldGen       total 26112K, used 7562K [0x00000000a0000000, 0x00000000a1980000, 0x00000000e0000000)
  object space 26112K, 28% used [0x00000000a0000000,0x00000000a0762878,0x00000000a1980000)
 Metaspace       used 30017K, capacity 30572K, committed 30720K, reserved 1075200K
  class space    used 4123K, capacity 4319K, committed 4352K, reserved 1048576K
}
Event: 79.866 GC heap before
{Heap before GC invocations=17 (full 1):
 PSYoungGen      total 22016K, used 21245K [0x00000000e0000000, 0x00000000e1d00000, 0x0000000100000000)
  eden space 15360K, 100% used [0x00000000e0000000,0x00000000e0f00000,0x00000000e0f00000)
  from space 6656K, 88% used [0x00000000e0f00000,0x00000000e14bf590,0x00000000e1580000)
  to   space 7168K, 0% used [0x00000000e1600000,0x00000000e1600000,0x00000000e1d00000)
 ParOldGen       total 26112K, used 7562K [0x00000000a0000000, 0x00000000a1980000, 0x00000000e0000000)
  object space 26112K, 28% used [0x00000000a0000000,0x00000000a0762878,0x00000000a1980000)
 Metaspace       used 30248K, capacity 30828K, committed 30976K, reserved 1075200K
  class space    used 4128K, capacity 4319K, committed 4352K, reserved 1048576K
Event: 79.876 GC heap after
Heap after GC invocations=17 (full 1):
 PSYoungGen      total 22016K, used 5620K [0x00000000e0000000, 0x00000000e1e00000, 0x0000000100000000)
  eden space 14848K, 0% used [0x00000000e0000000,0x00000000e0000000,0x00000000e0e80000)
  from space 7168K, 78% used [0x00000000e1600000,0x00000000e1b7d030,0x00000000e1d00000)
  to   space 7680K, 0% used [0x00000000e0e80000,0x00000000e0e80000,0x00000000e1600000)
 ParOldGen       total 26112K, used 7570K [0x00000000a0000000, 0x00000000a1980000, 0x00000000e0000000)
  object space 26112K, 28% used [0x00000000a0000000,0x00000000a0764878,0x00000000a1980000)
 Metaspace       used 30248K, capacity 30828K, committed 30976K, reserved 1075200K
  class space    used 4128K, capacity 4319K, committed 4352K, reserved 1048576K
}
Event: 81.347 GC heap before
{Heap before GC invocations=18 (full 1):
 PSYoungGen      total 22016K, used 20468K [0x00000000e0000000, 0x00000000e1e00000, 0x0000000100000000)
  eden space 14848K, 100% used [0x00000000e0000000,0x00000000e0e80000,0x00000000e0e80000)
  from space 7168K, 78% used [0x00000000e1600000,0x00000000e1b7d030,0x00000000e1d00000)
  to   space 7680K, 0% used [0x00000000e0e80000,0x00000000e0e80000,0x00000000e1600000)
 ParOldGen       total 26112K, used 7570K [0x00000000a0000000, 0x00000000a1980000, 0x00000000e0000000)
  object space 26112K, 28% used [0x00000000a0000000,0x00000000a0764878,0x00000000a1980000)
 Metaspace       used 30354K, capacity 30892K, committed 31232K, reserved 1077248K
  class space    used 4128K, capacity 4319K, committed 4352K, reserved 1048576K
Event: 81.354 GC heap after
Heap after GC invocations=18 (full 1):
 PSYoungGen      total 22528K, used 5696K [0x00000000e0000000, 0x00000000e1d80000, 0x0000000100000000)
  eden space 14848K, 0% used [0x00000000e0000000,0x00000000e0000000,0x00000000e0e80000)
  from space 7680K, 74% used [0x00000000e0e80000,0x00000000e1410020,0x00000000e1600000)
  to   space 7680K, 0% used [0x00000000e1600000,0x00000000e1600000,0x00000000e1d80000)
 ParOldGen       total 26112K, used 7578K [0x00000000a0000000, 0x00000000a1980000, 0x00000000e0000000)
  object space 26112K, 29% used [0x00000000a0000000,0x00000000a0766878,0x00000000a1980000)
 Metaspace       used 30354K, capacity 30892K, committed 31232K, reserved 1077248K
  class space    used 4128K, capacity 4319K, committed 4352K, reserved 1048576K
}
Event: 82.562 GC heap before
{Heap before GC invocations=19 (full 1):
 PSYoungGen      total 22528K, used 20544K [0x00000000e0000000, 0x00000000e1d80000, 0x0000000100000000)
  eden space 14848K, 100% used [0x00000000e0000000,0x00000000e0e80000,0x00000000e0e80000)
  from space 7680K, 74% used [0x00000000e0e80000,0x00000000e1410020,0x00000000e1600000)
  to   space 7680K, 0% used [0x00000000e1600000,0x00000000e1600000,0x00000000e1d80000)
 ParOldGen       total 26112K, used 7578K [0x00000000a0000000, 0x00000000a1980000, 0x00000000e0000000)
  object space 26112K, 29% used [0x00000000a0000000,0x00000000a0766878,0x00000000a1980000)
 Metaspace       used 31171K, capacity 31754K, committed 31872K, reserved 1077248K
  class space    used 4247K, capacity 4456K, committed 4480K, reserved 1048576K
Event: 82.570 GC heap after
Heap after GC invocations=19 (full 1):
 PSYoungGen      total 22016K, used 6476K [0x00000000e0000000, 0x00000000e1e80000, 0x0000000100000000)
  eden space 14336K, 0% used [0x00000000e0000000,0x00000000e0000000,0x00000000e0e00000)
  from space 7680K, 84% used [0x00000000e1600000,0x00000000e1c53148,0x00000000e1d80000)
  to   space 8192K, 0% used [0x00000000e0e00000,0x00000000e0e00000,0x00000000e1600000)
 ParOldGen       total 26112K, used 7586K [0x00000000a0000000, 0x00000000a1980000, 0x00000000e0000000)
  object space 26112K, 29% used [0x00000000a0000000,0x00000000a0768878,0x00000000a1980000)
 Metaspace       used 31171K, capacity 31754K, committed 31872K, reserved 1077248K
  class space    used 4247K, capacity 4456K, committed 4480K, reserved 1048576K
}
Event: 87.891 GC heap before
{Heap before GC invocations=20 (full 1):
 PSYoungGen      total 22016K, used 20812K [0x00000000e0000000, 0x00000000e1e80000, 0x0000000100000000)
  eden space 14336K, 100% used [0x00000000e0000000,0x00000000e0e00000,0x00000000e0e00000)
  from space 7680K, 84% used [0x00000000e1600000,0x00000000e1c53148,0x00000000e1d80000)
  to   space 8192K, 0% used [0x00000000e0e00000,0x00000000e0e00000,0x00000000e1600000)
 ParOldGen       total 26112K, used 7586K [0x00000000a0000000, 0x00000000a1980000, 0x00000000e0000000)
  object space 26112K, 29% used [0x00000000a0000000,0x00000000a0768878,0x00000000a1980000)
 Metaspace       used 33034K, capacity 33714K, committed 33920K, reserved 1079296K
  class space    used 4467K, capacity 4710K, committed 4736K, reserved 1048576K
Event: 87.909 GC heap after
Heap after GC invocations=20 (full 1):
 PSYoungGen      total 22528K, used 8063K [0x00000000e0000000, 0x00000000e2000000, 0x0000000100000000)
  eden space 14336K, 0% used [0x00000000e0000000,0x00000000e0000000,0x00000000e0e00000)
  from space 8192K, 98% used [0x00000000e0e00000,0x00000000e15dfc28,0x00000000e1600000)
  to   space 9216K, 0% used [0x00000000e1700000,0x00000000e1700000,0x00000000e2000000)
 ParOldGen       total 26112K, used 7594K [0x00000000a0000000, 0x00000000a1980000, 0x00000000e0000000)
  object space 26112K, 29% used [0x00000000a0000000,0x00000000a076a878,0x00000000a1980000)
 Metaspace       used 33034K, capacity 33714K, committed 33920K, reserved 1079296K
  class space    used 4467K, capacity 4710K, committed 4736K, reserved 1048576K
}

Deoptimization events (10 events):
Event: 79.526 Thread 0x000000001a49a000 Uncommon trap: reason=unstable_if action=reinterpret pc=0x000000000528f204 method=com.sun.org.apache.xerces.internal.impl.XMLEntityScanner.scanContent(Lcom/sun/org/apache/xerces/internal/xni/XMLString;)I @ 670
Event: 79.851 Thread 0x000000001a49a000 Uncommon trap: reason=unstable_if action=reinterpret pc=0x00000000052243f8 method=com.sun.org.apache.xerces.internal.impl.XMLEntityScanner.checkBeforeLoad(Lcom/sun/xml/internal/stream/Entity$ScannedEntity;II)I @ 18
Event: 79.854 Thread 0x000000001a49a000 Uncommon trap: reason=unstable_if action=reinterpret pc=0x000000000518ae34 method=com.sun.org.apache.xerces.internal.impl.XMLEntityScanner.checkBeforeLoad(Lcom/sun/xml/internal/stream/Entity$ScannedEntity;II)I @ 18
Event: 80.516 Thread 0x000000001a49a000 Uncommon trap: reason=unstable_if action=reinterpret pc=0x0000000005246874 method=com.sun.org.apache.xerces.internal.parsers.AbstractDOMParser.characters(Lcom/sun/org/apache/xerces/internal/xni/XMLString;Lcom/sun/org/apache/xerces/internal/xni/Augmentatio
Event: 80.558 Thread 0x000000001a49a000 Uncommon trap: reason=unstable_if action=reinterpret pc=0x0000000005220be0 method=com.sun.org.apache.xerces.internal.impl.io.UTF8Reader.read([CII)I @ 131
Event: 80.639 Thread 0x000000001a49a000 Uncommon trap: reason=unstable_if action=reinterpret pc=0x00000000053676f8 method=sun.nio.cs.ISO_8859_1$Decoder.decodeArrayLoop(Ljava/nio/ByteBuffer;Ljava/nio/CharBuffer;)Ljava/nio/charset/CoderResult; @ 146
Event: 81.272 Thread 0x000000001a49a000 Uncommon trap: reason=unstable_if action=reinterpret pc=0x0000000005336604 method=com.sun.org.apache.xerces.internal.impl.XMLEntityScanner.scanName(Lcom/sun/org/apache/xerces/internal/impl/XMLScanner$NameType;)Ljava/lang/String; @ 69
Event: 81.391 Thread 0x000000001a49a000 Uncommon trap: reason=unstable_if action=reinterpret pc=0x00000000052e8c58 method=com.sun.org.apache.xerces.internal.impl.XMLDocumentFragmentScannerImpl$FragmentContentDriver.next()I @ 823
Event: 81.788 Thread 0x000000001d9b6000 Uncommon trap: reason=unstable_if action=reinterpret pc=0x0000000004ddf3e8 method=java.util.concurrent.ConcurrentHashMap.addCount(JI)V @ 34
Event: 87.405 Thread 0x000000001a49a000 Uncommon trap: reason=unstable_if action=reinterpret pc=0x000000000518bda4 method=java.lang.Integer.valueOf(I)Ljava/lang/Integer; @ 3

Classes redefined (0 events):
No events

Internal exceptions (10 events):
Event: 86.485 Thread 0x000000001a49a000 Exception <a 'java/lang/ClassNotFoundException': org/gradle/api/internal/AbstractTaskCustomizer> (0x00000000e0323908) thrown at [D:\src\AOSP-openjdk-cygwin\jdk8u\hotspot\src\share\vm\classfile\systemDictionary.cpp, line 210]
Event: 86.488 Thread 0x000000001a49a000 Exception <a 'java/lang/ClassNotFoundException': org/gradle/api/DefaultTaskCustomizer> (0x00000000e03a3940) thrown at [D:\src\AOSP-openjdk-cygwin\jdk8u\hotspot\src\share\vm\classfile\systemDictionary.cpp, line 210]
Event: 86.488 Thread 0x000000001a49a000 Exception <a 'java/lang/ClassNotFoundException': org/gradle/api/internal/ConventionTaskCustomizer> (0x00000000e03d8de8) thrown at [D:\src\AOSP-openjdk-cygwin\jdk8u\hotspot\src\share\vm\classfile\systemDictionary.cpp, line 210]
Event: 86.490 Thread 0x000000001a49a000 Exception <a 'java/lang/ClassNotFoundException': org/gradle/api/tasks/DeleteCustomizer> (0x00000000e040cc58) thrown at [D:\src\AOSP-openjdk-cygwin\jdk8u\hotspot\src\share\vm\classfile\systemDictionary.cpp, line 210]
Event: 86.491 Thread 0x000000001a49a000 Exception <a 'java/lang/ClassNotFoundException': org/gradle/api/tasks/Delete_DecoratedCustomizer> (0x00000000e044dc58) thrown at [D:\src\AOSP-openjdk-cygwin\jdk8u\hotspot\src\share\vm\classfile\systemDictionary.cpp, line 210]
Event: 86.726 Thread 0x000000001a49a000 Exception <a 'java/lang/ClassNotFoundException': build_2ma4yhmb18bocq7qk2zdq1ow7BeanInfo> (0x00000000e0540fb8) thrown at [D:\src\AOSP-openjdk-cygwin\jdk8u\hotspot\src\share\vm\classfile\systemDictionary.cpp, line 210]
Event: 86.726 Thread 0x000000001a49a000 Exception <a 'java/lang/ClassNotFoundException': build_2ma4yhmb18bocq7qk2zdq1ow7Customizer> (0x00000000e054a990) thrown at [D:\src\AOSP-openjdk-cygwin\jdk8u\hotspot\src\share\vm\classfile\systemDictionary.cpp, line 210]
Event: 86.730 Thread 0x000000001a49a000 Exception <a 'java/lang/ClassNotFoundException': org/gradle/api/internal/plugins/DefaultObjectConfigurationActionBeanInfo> (0x00000000e05a8cb8) thrown at [D:\src\AOSP-openjdk-cygwin\jdk8u\hotspot\src\share\vm\classfile\systemDictionary.cpp, line 210]
Event: 86.731 Thread 0x000000001a49a000 Exception <a 'java/lang/ClassNotFoundException': org/gradle/api/internal/plugins/DefaultObjectConfigurationActionCustomizer> (0x00000000e05d9be8) thrown at [D:\src\AOSP-openjdk-cygwin\jdk8u\hotspot\src\share\vm\classfile\systemDictionary.cpp, line 210]
Event: 88.047 Thread 0x000000001a49a000 Exception <a 'sun/nio/fs/WindowsException'> (0x00000000e031be00) thrown at [D:\src\AOSP-openjdk-cygwin\jdk8u\hotspot\src\share\vm\prims\jni.cpp, line 709]

Events (10 events):
Event: 88.458 loading class java/lang/management/MemoryUsage
Event: 88.468 loading class java/lang/management/MemoryUsage done
Event: 88.469 Executing VM operation: RevokeBias
Event: 88.469 Executing VM operation: RevokeBias done
Event: 88.469 loading class com/android/tools/analytics/CommonMetricsData$GarbageCollectionStatsDiffs
Event: 88.469 loading class com/android/tools/analytics/CommonMetricsData$GarbageCollectionStatsDiffs done
Event: 88.504 loading class com/google/wireless/android/sdk/stats/GarbageCollectionStats$1
Event: 88.504 loading class com/google/wireless/android/sdk/stats/GarbageCollectionStats$1 done
Event: 88.504 loading class com/google/wireless/android/sdk/stats/GarbageCollectionStats$Builder
Event: 88.504 loading class com/google/wireless/android/sdk/stats/GarbageCollectionStats$Builder done


Dynamic libraries:
0x00007ff7afee0000 - 0x00007ff7aff11000 	C:\Program Files\Android\Android Studio\jre\bin\java.exe
0x00007ffba27c0000 - 0x00007ffba29a0000 	C:\WINDOWS\SYSTEM32\ntdll.dll
0x00007ffba03e0000 - 0x00007ffba048e000 	C:\WINDOWS\System32\KERNEL32.DLL
0x00007ffb9edc0000 - 0x00007ffb9f026000 	C:\WINDOWS\System32\KERNELBASE.dll
0x00007ffba0850000 - 0x00007ffba08f1000 	C:\WINDOWS\System32\ADVAPI32.dll
0x00007ffb9ff40000 - 0x00007ffb9ffdd000 	C:\WINDOWS\System32\msvcrt.dll
0x00007ffba10a0000 - 0x00007ffba10fb000 	C:\WINDOWS\System32\sechost.dll
0x00007ffba0900000 - 0x00007ffba0a1f000 	C:\WINDOWS\System32\RPCRT4.dll
0x00007ffba1100000 - 0x00007ffba128f000 	C:\WINDOWS\System32\USER32.dll
0x00007ffb9ec40000 - 0x00007ffb9ec60000 	C:\WINDOWS\System32\win32u.dll
0x00007ffba0aa0000 - 0x00007ffba0ac8000 	C:\WINDOWS\System32\GDI32.dll
0x00007ffb9f030000 - 0x00007ffb9f1c3000 	C:\WINDOWS\System32\gdi32full.dll
0x00007ffb9fa20000 - 0x00007ffb9fabb000 	C:\WINDOWS\System32\msvcp_win.dll
0x00007ffb9f920000 - 0x00007ffb9fa16000 	C:\WINDOWS\System32\ucrtbase.dll
0x00007ffb91f10000 - 0x00007ffb92179000 	C:\WINDOWS\WinSxS\amd64_microsoft.windows.common-controls_6595b64144ccf1df_6.0.16299.431_none_15c7d3ee93659e73\COMCTL32.dll
0x00007ffba00d0000 - 0x00007ffba03d8000 	C:\WINDOWS\System32\combase.dll
0x00007ffb9ebc0000 - 0x00007ffb9ec32000 	C:\WINDOWS\System32\bcryptPrimitives.dll
0x00007ffb9fc90000 - 0x00007ffb9fcbd000 	C:\WINDOWS\System32\IMM32.DLL
0x0000000067d50000 - 0x0000000067e22000 	C:\Program Files\Android\Android Studio\jre\jre\bin\msvcr100.dll
0x00000000661a0000 - 0x00000000669de000 	C:\Program Files\Android\Android Studio\jre\jre\bin\server\jvm.dll
0x00007ffba26d0000 - 0x00007ffba26d8000 	C:\WINDOWS\System32\PSAPI.DLL
0x00007ffb9ced0000 - 0x00007ffb9ced9000 	C:\WINDOWS\SYSTEM32\WSOCK32.dll
0x00007ffb9ffe0000 - 0x00007ffba004c000 	C:\WINDOWS\System32\WS2_32.dll
0x00007ffb9bfc0000 - 0x00007ffb9bfe3000 	C:\WINDOWS\SYSTEM32\WINMM.dll
0x00007ffb9c850000 - 0x00007ffb9c85a000 	C:\WINDOWS\SYSTEM32\VERSION.dll
0x00007ffb9bf60000 - 0x00007ffb9bf8a000 	C:\WINDOWS\SYSTEM32\WINMMBASE.dll
0x00007ffb9ed70000 - 0x00007ffb9edba000 	C:\WINDOWS\System32\cfgmgr32.dll
0x00007ffb9ce70000 - 0x00007ffb9ce7f000 	C:\Program Files\Android\Android Studio\jre\jre\bin\verify.dll
0x00007ffb99d60000 - 0x00007ffb99d89000 	C:\Program Files\Android\Android Studio\jre\jre\bin\java.dll
0x00007ffb9ab70000 - 0x00007ffb9ab86000 	C:\Program Files\Android\Android Studio\jre\jre\bin\zip.dll
0x00007ffba1290000 - 0x00007ffba26c8000 	C:\WINDOWS\System32\SHELL32.dll
0x00007ffba26e0000 - 0x00007ffba2786000 	C:\WINDOWS\System32\shcore.dll
0x00007ffb9f1d0000 - 0x00007ffb9f917000 	C:\WINDOWS\System32\windows.storage.dll
0x00007ffba0f30000 - 0x00007ffba0f81000 	C:\WINDOWS\System32\shlwapi.dll
0x00007ffb9eb50000 - 0x00007ffb9eb61000 	C:\WINDOWS\System32\kernel.appcore.dll
0x00007ffb9eb70000 - 0x00007ffb9ebbc000 	C:\WINDOWS\System32\powrprof.dll
0x00007ffb9eb30000 - 0x00007ffb9eb4b000 	C:\WINDOWS\System32\profapi.dll
0x00007ffb99d40000 - 0x00007ffb99d5a000 	C:\Program Files\Android\Android Studio\jre\jre\bin\net.dll
0x00007ffb9e3a0000 - 0x00007ffb9e406000 	C:\WINDOWS\system32\mswsock.dll
0x00007ffb99d20000 - 0x00007ffb99d31000 	C:\Program Files\Android\Android Studio\jre\jre\bin\nio.dll
0x00007ffb94d20000 - 0x00007ffb94d3e000 	C:\Users\Rozz\.gradle\native\25\windows-amd64\native-platform.dll
0x00007ffb9ce60000 - 0x00007ffb9ce6d000 	C:\Program Files\Android\Android Studio\jre\jre\bin\management.dll
0x00007ffb9e560000 - 0x00007ffb9e577000 	C:\WINDOWS\SYSTEM32\CRYPTSP.dll
0x00007ffb9dfa0000 - 0x00007ffb9dfd3000 	C:\WINDOWS\system32\rsaenh.dll
0x00007ffb9e670000 - 0x00007ffb9e695000 	C:\WINDOWS\SYSTEM32\bcrypt.dll
0x00007ffb9ea10000 - 0x00007ffb9ea39000 	C:\WINDOWS\SYSTEM32\USERENV.dll
0x00007ffb9e580000 - 0x00007ffb9e58b000 	C:\WINDOWS\SYSTEM32\CRYPTBASE.dll
0x00007ffb9e130000 - 0x00007ffb9e169000 	C:\WINDOWS\SYSTEM32\IPHLPAPI.DLL
0x00007ffba0ad0000 - 0x00007ffba0ad8000 	C:\WINDOWS\System32\NSI.dll
0x00007ffb95840000 - 0x00007ffb95856000 	C:\WINDOWS\SYSTEM32\dhcpcsvc6.DLL
0x00007ffb957d0000 - 0x00007ffb957ea000 	C:\WINDOWS\SYSTEM32\dhcpcsvc.DLL

VM Arguments:
jvm_args: -Xmx1536m -Dfile.encoding=windows-1252 -Duser.country=PH -Duser.language=en -Duser.variant 
java_command: org.gradle.launcher.daemon.bootstrap.GradleDaemon 4.1
java_class_path (initial): C:\Users\Rozz\.gradle\wrapper\dists\gradle-4.1-all\bzyivzo6n839fup2jbap0tjew\gradle-4.1\lib\gradle-launcher-4.1.jar
Launcher Type: SUN_STANDARD

Environment Variables:
JAVA_HOME=C:\Program Files (x86)\SAP\SAP Business One ServerTools\Common\sapjvm_8
CLASSPATH=C:\Program Files (x86)\SAP\SAP Business One DI API\JCO\LIB\sbowrapper.jar;C:\Program Files (x86)\SAP\SAP Business One DI API\JCO\LIB\sboapi.jar
PATH=C:\ProgramData\Oracle\Java\javapath;C:\Program Files (x86)\Intel\iCLS Client\;C:\Program Files\Intel\iCLS Client\;C:\Windows\system32;C:\Windows;C:\Windows\System32\Wbem;C:\Windows\System32\WindowsPowerShell\v1.0\;C:\Program Files (x86)\Intel\Intel(R) Management Engine Components\DAL;C:\Program Files\Intel\Intel(R) Management Engine Components\DAL;C:\Program Files (x86)\Intel\Intel(R) Management Engine Components\IPT;C:\Program Files\Intel\Intel(R) Management Engine Components\IPT;C:\Program Files (x86)\NVIDIA Corporation\PhysX\Common;C:\Program Files\dotnet\;C:\WINDOWS\system32\config\systemprofile\.dnx\bin;C:\Program Files\Microsoft DNX\Dnvm\;C:\Program Files\Microsoft SQL Server\130\Tools\Binn\;C:\Program Files (x86)\Microsoft SQL Server\110\Tools\Binn\;C:\Program Files\Microsoft SQL Server\110\Tools\Binn\;C:\Program Files\Microsoft SQL Server\110\DTS\Binn\;c:\Program Files (x86)\Microsoft SQL Server\100\Tools\Binn\;c:\Program Files\Microsoft SQL Server\100\Tools\Binn\;c:\Program Files\Microsoft SQL Server\100\DTS\Binn\;C:\Program Files (x86)\SAP\SAP Business One DI API\JCO\LIB\;C:\Program Files (x86)\SAP\SAP Business One DI API\DI API 90;C:\Program Files (x86)\SAP\SAP Business One\;C:\Program Files (x86)\Microsoft SQL Server\110\Tools\Binn\ManagementStudio\;C:\Program Files (x86)\Microsoft SQL Server\110\DTS\Binn\;C:\Program Files (x86)\SAP\SAP Business One ServerTools\Common\sapjvm_8\jre\bin;C:\Program Files (x86)\SAP\SAP Business One ServerTools\Common\tomcat\bin;C:\Program Files (x86)\SAP\SAP Business One ServerTools\Common\sapjvm_8\jre\bin\server;C:\WINDOWS\system32;C:\WINDOWS;C:\WINDOWS\System32\Wbem;C:\WINDOWS\System32\WindowsPowerShell\v1.0\;C:\Program Files\Git\cmd;C:\Users\Rozz\AppData\Local\Microsoft\WindowsApps;
USERNAME=Rozz
OS=Windows_NT
PROCESSOR_IDENTIFIER=Intel64 Family 6 Model 142 Stepping 9, GenuineIntel



---------------  S Y S T E M  ---------------

OS: Windows 10.0 , 64 bit Build 16299 (10.0.16299.431)

CPU:total 4 (initial active 4) (2 cores per cpu, 2 threads per core) family 6 model 142 stepping 9, cmov, cx8, fxsr, mmx, sse, sse2, sse3, ssse3, sse4.1, sse4.2, popcnt, avx, avx2, aes, clmul, erms, 3dnowpref, lzcnt, ht, tsc, tscinvbit, bmi1, bmi2, adx

Memory: 4k page, physical 4059364k(1124636k free), swap 8253668k(932k free)

vm_info: OpenJDK 64-Bit Server VM (25.152-b01) for windows-amd64 JRE (1.8.0_152-release-915-b01), built by "builder" with MS VC++ 10.0 (VS2010)

time: Mon Jun 18 22:26:15 2018
elapsed time: 88 seconds (0d 0h 1m 28s)

