#
# There is insufficient memory for the Java Runtime Environment to continue.
# Native memory allocation (malloc) failed to allocate 1016976 bytes for Chunk::new
# Possible reasons:
#   The system is out of physical RAM or swap space
#   In 32 bit mode, the process size limit was hit
# Possible solutions:
#   Reduce memory load on the system
#   Increase physical memory or swap space
#   Check if swap backing store is full
#   Use 64 bit Java on a 64 bit OS
#   Decrease Java heap size (-Xmx/-Xms)
#   Decrease number of Java threads
#   Decrease Java thread stack sizes (-Xss)
#   Set larger code cache with -XX:ReservedCodeCacheSize=
# This output file may be truncated or incomplete.
#
#  Out of Memory Error (allocation.cpp:390), pid=9992, tid=0x0000000000002a68
#
# JRE version: OpenJDK Runtime Environment (8.0_152-b01) (build 1.8.0_152-release-915-b01)
# Java VM: OpenJDK 64-Bit Server VM (25.152-b01 mixed mode windows-amd64 compressed oops)
# Failed to write core dump. Minidumps are not enabled by default on client versions of Windows
#

---------------  T H R E A D  ---------------

Current thread (0x000000001838d000):  JavaThread "C2 CompilerThread1" daemon [_thread_in_native, id=10856, stack(0x0000000019be0000,0x0000000019ce0000)]

Stack: [0x0000000019be0000,0x0000000019ce0000]
[error occurred during error reporting (printing stack bounds), id 0xc0000005]

Native frames: (J=compiled Java code, j=interpreted, Vv=VM code, C=native code)


Current CompileTask:
C2: 120944 12471   !   4       com.android.dx.cf.code.RopperMachine::run (1550 bytes)


---------------  P R O C E S S  ---------------

Java Threads: ( => current thread )
  0x000000001b432000 JavaThread "pool-8-thread-4" [_thread_blocked, id=12604, stack(0x00000000266f0000,0x00000000267f0000)]
  0x000000001b42f800 JavaThread "pool-8-thread-3" [_thread_blocked, id=8636, stack(0x00000000265f0000,0x00000000266f0000)]
  0x000000001b432800 JavaThread "pool-8-thread-2" [_thread_blocked, id=1072, stack(0x00000000264f0000,0x00000000265f0000)]
  0x000000001b431000 JavaThread "pool-9-thread-1" [_thread_blocked, id=12220, stack(0x00000000263f0000,0x00000000264f0000)]
  0x000000001b434000 JavaThread "pool-8-thread-1" [_thread_blocked, id=11568, stack(0x00000000262f0000,0x00000000263f0000)]
  0x000000001b428000 JavaThread "pool-6-thread-1" [_thread_in_native, id=11076, stack(0x00000000261f0000,0x00000000262f0000)]
  0x000000001b429800 JavaThread "Cache worker for Java compile cache (C:\PERALTA BACKUPS\PrestigeMobileAppUpdatedWed28-6-18-1258AM\MMReport\.gradle\4.1\javaCompile)" [_thread_blocked, id=3784, stack(0x00000000260f0000,0x00000000261f0000)]
  0x000000001b430800 JavaThread "Java2D Disposer" daemon [_thread_blocked, id=212, stack(0x0000000024640000,0x0000000024740000)]
  0x000000001b42e000 JavaThread "pool-2-thread-4" [_thread_blocked, id=4788, stack(0x0000000024540000,0x0000000024640000)]
  0x000000001b42c000 JavaThread "pool-2-thread-3" [_thread_blocked, id=3392, stack(0x0000000024440000,0x0000000024540000)]
  0x000000001b42b000 JavaThread "pool-2-thread-2" [_thread_blocked, id=8308, stack(0x0000000024340000,0x0000000024440000)]
  0x000000001b429000 JavaThread "pool-2-thread-1" [_thread_blocked, id=11540, stack(0x0000000024240000,0x0000000024340000)]
  0x000000001b42f000 JavaThread "Task worker for ':' Thread 3" [_thread_blocked, id=5744, stack(0x0000000023f40000,0x0000000024040000)]
  0x000000001b42d800 JavaThread "Task worker for ':' Thread 2" [_thread_blocked, id=11552, stack(0x0000000023e40000,0x0000000023f40000)]
  0x000000001b427800 JavaThread "Task worker for ':'" [_thread_blocked, id=11124, stack(0x0000000023d40000,0x0000000023e40000)]
  0x000000001b42a800 JavaThread "Cache worker for task history cache (C:\PERALTA BACKUPS\PrestigeMobileAppUpdatedWed28-6-18-1258AM\MMReport\.gradle\4.1\taskHistory)" [_thread_blocked, id=14284, stack(0x0000000023c40000,0x0000000023d40000)]
  0x000000001b42c800 JavaThread "Cache worker for file content cache (C:\PERALTA BACKUPS\PrestigeMobileAppUpdatedWed28-6-18-1258AM\MMReport\.gradle\4.1\fileContent)" [_thread_blocked, id=4820, stack(0x0000000023940000,0x0000000023a40000)]
  0x000000001d6a8000 JavaThread "Memory manager" [_thread_blocked, id=520, stack(0x0000000022b40000,0x0000000022c40000)]
  0x000000001d6a6800 JavaThread "pool-1-thread-1" [_thread_blocked, id=840, stack(0x0000000022840000,0x0000000022940000)]
  0x000000001d6a2000 JavaThread "build operations Thread 4" [_thread_blocked, id=13460, stack(0x0000000022540000,0x0000000022640000)]
  0x000000001d6a5000 JavaThread "build operations Thread 3" [_thread_blocked, id=10904, stack(0x0000000022440000,0x0000000022540000)]
  0x000000001d6a7800 JavaThread "build operations Thread 2" [_thread_blocked, id=12084, stack(0x0000000022340000,0x0000000022440000)]
  0x000000001d6a4000 JavaThread "build operations" [_thread_blocked, id=5232, stack(0x0000000022240000,0x0000000022340000)]
  0x000000001d6a9000 JavaThread "Cache worker for Artifact transforms cache (C:\Users\Rozz\.gradle\caches\transforms-1)" [_thread_blocked, id=9508, stack(0x00000000206a0000,0x00000000207a0000)]
  0x000000001b529000 JavaThread "Cache worker for file hash cache (C:\PERALTA BACKUPS\PrestigeMobileAppUpdatedWed28-6-18-1258AM\MMReport\.gradle\4.1\fileHashes)" [_thread_blocked, id=3808, stack(0x000000001e000000,0x000000001e100000)]
  0x000000001bb1c000 JavaThread "File lock request listener" [_thread_in_native, id=8736, stack(0x000000001dd00000,0x000000001de00000)]
  0x000000001b57a800 JavaThread "Cache worker for file hash cache (C:\Users\Rozz\.gradle\caches\4.1\fileHashes)" [_thread_blocked, id=9312, stack(0x000000001dc00000,0x000000001dd00000)]
  0x000000001b9d0000 JavaThread "Asynchronous log dispatcher for DefaultDaemonConnection: socket connection from /127.0.0.1:6447 to /127.0.0.1:6448" [_thread_blocked, id=14008, stack(0x000000001ca30000,0x000000001cb30000)]
  0x000000001b12d000 JavaThread "Daemon worker" [_thread_blocked, id=11340, stack(0x000000001c930000,0x000000001ca30000)]
  0x000000001bb26000 JavaThread "Cancel handler" [_thread_blocked, id=10928, stack(0x000000001c830000,0x000000001c930000)]
  0x000000001b166800 JavaThread "Handler for socket connection from /127.0.0.1:6447 to /127.0.0.1:6448" [_thread_in_native, id=11972, stack(0x000000001c530000,0x000000001c630000)]
  0x000000001b102000 JavaThread "Daemon" [_thread_blocked, id=14088, stack(0x000000001c430000,0x000000001c530000)]
  0x000000001b4b5800 JavaThread "Daemon periodic checks" [_thread_blocked, id=12776, stack(0x000000001c330000,0x000000001c430000)]
  0x000000001b168000 JavaThread "Incoming local TCP Connector on port 6447" [_thread_in_native, id=1260, stack(0x000000001c0f0000,0x000000001c1f0000)]
  0x0000000019dfc800 JavaThread "Service Thread" daemon [_thread_blocked, id=9168, stack(0x000000001a1e0000,0x000000001a2e0000)]
  0x0000000018396000 JavaThread "C1 CompilerThread2" daemon [_thread_blocked, id=9788, stack(0x0000000019ce0000,0x0000000019de0000)]
=>0x000000001838d000 JavaThread "C2 CompilerThread1" daemon [_thread_in_native, id=10856, stack(0x0000000019be0000,0x0000000019ce0000)]
  0x0000000018399800 JavaThread "C2 CompilerThread0" daemon [_thread_in_native, id=10940, stack(0x0000000019ae0000,0x0000000019be0000)]
  0x0000000018398800 JavaThread "Attach Listener" daemon [_thread_blocked, id=12996, stack(0x00000000199e0000,0x0000000019ae0000)]
  0x0000000018397000 JavaThread "Signal Dispatcher" daemon [_thread_blocked, id=11812, stack(0x00000000198e0000,0x00000000199e0000)]
  0x0000000018378800 JavaThread "Finalizer" daemon [_thread_blocked, id=12364, stack(0x00000000195f0000,0x00000000196f0000)]
  0x0000000004a14000 JavaThread "Reference Handler" daemon [_thread_blocked, id=5476, stack(0x00000000194f0000,0x00000000195f0000)]
  0x000000000477e800 JavaThread "main" [_thread_blocked, id=10264, stack(0x0000000004820000,0x0000000004920000)]

Other Threads:
  0x0000000018355800 VMThread [stack: 0x00000000193f0000,0x00000000194f0000] [id=11108]
  0x0000000019e03800 WatcherThread [stack: 0x000000001a2e0000,0x000000001a3e0000] [id=6708]

VM state:not at safepoint (normal execution)

VM Mutex/Monitor currently owned by a thread: None

Heap:
 PSYoungGen      total 161792K, used 76775K [0x00000000e0000000, 0x00000000eae80000, 0x0000000100000000)
  eden space 144896K, 41% used [0x00000000e0000000,0x00000000e3a7a2b0,0x00000000e8d80000)
  from space 16896K, 99% used [0x00000000e8d80000,0x00000000e9dffb58,0x00000000e9e00000)
  to   space 14848K, 0% used [0x00000000ea000000,0x00000000ea000000,0x00000000eae80000)
 ParOldGen       total 90624K, used 57058K [0x00000000a0000000, 0x00000000a5880000, 0x00000000e0000000)
  object space 90624K, 62% used [0x00000000a0000000,0x00000000a37b8840,0x00000000a5880000)
 Metaspace       used 67447K, capacity 69592K, committed 69720K, reserved 1110016K
  class space    used 8716K, capacity 9257K, committed 9304K, reserved 1048576K

Card table byte_map: [0x0000000013de0000,0x00000000140f0000] byte_map_base: 0x00000000138e0000

Marking Bits: (ParMarkBitMap*) 0x000000006aa33950
 Begin Bits: [0x00000000146f0000, 0x0000000015ef0000)
 End Bits:   [0x0000000015ef0000, 0x00000000176f0000)

Polling page: 0x0000000002e60000

CodeCache: size=245760Kb used=36956Kb max_used=36956Kb free=208803Kb
 bounds [0x0000000004a20000, 0x0000000006e70000, 0x0000000013a20000]
 total_blobs=11254 nmethods=10352 adapters=813
 compilation: enabled

Compilation events (10 events):
Event: 120.626 Thread 0x0000000018396000 12512       2       com.android.dx.cf.direct.DirectClassFile::parseToEndIfNecessary (12 bytes)
Event: 120.626 Thread 0x0000000018396000 nmethod 12512 0x0000000006e50a50 code [0x0000000006e50bc0, 0x0000000006e50d48]
Event: 120.627 Thread 0x0000000018396000 12513       1       com.android.dx.ssa.back.FirstFitLocalCombiningAllocator$Multiset::getSize (5 bytes)
Event: 120.628 Thread 0x0000000018396000 nmethod 12513 0x0000000006e50dd0 code [0x0000000006e50f20, 0x0000000006e51030]
Event: 120.628 Thread 0x0000000018396000 12514       1       com.android.dx.command.dexer.Main::access$1500 (5 bytes)
Event: 120.628 Thread 0x0000000018396000 nmethod 12514 0x0000000006e51090 code [0x0000000006e511e0, 0x0000000006e512d0]
Event: 120.629 Thread 0x0000000018396000 12515       1       com.android.dx.rop.code.LocalItem::getName (5 bytes)
Event: 120.629 Thread 0x0000000018396000 nmethod 12515 0x0000000006e51350 code [0x0000000006e514a0, 0x0000000006e515b0]
Event: 120.631 Thread 0x0000000018396000 12517       3       com.android.dx.cf.code.BasicBlocker::getBlockList (208 bytes)
Event: 120.632 Thread 0x0000000018396000 nmethod 12517 0x0000000006e51610 code [0x0000000006e51880, 0x0000000006e52ac8]

GC Heap History (10 events):
Event: 81.682 GC heap before
{Heap before GC invocations=18 (full 2):
 PSYoungGen      total 120320K, used 120307K [0x00000000e0000000, 0x00000000e9e80000, 0x0000000100000000)
  eden space 109056K, 100% used [0x00000000e0000000,0x00000000e6a80000,0x00000000e6a80000)
  from space 11264K, 99% used [0x00000000e6a80000,0x00000000e757cf28,0x00000000e7580000)
  to   space 15360K, 0% used [0x00000000e8f80000,0x00000000e8f80000,0x00000000e9e80000)
 ParOldGen       total 53760K, used 33896K [0x00000000a0000000, 0x00000000a3480000, 0x00000000e0000000)
  object space 53760K, 63% used [0x00000000a0000000,0x00000000a211a2e0,0x00000000a3480000)
 Metaspace       used 56374K, capacity 58118K, committed 58456K, reserved 1099776K
  class space    used 7518K, capacity 7954K, committed 8024K, reserved 1048576K
Event: 81.794 GC heap after
Heap after GC invocations=18 (full 2):
 PSYoungGen      total 142848K, used 4994K [0x00000000e0000000, 0x00000000e9c00000, 0x0000000100000000)
  eden space 130048K, 0% used [0x00000000e0000000,0x00000000e0000000,0x00000000e7f00000)
  from space 12800K, 39% used [0x00000000e8f80000,0x00000000e9460948,0x00000000e9c00000)
  to   space 14848K, 0% used [0x00000000e7f00000,0x00000000e7f00000,0x00000000e8d80000)
 ParOldGen       total 53760K, used 45094K [0x00000000a0000000, 0x00000000a3480000, 0x00000000e0000000)
  object space 53760K, 83% used [0x00000000a0000000,0x00000000a2c09b20,0x00000000a3480000)
 Metaspace       used 56374K, capacity 58118K, committed 58456K, reserved 1099776K
  class space    used 7518K, capacity 7954K, committed 8024K, reserved 1048576K
}
Event: 81.794 GC heap before
{Heap before GC invocations=19 (full 3):
 PSYoungGen      total 142848K, used 4994K [0x00000000e0000000, 0x00000000e9c00000, 0x0000000100000000)
  eden space 130048K, 0% used [0x00000000e0000000,0x00000000e0000000,0x00000000e7f00000)
  from space 12800K, 39% used [0x00000000e8f80000,0x00000000e9460948,0x00000000e9c00000)
  to   space 14848K, 0% used [0x00000000e7f00000,0x00000000e7f00000,0x00000000e8d80000)
 ParOldGen       total 53760K, used 45094K [0x00000000a0000000, 0x00000000a3480000, 0x00000000e0000000)
  object space 53760K, 83% used [0x00000000a0000000,0x00000000a2c09b20,0x00000000a3480000)
 Metaspace       used 56374K, capacity 58118K, committed 58456K, reserved 1099776K
  class space    used 7518K, capacity 7954K, committed 8024K, reserved 1048576K
Event: 82.244 GC heap after
Heap after GC invocations=19 (full 3):
 PSYoungGen      total 142848K, used 0K [0x00000000e0000000, 0x00000000e9c00000, 0x0000000100000000)
  eden space 130048K, 0% used [0x00000000e0000000,0x00000000e0000000,0x00000000e7f00000)
  from space 12800K, 0% used [0x00000000e8f80000,0x00000000e8f80000,0x00000000e9c00000)
  to   space 14848K, 0% used [0x00000000e7f00000,0x00000000e7f00000,0x00000000e8d80000)
 ParOldGen       total 90624K, used 32472K [0x00000000a0000000, 0x00000000a5880000, 0x00000000e0000000)
  object space 90624K, 35% used [0x00000000a0000000,0x00000000a1fb6188,0x00000000a5880000)
 Metaspace       used 56374K, capacity 58118K, committed 58456K, reserved 1099776K
  class space    used 7518K, capacity 7954K, committed 8024K, reserved 1048576K
}
Event: 104.197 GC heap before
{Heap before GC invocations=20 (full 3):
 PSYoungGen      total 142848K, used 130048K [0x00000000e0000000, 0x00000000e9c00000, 0x0000000100000000)
  eden space 130048K, 100% used [0x00000000e0000000,0x00000000e7f00000,0x00000000e7f00000)
  from space 12800K, 0% used [0x00000000e8f80000,0x00000000e8f80000,0x00000000e9c00000)
  to   space 14848K, 0% used [0x00000000e7f00000,0x00000000e7f00000,0x00000000e8d80000)
 ParOldGen       total 90624K, used 32472K [0x00000000a0000000, 0x00000000a5880000, 0x00000000e0000000)
  object space 90624K, 35% used [0x00000000a0000000,0x00000000a1fb6188,0x00000000a5880000)
 Metaspace       used 62346K, capacity 64130K, committed 64344K, reserved 1105920K
  class space    used 8225K, capacity 8688K, committed 8792K, reserved 1048576K
Event: 104.237 GC heap after
Heap after GC invocations=20 (full 3):
 PSYoungGen      total 144896K, used 14838K [0x00000000e0000000, 0x00000000eb100000, 0x0000000100000000)
  eden space 130048K, 0% used [0x00000000e0000000,0x00000000e0000000,0x00000000e7f00000)
  from space 14848K, 99% used [0x00000000e7f00000,0x00000000e8d7dab8,0x00000000e8d80000)
  to   space 17408K, 0% used [0x00000000ea000000,0x00000000ea000000,0x00000000eb100000)
 ParOldGen       total 90624K, used 34020K [0x00000000a0000000, 0x00000000a5880000, 0x00000000e0000000)
  object space 90624K, 37% used [0x00000000a0000000,0x00000000a2139380,0x00000000a5880000)
 Metaspace       used 62346K, capacity 64130K, committed 64344K, reserved 1105920K
  class space    used 8225K, capacity 8688K, committed 8792K, reserved 1048576K
}
Event: 116.246 GC heap before
{Heap before GC invocations=21 (full 3):
 PSYoungGen      total 144896K, used 144886K [0x00000000e0000000, 0x00000000eb100000, 0x0000000100000000)
  eden space 130048K, 100% used [0x00000000e0000000,0x00000000e7f00000,0x00000000e7f00000)
  from space 14848K, 99% used [0x00000000e7f00000,0x00000000e8d7dab8,0x00000000e8d80000)
  to   space 17408K, 0% used [0x00000000ea000000,0x00000000ea000000,0x00000000eb100000)
 ParOldGen       total 90624K, used 34020K [0x00000000a0000000, 0x00000000a5880000, 0x00000000e0000000)
  object space 90624K, 37% used [0x00000000a0000000,0x00000000a2139380,0x00000000a5880000)
 Metaspace       used 65112K, capacity 67224K, committed 67544K, reserved 1107968K
  class space    used 8516K, capacity 9065K, committed 9176K, reserved 1048576K
Event: 116.274 GC heap after
Heap after GC invocations=21 (full 3):
 PSYoungGen      total 159744K, used 6882K [0x00000000e0000000, 0x00000000eae80000, 0x0000000100000000)
  eden space 144896K, 0% used [0x00000000e0000000,0x00000000e0000000,0x00000000e8d80000)
  from space 14848K, 46% used [0x00000000ea000000,0x00000000ea6b89d8,0x00000000eae80000)
  to   space 16896K, 0% used [0x00000000e8d80000,0x00000000e8d80000,0x00000000e9e00000)
 ParOldGen       total 90624K, used 46483K [0x00000000a0000000, 0x00000000a5880000, 0x00000000e0000000)
  object space 90624K, 51% used [0x00000000a0000000,0x00000000a2d64e68,0x00000000a5880000)
 Metaspace       used 65112K, capacity 67224K, committed 67544K, reserved 1107968K
  class space    used 8516K, capacity 9065K, committed 9176K, reserved 1048576K
}
Event: 119.619 GC heap before
{Heap before GC invocations=22 (full 3):
 PSYoungGen      total 159744K, used 151778K [0x00000000e0000000, 0x00000000eae80000, 0x0000000100000000)
  eden space 144896K, 100% used [0x00000000e0000000,0x00000000e8d80000,0x00000000e8d80000)
  from space 14848K, 46% used [0x00000000ea000000,0x00000000ea6b89d8,0x00000000eae80000)
  to   space 16896K, 0% used [0x00000000e8d80000,0x00000000e8d80000,0x00000000e9e00000)
 ParOldGen       total 90624K, used 46483K [0x00000000a0000000, 0x00000000a5880000, 0x00000000e0000000)
  object space 90624K, 51% used [0x00000000a0000000,0x00000000a2d64e68,0x00000000a5880000)
 Metaspace       used 67428K, capacity 69528K, committed 69720K, reserved 1110016K
  class space    used 8716K, capacity 9257K, committed 9304K, reserved 1048576K
Event: 119.714 GC heap after
Heap after GC invocations=22 (full 3):
 PSYoungGen      total 161792K, used 16894K [0x00000000e0000000, 0x00000000eae80000, 0x0000000100000000)
  eden space 144896K, 0% used [0x00000000e0000000,0x00000000e0000000,0x00000000e8d80000)
  from space 16896K, 99% used [0x00000000e8d80000,0x00000000e9dffb58,0x00000000e9e00000)
  to   space 14848K, 0% used [0x00000000ea000000,0x00000000ea000000,0x00000000eae80000)
 ParOldGen       total 90624K, used 57058K [0x00000000a0000000, 0x00000000a5880000, 0x00000000e0000000)
  object space 90624K, 62% used [0x00000000a0000000,0x00000000a37b8840,0x00000000a5880000)
 Metaspace       used 67428K, capacity 69528K, committed 69720K, reserved 1110016K
  class space    used 8716K, capacity 9257K, committed 9304K, reserved 1048576K
}

Deoptimization events (10 events):
Event: 119.356 Thread 0x000000001b434000 Uncommon trap: reason=unstable_if action=reinterpret pc=0x0000000006bec19c method=com.android.dx.ssa.SCCP.simulateBranch(Lcom/android/dx/ssa/SsaInsn;)V @ 64
Event: 119.464 Thread 0x000000001b432000 Uncommon trap: reason=unstable_if action=reinterpret pc=0x0000000006ad324c method=com.android.dx.rop.code.RegisterSpecSet.put(Lcom/android/dx/rop/code/RegisterSpec;)V @ 77
Event: 120.440 Thread 0x000000001b434000 Uncommon trap: reason=bimorphic action=maybe_recompile pc=0x0000000006cc09dc method=com.android.dx.cf.code.RopperMachine.run(Lcom/android/dx/cf/code/Frame;II)V @ 978
Event: 120.440 Thread 0x000000001b434000 Uncommon trap: reason=bimorphic action=maybe_recompile pc=0x0000000006cc09dc method=com.android.dx.cf.code.RopperMachine.run(Lcom/android/dx/cf/code/Frame;II)V @ 978
Event: 120.440 Thread 0x000000001b434000 Uncommon trap: reason=unstable_if action=reinterpret pc=0x0000000006d5ec08 method=com.android.dx.rop.code.RegisterSpecSet.put(Lcom/android/dx/rop/code/RegisterSpec;)V @ 77
Event: 120.441 Thread 0x000000001b434000 Uncommon trap: reason=unstable_if action=reinterpret pc=0x0000000006d0c34c method=com.android.dx.ssa.SCCP.simulateStmt(Lcom/android/dx/ssa/SsaInsn;)V @ 53
Event: 120.441 Thread 0x000000001b434000 Uncommon trap: reason=bimorphic action=maybe_recompile pc=0x0000000006c32ff8 method=com.android.dx.ssa.SCCP.setLatticeValueTo(IILcom/android/dx/rop/cst/Constant;)Z @ 43
Event: 120.442 Thread 0x000000001b434000 Uncommon trap: reason=bimorphic action=maybe_recompile pc=0x0000000006c32ff8 method=com.android.dx.ssa.SCCP.setLatticeValueTo(IILcom/android/dx/rop/cst/Constant;)Z @ 43
Event: 120.444 Thread 0x000000001b434000 Uncommon trap: reason=bimorphic action=maybe_recompile pc=0x0000000006c32ff8 method=com.android.dx.ssa.SCCP.setLatticeValueTo(IILcom/android/dx/rop/cst/Constant;)Z @ 43
Event: 120.444 Thread 0x000000001b434000 Uncommon trap: reason=bimorphic action=maybe_recompile pc=0x0000000006c32ff8 method=com.android.dx.ssa.SCCP.setLatticeValueTo(IILcom/android/dx/rop/cst/Constant;)Z @ 43

Classes redefined (0 events):
No events

Internal exceptions (10 events):
Event: 81.519 Thread 0x000000001b42f000 Implicit null exception at 0x00000000061b7e43 to 0x00000000061b6741
Event: 81.519 Thread 0x000000001b42f000 Implicit null exception at 0x00000000061b7e43 to 0x00000000061b6741
Event: 81.533 Thread 0x000000001b42f000 Implicit null exception at 0x00000000061b7e43 to 0x00000000061b6741
Event: 82.288 Thread 0x000000001b42f000 Implicit null exception at 0x00000000054f9785 to 0x00000000054f9a85
Event: 84.117 Thread 0x000000001b42f000 Exception <a 'java/lang/NoSuchMethodError': java.lang.Object.lambda$negate$1(Ljava/lang/Object;)Z> (0x00000000e18039f0) thrown at [D:\src\AOSP-openjdk-cygwin\jdk8u\hotspot\src\share\vm\interpreter\linkResolver.cpp, line 584]
Event: 104.239 Thread 0x000000001b12d000 Implicit null exception at 0x0000000006406ba4 to 0x000000000640702d
Event: 107.037 Thread 0x000000001b427800 Exception <a 'java/lang/NoSuchMethodError': <clinit>> (0x00000000e1681b40) thrown at [D:\src\AOSP-openjdk-cygwin\jdk8u\hotspot\src\share\vm\prims\jni.cpp, line 1613]
Event: 108.244 Thread 0x000000001b427800 Exception <a 'java/lang/NoSuchMethodError': java.lang.Object.lambda$asRunnable$0(Lcom/android/apkzlib/utils/IOExceptionRunnable;)V> (0x00000000e3041460) thrown at [D:\src\AOSP-openjdk-cygwin\jdk8u\hotspot\src\share\vm\interpreter\linkResolver.cpp, line 58
Event: 117.664 Thread 0x000000001b432000 Implicit null exception at 0x0000000006a8c2e2 to 0x0000000006a8c3e9
Event: 119.356 Thread 0x000000001b434000 Implicit null exception at 0x0000000006b9bea1 to 0x0000000006b9cb09

Events (10 events):
Event: 120.444 Thread 0x000000001b434000 DEOPT UNPACKING pc=0x0000000004a6556a sp=0x00000000263eea48 mode 2
Event: 120.444 Thread 0x000000001b434000 Uncommon trap: trap_request=0xffffffc6 fr.pc=0x0000000006c32ff8
Event: 120.444 Thread 0x000000001b434000 DEOPT PACKING pc=0x0000000006c32ff8 sp=0x00000000263eeb60
Event: 120.444 Thread 0x000000001b434000 DEOPT UNPACKING pc=0x0000000004a6556a sp=0x00000000263eea98 mode 2
Event: 120.575 Thread 0x000000001b42f800 DEOPT PACKING pc=0x0000000006ce4fb5 sp=0x00000000266ee960
Event: 120.575 Thread 0x000000001b42f800 DEOPT UNPACKING pc=0x0000000004a675bf sp=0x00000000266ee6c8 mode 0
Event: 120.595 Thread 0x000000001b42f800 DEOPT PACKING pc=0x0000000006d17ce2 sp=0x00000000266eeb80
Event: 120.595 Thread 0x000000001b42f800 DEOPT UNPACKING pc=0x0000000004a675bf sp=0x00000000266ee948 mode 0
Event: 120.631 Thread 0x000000001b432800 DEOPT PACKING pc=0x0000000006ce6115 sp=0x00000000265eead0
Event: 120.631 Thread 0x000000001b432800 DEOPT UNPACKING pc=0x0000000004a675bf sp=0x00000000265ee868 mode 0


Dynamic libraries:
0x00007ff6215c0000 - 0x00007ff6215f1000 	C:\Program Files\Android\Android Studio\jre\bin\java.exe
0x00007fff180f0000 - 0x00007fff182d0000 	C:\WINDOWS\SYSTEM32\ntdll.dll
0x00007fff18010000 - 0x00007fff180be000 	C:\WINDOWS\System32\KERNEL32.DLL
0x00007fff147f0000 - 0x00007fff14a56000 	C:\WINDOWS\System32\KERNELBASE.dll
0x00007fff178d0000 - 0x00007fff17971000 	C:\WINDOWS\System32\ADVAPI32.dll
0x00007fff17a70000 - 0x00007fff17b0d000 	C:\WINDOWS\System32\msvcrt.dll
0x00007fff17250000 - 0x00007fff172ab000 	C:\WINDOWS\System32\sechost.dll
0x00007fff16ea0000 - 0x00007fff16fbf000 	C:\WINDOWS\System32\RPCRT4.dll
0x00007fff16d10000 - 0x00007fff16e9f000 	C:\WINDOWS\System32\USER32.dll
0x00007fff155a0000 - 0x00007fff155c0000 	C:\WINDOWS\System32\win32u.dll
0x00007fff17840000 - 0x00007fff17868000 	C:\WINDOWS\System32\GDI32.dll
0x00007fff15300000 - 0x00007fff15493000 	C:\WINDOWS\System32\gdi32full.dll
0x00007fff14b10000 - 0x00007fff14bab000 	C:\WINDOWS\System32\msvcp_win.dll
0x00007fff154a0000 - 0x00007fff15596000 	C:\WINDOWS\System32\ucrtbase.dll
0x00007fff07bb0000 - 0x00007fff07e19000 	C:\WINDOWS\WinSxS\amd64_microsoft.windows.common-controls_6595b64144ccf1df_6.0.16299.309_none_15cfd4c4935e6b11\COMCTL32.dll
0x00007fff173c0000 - 0x00007fff176c8000 	C:\WINDOWS\System32\combase.dll
0x00007fff14770000 - 0x00007fff147e2000 	C:\WINDOWS\System32\bcryptPrimitives.dll
0x00007fff16fd0000 - 0x00007fff16ffd000 	C:\WINDOWS\System32\IMM32.DLL
0x000000006c750000 - 0x000000006c822000 	C:\Program Files\Android\Android Studio\jre\jre\bin\msvcr100.dll
0x000000006a270000 - 0x000000006aaae000 	C:\Program Files\Android\Android Studio\jre\jre\bin\server\jvm.dll
0x00007fff17000000 - 0x00007fff17008000 	C:\WINDOWS\System32\PSAPI.DLL
0x00007fff08100000 - 0x00007fff0810a000 	C:\WINDOWS\SYSTEM32\VERSION.dll
0x00007fff0f070000 - 0x00007fff0f079000 	C:\WINDOWS\SYSTEM32\WSOCK32.dll
0x00007fff10e80000 - 0x00007fff10ea3000 	C:\WINDOWS\SYSTEM32\WINMM.dll
0x00007fff15620000 - 0x00007fff1568c000 	C:\WINDOWS\System32\WS2_32.dll
0x00007fff10e50000 - 0x00007fff10e7a000 	C:\WINDOWS\SYSTEM32\winmmbase.dll
0x00007fff14550000 - 0x00007fff1459a000 	C:\WINDOWS\System32\cfgmgr32.dll
0x00007fff0f060000 - 0x00007fff0f06f000 	C:\Program Files\Android\Android Studio\jre\jre\bin\verify.dll
0x00007fff05d40000 - 0x00007fff05d69000 	C:\Program Files\Android\Android Studio\jre\jre\bin\java.dll
0x00007fff01e20000 - 0x00007fff01e36000 	C:\Program Files\Android\Android Studio\jre\jre\bin\zip.dll
0x00007fff15830000 - 0x00007fff16c66000 	C:\WINDOWS\System32\SHELL32.dll
0x00007fff17f60000 - 0x00007fff18006000 	C:\WINDOWS\System32\shcore.dll
0x00007fff14bb0000 - 0x00007fff152f7000 	C:\WINDOWS\System32\windows.storage.dll
0x00007fff171f0000 - 0x00007fff17241000 	C:\WINDOWS\System32\shlwapi.dll
0x00007fff14440000 - 0x00007fff14451000 	C:\WINDOWS\System32\kernel.appcore.dll
0x00007fff14480000 - 0x00007fff144cc000 	C:\WINDOWS\System32\powrprof.dll
0x00007fff14460000 - 0x00007fff1447b000 	C:\WINDOWS\System32\profapi.dll
0x00007ffeff730000 - 0x00007ffeff74a000 	C:\Program Files\Android\Android Studio\jre\jre\bin\net.dll
0x00007fff13cd0000 - 0x00007fff13d36000 	C:\WINDOWS\system32\mswsock.dll
0x00007fff05d90000 - 0x00007fff05da1000 	C:\Program Files\Android\Android Studio\jre\jre\bin\nio.dll
0x00007fff05b20000 - 0x00007fff05b3e000 	C:\Users\Rozz\.gradle\native\25\windows-amd64\native-platform.dll
0x00007fff112f0000 - 0x00007fff112fd000 	C:\Program Files\Android\Android Studio\jre\jre\bin\management.dll
0x00007fff13e90000 - 0x00007fff13ea7000 	C:\WINDOWS\SYSTEM32\CRYPTSP.dll
0x00007fff138d0000 - 0x00007fff13903000 	C:\WINDOWS\system32\rsaenh.dll
0x00007fff13fa0000 - 0x00007fff13fc5000 	C:\WINDOWS\SYSTEM32\bcrypt.dll
0x00007fff14370000 - 0x00007fff14399000 	C:\WINDOWS\SYSTEM32\USERENV.dll
0x00007fff13eb0000 - 0x00007fff13ebb000 	C:\WINDOWS\SYSTEM32\CRYPTBASE.dll
0x00007fff13a60000 - 0x00007fff13a99000 	C:\WINDOWS\SYSTEM32\IPHLPAPI.DLL
0x00007fff171e0000 - 0x00007fff171e8000 	C:\WINDOWS\System32\NSI.dll
0x00007fff0afa0000 - 0x00007fff0afb6000 	C:\WINDOWS\SYSTEM32\dhcpcsvc6.DLL
0x00007fff0b2d0000 - 0x00007fff0b2ea000 	C:\WINDOWS\SYSTEM32\dhcpcsvc.DLL
0x00007ffedd740000 - 0x00007ffedd8d5000 	C:\Program Files\Android\Android Studio\jre\jre\bin\awt.dll
0x00007fff17980000 - 0x00007fff17a45000 	C:\WINDOWS\System32\OLEAUT32.dll
0x00007fff11a30000 - 0x00007fff11fe8000 	C:\WINDOWS\SYSTEM32\d2d1.dll
0x00007fff145a0000 - 0x00007fff1476e000 	C:\WINDOWS\System32\CRYPT32.dll
0x00007fff144d0000 - 0x00007fff144e2000 	C:\WINDOWS\System32\MSASN1.dll
0x00007fff12600000 - 0x00007fff12688000 	C:\WINDOWS\SYSTEM32\apphelp.dll
0x00007fff129f0000 - 0x00007fff12a1a000 	C:\WINDOWS\system32\DWMAPI.DLL
0x00007fff12730000 - 0x00007fff127c5000 	C:\WINDOWS\system32\uxtheme.dll

VM Arguments:
jvm_args: -Xmx1536m -Dfile.encoding=windows-1252 -Duser.country=PH -Duser.language=en -Duser.variant 
java_command: org.gradle.launcher.daemon.bootstrap.GradleDaemon 4.1
java_class_path (initial): C:\Users\Rozz\.gradle\wrapper\dists\gradle-4.1-all\bzyivzo6n839fup2jbap0tjew\gradle-4.1\lib\gradle-launcher-4.1.jar
Launcher Type: SUN_STANDARD

Environment Variables:
JAVA_HOME=C:\Program Files (x86)\SAP\SAP Business One ServerTools\Common\sapjvm_8
CLASSPATH=C:\Program Files (x86)\SAP\SAP Business One DI API\JCO\LIB\sbowrapper.jar;C:\Program Files (x86)\SAP\SAP Business One DI API\JCO\LIB\sboapi.jar
PATH=C:\ProgramData\Oracle\Java\javapath;C:\Program Files (x86)\Intel\iCLS Client\;C:\Program Files\Intel\iCLS Client\;C:\Windows\system32;C:\Windows;C:\Windows\System32\Wbem;C:\Windows\System32\WindowsPowerShell\v1.0\;C:\Program Files (x86)\Intel\Intel(R) Management Engine Components\DAL;C:\Program Files\Intel\Intel(R) Management Engine Components\DAL;C:\Program Files (x86)\Intel\Intel(R) Management Engine Components\IPT;C:\Program Files\Intel\Intel(R) Management Engine Components\IPT;C:\Program Files (x86)\NVIDIA Corporation\PhysX\Common;C:\Program Files\dotnet\;C:\WINDOWS\system32\config\systemprofile\.dnx\bin;C:\Program Files\Microsoft DNX\Dnvm\;C:\Program Files\Microsoft SQL Server\130\Tools\Binn\;C:\Program Files (x86)\Microsoft SQL Server\110\Tools\Binn\;C:\Program Files\Microsoft SQL Server\110\Tools\Binn\;C:\Program Files\Microsoft SQL Server\110\DTS\Binn\;c:\Program Files (x86)\Microsoft SQL Server\100\Tools\Binn\;c:\Program Files\Microsoft SQL Server\100\Tools\Binn\;c:\Program Files\Microsoft SQL Server\100\DTS\Binn\;C:\Program Files (x86)\SAP\SAP Business One DI API\JCO\LIB\;C:\Program Files (x86)\SAP\SAP Business One DI API\DI API 90;C:\Program Files (x86)\SAP\SAP Business One\;C:\Program Files (x86)\Microsoft SQL Server\110\Tools\Binn\ManagementStudio\;C:\Program Files (x86)\Microsoft SQL Server\110\DTS\Binn\;C:\Program Files (x86)\SAP\SAP Business One ServerTools\Common\sapjvm_8\jre\bin;C:\Program Files (x86)\SAP\SAP Business One ServerTools\Common\tomcat\bin;C:\Program Files (x86)\SAP\SAP Business One ServerTools\Common\sapjvm_8\jre\bin\server;C:\WINDOWS\system32;C:\WINDOWS;C:\WINDOWS\System32\Wbem;C:\WINDOWS\System32\WindowsPowerShell\v1.0\;C:\Program Files\Git\cmd;C:\Users\Rozz\AppData\Local\Microsoft\WindowsApps;
USERNAME=Rozz
OS=Windows_NT
PROCESSOR_IDENTIFIER=Intel64 Family 6 Model 142 Stepping 9, GenuineIntel



---------------  S Y S T E M  ---------------

OS: Windows 10.0 , 64 bit Build 16299 (10.0.16299.15)

CPU:total 4 (initial active 4) (2 cores per cpu, 2 threads per core) family 6 model 142 stepping 9, cmov, cx8, fxsr, mmx, sse, sse2, sse3, ssse3, sse4.1, sse4.2, popcnt, avx, avx2, aes, clmul, erms, 3dnowpref, lzcnt, ht, tsc, tscinvbit, bmi1, bmi2, adx

Memory: 4k page, physical 4059364k(273864k free), swap 8253668k(2984k free)

vm_info: OpenJDK 64-Bit Server VM (25.152-b01) for windows-amd64 JRE (1.8.0_152-release-915-b01), built by "builder" with MS VC++ 10.0 (VS2010)

time: Wed Apr 25 10:53:04 2018
elapsed time: 120 seconds (0d 0h 2m 0s)

