#
# There is insufficient memory for the Java Runtime Environment to continue.
# Native memory allocation (malloc) failed to allocate 1552112 bytes for Chunk::new
# Possible reasons:
#   The system is out of physical RAM or swap space
#   In 32 bit mode, the process size limit was hit
# Possible solutions:
#   Reduce memory load on the system
#   Increase physical memory or swap space
#   Check if swap backing store is full
#   Use 64 bit Java on a 64 bit OS
#   Decrease Java heap size (-Xmx/-Xms)
#   Decrease number of Java threads
#   Decrease Java thread stack sizes (-Xss)
#   Set larger code cache with -XX:ReservedCodeCacheSize=
# This output file may be truncated or incomplete.
#
#  Out of Memory Error (allocation.cpp:390), pid=7716, tid=0x0000000000001848
#
# JRE version: OpenJDK Runtime Environment (8.0_152-b02) (build 1.8.0_152-release-1024-b02)
# Java VM: OpenJDK 64-Bit Server VM (25.152-b02 mixed mode windows-amd64 compressed oops)
# Failed to write core dump. Minidumps are not enabled by default on client versions of Windows
#

---------------  T H R E A D  ---------------

Current thread (0x0000000015ecd000):  JavaThread "C2 CompilerThread1" daemon [_thread_in_native, id=6216, stack(0x0000000017620000,0x0000000017720000)]

Stack: [0x0000000017620000,0x0000000017720000]
[error occurred during error reporting (printing stack bounds), id 0xc0000005]

Native frames: (J=compiled Java code, j=interpreted, Vv=VM code, C=native code)


Current CompileTask:
C2: 140184 8814 %     4       org.objectweb.asm.ClassReader::a @ 673 (3351 bytes)


---------------  P R O C E S S  ---------------

Java Threads: ( => current thread )
  0x000000001c629000 JavaThread "ForkJoinPool.commonPool-worker-3" daemon [_thread_in_native, id=10084, stack(0x0000000024420000,0x0000000024520000)]
  0x000000001c620000 JavaThread "ForkJoinPool.commonPool-worker-2" daemon [_thread_in_native, id=9340, stack(0x0000000024320000,0x0000000024420000)]
  0x000000001c627000 JavaThread "ForkJoinPool.commonPool-worker-1" daemon [_thread_in_native, id=9060, stack(0x0000000024220000,0x0000000024320000)]
  0x000000001c61e800 JavaThread "Cache worker for Java compile cache (C:\PERALTA BACKUPS\PrestigeMobileAppUpdatedWed28-6-18-1258AM\MMReport\.gradle\4.4\javaCompile)" [_thread_blocked, id=10436, stack(0x0000000021aa0000,0x0000000021ba0000)]
  0x000000001c622800 JavaThread "Task worker for ':' Thread 3" [_thread_blocked, id=8004, stack(0x00000000219a0000,0x0000000021aa0000)]
  0x000000001c621800 JavaThread "Task worker for ':' Thread 2" [_thread_blocked, id=3752, stack(0x00000000218a0000,0x00000000219a0000)]
  0x000000001c623000 JavaThread "Task worker for ':'" [_thread_blocked, id=10144, stack(0x00000000217a0000,0x00000000218a0000)]
  0x000000001c624000 JavaThread "Cache worker for Build Output Cleanup Cache (C:\PERALTA BACKUPS\PrestigeMobileAppUpdatedWed28-6-18-1258AM\MMReport\.gradle\buildOutputCleanup)" [_thread_blocked, id=4916, stack(0x00000000216a0000,0x00000000217a0000)]
  0x000000001c624800 JavaThread "Cache worker for task history cache (C:\PERALTA BACKUPS\PrestigeMobileAppUpdatedWed28-6-18-1258AM\MMReport\.gradle\4.4\taskHistory)" [_thread_blocked, id=5704, stack(0x00000000215a0000,0x00000000216a0000)]
  0x000000001c621000 JavaThread "Cache worker for file content cache (C:\PERALTA BACKUPS\PrestigeMobileAppUpdatedWed28-6-18-1258AM\MMReport\.gradle\4.4\fileContent)" [_thread_blocked, id=5484, stack(0x00000000214a0000,0x00000000215a0000)]
  0x000000001822e800 JavaThread "Memory manager" [_thread_blocked, id=8876, stack(0x000000001e500000,0x000000001e600000)]
  0x000000001822d800 JavaThread "pool-1-thread-1" [_thread_blocked, id=9468, stack(0x000000001e200000,0x000000001e300000)]
  0x0000000018229000 JavaThread "build operations Thread 4" [_thread_blocked, id=2200, stack(0x000000001dd00000,0x000000001de00000)]
  0x000000001822b800 JavaThread "build operations Thread 3" [_thread_blocked, id=4392, stack(0x000000001dc00000,0x000000001dd00000)]
  0x000000001822f000 JavaThread "build operations Thread 2" [_thread_blocked, id=4368, stack(0x000000001db00000,0x000000001dc00000)]
  0x000000001822c000 JavaThread "build operations" [_thread_blocked, id=6408, stack(0x000000001da00000,0x000000001db00000)]
  0x000000001822d000 JavaThread "Cache worker for Artifact transforms cache (C:\Users\Rozz\.gradle\caches\transforms-1)" [_thread_blocked, id=5964, stack(0x000000001d600000,0x000000001d700000)]
  0x0000000018efd000 JavaThread "Cache worker for file hash cache (C:\PERALTA BACKUPS\PrestigeMobileAppUpdatedWed28-6-18-1258AM\MMReport\.gradle\4.4\fileHashes)" [_thread_blocked, id=7896, stack(0x000000001ba40000,0x000000001bb40000)]
  0x000000001a92c000 JavaThread "File lock request listener" [_thread_in_native, id=492, stack(0x000000001b940000,0x000000001ba40000)]
  0x00000000186f3000 JavaThread "Cache worker for file hash cache (C:\Users\Rozz\.gradle\caches\4.4\fileHashes)" [_thread_blocked, id=224, stack(0x000000001b840000,0x000000001b940000)]
  0x00000000182fc800 JavaThread "Asynchronous log dispatcher for DefaultDaemonConnection: socket connection from /127.0.0.1:6089 to /127.0.0.1:6090" [_thread_blocked, id=9852, stack(0x000000001a470000,0x000000001a570000)]
  0x00000000185f8000 JavaThread "Daemon worker" [_thread_blocked, id=9272, stack(0x000000001a370000,0x000000001a470000)]
  0x00000000185f5000 JavaThread "Cancel handler" [_thread_blocked, id=11724, stack(0x000000001a270000,0x000000001a370000)]
  0x00000000185e6000 JavaThread "Handler for socket connection from /127.0.0.1:6089 to /127.0.0.1:6090" [_thread_in_native, id=4632, stack(0x0000000019f70000,0x000000001a070000)]
  0x00000000185d4800 JavaThread "Daemon" [_thread_blocked, id=7988, stack(0x0000000019e70000,0x0000000019f70000)]
  0x00000000179b1000 JavaThread "Daemon periodic checks" [_thread_blocked, id=5912, stack(0x0000000019d70000,0x0000000019e70000)]
  0x0000000018716800 JavaThread "Incoming local TCP Connector on port 6089" [_thread_in_native, id=9636, stack(0x0000000019b30000,0x0000000019c30000)]
  0x0000000017840800 JavaThread "Service Thread" daemon [_thread_blocked, id=6972, stack(0x0000000017c20000,0x0000000017d20000)]
  0x0000000015ed3800 JavaThread "C1 CompilerThread2" daemon [_thread_blocked, id=11348, stack(0x0000000017720000,0x0000000017820000)]
=>0x0000000015ecd000 JavaThread "C2 CompilerThread1" daemon [_thread_in_native, id=6216, stack(0x0000000017620000,0x0000000017720000)]
  0x0000000015ed8800 JavaThread "C2 CompilerThread0" daemon [_thread_blocked, id=3488, stack(0x0000000017520000,0x0000000017620000)]
  0x0000000015ed7000 JavaThread "Attach Listener" daemon [_thread_blocked, id=11740, stack(0x0000000017420000,0x0000000017520000)]
  0x0000000015ed5800 JavaThread "Signal Dispatcher" daemon [_thread_blocked, id=7180, stack(0x0000000017320000,0x0000000017420000)]
  0x0000000015eb8800 JavaThread "Finalizer" daemon [_thread_blocked, id=10212, stack(0x0000000017130000,0x0000000017230000)]
  0x0000000002482800 JavaThread "Reference Handler" daemon [_thread_blocked, id=7124, stack(0x0000000017030000,0x0000000017130000)]
  0x000000000255e800 JavaThread "main" [_thread_blocked, id=11580, stack(0x0000000002240000,0x0000000002340000)]

Other Threads:
  0x0000000015e95800 VMThread [stack: 0x0000000016f30000,0x0000000017030000] [id=236]
  0x0000000017843000 WatcherThread [stack: 0x0000000017d20000,0x0000000017e20000] [id=10948]

VM state:not at safepoint (normal execution)

VM Mutex/Monitor currently owned by a thread: None

Heap:
 PSYoungGen      total 63488K, used 36155K [0x00000000e0000000, 0x00000000e4880000, 0x0000000100000000)
  eden space 53760K, 55% used [0x00000000e0000000,0x00000000e1d460f8,0x00000000e3480000)
  from space 9728K, 63% used [0x00000000e3f00000,0x00000000e4508b88,0x00000000e4880000)
  to   space 10240K, 0% used [0x00000000e3480000,0x00000000e3480000,0x00000000e3e80000)
 ParOldGen       total 87040K, used 44648K [0x00000000a0000000, 0x00000000a5500000, 0x00000000e0000000)
  object space 87040K, 51% used [0x00000000a0000000,0x00000000a2b9a108,0x00000000a5500000)
 Metaspace       used 61927K, capacity 63732K, committed 64000K, reserved 1103872K
  class space    used 8252K, capacity 8683K, committed 8704K, reserved 1048576K

Card table byte_map: [0x0000000011920000,0x0000000011c30000] byte_map_base: 0x0000000011420000

Marking Bits: (ParMarkBitMap*) 0x0000000065614970
 Begin Bits: [0x0000000012230000, 0x0000000013a30000)
 End Bits:   [0x0000000013a30000, 0x0000000015230000)

Polling page: 0x00000000008f0000

CodeCache: size=245760Kb used=26923Kb max_used=26934Kb free=218836Kb
 bounds [0x0000000002560000, 0x0000000003fd0000, 0x0000000011560000]
 total_blobs=8454 nmethods=7661 adapters=705
 compilation: enabled

Compilation events (10 events):
Event: 138.893 Thread 0x0000000015ed3800 nmethod 8844 0x0000000003f910d0 code [0x0000000003f91220, 0x0000000003f913d0]
Event: 138.893 Thread 0x0000000015ed3800 8847       3       org.objectweb.asm.ClassWriter::a (91 bytes)
Event: 138.894 Thread 0x0000000015ed3800 nmethod 8847 0x0000000003f948d0 code [0x0000000003f94ac0, 0x0000000003f95338]
Event: 138.894 Thread 0x0000000015ed3800 8849       3       java.lang.String::split (326 bytes)
Event: 138.898 Thread 0x0000000015ed3800 nmethod 8849 0x0000000003f957d0 code [0x0000000003f95c20, 0x0000000003f98e38]
Event: 138.898 Thread 0x0000000015ed3800 8846       3       com.google.common.base.Preconditions::checkPositionIndex (25 bytes)
Event: 138.898 Thread 0x0000000015ed3800 nmethod 8846 0x0000000003f9a950 code [0x0000000003f9aac0, 0x0000000003f9ad58]
Event: 138.898 Thread 0x0000000015ed3800 8841       3       sun.net.www.protocol.jar.Handler::openConnection (10 bytes)
Event: 138.899 Thread 0x0000000015ed3800 nmethod 8841 0x0000000003f9ae50 code [0x0000000003f9b000, 0x0000000003f9b628]
Event: 138.900 Thread 0x0000000015ed8800 nmethod 8848 0x0000000003f9cb90 code [0x0000000003f9ce20, 0x0000000003f9d308]

GC Heap History (10 events):
Event: 75.345 GC heap before
{Heap before GC invocations=33 (full 2):
 PSYoungGen      total 50176K, used 49099K [0x00000000e0000000, 0x00000000e3800000, 0x0000000100000000)
  eden space 44032K, 100% used [0x00000000e0000000,0x00000000e2b00000,0x00000000e2b00000)
  from space 6144K, 82% used [0x00000000e3180000,0x00000000e3672df8,0x00000000e3780000)
  to   space 6656K, 0% used [0x00000000e2b00000,0x00000000e2b00000,0x00000000e3180000)
 ParOldGen       total 50176K, used 27110K [0x00000000a0000000, 0x00000000a3100000, 0x00000000e0000000)
  object space 50176K, 54% used [0x00000000a0000000,0x00000000a1a798a0,0x00000000a3100000)
 Metaspace       used 54880K, capacity 56578K, committed 56832K, reserved 1097728K
  class space    used 7516K, capacity 7928K, committed 7936K, reserved 1048576K
Event: 75.359 GC heap after
Heap after GC invocations=33 (full 2):
 PSYoungGen      total 50688K, used 6624K [0x00000000e0000000, 0x00000000e4080000, 0x0000000100000000)
  eden space 44032K, 0% used [0x00000000e0000000,0x00000000e0000000,0x00000000e2b00000)
  from space 6656K, 99% used [0x00000000e2b00000,0x00000000e3178040,0x00000000e3180000)
  to   space 8192K, 0% used [0x00000000e3880000,0x00000000e3880000,0x00000000e4080000)
 ParOldGen       total 50176K, used 30152K [0x00000000a0000000, 0x00000000a3100000, 0x00000000e0000000)
  object space 50176K, 60% used [0x00000000a0000000,0x00000000a1d722d0,0x00000000a3100000)
 Metaspace       used 54880K, capacity 56578K, committed 56832K, reserved 1097728K
  class space    used 7516K, capacity 7928K, committed 7936K, reserved 1048576K
}
Event: 76.069 GC heap before
{Heap before GC invocations=34 (full 2):
 PSYoungGen      total 50688K, used 12654K [0x00000000e0000000, 0x00000000e4080000, 0x0000000100000000)
  eden space 44032K, 13% used [0x00000000e0000000,0x00000000e05e3970,0x00000000e2b00000)
  from space 6656K, 99% used [0x00000000e2b00000,0x00000000e3178040,0x00000000e3180000)
  to   space 8192K, 0% used [0x00000000e3880000,0x00000000e3880000,0x00000000e4080000)
 ParOldGen       total 50176K, used 30152K [0x00000000a0000000, 0x00000000a3100000, 0x00000000e0000000)
  object space 50176K, 60% used [0x00000000a0000000,0x00000000a1d722d0,0x00000000a3100000)
 Metaspace       used 57226K, capacity 58882K, committed 59008K, reserved 1099776K
  class space    used 7848K, capacity 8248K, committed 8320K, reserved 1048576K
Event: 76.081 GC heap after
Heap after GC invocations=34 (full 2):
 PSYoungGen      total 57344K, used 560K [0x00000000e0000000, 0x00000000e4300000, 0x0000000100000000)
  eden space 49152K, 0% used [0x00000000e0000000,0x00000000e0000000,0x00000000e3000000)
  from space 8192K, 6% used [0x00000000e3880000,0x00000000e390c020,0x00000000e4080000)
  to   space 8704K, 0% used [0x00000000e3000000,0x00000000e3000000,0x00000000e3880000)
 ParOldGen       total 50176K, used 36808K [0x00000000a0000000, 0x00000000a3100000, 0x00000000e0000000)
  object space 50176K, 73% used [0x00000000a0000000,0x00000000a23f23a0,0x00000000a3100000)
 Metaspace       used 57226K, capacity 58882K, committed 59008K, reserved 1099776K
  class space    used 7848K, capacity 8248K, committed 8320K, reserved 1048576K
}
Event: 76.081 GC heap before
{Heap before GC invocations=35 (full 3):
 PSYoungGen      total 57344K, used 560K [0x00000000e0000000, 0x00000000e4300000, 0x0000000100000000)
  eden space 49152K, 0% used [0x00000000e0000000,0x00000000e0000000,0x00000000e3000000)
  from space 8192K, 6% used [0x00000000e3880000,0x00000000e390c020,0x00000000e4080000)
  to   space 8704K, 0% used [0x00000000e3000000,0x00000000e3000000,0x00000000e3880000)
 ParOldGen       total 50176K, used 36808K [0x00000000a0000000, 0x00000000a3100000, 0x00000000e0000000)
  object space 50176K, 73% used [0x00000000a0000000,0x00000000a23f23a0,0x00000000a3100000)
 Metaspace       used 57226K, capacity 58882K, committed 59008K, reserved 1099776K
  class space    used 7848K, capacity 8248K, committed 8320K, reserved 1048576K
Event: 76.564 GC heap after
Heap after GC invocations=35 (full 3):
 PSYoungGen      total 57344K, used 0K [0x00000000e0000000, 0x00000000e4300000, 0x0000000100000000)
  eden space 49152K, 0% used [0x00000000e0000000,0x00000000e0000000,0x00000000e3000000)
  from space 8192K, 0% used [0x00000000e3880000,0x00000000e3880000,0x00000000e4080000)
  to   space 8704K, 0% used [0x00000000e3000000,0x00000000e3000000,0x00000000e3880000)
 ParOldGen       total 87040K, used 36030K [0x00000000a0000000, 0x00000000a5500000, 0x00000000e0000000)
  object space 87040K, 41% used [0x00000000a0000000,0x00000000a232f940,0x00000000a5500000)
 Metaspace       used 57226K, capacity 58882K, committed 59008K, reserved 1099776K
  class space    used 7848K, capacity 8248K, committed 8320K, reserved 1048576K
}
Event: 97.761 GC heap before
{Heap before GC invocations=36 (full 3):
 PSYoungGen      total 57344K, used 49152K [0x00000000e0000000, 0x00000000e4300000, 0x0000000100000000)
  eden space 49152K, 100% used [0x00000000e0000000,0x00000000e3000000,0x00000000e3000000)
  from space 8192K, 0% used [0x00000000e3880000,0x00000000e3880000,0x00000000e4080000)
  to   space 8704K, 0% used [0x00000000e3000000,0x00000000e3000000,0x00000000e3880000)
 ParOldGen       total 87040K, used 36030K [0x00000000a0000000, 0x00000000a5500000, 0x00000000e0000000)
  object space 87040K, 41% used [0x00000000a0000000,0x00000000a232f940,0x00000000a5500000)
 Metaspace       used 59297K, capacity 61032K, committed 61184K, reserved 1101824K
  class space    used 8010K, capacity 8409K, committed 8448K, reserved 1048576K
Event: 97.787 GC heap after
Heap after GC invocations=36 (full 3):
 PSYoungGen      total 57856K, used 8701K [0x00000000e0000000, 0x00000000e4900000, 0x0000000100000000)
  eden space 49152K, 0% used [0x00000000e0000000,0x00000000e0000000,0x00000000e3000000)
  from space 8704K, 99% used [0x00000000e3000000,0x00000000e387f570,0x00000000e3880000)
  to   space 10240K, 0% used [0x00000000e3f00000,0x00000000e3f00000,0x00000000e4900000)
 ParOldGen       total 87040K, used 36768K [0x00000000a0000000, 0x00000000a5500000, 0x00000000e0000000)
  object space 87040K, 42% used [0x00000000a0000000,0x00000000a23e81f8,0x00000000a5500000)
 Metaspace       used 59297K, capacity 61032K, committed 61184K, reserved 1101824K
  class space    used 8010K, capacity 8409K, committed 8448K, reserved 1048576K
}
Event: 125.458 GC heap before
{Heap before GC invocations=37 (full 3):
 PSYoungGen      total 57856K, used 57853K [0x00000000e0000000, 0x00000000e4900000, 0x0000000100000000)
  eden space 49152K, 100% used [0x00000000e0000000,0x00000000e3000000,0x00000000e3000000)
  from space 8704K, 99% used [0x00000000e3000000,0x00000000e387f570,0x00000000e3880000)
  to   space 10240K, 0% used [0x00000000e3f00000,0x00000000e3f00000,0x00000000e4900000)
 ParOldGen       total 87040K, used 36768K [0x00000000a0000000, 0x00000000a5500000, 0x00000000e0000000)
  object space 87040K, 42% used [0x00000000a0000000,0x00000000a23e81f8,0x00000000a5500000)
 Metaspace       used 61308K, capacity 63034K, committed 63232K, reserved 1103872K
  class space    used 8184K, capacity 8620K, committed 8704K, reserved 1048576K
Event: 125.492 GC heap after
Heap after GC invocations=37 (full 3):
 PSYoungGen      total 63488K, used 6178K [0x00000000e0000000, 0x00000000e4880000, 0x0000000100000000)
  eden space 53760K, 0% used [0x00000000e0000000,0x00000000e0000000,0x00000000e3480000)
  from space 9728K, 63% used [0x00000000e3f00000,0x00000000e4508b88,0x00000000e4880000)
  to   space 10240K, 0% used [0x00000000e3480000,0x00000000e3480000,0x00000000e3e80000)
 ParOldGen       total 87040K, used 44648K [0x00000000a0000000, 0x00000000a5500000, 0x00000000e0000000)
  object space 87040K, 51% used [0x00000000a0000000,0x00000000a2b9a108,0x00000000a5500000)
 Metaspace       used 61308K, capacity 63034K, committed 63232K, reserved 1103872K
  class space    used 8184K, capacity 8620K, committed 8704K, reserved 1048576K
}

Deoptimization events (10 events):
Event: 128.063 Thread 0x000000001c622800 Uncommon trap: reason=unstable_if action=reinterpret pc=0x000000000294baa0 method=org.gradle.api.internal.file.pattern.FixedStepPathMatcher.matches([Ljava/lang/String;I)Z @ 10
Event: 137.328 Thread 0x000000001c629000 Uncommon trap: reason=unstable_if action=reinterpret pc=0x00000000032c0368 method=java.util.zip.InflaterInputStream.read()I @ 15
Event: 137.328 Thread 0x000000001c620000 Uncommon trap: reason=unstable_if action=reinterpret pc=0x00000000032bffa0 method=java.util.zip.InflaterInputStream.read()I @ 15
Event: 137.969 Thread 0x000000001c620000 Uncommon trap: reason=unstable_if action=reinterpret pc=0x00000000033878d8 method=java.util.regex.Matcher.appendReplacement(Ljava/lang/StringBuffer;Ljava/lang/String;)Ljava/util/regex/Matcher; @ 47
Event: 137.969 Thread 0x000000001c629000 Uncommon trap: reason=unstable_if action=reinterpret pc=0x00000000033878d8 method=java.util.regex.Matcher.appendReplacement(Ljava/lang/StringBuffer;Ljava/lang/String;)Ljava/util/regex/Matcher; @ 47
Event: 137.969 Thread 0x000000001c627000 Uncommon trap: reason=unstable_if action=reinterpret pc=0x00000000033878d8 method=java.util.regex.Matcher.appendReplacement(Ljava/lang/StringBuffer;Ljava/lang/String;)Ljava/util/regex/Matcher; @ 47
Event: 137.977 Thread 0x000000001c620000 Uncommon trap: reason=array_check action=maybe_recompile pc=0x0000000003a22930 method=java.util.ComparableTimSort.binarySort([Ljava/lang/Object;III)V @ 183
Event: 138.032 Thread 0x000000001c629000 Uncommon trap: reason=unstable_if action=reinterpret pc=0x00000000029cb298 method=java.util.concurrent.ConcurrentHashMap.putVal(Ljava/lang/Object;Ljava/lang/Object;Z)Ljava/lang/Object; @ 98
Event: 138.032 Thread 0x000000001c620000 Uncommon trap: reason=unstable_if action=reinterpret pc=0x00000000029cb298 method=java.util.concurrent.ConcurrentHashMap.putVal(Ljava/lang/Object;Ljava/lang/Object;Z)Ljava/lang/Object; @ 98
Event: 138.532 Thread 0x000000001c629000 Uncommon trap: reason=array_check action=maybe_recompile pc=0x0000000003a22930 method=java.util.ComparableTimSort.binarySort([Ljava/lang/Object;III)V @ 183

Classes redefined (0 events):
No events

Internal exceptions (10 events):
Event: 58.354 Thread 0x000000001c621800 Exception <a 'java/lang/NoSuchMethodError': <clinit>> (0x00000000e061f410) thrown at [D:\src\AOSP-openjdk-cygwin\jdk8u\hotspot\src\share\vm\prims\jni.cpp, line 1613]
Event: 58.354 Thread 0x000000001c621800 Exception <a 'java/lang/NoSuchMethodError': <clinit>> (0x00000000e062a690) thrown at [D:\src\AOSP-openjdk-cygwin\jdk8u\hotspot\src\share\vm\prims\jni.cpp, line 1613]
Event: 58.710 Thread 0x000000001c621800 Exception <a 'java/lang/NoSuchMethodError': <clinit>> (0x00000000e07eef00) thrown at [D:\src\AOSP-openjdk-cygwin\jdk8u\hotspot\src\share\vm\prims\jni.cpp, line 1613]
Event: 58.711 Thread 0x000000001c621800 Exception <a 'java/lang/NoSuchMethodError': <clinit>> (0x00000000e0801d28) thrown at [D:\src\AOSP-openjdk-cygwin\jdk8u\hotspot\src\share\vm\prims\jni.cpp, line 1613]
Event: 58.711 Thread 0x000000001c621800 Exception <a 'java/lang/NoSuchMethodError': <clinit>> (0x00000000e08035d8) thrown at [D:\src\AOSP-openjdk-cygwin\jdk8u\hotspot\src\share\vm\prims\jni.cpp, line 1613]
Event: 59.214 Thread 0x000000001c621800 Implicit null exception at 0x0000000002a7f2a1 to 0x0000000002a7f829
Event: 63.308 Thread 0x000000001c621800 Exception <a 'java/lang/NoSuchMethodError': <clinit>> (0x00000000e1f59b18) thrown at [D:\src\AOSP-openjdk-cygwin\jdk8u\hotspot\src\share\vm\prims\jni.cpp, line 1613]
Event: 63.322 Thread 0x000000001c621800 Exception <a 'java/lang/NoSuchMethodError': <clinit>> (0x00000000e1f63580) thrown at [D:\src\AOSP-openjdk-cygwin\jdk8u\hotspot\src\share\vm\prims\jni.cpp, line 1613]
Event: 98.510 Thread 0x000000001c621800 Implicit null exception at 0x0000000003aacd6e to 0x0000000003aad451
Event: 126.906 Thread 0x000000001c621800 Exception <a 'java/lang/NoSuchMethodError': <clinit>> (0x00000000e0670c80) thrown at [D:\src\AOSP-openjdk-cygwin\jdk8u\hotspot\src\share\vm\prims\jni.cpp, line 1613]

Events (10 events):
Event: 138.035 loading class com/android/build/gradle/internal/incremental/IncrementalSupportVisitor done
Event: 138.035 loading class com/android/build/gradle/internal/incremental/IncrementalSupportVisitor
Event: 138.035 loading class com/android/build/gradle/internal/incremental/IncrementalSupportVisitor done
Event: 138.035 loading class com/android/build/gradle/internal/incremental/IncrementalSupportVisitor
Event: 138.035 loading class com/android/build/gradle/internal/incremental/IncrementalSupportVisitor done
Event: 138.035 loading class com/android/build/gradle/internal/incremental/IncrementalSupportVisitor$2
Event: 138.035 loading class com/android/build/gradle/internal/incremental/IncrementalSupportVisitor$2 done
Event: 138.532 Thread 0x000000001c629000 Uncommon trap: trap_request=0xffffffd6 fr.pc=0x0000000003a22930
Event: 138.532 Thread 0x000000001c629000 DEOPT PACKING pc=0x0000000003a22930 sp=0x000000002451ecb0
Event: 138.532 Thread 0x000000001c629000 DEOPT UNPACKING pc=0x00000000025a557b sp=0x000000002451ec58 mode 2


Dynamic libraries:
0x00007ff63e3a0000 - 0x00007ff63e3d1000 	C:\Program Files\Android\Android Studio\jre\bin\java.exe
0x00007ffa0c010000 - 0x00007ffa0c1f1000 	C:\WINDOWS\SYSTEM32\ntdll.dll
0x00007ffa099c0000 - 0x00007ffa09a72000 	C:\WINDOWS\System32\KERNEL32.DLL
0x00007ffa08430000 - 0x00007ffa086a3000 	C:\WINDOWS\System32\KERNELBASE.dll
0x00007ffa0bc00000 - 0x00007ffa0bca1000 	C:\WINDOWS\System32\ADVAPI32.dll
0x00007ffa0ba30000 - 0x00007ffa0bace000 	C:\WINDOWS\System32\msvcrt.dll
0x00007ffa09890000 - 0x00007ffa098eb000 	C:\WINDOWS\System32\sechost.dll
0x00007ffa0bad0000 - 0x00007ffa0bbf4000 	C:\WINDOWS\System32\RPCRT4.dll
0x00007ffa0a460000 - 0x00007ffa0a5f0000 	C:\WINDOWS\System32\USER32.dll
0x00007ffa086b0000 - 0x00007ffa086d0000 	C:\WINDOWS\System32\win32u.dll
0x00007ffa09a80000 - 0x00007ffa09aa8000 	C:\WINDOWS\System32\GDI32.dll
0x00007ffa088f0000 - 0x00007ffa08a82000 	C:\WINDOWS\System32\gdi32full.dll
0x00007ffa08850000 - 0x00007ffa088ef000 	C:\WINDOWS\System32\msvcp_win.dll
0x00007ffa086d0000 - 0x00007ffa087ca000 	C:\WINDOWS\System32\ucrtbase.dll
0x00007ff9f5ad0000 - 0x00007ff9f5d39000 	C:\WINDOWS\WinSxS\amd64_microsoft.windows.common-controls_6595b64144ccf1df_6.0.17134.345_none_fb429a5930656358\COMCTL32.dll
0x00007ffa0bcb0000 - 0x00007ffa0bfd3000 	C:\WINDOWS\System32\combase.dll
0x00007ffa087d0000 - 0x00007ffa0884a000 	C:\WINDOWS\System32\bcryptPrimitives.dll
0x00007ffa09b40000 - 0x00007ffa09b6d000 	C:\WINDOWS\System32\IMM32.DLL
0x0000000066f40000 - 0x0000000067012000 	C:\Program Files\Android\Android Studio\jre\jre\bin\msvcr100.dll
0x0000000064e50000 - 0x000000006568f000 	C:\Program Files\Android\Android Studio\jre\jre\bin\server\jvm.dll
0x00007ffa09690000 - 0x00007ffa09698000 	C:\WINDOWS\System32\PSAPI.DLL
0x00007ff9ff490000 - 0x00007ff9ff49a000 	C:\WINDOWS\SYSTEM32\VERSION.dll
0x00007ff9f9100000 - 0x00007ff9f9109000 	C:\WINDOWS\SYSTEM32\WSOCK32.dll
0x00007ffa06620000 - 0x00007ffa06643000 	C:\WINDOWS\SYSTEM32\WINMM.dll
0x00007ffa09ab0000 - 0x00007ffa09b1c000 	C:\WINDOWS\System32\WS2_32.dll
0x00007ffa065f0000 - 0x00007ffa0661a000 	C:\WINDOWS\SYSTEM32\WINMMBASE.dll
0x00007ffa083e0000 - 0x00007ffa08429000 	C:\WINDOWS\System32\cfgmgr32.dll
0x00007ff9f90f0000 - 0x00007ff9f90ff000 	C:\Program Files\Android\Android Studio\jre\jre\bin\verify.dll
0x00007ff9eee90000 - 0x00007ff9eeeb9000 	C:\Program Files\Android\Android Studio\jre\jre\bin\java.dll
0x00007ff9f90d0000 - 0x00007ff9f90e6000 	C:\Program Files\Android\Android Studio\jre\jre\bin\zip.dll
0x00007ffa0a5f0000 - 0x00007ffa0ba2f000 	C:\WINDOWS\System32\SHELL32.dll
0x00007ffa09b70000 - 0x00007ffa09c19000 	C:\WINDOWS\System32\shcore.dll
0x00007ffa08d90000 - 0x00007ffa0949d000 	C:\WINDOWS\System32\windows.storage.dll
0x00007ffa09590000 - 0x00007ffa095e1000 	C:\WINDOWS\System32\shlwapi.dll
0x00007ffa083c0000 - 0x00007ffa083d1000 	C:\WINDOWS\System32\kernel.appcore.dll
0x00007ffa08330000 - 0x00007ffa0834f000 	C:\WINDOWS\System32\profapi.dll
0x00007ffa08350000 - 0x00007ffa0839c000 	C:\WINDOWS\System32\powrprof.dll
0x00007ffa08320000 - 0x00007ffa0832a000 	C:\WINDOWS\System32\FLTLIB.DLL
0x00007ff9ed890000 - 0x00007ff9ed8aa000 	C:\Program Files\Android\Android Studio\jre\jre\bin\net.dll
0x00007ffa07ba0000 - 0x00007ffa07c06000 	C:\WINDOWS\system32\mswsock.dll
0x00007ff9e5170000 - 0x00007ff9e5181000 	C:\Program Files\Android\Android Studio\jre\jre\bin\nio.dll
0x00007ffa066d0000 - 0x00007ffa066ee000 	C:\Users\Rozz\.gradle\native\25\windows-amd64\native-platform.dll
0x00007ff9eee80000 - 0x00007ff9eee8d000 	C:\Program Files\Android\Android Studio\jre\jre\bin\management.dll
0x00007ffa07d60000 - 0x00007ffa07d77000 	C:\WINDOWS\SYSTEM32\CRYPTSP.dll
0x00007ffa07780000 - 0x00007ffa077b3000 	C:\WINDOWS\system32\rsaenh.dll
0x00007ffa07e80000 - 0x00007ffa07ea5000 	C:\WINDOWS\SYSTEM32\bcrypt.dll
0x00007ffa08220000 - 0x00007ffa08248000 	C:\WINDOWS\SYSTEM32\USERENV.dll
0x00007ffa07d50000 - 0x00007ffa07d5b000 	C:\WINDOWS\SYSTEM32\CRYPTBASE.dll
0x00007ffa07920000 - 0x00007ffa07958000 	C:\WINDOWS\SYSTEM32\IPHLPAPI.DLL
0x00007ffa09c20000 - 0x00007ffa09c28000 	C:\WINDOWS\System32\NSI.dll
0x00007ff9ff7d0000 - 0x00007ff9ff7e6000 	C:\WINDOWS\SYSTEM32\dhcpcsvc6.DLL
0x00007ff9ff660000 - 0x00007ff9ff67a000 	C:\WINDOWS\SYSTEM32\dhcpcsvc.DLL

VM Arguments:
jvm_args: -Xmx1536m -Dfile.encoding=windows-1252 -Duser.country=PH -Duser.language=en -Duser.variant 
java_command: org.gradle.launcher.daemon.bootstrap.GradleDaemon 4.4
java_class_path (initial): C:\Users\Rozz\.gradle\wrapper\dists\gradle-4.4-all\9br9xq1tocpiv8o6njlyu5op1\gradle-4.4\lib\gradle-launcher-4.4.jar
Launcher Type: SUN_STANDARD

Environment Variables:
JAVA_HOME=C:\Program Files (x86)\SAP\SAP Business One ServerTools\Common\sapjvm_8
CLASSPATH=C:\Program Files (x86)\SAP\SAP Business One DI API\JCO\LIB\sbowrapper.jar;C:\Program Files (x86)\SAP\SAP Business One DI API\JCO\LIB\sboapi.jar
PATH=C:\ProgramData\Oracle\Java\javapath;C:\Program Files (x86)\Intel\iCLS Client\;C:\Program Files\Intel\iCLS Client\;C:\Windows\system32;C:\Windows;C:\Windows\System32\Wbem;C:\Windows\System32\WindowsPowerShell\v1.0\;C:\Program Files (x86)\Intel\Intel(R) Management Engine Components\DAL;C:\Program Files\Intel\Intel(R) Management Engine Components\DAL;C:\Program Files (x86)\Intel\Intel(R) Management Engine Components\IPT;C:\Program Files\Intel\Intel(R) Management Engine Components\IPT;C:\Program Files (x86)\NVIDIA Corporation\PhysX\Common;C:\Program Files\dotnet\;C:\WINDOWS\system32\config\systemprofile\.dnx\bin;C:\Program Files\Microsoft DNX\Dnvm\;C:\Program Files\Microsoft SQL Server\130\Tools\Binn\;C:\Program Files (x86)\Microsoft SQL Server\110\Tools\Binn\;C:\Program Files\Microsoft SQL Server\110\Tools\Binn\;C:\Program Files\Microsoft SQL Server\110\DTS\Binn\;c:\Program Files (x86)\Microsoft SQL Server\100\Tools\Binn\;c:\Program Files\Microsoft SQL Server\100\Tools\Binn\;c:\Program Files\Microsoft SQL Server\100\DTS\Binn\;C:\Program Files (x86)\SAP\SAP Business One DI API\JCO\LIB\;C:\Program Files (x86)\SAP\SAP Business One DI API\DI API 90;C:\Program Files (x86)\SAP\SAP Business One\;C:\Program Files (x86)\Microsoft SQL Server\110\Tools\Binn\ManagementStudio\;C:\Program Files (x86)\Microsoft SQL Server\110\DTS\Binn\;C:\Program Files (x86)\SAP\SAP Business One ServerTools\Common\sapjvm_8\jre\bin;C:\Program Files (x86)\SAP\SAP Business One ServerTools\Common\tomcat\bin;C:\Program Files (x86)\SAP\SAP Business One ServerTools\Common\sapjvm_8\jre\bin\server;C:\WINDOWS\system32;C:\WINDOWS;C:\WINDOWS\System32\Wbem;C:\WINDOWS\System32\WindowsPowerShell\v1.0\;C:\Program Files\Git\cmd;C:\WINDOWS\System32\OpenSSH\;C:\Users\Rozz\AppData\Local\Microsoft\WindowsApps;
USERNAME=Rozz
OS=Windows_NT
PROCESSOR_IDENTIFIER=Intel64 Family 6 Model 142 Stepping 9, GenuineIntel



---------------  S Y S T E M  ---------------

OS: Windows 10.0 , 64 bit Build 17134 (10.0.17134.1)

CPU:total 4 (initial active 4) (2 cores per cpu, 2 threads per core) family 6 model 142 stepping 9, cmov, cx8, fxsr, mmx, sse, sse2, sse3, ssse3, sse4.1, sse4.2, popcnt, avx, avx2, aes, clmul, erms, 3dnowpref, lzcnt, ht, tsc, tscinvbit, bmi1, bmi2, adx

Memory: 4k page, physical 4059364k(251180k free), swap 8253668k(7120k free)

vm_info: OpenJDK 64-Bit Server VM (25.152-b02) for windows-amd64 JRE (1.8.0_152-release-1024-b02), built by "builder" with MS VC++ 10.0 (VS2010)

time: Thu Nov 29 11:12:46 2018
elapsed time: 140 seconds (0d 0h 2m 20s)

