#
# There is insufficient memory for the Java Runtime Environment to continue.
# Native memory allocation (malloc) failed to allocate 2461136 bytes for Chunk::new
# Possible reasons:
#   The system is out of physical RAM or swap space
#   In 32 bit mode, the process size limit was hit
# Possible solutions:
#   Reduce memory load on the system
#   Increase physical memory or swap space
#   Check if swap backing store is full
#   Use 64 bit Java on a 64 bit OS
#   Decrease Java heap size (-Xmx/-Xms)
#   Decrease number of Java threads
#   Decrease Java thread stack sizes (-Xss)
#   Set larger code cache with -XX:ReservedCodeCacheSize=
# This output file may be truncated or incomplete.
#
#  Out of Memory Error (allocation.cpp:390), pid=5912, tid=0x0000000000001314
#
# JRE version: OpenJDK Runtime Environment (8.0_152-b02) (build 1.8.0_152-release-1024-b02)
# Java VM: OpenJDK 64-Bit Server VM (25.152-b02 mixed mode windows-amd64 compressed oops)
# Failed to write core dump. Minidumps are not enabled by default on client versions of Windows
#

---------------  T H R E A D  ---------------

Current thread (0x0000000015f73000):  JavaThread "C2 CompilerThread1" daemon [_thread_in_native, id=4884, stack(0x00000000176d0000,0x00000000177d0000)]

Stack: [0x00000000176d0000,0x00000000177d0000]
[error occurred during error reporting (printing stack bounds), id 0xc0000005]

Native frames: (J=compiled Java code, j=interpreted, Vv=VM code, C=native code)


Current CompileTask:
C2:  33438 5107   !   4       java.net.URLClassLoader$1::run (63 bytes)


---------------  P R O C E S S  ---------------

Java Threads: ( => current thread )
  0x000000001b822000 JavaThread "Memory manager" [_thread_blocked, id=7808, stack(0x00000000206c0000,0x00000000207c0000)]
  0x000000001b821800 JavaThread "pool-1-thread-1" [_thread_blocked, id=5948, stack(0x00000000203c0000,0x00000000204c0000)]
  0x000000001b81f000 JavaThread "build operations Thread 4" [_thread_blocked, id=11960, stack(0x000000001fec0000,0x000000001ffc0000)]
  0x000000001b81b800 JavaThread "build operations Thread 3" [_thread_blocked, id=12276, stack(0x000000001fdc0000,0x000000001fec0000)]
  0x000000001b81e800 JavaThread "build operations Thread 2" [_thread_blocked, id=9304, stack(0x000000001fa50000,0x000000001fb50000)]
  0x000000001b81d800 JavaThread "build operations" [_thread_blocked, id=11128, stack(0x000000001e930000,0x000000001ea30000)]
  0x000000001b81d000 JavaThread "Cache worker for Artifact transforms cache (C:\Users\Rozz\.gradle\caches\transforms-1)" [_thread_blocked, id=12080, stack(0x000000001e250000,0x000000001e350000)]
  0x00000000194e2000 JavaThread "Cache worker for file hash cache (C:\PERALTA BACKUPS\PrestigeMobileAppUpdatedWed28-6-18-1258AM\MMReport\.gradle\4.4\fileHashes)" [_thread_blocked, id=11068, stack(0x000000001baf0000,0x000000001bbf0000)]
  0x00000000194e1800 JavaThread "File lock request listener" [_thread_in_native, id=1340, stack(0x000000001b9f0000,0x000000001baf0000)]
  0x0000000018ea1000 JavaThread "Cache worker for file hash cache (C:\Users\Rozz\.gradle\caches\4.4\fileHashes)" [_thread_blocked, id=3772, stack(0x000000001b8f0000,0x000000001b9f0000)]
  0x0000000018376800 JavaThread "Stdin handler" [_thread_blocked, id=1768, stack(0x000000001a620000,0x000000001a720000)]
  0x0000000018cf9800 JavaThread "Asynchronous log dispatcher for DefaultDaemonConnection: socket connection from /127.0.0.1:6166 to /127.0.0.1:6167" [_thread_blocked, id=8164, stack(0x000000001a520000,0x000000001a620000)]
  0x0000000018cf8800 JavaThread "Daemon worker" [_thread_in_native, id=4828, stack(0x000000001a420000,0x000000001a520000)]
  0x0000000018cff000 JavaThread "Cancel handler" [_thread_blocked, id=11668, stack(0x000000001a320000,0x000000001a420000)]
  0x0000000018e2f000 JavaThread "Handler for socket connection from /127.0.0.1:6166 to /127.0.0.1:6167" [_thread_in_native, id=2136, stack(0x000000001a020000,0x000000001a120000)]
  0x0000000018e2b000 JavaThread "Daemon" [_thread_blocked, id=7244, stack(0x0000000019f20000,0x000000001a020000)]
  0x0000000018c2d800 JavaThread "Daemon periodic checks" [_thread_blocked, id=8492, stack(0x0000000019e20000,0x0000000019f20000)]
  0x0000000017a08800 JavaThread "Incoming local TCP Connector on port 6166" [_thread_in_native, id=7888, stack(0x0000000019be0000,0x0000000019ce0000)]
  0x00000000177db000 JavaThread "Service Thread" daemon [_thread_blocked, id=10116, stack(0x0000000017cd0000,0x0000000017dd0000)]
  0x0000000015fca000 JavaThread "C1 CompilerThread2" daemon [_thread_blocked, id=5876, stack(0x0000000017bd0000,0x0000000017cd0000)]
=>0x0000000015f73000 JavaThread "C2 CompilerThread1" daemon [_thread_in_native, id=4884, stack(0x00000000176d0000,0x00000000177d0000)]
  0x0000000015f6f800 JavaThread "C2 CompilerThread0" daemon [_thread_in_vm, id=1688, stack(0x00000000175d0000,0x00000000176d0000)]
  0x0000000015f6e000 JavaThread "Attach Listener" daemon [_thread_blocked, id=7916, stack(0x00000000174d0000,0x00000000175d0000)]
  0x0000000015f6b000 JavaThread "Signal Dispatcher" daemon [_thread_blocked, id=2292, stack(0x00000000173d0000,0x00000000174d0000)]
  0x0000000015f5e000 JavaThread "Finalizer" daemon [_thread_blocked, id=9456, stack(0x00000000171e0000,0x00000000172e0000)]
  0x0000000002563000 JavaThread "Reference Handler" daemon [_thread_blocked, id=4620, stack(0x00000000170e0000,0x00000000171e0000)]
  0x00000000025fe800 JavaThread "main" [_thread_blocked, id=8032, stack(0x0000000002340000,0x0000000002440000)]

Other Threads:
  0x0000000015f35000 VMThread [stack: 0x0000000016fe0000,0x00000000170e0000] [id=10892]
  0x00000000177dc000 WatcherThread [stack: 0x0000000017dd0000,0x0000000017ed0000] [id=1176]

VM state:not at safepoint (normal execution)

VM Mutex/Monitor currently owned by a thread: None

Heap:
 PSYoungGen      total 104960K, used 24537K [0x00000000e0000000, 0x00000000e7600000, 0x0000000100000000)
  eden space 93184K, 13% used [0x00000000e0000000,0x00000000e0c78688,0x00000000e5b00000)
  from space 11776K, 99% used [0x00000000e6880000,0x00000000e73fddb8,0x00000000e7400000)
  to   space 13824K, 0% used [0x00000000e5b00000,0x00000000e5b00000,0x00000000e6880000)
 ParOldGen       total 54272K, used 17895K [0x00000000a0000000, 0x00000000a3500000, 0x00000000e0000000)
  object space 54272K, 32% used [0x00000000a0000000,0x00000000a1179d18,0x00000000a3500000)
 Metaspace       used 49319K, capacity 50742K, committed 50944K, reserved 1093632K
  class space    used 6702K, capacity 7074K, committed 7168K, reserved 1048576K

Card table byte_map: [0x00000000119c0000,0x0000000011cd0000] byte_map_base: 0x00000000114c0000

Marking Bits: (ParMarkBitMap*) 0x0000000065614970
 Begin Bits: [0x00000000122d0000, 0x0000000013ad0000)
 End Bits:   [0x0000000013ad0000, 0x00000000152d0000)

Polling page: 0x0000000002440000

CodeCache: size=245760Kb used=16567Kb max_used=16608Kb free=229192Kb
 bounds [0x0000000002600000, 0x0000000003650000, 0x0000000011600000]
 total_blobs=5533 nmethods=4788 adapters=658
 compilation: enabled

Compilation events (10 events):
Event: 33.099 Thread 0x0000000015fca000 5135       3       org.gradle.api.internal.file.CompositeFileCollection::<init> (5 bytes)
Event: 33.100 Thread 0x0000000015fca000 nmethod 5135 0x0000000003609790 code [0x0000000003609900, 0x0000000003609b10]
Event: 33.100 Thread 0x0000000015fca000 5136       3       com.google.common.collect.ImmutableSetMultimap::get (6 bytes)
Event: 33.101 Thread 0x0000000015fca000 nmethod 5136 0x0000000003608c50 code [0x0000000003608e00, 0x00000000036094d8]
Event: 33.101 Thread 0x0000000015fca000 5137       3       com.google.common.collect.ImmutableSetMultimap::get (24 bytes)
Event: 33.101 Thread 0x0000000015fca000 nmethod 5137 0x0000000003608290 code [0x0000000003608440, 0x0000000003608a38]
Event: 33.102 Thread 0x0000000015fca000 5142       3       jdk.internal.org.objectweb.asm.AnnotationWriter::put (109 bytes)
Event: 33.102 Thread 0x0000000015fca000 nmethod 5142 0x0000000003611a90 code [0x0000000003611c40, 0x00000000036120f8]
Event: 33.157 Thread 0x0000000015fca000 5144       3       java.lang.invoke.LambdaForm$Name::useCount (42 bytes)
Event: 33.157 Thread 0x0000000015fca000 nmethod 5144 0x0000000003607c90 code [0x0000000003607e00, 0x0000000003608110]

GC Heap History (10 events):
Event: 21.447 GC heap before
{Heap before GC invocations=12 (full 1):
 PSYoungGen      total 60928K, used 13096K [0x00000000e0000000, 0x00000000e4700000, 0x0000000100000000)
  eden space 52736K, 9% used [0x00000000e0000000,0x00000000e04cdea0,0x00000000e3380000)
  from space 8192K, 99% used [0x00000000e3d00000,0x00000000e44fc440,0x00000000e4500000)
  to   space 9728K, 0% used [0x00000000e3380000,0x00000000e3380000,0x00000000e3d00000)
 ParOldGen       total 42496K, used 12678K [0x00000000a0000000, 0x00000000a2980000, 0x00000000e0000000)
  object space 42496K, 29% used [0x00000000a0000000,0x00000000a0c61bd0,0x00000000a2980000)
 Metaspace       used 34704K, capacity 35324K, committed 35416K, reserved 1079296K
  class space    used 4796K, capacity 5036K, committed 5120K, reserved 1048576K
Event: 21.457 GC heap after
Heap after GC invocations=12 (full 1):
 PSYoungGen      total 62464K, used 7438K [0x00000000e0000000, 0x00000000e5b80000, 0x0000000100000000)
  eden space 52736K, 0% used [0x00000000e0000000,0x00000000e0000000,0x00000000e3380000)
  from space 9728K, 76% used [0x00000000e3380000,0x00000000e3ac38f0,0x00000000e3d00000)
  to   space 10240K, 0% used [0x00000000e5180000,0x00000000e5180000,0x00000000e5b80000)
 ParOldGen       total 42496K, used 12686K [0x00000000a0000000, 0x00000000a2980000, 0x00000000e0000000)
  object space 42496K, 29% used [0x00000000a0000000,0x00000000a0c63bd0,0x00000000a2980000)
 Metaspace       used 34704K, capacity 35324K, committed 35416K, reserved 1079296K
  class space    used 4796K, capacity 5036K, committed 5120K, reserved 1048576K
}
Event: 21.457 GC heap before
{Heap before GC invocations=13 (full 2):
 PSYoungGen      total 62464K, used 7438K [0x00000000e0000000, 0x00000000e5b80000, 0x0000000100000000)
  eden space 52736K, 0% used [0x00000000e0000000,0x00000000e0000000,0x00000000e3380000)
  from space 9728K, 76% used [0x00000000e3380000,0x00000000e3ac38f0,0x00000000e3d00000)
  to   space 10240K, 0% used [0x00000000e5180000,0x00000000e5180000,0x00000000e5b80000)
 ParOldGen       total 42496K, used 12686K [0x00000000a0000000, 0x00000000a2980000, 0x00000000e0000000)
  object space 42496K, 29% used [0x00000000a0000000,0x00000000a0c63bd0,0x00000000a2980000)
 Metaspace       used 34704K, capacity 35324K, committed 35416K, reserved 1079296K
  class space    used 4796K, capacity 5036K, committed 5120K, reserved 1048576K
Event: 21.545 GC heap after
Heap after GC invocations=13 (full 2):
 PSYoungGen      total 62464K, used 0K [0x00000000e0000000, 0x00000000e5b80000, 0x0000000100000000)
  eden space 52736K, 0% used [0x00000000e0000000,0x00000000e0000000,0x00000000e3380000)
  from space 9728K, 0% used [0x00000000e3380000,0x00000000e3380000,0x00000000e3d00000)
  to   space 10240K, 0% used [0x00000000e5180000,0x00000000e5180000,0x00000000e5b80000)
 ParOldGen       total 54272K, used 14169K [0x00000000a0000000, 0x00000000a3500000, 0x00000000e0000000)
  object space 54272K, 26% used [0x00000000a0000000,0x00000000a0dd6628,0x00000000a3500000)
 Metaspace       used 34704K, capacity 35324K, committed 35416K, reserved 1079296K
  class space    used 4796K, capacity 5036K, committed 5120K, reserved 1048576K
}
Event: 22.583 GC heap before
{Heap before GC invocations=14 (full 2):
 PSYoungGen      total 62464K, used 52736K [0x00000000e0000000, 0x00000000e5b80000, 0x0000000100000000)
  eden space 52736K, 100% used [0x00000000e0000000,0x00000000e3380000,0x00000000e3380000)
  from space 9728K, 0% used [0x00000000e3380000,0x00000000e3380000,0x00000000e3d00000)
  to   space 10240K, 0% used [0x00000000e5180000,0x00000000e5180000,0x00000000e5b80000)
 ParOldGen       total 54272K, used 14169K [0x00000000a0000000, 0x00000000a3500000, 0x00000000e0000000)
  object space 54272K, 26% used [0x00000000a0000000,0x00000000a0dd6628,0x00000000a3500000)
 Metaspace       used 37082K, capacity 37770K, committed 37888K, reserved 1081344K
  class space    used 5095K, capacity 5337K, committed 5376K, reserved 1048576K
Event: 22.592 GC heap after
Heap after GC invocations=14 (full 2):
 PSYoungGen      total 79360K, used 4490K [0x00000000e0000000, 0x00000000e5900000, 0x0000000100000000)
  eden space 71680K, 0% used [0x00000000e0000000,0x00000000e0000000,0x00000000e4600000)
  from space 7680K, 58% used [0x00000000e5180000,0x00000000e55e2b88,0x00000000e5900000)
  to   space 9728K, 0% used [0x00000000e4600000,0x00000000e4600000,0x00000000e4f80000)
 ParOldGen       total 54272K, used 14177K [0x00000000a0000000, 0x00000000a3500000, 0x00000000e0000000)
  object space 54272K, 26% used [0x00000000a0000000,0x00000000a0dd8628,0x00000000a3500000)
 Metaspace       used 37082K, capacity 37770K, committed 37888K, reserved 1081344K
  class space    used 5095K, capacity 5337K, committed 5376K, reserved 1048576K
}
Event: 27.955 GC heap before
{Heap before GC invocations=15 (full 2):
 PSYoungGen      total 79360K, used 76170K [0x00000000e0000000, 0x00000000e5900000, 0x0000000100000000)
  eden space 71680K, 100% used [0x00000000e0000000,0x00000000e4600000,0x00000000e4600000)
  from space 7680K, 58% used [0x00000000e5180000,0x00000000e55e2b88,0x00000000e5900000)
  to   space 9728K, 0% used [0x00000000e4600000,0x00000000e4600000,0x00000000e4f80000)
 ParOldGen       total 54272K, used 14177K [0x00000000a0000000, 0x00000000a3500000, 0x00000000e0000000)
  object space 54272K, 26% used [0x00000000a0000000,0x00000000a0dd8628,0x00000000a3500000)
 Metaspace       used 42721K, capacity 43636K, committed 43904K, reserved 1087488K
  class space    used 5893K, capacity 6175K, committed 6272K, reserved 1048576K
Event: 27.974 GC heap after
Heap after GC invocations=15 (full 2):
 PSYoungGen      total 81408K, used 9711K [0x00000000e0000000, 0x00000000e7400000, 0x0000000100000000)
  eden space 71680K, 0% used [0x00000000e0000000,0x00000000e0000000,0x00000000e4600000)
  from space 9728K, 99% used [0x00000000e4600000,0x00000000e4f7be10,0x00000000e4f80000)
  to   space 11776K, 0% used [0x00000000e6880000,0x00000000e6880000,0x00000000e7400000)
 ParOldGen       total 54272K, used 16224K [0x00000000a0000000, 0x00000000a3500000, 0x00000000e0000000)
  object space 54272K, 29% used [0x00000000a0000000,0x00000000a0fd8370,0x00000000a3500000)
 Metaspace       used 42721K, capacity 43636K, committed 43904K, reserved 1087488K
  class space    used 5893K, capacity 6175K, committed 6272K, reserved 1048576K
}
Event: 32.164 GC heap before
{Heap before GC invocations=16 (full 2):
 PSYoungGen      total 81408K, used 81391K [0x00000000e0000000, 0x00000000e7400000, 0x0000000100000000)
  eden space 71680K, 100% used [0x00000000e0000000,0x00000000e4600000,0x00000000e4600000)
  from space 9728K, 99% used [0x00000000e4600000,0x00000000e4f7be10,0x00000000e4f80000)
  to   space 11776K, 0% used [0x00000000e6880000,0x00000000e6880000,0x00000000e7400000)
 ParOldGen       total 54272K, used 16224K [0x00000000a0000000, 0x00000000a3500000, 0x00000000e0000000)
  object space 54272K, 29% used [0x00000000a0000000,0x00000000a0fd8370,0x00000000a3500000)
 Metaspace       used 48311K, capacity 49538K, committed 49664K, reserved 1091584K
  class space    used 6550K, capacity 6902K, committed 6912K, reserved 1048576K
Event: 32.183 GC heap after
Heap after GC invocations=16 (full 2):
 PSYoungGen      total 104960K, used 11767K [0x00000000e0000000, 0x00000000e7600000, 0x0000000100000000)
  eden space 93184K, 0% used [0x00000000e0000000,0x00000000e0000000,0x00000000e5b00000)
  from space 11776K, 99% used [0x00000000e6880000,0x00000000e73fddb8,0x00000000e7400000)
  to   space 13824K, 0% used [0x00000000e5b00000,0x00000000e5b00000,0x00000000e6880000)
 ParOldGen       total 54272K, used 17895K [0x00000000a0000000, 0x00000000a3500000, 0x00000000e0000000)
  object space 54272K, 32% used [0x00000000a0000000,0x00000000a1179d18,0x00000000a3500000)
 Metaspace       used 48311K, capacity 49538K, committed 49664K, reserved 1091584K
  class space    used 6550K, capacity 6902K, committed 6912K, reserved 1048576K
}

Deoptimization events (10 events):
Event: 28.849 Thread 0x0000000018cf8800 Uncommon trap: reason=unstable_if action=reinterpret pc=0x00000000028bef90 method=java.util.WeakHashMap.remove(Ljava/lang/Object;)Ljava/lang/Object; @ 94
Event: 28.958 Thread 0x0000000018cf8800 Uncommon trap: reason=unstable_if action=reinterpret pc=0x00000000032596c8 method=java.util.regex.Pattern$BmpCharProperty.match(Ljava/util/regex/Matcher;ILjava/lang/CharSequence;)Z @ 34
Event: 28.958 Thread 0x0000000018cf8800 Uncommon trap: reason=unstable_if action=reinterpret pc=0x0000000002e4c668 method=java.util.regex.Pattern$BmpCharProperty.match(Ljava/util/regex/Matcher;ILjava/lang/CharSequence;)Z @ 34
Event: 32.028 Thread 0x0000000018cf8800 Uncommon trap: reason=unstable_if action=reinterpret pc=0x0000000002e2e60c method=org.objectweb.asm.ByteVector.putUTF8(Ljava/lang/String;)Lorg/objectweb/asm/ByteVector; @ 91
Event: 32.144 Thread 0x0000000018cf8800 Uncommon trap: reason=unstable_if action=reinterpret pc=0x0000000002d1a6f4 method=java.lang.String.lastIndexOf([CII[CIII)I @ 118
Event: 32.184 Thread 0x0000000018cf8800 Uncommon trap: reason=unstable_if action=reinterpret pc=0x0000000002d6b1b0 method=org.objectweb.asm.ByteVector.putUTF8(Ljava/lang/String;)Lorg/objectweb/asm/ByteVector; @ 91
Event: 33.060 Thread 0x0000000018cf8800 Uncommon trap: reason=unstable_if action=reinterpret pc=0x00000000033b0ce8 method=java.util.regex.Pattern$GroupTail.match(Ljava/util/regex/Matcher;ILjava/lang/CharSequence;)Z @ 73
Event: 33.061 Thread 0x0000000018cf8800 Uncommon trap: reason=unstable_if action=reinterpret pc=0x000000000347e72c method=com.sun.org.apache.xerces.internal.impl.XMLEntityScanner.peekChar()I @ 51
Event: 33.061 Thread 0x0000000018cf8800 Uncommon trap: reason=unstable_if action=reinterpret pc=0x00000000033acf98 method=com.sun.org.apache.xerces.internal.impl.XMLEntityScanner.scanContent(Lcom/sun/org/apache/xerces/internal/xni/XMLString;)I @ 163
Event: 33.062 Thread 0x0000000018cf8800 Uncommon trap: reason=unstable_if action=reinterpret pc=0x0000000002cf2e34 method=com.sun.org.apache.xerces.internal.impl.XMLEntityScanner.checkBeforeLoad(Lcom/sun/xml/internal/stream/Entity$ScannedEntity;II)I @ 18

Classes redefined (0 events):
No events

Internal exceptions (10 events):
Event: 29.567 Thread 0x0000000018cf8800 Exception <a 'sun/nio/fs/WindowsException'> (0x00000000e375ba80) thrown at [D:\src\AOSP-openjdk-cygwin\jdk8u\hotspot\src\share\vm\prims\jni.cpp, line 709]
Event: 29.567 Thread 0x0000000018cf8800 Exception <a 'sun/nio/fs/WindowsException'> (0x00000000e375c5e8) thrown at [D:\src\AOSP-openjdk-cygwin\jdk8u\hotspot\src\share\vm\prims\jni.cpp, line 709]
Event: 29.567 Thread 0x0000000018cf8800 Exception <a 'sun/nio/fs/WindowsException'> (0x00000000e375e188) thrown at [D:\src\AOSP-openjdk-cygwin\jdk8u\hotspot\src\share\vm\prims\jni.cpp, line 709]
Event: 29.567 Thread 0x0000000018cf8800 Exception <a 'sun/nio/fs/WindowsException'> (0x00000000e375ed30) thrown at [D:\src\AOSP-openjdk-cygwin\jdk8u\hotspot\src\share\vm\prims\jni.cpp, line 709]
Event: 29.614 Thread 0x0000000018cf8800 Exception <a 'java/lang/NoSuchMethodError': java.lang.Object.lambda$comparing$77a9974f$1(Ljava/util/function/Function;Ljava/lang/Object;Ljava/lang/Object;)I> (0x00000000e37e8248) thrown at [D:\src\AOSP-openjdk-cygwin\jdk8u\hotspot\src\share\vm\interpreter
Event: 29.615 Thread 0x0000000018cf8800 Exception <a 'java/lang/NoSuchMethodError': java.lang.Object.lambda$thenComparing$36697e65$1(Ljava/util/Comparator;Ljava/lang/Object;Ljava/lang/Object;)I> (0x00000000e37f38c8) thrown at [D:\src\AOSP-openjdk-cygwin\jdk8u\hotspot\src\share\vm\interpreter\li
Event: 29.711 Thread 0x0000000018cf8800 Exception <a 'java/lang/NoSuchMethodError': java.lang.Object.lambda$maxBy$1(Ljava/util/Comparator;Ljava/lang/Object;Ljava/lang/Object;)Ljava/lang/Object;> (0x00000000e3940aa0) thrown at [D:\src\AOSP-openjdk-cygwin\jdk8u\hotspot\src\share\vm\interpreter\li
Event: 31.294 Thread 0x0000000018cf8800 Exception <a 'sun/nio/fs/WindowsException'> (0x00000000e3a80f58) thrown at [D:\src\AOSP-openjdk-cygwin\jdk8u\hotspot\src\share\vm\prims\jni.cpp, line 709]
Event: 31.606 Thread 0x0000000018cf8800 Exception <a 'java/lang/ClassNotFoundException': org/gradle/api/plugins/BasePluginConventionBeanInfo> (0x00000000e403e988) thrown at [D:\src\AOSP-openjdk-cygwin\jdk8u\hotspot\src\share\vm\classfile\systemDictionary.cpp, line 210]
Event: 31.606 Thread 0x0000000018cf8800 Exception <a 'java/lang/ClassNotFoundException': org/gradle/api/plugins/BasePluginConventionCustomizer> (0x00000000e40610b8) thrown at [D:\src\AOSP-openjdk-cygwin\jdk8u\hotspot\src\share\vm\classfile\systemDictionary.cpp, line 210]

Events (10 events):
Event: 33.158 loading class java/util/stream/FindOps$FindSink done
Event: 33.158 loading class java/util/stream/FindOps$FindSink$OfRef done
Event: 33.162 loading class com/android/build/gradle/tasks/factory/ProcessJavaResConfigAction
Event: 33.162 loading class com/android/build/gradle/tasks/factory/ProcessJavaResConfigAction done
Event: 33.190 loading class org/gradle/api/tasks/Sync
Event: 33.190 loading class org/gradle/api/tasks/Sync done
Event: 33.190 loading class org/gradle/api/tasks/Sync
Event: 33.190 loading class org/gradle/api/tasks/Sync done
Event: 33.207 loading class org/gradle/api/internal/file/copy/CopySpecInternal$CopySpecListener
Event: 33.207 loading class org/gradle/api/internal/file/copy/CopySpecInternal$CopySpecListener done


Dynamic libraries:
0x00007ff63e3a0000 - 0x00007ff63e3d1000 	C:\Program Files\Android\Android Studio\jre\bin\java.exe
0x00007ffa0c010000 - 0x00007ffa0c1f1000 	C:\WINDOWS\SYSTEM32\ntdll.dll
0x00007ffa099c0000 - 0x00007ffa09a72000 	C:\WINDOWS\System32\KERNEL32.DLL
0x00007ffa08430000 - 0x00007ffa086a3000 	C:\WINDOWS\System32\KERNELBASE.dll
0x00007ffa0bc00000 - 0x00007ffa0bca1000 	C:\WINDOWS\System32\ADVAPI32.dll
0x00007ffa0ba30000 - 0x00007ffa0bace000 	C:\WINDOWS\System32\msvcrt.dll
0x00007ffa09890000 - 0x00007ffa098eb000 	C:\WINDOWS\System32\sechost.dll
0x00007ffa0bad0000 - 0x00007ffa0bbf4000 	C:\WINDOWS\System32\RPCRT4.dll
0x00007ffa0a460000 - 0x00007ffa0a5f0000 	C:\WINDOWS\System32\USER32.dll
0x00007ffa086b0000 - 0x00007ffa086d0000 	C:\WINDOWS\System32\win32u.dll
0x00007ffa09a80000 - 0x00007ffa09aa8000 	C:\WINDOWS\System32\GDI32.dll
0x00007ffa088f0000 - 0x00007ffa08a82000 	C:\WINDOWS\System32\gdi32full.dll
0x00007ffa08850000 - 0x00007ffa088ef000 	C:\WINDOWS\System32\msvcp_win.dll
0x00007ffa086d0000 - 0x00007ffa087ca000 	C:\WINDOWS\System32\ucrtbase.dll
0x00007ff9f5ad0000 - 0x00007ff9f5d39000 	C:\WINDOWS\WinSxS\amd64_microsoft.windows.common-controls_6595b64144ccf1df_6.0.17134.345_none_fb429a5930656358\COMCTL32.dll
0x00007ffa0bcb0000 - 0x00007ffa0bfd3000 	C:\WINDOWS\System32\combase.dll
0x00007ffa087d0000 - 0x00007ffa0884a000 	C:\WINDOWS\System32\bcryptPrimitives.dll
0x00007ffa09b40000 - 0x00007ffa09b6d000 	C:\WINDOWS\System32\IMM32.DLL
0x0000000066f40000 - 0x0000000067012000 	C:\Program Files\Android\Android Studio\jre\jre\bin\msvcr100.dll
0x0000000064e50000 - 0x000000006568f000 	C:\Program Files\Android\Android Studio\jre\jre\bin\server\jvm.dll
0x00007ffa09690000 - 0x00007ffa09698000 	C:\WINDOWS\System32\PSAPI.DLL
0x00007ff9f9100000 - 0x00007ff9f9109000 	C:\WINDOWS\SYSTEM32\WSOCK32.dll
0x00007ff9ff490000 - 0x00007ff9ff49a000 	C:\WINDOWS\SYSTEM32\VERSION.dll
0x00007ffa06620000 - 0x00007ffa06643000 	C:\WINDOWS\SYSTEM32\WINMM.dll
0x00007ffa09ab0000 - 0x00007ffa09b1c000 	C:\WINDOWS\System32\WS2_32.dll
0x00007ffa065f0000 - 0x00007ffa0661a000 	C:\WINDOWS\SYSTEM32\winmmbase.dll
0x00007ffa083e0000 - 0x00007ffa08429000 	C:\WINDOWS\System32\cfgmgr32.dll
0x00007ff9f90f0000 - 0x00007ff9f90ff000 	C:\Program Files\Android\Android Studio\jre\jre\bin\verify.dll
0x00007ff9eee90000 - 0x00007ff9eeeb9000 	C:\Program Files\Android\Android Studio\jre\jre\bin\java.dll
0x00007ff9f90d0000 - 0x00007ff9f90e6000 	C:\Program Files\Android\Android Studio\jre\jre\bin\zip.dll
0x00007ffa0a5f0000 - 0x00007ffa0ba2f000 	C:\WINDOWS\System32\SHELL32.dll
0x00007ffa09b70000 - 0x00007ffa09c19000 	C:\WINDOWS\System32\shcore.dll
0x00007ffa08d90000 - 0x00007ffa0949d000 	C:\WINDOWS\System32\windows.storage.dll
0x00007ffa09590000 - 0x00007ffa095e1000 	C:\WINDOWS\System32\shlwapi.dll
0x00007ffa083c0000 - 0x00007ffa083d1000 	C:\WINDOWS\System32\kernel.appcore.dll
0x00007ffa08330000 - 0x00007ffa0834f000 	C:\WINDOWS\System32\profapi.dll
0x00007ffa08350000 - 0x00007ffa0839c000 	C:\WINDOWS\System32\powrprof.dll
0x00007ffa08320000 - 0x00007ffa0832a000 	C:\WINDOWS\System32\FLTLIB.DLL
0x00007ff9ed890000 - 0x00007ff9ed8aa000 	C:\Program Files\Android\Android Studio\jre\jre\bin\net.dll
0x00007ffa07ba0000 - 0x00007ffa07c06000 	C:\WINDOWS\system32\mswsock.dll
0x00007ff9e5170000 - 0x00007ff9e5181000 	C:\Program Files\Android\Android Studio\jre\jre\bin\nio.dll
0x00007ffa066d0000 - 0x00007ffa066ee000 	C:\Users\Rozz\.gradle\native\25\windows-amd64\native-platform.dll
0x00007ff9eee80000 - 0x00007ff9eee8d000 	C:\Program Files\Android\Android Studio\jre\jre\bin\management.dll
0x00007ffa07d60000 - 0x00007ffa07d77000 	C:\WINDOWS\SYSTEM32\CRYPTSP.dll
0x00007ffa07780000 - 0x00007ffa077b3000 	C:\WINDOWS\system32\rsaenh.dll
0x00007ffa07e80000 - 0x00007ffa07ea5000 	C:\WINDOWS\SYSTEM32\bcrypt.dll
0x00007ffa08220000 - 0x00007ffa08248000 	C:\WINDOWS\SYSTEM32\USERENV.dll
0x00007ffa07d50000 - 0x00007ffa07d5b000 	C:\WINDOWS\SYSTEM32\CRYPTBASE.dll
0x00007ffa07920000 - 0x00007ffa07958000 	C:\WINDOWS\SYSTEM32\IPHLPAPI.DLL
0x00007ffa09c20000 - 0x00007ffa09c28000 	C:\WINDOWS\System32\NSI.dll
0x00007ff9ff7d0000 - 0x00007ff9ff7e6000 	C:\WINDOWS\SYSTEM32\dhcpcsvc6.DLL
0x00007ff9ff660000 - 0x00007ff9ff67a000 	C:\WINDOWS\SYSTEM32\dhcpcsvc.DLL

VM Arguments:
jvm_args: -Xmx1536m -Dfile.encoding=windows-1252 -Duser.country=PH -Duser.language=en -Duser.variant 
java_command: org.gradle.launcher.daemon.bootstrap.GradleDaemon 4.4
java_class_path (initial): C:\Users\Rozz\.gradle\wrapper\dists\gradle-4.4-all\9br9xq1tocpiv8o6njlyu5op1\gradle-4.4\lib\gradle-launcher-4.4.jar
Launcher Type: SUN_STANDARD

Environment Variables:
JAVA_HOME=C:\Program Files (x86)\SAP\SAP Business One ServerTools\Common\sapjvm_8
CLASSPATH=C:\Program Files (x86)\SAP\SAP Business One DI API\JCO\LIB\sbowrapper.jar;C:\Program Files (x86)\SAP\SAP Business One DI API\JCO\LIB\sboapi.jar
PATH=C:\ProgramData\Oracle\Java\javapath;C:\Program Files (x86)\Intel\iCLS Client\;C:\Program Files\Intel\iCLS Client\;C:\Windows\system32;C:\Windows;C:\Windows\System32\Wbem;C:\Windows\System32\WindowsPowerShell\v1.0\;C:\Program Files (x86)\Intel\Intel(R) Management Engine Components\DAL;C:\Program Files\Intel\Intel(R) Management Engine Components\DAL;C:\Program Files (x86)\Intel\Intel(R) Management Engine Components\IPT;C:\Program Files\Intel\Intel(R) Management Engine Components\IPT;C:\Program Files (x86)\NVIDIA Corporation\PhysX\Common;C:\Program Files\dotnet\;C:\WINDOWS\system32\config\systemprofile\.dnx\bin;C:\Program Files\Microsoft DNX\Dnvm\;C:\Program Files\Microsoft SQL Server\130\Tools\Binn\;C:\Program Files (x86)\Microsoft SQL Server\110\Tools\Binn\;C:\Program Files\Microsoft SQL Server\110\Tools\Binn\;C:\Program Files\Microsoft SQL Server\110\DTS\Binn\;c:\Program Files (x86)\Microsoft SQL Server\100\Tools\Binn\;c:\Program Files\Microsoft SQL Server\100\Tools\Binn\;c:\Program Files\Microsoft SQL Server\100\DTS\Binn\;C:\Program Files (x86)\SAP\SAP Business One DI API\JCO\LIB\;C:\Program Files (x86)\SAP\SAP Business One DI API\DI API 90;C:\Program Files (x86)\SAP\SAP Business One\;C:\Program Files (x86)\Microsoft SQL Server\110\Tools\Binn\ManagementStudio\;C:\Program Files (x86)\Microsoft SQL Server\110\DTS\Binn\;C:\Program Files (x86)\SAP\SAP Business One ServerTools\Common\sapjvm_8\jre\bin;C:\Program Files (x86)\SAP\SAP Business One ServerTools\Common\tomcat\bin;C:\Program Files (x86)\SAP\SAP Business One ServerTools\Common\sapjvm_8\jre\bin\server;C:\WINDOWS\system32;C:\WINDOWS;C:\WINDOWS\System32\Wbem;C:\WINDOWS\System32\WindowsPowerShell\v1.0\;C:\Program Files\Git\cmd;C:\WINDOWS\System32\OpenSSH\;C:\Users\Rozz\AppData\Local\Microsoft\WindowsApps;
USERNAME=Rozz
OS=Windows_NT
PROCESSOR_IDENTIFIER=Intel64 Family 6 Model 142 Stepping 9, GenuineIntel



---------------  S Y S T E M  ---------------

OS: Windows 10.0 , 64 bit Build 17134 (10.0.17134.1)

CPU:total 4 (initial active 4) (2 cores per cpu, 2 threads per core) family 6 model 142 stepping 9, cmov, cx8, fxsr, mmx, sse, sse2, sse3, ssse3, sse4.1, sse4.2, popcnt, avx, avx2, aes, clmul, erms, 3dnowpref, lzcnt, ht, tsc, tscinvbit, bmi1, bmi2, adx

Memory: 4k page, physical 4059364k(312960k free), swap 8253668k(13508k free)

vm_info: OpenJDK 64-Bit Server VM (25.152-b02) for windows-amd64 JRE (1.8.0_152-release-1024-b02), built by "builder" with MS VC++ 10.0 (VS2010)

time: Thu Nov 29 11:28:10 2018
elapsed time: 33 seconds (0d 0h 0m 33s)

