#
# There is insufficient memory for the Java Runtime Environment to continue.
# Native memory allocation (malloc) failed to allocate 1572272 bytes for Chunk::new
# Possible reasons:
#   The system is out of physical RAM or swap space
#   In 32 bit mode, the process size limit was hit
# Possible solutions:
#   Reduce memory load on the system
#   Increase physical memory or swap space
#   Check if swap backing store is full
#   Use 64 bit Java on a 64 bit OS
#   Decrease Java heap size (-Xmx/-Xms)
#   Decrease number of Java threads
#   Decrease Java thread stack sizes (-Xss)
#   Set larger code cache with -XX:ReservedCodeCacheSize=
# This output file may be truncated or incomplete.
#
#  Out of Memory Error (allocation.cpp:390), pid=11636, tid=0x00000000000013ac
#
# JRE version: OpenJDK Runtime Environment (8.0_152-b01) (build 1.8.0_152-release-915-b01)
# Java VM: OpenJDK 64-Bit Server VM (25.152-b01 mixed mode windows-amd64 compressed oops)
# Failed to write core dump. Minidumps are not enabled by default on client versions of Windows
#

---------------  T H R E A D  ---------------

Current thread (0x0000000018090800):  JavaThread "C2 CompilerThread1" daemon [_thread_in_native, id=5036, stack(0x00000000198e0000,0x00000000199e0000)]

Stack: [0x00000000198e0000,0x00000000199e0000]
[error occurred during error reporting (printing stack bounds), id 0xc0000005]

Native frames: (J=compiled Java code, j=interpreted, Vv=VM code, C=native code)


Current CompileTask:
C2:   4063 1382   !   4       java.net.URLClassLoader$1::run (63 bytes)


---------------  P R O C E S S  ---------------

Java Threads: ( => current thread )
  0x000000001b64d800 JavaThread "Cache worker for file hash cache (C:\PERALTA BACKUPS\PrestigeMobileAppUpdatedWed28-6-18-1258AM\MMReport\.gradle\4.1\fileHashes)" [_thread_blocked, id=7244, stack(0x000000001dd00000,0x000000001de00000)]
  0x000000001b429800 JavaThread "File lock request listener" [_thread_in_native, id=8624, stack(0x000000001ca30000,0x000000001cb30000)]
  0x000000001b54b000 JavaThread "Cache worker for file hash cache (C:\Users\Rozz\.gradle\caches\4.1\fileHashes)" [_thread_blocked, id=12244, stack(0x000000001c930000,0x000000001ca30000)]
  0x000000001af7d800 JavaThread "Stdin handler" [_thread_blocked, id=11308, stack(0x000000001c830000,0x000000001c930000)]
  0x000000001afe2000 JavaThread "Asynchronous log dispatcher for DefaultDaemonConnection: socket connection from /127.0.0.1:20446 to /127.0.0.1:20447" [_thread_blocked, id=13048, stack(0x000000001c730000,0x000000001c830000)]
  0x000000001b364800 JavaThread "Daemon worker" [_thread_in_native, id=3572, stack(0x000000001c630000,0x000000001c730000)]
  0x000000001afe4800 JavaThread "Cancel handler" [_thread_blocked, id=10060, stack(0x000000001c530000,0x000000001c630000)]
  0x000000001b1f8800 JavaThread "Handler for socket connection from /127.0.0.1:20446 to /127.0.0.1:20447" [_thread_in_native, id=2228, stack(0x000000001c230000,0x000000001c330000)]
  0x000000001b1f7800 JavaThread "Daemon" [_thread_blocked, id=2740, stack(0x000000001c130000,0x000000001c230000)]
  0x000000001acbf800 JavaThread "Daemon periodic checks" [_thread_blocked, id=7040, stack(0x000000001c030000,0x000000001c130000)]
  0x000000001acbd800 JavaThread "Incoming local TCP Connector on port 20446" [_thread_in_native, id=11864, stack(0x000000001bdf0000,0x000000001bef0000)]
  0x0000000019b00800 JavaThread "Service Thread" daemon [_thread_blocked, id=11584, stack(0x0000000019ee0000,0x0000000019fe0000)]
  0x000000001809b800 JavaThread "C1 CompilerThread2" daemon [_thread_blocked, id=11800, stack(0x00000000199e0000,0x0000000019ae0000)]
=>0x0000000018090800 JavaThread "C2 CompilerThread1" daemon [_thread_in_native, id=5036, stack(0x00000000198e0000,0x00000000199e0000)]
  0x000000001808d000 JavaThread "C2 CompilerThread0" daemon [_thread_in_native, id=11476, stack(0x00000000197e0000,0x00000000198e0000)]
  0x000000001808b800 JavaThread "Attach Listener" daemon [_thread_blocked, id=5892, stack(0x00000000196e0000,0x00000000197e0000)]
  0x000000000471e000 JavaThread "Signal Dispatcher" daemon [_thread_blocked, id=2924, stack(0x00000000195e0000,0x00000000196e0000)]
  0x000000001807e000 JavaThread "Finalizer" daemon [_thread_blocked, id=5600, stack(0x00000000192f0000,0x00000000193f0000)]
  0x0000000004712800 JavaThread "Reference Handler" daemon [_thread_blocked, id=5648, stack(0x00000000191f0000,0x00000000192f0000)]
  0x000000000450e800 JavaThread "main" [_thread_blocked, id=9068, stack(0x0000000004520000,0x0000000004620000)]

Other Threads:
  0x0000000018055800 VMThread [stack: 0x00000000190f0000,0x00000000191f0000] [id=3008]
  0x0000000019b01000 WatcherThread [stack: 0x0000000019fe0000,0x000000001a0e0000] [id=6752]

VM state:not at safepoint (normal execution)

VM Mutex/Monitor currently owned by a thread: None

Heap:
 PSYoungGen      total 36864K, used 17088K [0x00000000e0000000, 0x00000000e2b00000, 0x0000000100000000)
  eden space 31232K, 38% used [0x00000000e0000000,0x00000000e0ba52e8,0x00000000e1e80000)
  from space 5632K, 91% used [0x00000000e2480000,0x00000000e298ad80,0x00000000e2a00000)
  to   space 6144K, 0% used [0x00000000e1e80000,0x00000000e1e80000,0x00000000e2480000)
 ParOldGen       total 42496K, used 5569K [0x00000000a0000000, 0x00000000a2980000, 0x00000000e0000000)
  object space 42496K, 13% used [0x00000000a0000000,0x00000000a0570500,0x00000000a2980000)
 Metaspace       used 16896K, capacity 17278K, committed 17408K, reserved 1064960K
  class space    used 2409K, capacity 2535K, committed 2560K, reserved 1048576K

Card table byte_map: [0x0000000013ae0000,0x0000000013df0000] byte_map_base: 0x00000000135e0000

Marking Bits: (ParMarkBitMap*) 0x0000000066963950
 Begin Bits: [0x00000000143f0000, 0x0000000015bf0000)
 End Bits:   [0x0000000015bf0000, 0x00000000173f0000)

Polling page: 0x0000000002870000

CodeCache: size=245760Kb used=5044Kb max_used=5044Kb free=240715Kb
 bounds [0x0000000004720000, 0x0000000004c10000, 0x0000000013720000]
 total_blobs=1840 nmethods=1463 adapters=290
 compilation: enabled

Compilation events (10 events):
Event: 3.975 Thread 0x000000001809b800 1467       3       sun.security.provider.MD5::GG (33 bytes)
Event: 3.975 Thread 0x000000001809b800 nmethod 1467 0x0000000004c0e190 code [0x0000000004c0e2e0, 0x0000000004c0e450]
Event: 3.975 Thread 0x000000001809b800 1468       3       sun.security.provider.MD5::HH (29 bytes)
Event: 3.975 Thread 0x000000001809b800 nmethod 1468 0x0000000004c0e4d0 code [0x0000000004c0e620, 0x0000000004c0e790]
Event: 4.026 Thread 0x000000001809b800 1469       3       sun.security.provider.MD5::II (31 bytes)
Event: 4.026 Thread 0x000000001809b800 nmethod 1469 0x0000000004c0e810 code [0x0000000004c0e960, 0x0000000004c0ead0]
Event: 4.029 Thread 0x000000001809b800 1470       3       java.util.regex.Pattern$5::isSatisfiedBy (28 bytes)
Event: 4.029 Thread 0x000000001809b800 nmethod 1470 0x0000000004c0eb50 code [0x0000000004c0ece0, 0x0000000004c0f078]
Event: 4.029 Thread 0x000000001809b800 1471       3       java.util.regex.Pattern$BitClass::isSatisfiedBy (22 bytes)
Event: 4.030 Thread 0x000000001809b800 nmethod 1471 0x0000000004c0f190 code [0x0000000004c0f300, 0x0000000004c0f510]

GC Heap History (10 events):
Event: 0.882 GC heap before
{Heap before GC invocations=2 (full 0):
 PSYoungGen      total 18432K, used 18402K [0x00000000e0000000, 0x00000000e1480000, 0x0000000100000000)
  eden space 15872K, 100% used [0x00000000e0000000,0x00000000e0f80000,0x00000000e0f80000)
  from space 2560K, 98% used [0x00000000e0f80000,0x00000000e11f8858,0x00000000e1200000)
  to   space 2560K, 0% used [0x00000000e1200000,0x00000000e1200000,0x00000000e1480000)
 ParOldGen       total 42496K, used 509K [0x00000000a0000000, 0x00000000a2980000, 0x00000000e0000000)
  object space 42496K, 1% used [0x00000000a0000000,0x00000000a007f7c8,0x00000000a2980000)
 Metaspace       used 6890K, capacity 7054K, committed 7424K, reserved 1056768K
  class space    used 837K, capacity 907K, committed 1024K, reserved 1048576K
Event: 0.885 GC heap after
Heap after GC invocations=2 (full 0):
 PSYoungGen      total 18432K, used 2387K [0x00000000e0000000, 0x00000000e2400000, 0x0000000100000000)
  eden space 15872K, 0% used [0x00000000e0000000,0x00000000e0000000,0x00000000e0f80000)
  from space 2560K, 93% used [0x00000000e1200000,0x00000000e1454d78,0x00000000e1480000)
  to   space 2560K, 0% used [0x00000000e0f80000,0x00000000e0f80000,0x00000000e1200000)
 ParOldGen       total 42496K, used 517K [0x00000000a0000000, 0x00000000a2980000, 0x00000000e0000000)
  object space 42496K, 1% used [0x00000000a0000000,0x00000000a00817c8,0x00000000a2980000)
 Metaspace       used 6890K, capacity 7054K, committed 7424K, reserved 1056768K
  class space    used 837K, capacity 907K, committed 1024K, reserved 1048576K
}
Event: 1.648 GC heap before
{Heap before GC invocations=3 (full 0):
 PSYoungGen      total 18432K, used 18259K [0x00000000e0000000, 0x00000000e2400000, 0x0000000100000000)
  eden space 15872K, 100% used [0x00000000e0000000,0x00000000e0f80000,0x00000000e0f80000)
  from space 2560K, 93% used [0x00000000e1200000,0x00000000e1454d78,0x00000000e1480000)
  to   space 2560K, 0% used [0x00000000e0f80000,0x00000000e0f80000,0x00000000e1200000)
 ParOldGen       total 42496K, used 517K [0x00000000a0000000, 0x00000000a2980000, 0x00000000e0000000)
  object space 42496K, 1% used [0x00000000a0000000,0x00000000a00817c8,0x00000000a2980000)
 Metaspace       used 8310K, capacity 8462K, committed 8576K, reserved 1056768K
  class space    used 1056K, capacity 1141K, committed 1152K, reserved 1048576K
Event: 1.654 GC heap after
Heap after GC invocations=3 (full 0):
 PSYoungGen      total 18432K, used 2544K [0x00000000e0000000, 0x00000000e1480000, 0x0000000100000000)
  eden space 15872K, 0% used [0x00000000e0000000,0x00000000e0000000,0x00000000e0f80000)
  from space 2560K, 99% used [0x00000000e0f80000,0x00000000e11fc010,0x00000000e1200000)
  to   space 2560K, 0% used [0x00000000e1200000,0x00000000e1200000,0x00000000e1480000)
 ParOldGen       total 42496K, used 1385K [0x00000000a0000000, 0x00000000a2980000, 0x00000000e0000000)
  object space 42496K, 3% used [0x00000000a0000000,0x00000000a015a680,0x00000000a2980000)
 Metaspace       used 8310K, capacity 8462K, committed 8576K, reserved 1056768K
  class space    used 1056K, capacity 1141K, committed 1152K, reserved 1048576K
}
Event: 2.991 GC heap before
{Heap before GC invocations=4 (full 0):
 PSYoungGen      total 18432K, used 18416K [0x00000000e0000000, 0x00000000e1480000, 0x0000000100000000)
  eden space 15872K, 100% used [0x00000000e0000000,0x00000000e0f80000,0x00000000e0f80000)
  from space 2560K, 99% used [0x00000000e0f80000,0x00000000e11fc010,0x00000000e1200000)
  to   space 2560K, 0% used [0x00000000e1200000,0x00000000e1200000,0x00000000e1480000)
 ParOldGen       total 42496K, used 1385K [0x00000000a0000000, 0x00000000a2980000, 0x00000000e0000000)
  object space 42496K, 3% used [0x00000000a0000000,0x00000000a015a680,0x00000000a2980000)
 Metaspace       used 12154K, capacity 12514K, committed 12800K, reserved 1060864K
  class space    used 1627K, capacity 1761K, committed 1792K, reserved 1048576K
Event: 2.998 GC heap after
Heap after GC invocations=4 (full 0):
 PSYoungGen      total 18432K, used 2528K [0x00000000e0000000, 0x00000000e1480000, 0x0000000100000000)
  eden space 15872K, 0% used [0x00000000e0000000,0x00000000e0000000,0x00000000e0f80000)
  from space 2560K, 98% used [0x00000000e1200000,0x00000000e1478040,0x00000000e1480000)
  to   space 2560K, 0% used [0x00000000e0f80000,0x00000000e0f80000,0x00000000e1200000)
 ParOldGen       total 42496K, used 3796K [0x00000000a0000000, 0x00000000a2980000, 0x00000000e0000000)
  object space 42496K, 8% used [0x00000000a0000000,0x00000000a03b50d0,0x00000000a2980000)
 Metaspace       used 12154K, capacity 12514K, committed 12800K, reserved 1060864K
  class space    used 1627K, capacity 1761K, committed 1792K, reserved 1048576K
}
Event: 3.164 GC heap before
{Heap before GC invocations=5 (full 0):
 PSYoungGen      total 18432K, used 18400K [0x00000000e0000000, 0x00000000e1480000, 0x0000000100000000)
  eden space 15872K, 100% used [0x00000000e0000000,0x00000000e0f80000,0x00000000e0f80000)
  from space 2560K, 98% used [0x00000000e1200000,0x00000000e1478040,0x00000000e1480000)
  to   space 2560K, 0% used [0x00000000e0f80000,0x00000000e0f80000,0x00000000e1200000)
 ParOldGen       total 42496K, used 3796K [0x00000000a0000000, 0x00000000a2980000, 0x00000000e0000000)
  object space 42496K, 8% used [0x00000000a0000000,0x00000000a03b50d0,0x00000000a2980000)
 Metaspace       used 13457K, capacity 13798K, committed 14080K, reserved 1060864K
  class space    used 1869K, capacity 2019K, committed 2048K, reserved 1048576K
Event: 3.169 GC heap after
Heap after GC invocations=5 (full 0):
 PSYoungGen      total 18432K, used 2560K [0x00000000e0000000, 0x00000000e2a00000, 0x0000000100000000)
  eden space 15872K, 0% used [0x00000000e0000000,0x00000000e0000000,0x00000000e0f80000)
  from space 2560K, 100% used [0x00000000e0f80000,0x00000000e1200000,0x00000000e1200000)
  to   space 5632K, 0% used [0x00000000e2480000,0x00000000e2480000,0x00000000e2a00000)
 ParOldGen       total 42496K, used 5561K [0x00000000a0000000, 0x00000000a2980000, 0x00000000e0000000)
  object space 42496K, 13% used [0x00000000a0000000,0x00000000a056e500,0x00000000a2980000)
 Metaspace       used 13457K, capacity 13798K, committed 14080K, reserved 1060864K
  class space    used 1869K, capacity 2019K, committed 2048K, reserved 1048576K
}
Event: 3.475 GC heap before
{Heap before GC invocations=6 (full 0):
 PSYoungGen      total 18432K, used 18432K [0x00000000e0000000, 0x00000000e2a00000, 0x0000000100000000)
  eden space 15872K, 100% used [0x00000000e0000000,0x00000000e0f80000,0x00000000e0f80000)
  from space 2560K, 100% used [0x00000000e0f80000,0x00000000e1200000,0x00000000e1200000)
  to   space 5632K, 0% used [0x00000000e2480000,0x00000000e2480000,0x00000000e2a00000)
 ParOldGen       total 42496K, used 5561K [0x00000000a0000000, 0x00000000a2980000, 0x00000000e0000000)
  object space 42496K, 13% used [0x00000000a0000000,0x00000000a056e500,0x00000000a2980000)
 Metaspace       used 15418K, capacity 15654K, committed 15872K, reserved 1062912K
  class space    used 2178K, capacity 2275K, committed 2304K, reserved 1048576K
Event: 3.484 GC heap after
Heap after GC invocations=6 (full 0):
 PSYoungGen      total 36864K, used 5163K [0x00000000e0000000, 0x00000000e2b00000, 0x0000000100000000)
  eden space 31232K, 0% used [0x00000000e0000000,0x00000000e0000000,0x00000000e1e80000)
  from space 5632K, 91% used [0x00000000e2480000,0x00000000e298ad80,0x00000000e2a00000)
  to   space 6144K, 0% used [0x00000000e1e80000,0x00000000e1e80000,0x00000000e2480000)
 ParOldGen       total 42496K, used 5569K [0x00000000a0000000, 0x00000000a2980000, 0x00000000e0000000)
  object space 42496K, 13% used [0x00000000a0000000,0x00000000a0570500,0x00000000a2980000)
 Metaspace       used 15418K, capacity 15654K, committed 15872K, reserved 1062912K
  class space    used 2178K, capacity 2275K, committed 2304K, reserved 1048576K
}

Deoptimization events (10 events):
Event: 2.937 Thread 0x000000001b364800 Uncommon trap: reason=bimorphic action=maybe_recompile pc=0x0000000004a89a88 method=java.util.HashMap.putVal(ILjava/lang/Object;Ljava/lang/Object;ZZ)Ljava/lang/Object; @ 253
Event: 3.107 Thread 0x000000001b364800 Uncommon trap: reason=bimorphic action=maybe_recompile pc=0x0000000004b584cc method=java.util.HashMap.putVal(ILjava/lang/Object;Ljava/lang/Object;ZZ)Ljava/lang/Object; @ 91
Event: 3.107 Thread 0x000000001b364800 Uncommon trap: reason=bimorphic action=maybe_recompile pc=0x0000000004b584cc method=java.util.HashMap.putVal(ILjava/lang/Object;Ljava/lang/Object;ZZ)Ljava/lang/Object; @ 91
Event: 3.191 Thread 0x000000001b364800 Uncommon trap: reason=class_check action=maybe_recompile pc=0x0000000004983d9c method=java.util.regex.Matcher.match(II)Z @ 86
Event: 3.191 Thread 0x000000001b364800 Uncommon trap: reason=class_check action=maybe_recompile pc=0x0000000004983d9c method=java.util.regex.Matcher.match(II)Z @ 86
Event: 3.251 Thread 0x000000001b364800 Uncommon trap: reason=unstable_if action=reinterpret pc=0x0000000004b65f34 method=java.lang.String.lastIndexOf([CII[CIII)I @ 66
Event: 3.317 Thread 0x000000001b364800 Uncommon trap: reason=unstable_if action=reinterpret pc=0x000000000486b048 method=java.net.URI.match(CJJ)Z @ 19
Event: 3.317 Thread 0x000000001b364800 Uncommon trap: reason=unstable_if action=reinterpret pc=0x00000000049b0680 method=java.net.URI.match(CJJ)Z @ 19
Event: 3.952 Thread 0x000000001b364800 Uncommon trap: reason=unstable_if action=reinterpret pc=0x00000000049d6054 method=java.lang.AbstractStringBuilder.append(Ljava/lang/String;)Ljava/lang/AbstractStringBuilder; @ 1
Event: 3.952 Thread 0x000000001b364800 Uncommon trap: reason=unstable_if action=reinterpret pc=0x0000000004931280 method=java.lang.AbstractStringBuilder.append(Ljava/lang/String;)Ljava/lang/AbstractStringBuilder; @ 1

Classes redefined (0 events):
No events

Internal exceptions (10 events):
Event: 2.454 Thread 0x000000001b1f8800 Exception <a 'java/lang/NoSuchMethodError': <clinit>> (0x00000000e0b53508) thrown at [D:\src\AOSP-openjdk-cygwin\jdk8u\hotspot\src\share\vm\prims\jni.cpp, line 1613]
Event: 2.463 Thread 0x000000001b1f8800 Exception <a 'java/lang/NoSuchMethodError': <clinit>> (0x00000000e0b785c0) thrown at [D:\src\AOSP-openjdk-cygwin\jdk8u\hotspot\src\share\vm\prims\jni.cpp, line 1613]
Event: 2.927 Thread 0x000000001b364800 Exception <a 'java/lang/NoSuchMethodError': <clinit>> (0x00000000e0bfe498) thrown at [D:\src\AOSP-openjdk-cygwin\jdk8u\hotspot\src\share\vm\prims\jni.cpp, line 1613]
Event: 2.927 Thread 0x000000001b364800 Exception <a 'java/lang/NoSuchMethodError': <clinit>> (0x00000000e0c06720) thrown at [D:\src\AOSP-openjdk-cygwin\jdk8u\hotspot\src\share\vm\prims\jni.cpp, line 1613]
Event: 3.691 Thread 0x000000001b364800 Exception <a 'java/lang/NoSuchMethodError': <clinit>> (0x00000000e0591008) thrown at [D:\src\AOSP-openjdk-cygwin\jdk8u\hotspot\src\share\vm\prims\jni.cpp, line 1613]
Event: 3.691 Thread 0x000000001b364800 Exception <a 'java/lang/NoSuchMethodError': <clinit>> (0x00000000e05939a8) thrown at [D:\src\AOSP-openjdk-cygwin\jdk8u\hotspot\src\share\vm\prims\jni.cpp, line 1613]
Event: 3.693 Thread 0x000000001b364800 Exception <a 'java/lang/NoSuchMethodError': <clinit>> (0x00000000e05a10c8) thrown at [D:\src\AOSP-openjdk-cygwin\jdk8u\hotspot\src\share\vm\prims\jni.cpp, line 1613]
Event: 3.700 Thread 0x000000001b364800 Exception <a 'java/lang/NoSuchMethodError': <clinit>> (0x00000000e05ac848) thrown at [D:\src\AOSP-openjdk-cygwin\jdk8u\hotspot\src\share\vm\prims\jni.cpp, line 1613]
Event: 3.952 Thread 0x000000001b364800 Implicit null exception at 0x00000000049d5c94 to 0x00000000049d603d
Event: 3.952 Thread 0x000000001b364800 Implicit null exception at 0x0000000004930ed6 to 0x0000000004931269

Events (10 events):
Event: 4.026 loading class org/gradle/groovy/scripts/internal/RemappingScriptSource
Event: 4.026 loading class org/gradle/groovy/scripts/internal/RemappingScriptSource done
Event: 4.026 loading class org/gradle/groovy/scripts/internal/FileCacheBackedScriptClassCompiler$ProgressReportingInitializer
Event: 4.026 loading class org/gradle/groovy/scripts/internal/FileCacheBackedScriptClassCompiler$ProgressReportingInitializer done
Event: 4.027 loading class org/gradle/groovy/scripts/internal/FileCacheBackedScriptClassCompiler$RemapBuildScriptsAction
Event: 4.027 loading class org/gradle/groovy/scripts/internal/FileCacheBackedScriptClassCompiler$RemapBuildScriptsAction done
Event: 4.027 loading class org/gradle/groovy/scripts/internal/FileCacheBackedScriptClassCompiler$BuildScriptRemapper
Event: 4.027 loading class org/gradle/groovy/scripts/internal/FileCacheBackedScriptClassCompiler$BuildScriptRemapper done
Event: 4.028 loading class org/objectweb/asm/Opcodes
Event: 4.028 loading class org/objectweb/asm/Opcodes done


Dynamic libraries:
0x00007ff7afee0000 - 0x00007ff7aff11000 	C:\Program Files\Android\Android Studio\jre\bin\java.exe
0x00007ffba27c0000 - 0x00007ffba29a0000 	C:\WINDOWS\SYSTEM32\ntdll.dll
0x00007ffba03e0000 - 0x00007ffba048e000 	C:\WINDOWS\System32\KERNEL32.DLL
0x00007ffb9edc0000 - 0x00007ffb9f026000 	C:\WINDOWS\System32\KERNELBASE.dll
0x00007ffba0850000 - 0x00007ffba08f1000 	C:\WINDOWS\System32\ADVAPI32.dll
0x00007ffb9ff40000 - 0x00007ffb9ffdd000 	C:\WINDOWS\System32\msvcrt.dll
0x00007ffba10a0000 - 0x00007ffba10fb000 	C:\WINDOWS\System32\sechost.dll
0x00007ffba0900000 - 0x00007ffba0a1f000 	C:\WINDOWS\System32\RPCRT4.dll
0x00007ffba1100000 - 0x00007ffba128f000 	C:\WINDOWS\System32\USER32.dll
0x00007ffb9ec40000 - 0x00007ffb9ec60000 	C:\WINDOWS\System32\win32u.dll
0x00007ffba0aa0000 - 0x00007ffba0ac8000 	C:\WINDOWS\System32\GDI32.dll
0x00007ffb9f030000 - 0x00007ffb9f1c3000 	C:\WINDOWS\System32\gdi32full.dll
0x00007ffb9fa20000 - 0x00007ffb9fabb000 	C:\WINDOWS\System32\msvcp_win.dll
0x00007ffb9f920000 - 0x00007ffb9fa16000 	C:\WINDOWS\System32\ucrtbase.dll
0x00007ffb91f10000 - 0x00007ffb92179000 	C:\WINDOWS\WinSxS\amd64_microsoft.windows.common-controls_6595b64144ccf1df_6.0.16299.431_none_15c7d3ee93659e73\COMCTL32.dll
0x00007ffba00d0000 - 0x00007ffba03d8000 	C:\WINDOWS\System32\combase.dll
0x00007ffb9ebc0000 - 0x00007ffb9ec32000 	C:\WINDOWS\System32\bcryptPrimitives.dll
0x00007ffb9fc90000 - 0x00007ffb9fcbd000 	C:\WINDOWS\System32\IMM32.DLL
0x0000000067d50000 - 0x0000000067e22000 	C:\Program Files\Android\Android Studio\jre\jre\bin\msvcr100.dll
0x00000000661a0000 - 0x00000000669de000 	C:\Program Files\Android\Android Studio\jre\jre\bin\server\jvm.dll
0x00007ffba26d0000 - 0x00007ffba26d8000 	C:\WINDOWS\System32\PSAPI.DLL
0x00007ffb9bfc0000 - 0x00007ffb9bfe3000 	C:\WINDOWS\SYSTEM32\WINMM.dll
0x00007ffb9ced0000 - 0x00007ffb9ced9000 	C:\WINDOWS\SYSTEM32\WSOCK32.dll
0x00007ffb9c850000 - 0x00007ffb9c85a000 	C:\WINDOWS\SYSTEM32\VERSION.dll
0x00007ffb9ffe0000 - 0x00007ffba004c000 	C:\WINDOWS\System32\WS2_32.dll
0x00007ffb9bf60000 - 0x00007ffb9bf8a000 	C:\WINDOWS\SYSTEM32\winmmbase.dll
0x00007ffb9ed70000 - 0x00007ffb9edba000 	C:\WINDOWS\System32\cfgmgr32.dll
0x00007ffb9ce70000 - 0x00007ffb9ce7f000 	C:\Program Files\Android\Android Studio\jre\jre\bin\verify.dll
0x00007ffb99d60000 - 0x00007ffb99d89000 	C:\Program Files\Android\Android Studio\jre\jre\bin\java.dll
0x00007ffb9ab70000 - 0x00007ffb9ab86000 	C:\Program Files\Android\Android Studio\jre\jre\bin\zip.dll
0x00007ffba1290000 - 0x00007ffba26c8000 	C:\WINDOWS\System32\SHELL32.dll
0x00007ffba26e0000 - 0x00007ffba2786000 	C:\WINDOWS\System32\shcore.dll
0x00007ffb9f1d0000 - 0x00007ffb9f917000 	C:\WINDOWS\System32\windows.storage.dll
0x00007ffba0f30000 - 0x00007ffba0f81000 	C:\WINDOWS\System32\shlwapi.dll
0x00007ffb9eb50000 - 0x00007ffb9eb61000 	C:\WINDOWS\System32\kernel.appcore.dll
0x00007ffb9eb70000 - 0x00007ffb9ebbc000 	C:\WINDOWS\System32\powrprof.dll
0x00007ffb9eb30000 - 0x00007ffb9eb4b000 	C:\WINDOWS\System32\profapi.dll
0x00007ffb99d40000 - 0x00007ffb99d5a000 	C:\Program Files\Android\Android Studio\jre\jre\bin\net.dll
0x00007ffb9e3a0000 - 0x00007ffb9e406000 	C:\WINDOWS\system32\mswsock.dll
0x00007ffb99d20000 - 0x00007ffb99d31000 	C:\Program Files\Android\Android Studio\jre\jre\bin\nio.dll
0x00007ffb94d20000 - 0x00007ffb94d3e000 	C:\Users\Rozz\.gradle\native\25\windows-amd64\native-platform.dll
0x00007ffb9ce60000 - 0x00007ffb9ce6d000 	C:\Program Files\Android\Android Studio\jre\jre\bin\management.dll
0x00007ffb9e560000 - 0x00007ffb9e577000 	C:\WINDOWS\SYSTEM32\CRYPTSP.dll
0x00007ffb9dfa0000 - 0x00007ffb9dfd3000 	C:\WINDOWS\system32\rsaenh.dll
0x00007ffb9e670000 - 0x00007ffb9e695000 	C:\WINDOWS\SYSTEM32\bcrypt.dll
0x00007ffb9ea10000 - 0x00007ffb9ea39000 	C:\WINDOWS\SYSTEM32\USERENV.dll
0x00007ffb9e580000 - 0x00007ffb9e58b000 	C:\WINDOWS\SYSTEM32\CRYPTBASE.dll
0x00007ffb9e130000 - 0x00007ffb9e169000 	C:\WINDOWS\SYSTEM32\IPHLPAPI.DLL
0x00007ffba0ad0000 - 0x00007ffba0ad8000 	C:\WINDOWS\System32\NSI.dll
0x00007ffb95840000 - 0x00007ffb95856000 	C:\WINDOWS\SYSTEM32\dhcpcsvc6.DLL
0x00007ffb957d0000 - 0x00007ffb957ea000 	C:\WINDOWS\SYSTEM32\dhcpcsvc.DLL

VM Arguments:
jvm_args: -Xmx1536m -Dfile.encoding=windows-1252 -Duser.country=PH -Duser.language=en -Duser.variant 
java_command: org.gradle.launcher.daemon.bootstrap.GradleDaemon 4.1
java_class_path (initial): C:\Users\Rozz\.gradle\wrapper\dists\gradle-4.1-all\bzyivzo6n839fup2jbap0tjew\gradle-4.1\lib\gradle-launcher-4.1.jar
Launcher Type: SUN_STANDARD

Environment Variables:
JAVA_HOME=C:\Program Files (x86)\SAP\SAP Business One ServerTools\Common\sapjvm_8
CLASSPATH=C:\Program Files (x86)\SAP\SAP Business One DI API\JCO\LIB\sbowrapper.jar;C:\Program Files (x86)\SAP\SAP Business One DI API\JCO\LIB\sboapi.jar
PATH=C:\ProgramData\Oracle\Java\javapath;C:\Program Files (x86)\Intel\iCLS Client\;C:\Program Files\Intel\iCLS Client\;C:\Windows\system32;C:\Windows;C:\Windows\System32\Wbem;C:\Windows\System32\WindowsPowerShell\v1.0\;C:\Program Files (x86)\Intel\Intel(R) Management Engine Components\DAL;C:\Program Files\Intel\Intel(R) Management Engine Components\DAL;C:\Program Files (x86)\Intel\Intel(R) Management Engine Components\IPT;C:\Program Files\Intel\Intel(R) Management Engine Components\IPT;C:\Program Files (x86)\NVIDIA Corporation\PhysX\Common;C:\Program Files\dotnet\;C:\WINDOWS\system32\config\systemprofile\.dnx\bin;C:\Program Files\Microsoft DNX\Dnvm\;C:\Program Files\Microsoft SQL Server\130\Tools\Binn\;C:\Program Files (x86)\Microsoft SQL Server\110\Tools\Binn\;C:\Program Files\Microsoft SQL Server\110\Tools\Binn\;C:\Program Files\Microsoft SQL Server\110\DTS\Binn\;c:\Program Files (x86)\Microsoft SQL Server\100\Tools\Binn\;c:\Program Files\Microsoft SQL Server\100\Tools\Binn\;c:\Program Files\Microsoft SQL Server\100\DTS\Binn\;C:\Program Files (x86)\SAP\SAP Business One DI API\JCO\LIB\;C:\Program Files (x86)\SAP\SAP Business One DI API\DI API 90;C:\Program Files (x86)\SAP\SAP Business One\;C:\Program Files (x86)\Microsoft SQL Server\110\Tools\Binn\ManagementStudio\;C:\Program Files (x86)\Microsoft SQL Server\110\DTS\Binn\;C:\Program Files (x86)\SAP\SAP Business One ServerTools\Common\sapjvm_8\jre\bin;C:\Program Files (x86)\SAP\SAP Business One ServerTools\Common\tomcat\bin;C:\Program Files (x86)\SAP\SAP Business One ServerTools\Common\sapjvm_8\jre\bin\server;C:\WINDOWS\system32;C:\WINDOWS;C:\WINDOWS\System32\Wbem;C:\WINDOWS\System32\WindowsPowerShell\v1.0\;C:\Program Files\Git\cmd;C:\Users\Rozz\AppData\Local\Microsoft\WindowsApps;
USERNAME=Rozz
OS=Windows_NT
PROCESSOR_IDENTIFIER=Intel64 Family 6 Model 142 Stepping 9, GenuineIntel



---------------  S Y S T E M  ---------------

OS: Windows 10.0 , 64 bit Build 16299 (10.0.16299.431)

CPU:total 4 (initial active 4) (2 cores per cpu, 2 threads per core) family 6 model 142 stepping 9, cmov, cx8, fxsr, mmx, sse, sse2, sse3, ssse3, sse4.1, sse4.2, popcnt, avx, avx2, aes, clmul, erms, 3dnowpref, lzcnt, ht, tsc, tscinvbit, bmi1, bmi2, adx

Memory: 4k page, physical 4059364k(352456k free), swap 8253668k(5868k free)

vm_info: OpenJDK 64-Bit Server VM (25.152-b01) for windows-amd64 JRE (1.8.0_152-release-915-b01), built by "builder" with MS VC++ 10.0 (VS2010)

time: Mon Jun 18 22:20:37 2018
elapsed time: 4 seconds (0d 0h 0m 4s)

