#
# There is insufficient memory for the Java Runtime Environment to continue.
# Native memory allocation (malloc) failed to allocate 164896 bytes for Chunk::new
# Possible reasons:
#   The system is out of physical RAM or swap space
#   In 32 bit mode, the process size limit was hit
# Possible solutions:
#   Reduce memory load on the system
#   Increase physical memory or swap space
#   Check if swap backing store is full
#   Use 64 bit Java on a 64 bit OS
#   Decrease Java heap size (-Xmx/-Xms)
#   Decrease number of Java threads
#   Decrease Java thread stack sizes (-Xss)
#   Set larger code cache with -XX:ReservedCodeCacheSize=
# This output file may be truncated or incomplete.
#
#  Out of Memory Error (allocation.cpp:390), pid=10308, tid=0x0000000000003738
#
# JRE version: OpenJDK Runtime Environment (8.0_152-b01) (build 1.8.0_152-release-915-b01)
# Java VM: OpenJDK 64-Bit Server VM (25.152-b01 mixed mode windows-amd64 compressed oops)
# Failed to write core dump. Minidumps are not enabled by default on client versions of Windows
#

---------------  T H R E A D  ---------------

Current thread (0x0000000018a90000):  JavaThread "C2 CompilerThread1" daemon [_thread_in_native, id=14136, stack(0x000000001a2d0000,0x000000001a3d0000)]

Stack: [0x000000001a2d0000,0x000000001a3d0000]
[error occurred during error reporting (printing stack bounds), id 0xc0000005]

Native frames: (J=compiled Java code, j=interpreted, Vv=VM code, C=native code)


Current CompileTask:
C2: 114316 7360       4       org.gradle.internal.service.DefaultServiceRegistry$CachingProvider::hasService (54 bytes)


---------------  P R O C E S S  ---------------

Java Threads: ( => current thread )
  0x000000001b516000 JavaThread "Cache worker for Artifact transforms cache (C:\Users\Rozz\.gradle\caches\transforms-1)" [_thread_blocked, id=848, stack(0x0000000025bf0000,0x0000000025cf0000)]
  0x000000001b513000 JavaThread "Cache worker for file hash cache (C:\PERALTA BACKUPS\PrestigeMobileAppUpdatedWed28-6-18-1258AM\MMReport\.gradle\4.1\fileHashes)" [_thread_blocked, id=9564, stack(0x0000000025af0000,0x0000000025bf0000)]
  0x000000001b516800 JavaThread "Stdin handler" [_thread_blocked, id=12168, stack(0x00000000259f0000,0x0000000025af0000)]
  0x000000001b513800 JavaThread "Asynchronous log dispatcher for DefaultDaemonConnection: socket connection from /127.0.0.1:6368 to /127.0.0.1:6377" [_thread_blocked, id=7772, stack(0x00000000258f0000,0x00000000259f0000)]
  0x000000001b515000 JavaThread "Cancel handler" [_thread_blocked, id=13956, stack(0x00000000257f0000,0x00000000258f0000)]
  0x000000001b511800 JavaThread "Handler for socket connection from /127.0.0.1:6368 to /127.0.0.1:6377" [_thread_in_native, id=4956, stack(0x00000000256f0000,0x00000000257f0000)]
  0x000000001b514800 JavaThread "Memory manager" [_thread_blocked, id=13428, stack(0x00000000232a0000,0x00000000233a0000)]
  0x000000001f37e000 JavaThread "pool-1-thread-1" [_thread_blocked, id=11536, stack(0x0000000022fa0000,0x00000000230a0000)]
  0x000000001a4a9800 JavaThread "File lock request listener" [_thread_in_native, id=9264, stack(0x000000001d420000,0x000000001d520000)]
  0x000000001a61f000 JavaThread "Cache worker for file hash cache (C:\Users\Rozz\.gradle\caches\4.1\fileHashes)" [_thread_blocked, id=13160, stack(0x000000001d320000,0x000000001d420000)]
  0x000000001adf1000 JavaThread "Daemon worker" [_thread_in_native, id=14280, stack(0x000000001d020000,0x000000001d120000)]
  0x000000001b3bd800 JavaThread "Daemon" [_thread_blocked, id=11364, stack(0x000000001cb20000,0x000000001cc20000)]
  0x000000001b8d6000 JavaThread "Daemon periodic checks" [_thread_blocked, id=8996, stack(0x000000001ca20000,0x000000001cb20000)]
  0x000000001b8e0800 JavaThread "Incoming local TCP Connector on port 6368" [_thread_in_native, id=9804, stack(0x000000001c7e0000,0x000000001c8e0000)]
  0x000000001a3d6000 JavaThread "Service Thread" daemon [_thread_blocked, id=5308, stack(0x000000001a8d0000,0x000000001a9d0000)]
  0x000000001a3d0800 JavaThread "C1 CompilerThread2" daemon [_thread_blocked, id=1992, stack(0x000000001a7d0000,0x000000001a8d0000)]
=>0x0000000018a90000 JavaThread "C2 CompilerThread1" daemon [_thread_in_native, id=14136, stack(0x000000001a2d0000,0x000000001a3d0000)]
  0x0000000018a8d000 JavaThread "C2 CompilerThread0" daemon [_thread_in_native, id=9232, stack(0x000000001a1d0000,0x000000001a2d0000)]
  0x0000000018a8b800 JavaThread "Attach Listener" daemon [_thread_blocked, id=4964, stack(0x000000001a0d0000,0x000000001a1d0000)]
  0x0000000018a8a000 JavaThread "Signal Dispatcher" daemon [_thread_blocked, id=13500, stack(0x0000000019fd0000,0x000000001a0d0000)]
  0x0000000018a78800 JavaThread "Finalizer" daemon [_thread_blocked, id=224, stack(0x0000000019ce0000,0x0000000019de0000)]
  0x0000000005112800 JavaThread "Reference Handler" daemon [_thread_blocked, id=14056, stack(0x0000000019be0000,0x0000000019ce0000)]
  0x000000000501e800 JavaThread "main" [_thread_blocked, id=11248, stack(0x0000000004ec0000,0x0000000004fc0000)]

Other Threads:
  0x0000000018a55800 VMThread [stack: 0x0000000019ae0000,0x0000000019be0000] [id=12756]
  0x000000001a3d8000 WatcherThread [stack: 0x000000001a9d0000,0x000000001aad0000] [id=2604]

VM state:not at safepoint (normal execution)

VM Mutex/Monitor currently owned by a thread: None

Heap:
 PSYoungGen      total 49664K, used 9934K [0x00000000e0000000, 0x00000000e3f00000, 0x0000000100000000)
  eden space 43008K, 7% used [0x00000000e0000000,0x00000000e0338930,0x00000000e2a00000)
  from space 6656K, 99% used [0x00000000e2a00000,0x00000000e307b110,0x00000000e3080000)
  to   space 8704K, 0% used [0x00000000e3680000,0x00000000e3680000,0x00000000e3f00000)
 ParOldGen       total 59392K, used 33923K [0x00000000a0000000, 0x00000000a3a00000, 0x00000000e0000000)
  object space 59392K, 57% used [0x00000000a0000000,0x00000000a2120d10,0x00000000a3a00000)
 Metaspace       used 55720K, capacity 57560K, committed 57688K, reserved 1099776K
  class space    used 7477K, capacity 7957K, committed 8024K, reserved 1048576K

Card table byte_map: [0x00000000144e0000,0x00000000147f0000] byte_map_base: 0x0000000013fe0000

Marking Bits: (ParMarkBitMap*) 0x000000006aa33950
 Begin Bits: [0x0000000014df0000, 0x00000000165f0000)
 End Bits:   [0x00000000165f0000, 0x0000000017df0000)

Polling page: 0x0000000003130000

CodeCache: size=245760Kb used=20910Kb max_used=21359Kb free=224849Kb
 bounds [0x0000000005120000, 0x0000000006620000, 0x0000000014120000]
 total_blobs=6953 nmethods=6188 adapters=677
 compilation: enabled

Compilation events (10 events):
Event: 114.162 Thread 0x000000001a3d0800 7357       3       org.gradle.model.internal.core.ModelRegistrations$Builder::withProjection (13 bytes)
Event: 114.162 Thread 0x000000001a3d0800 nmethod 7357 0x00000000052ee350 code [0x00000000052ee4c0, 0x00000000052ee6e8]
Event: 114.163 Thread 0x000000001a3d0800 7358       1       sun.nio.fs.WindowsFileAttributes::size (5 bytes)
Event: 114.163 Thread 0x000000001a3d0800 nmethod 7358 0x00000000058ad750 code [0x00000000058ad8a0, 0x00000000058ad9b0]
Event: 114.164 Thread 0x000000001a3d0800 7359       3       groovy.lang.GroovyObjectSupport::getMetaClass (23 bytes)
Event: 114.164 Thread 0x0000000018a90000 7360       4       org.gradle.internal.service.DefaultServiceRegistry$CachingProvider::hasService (54 bytes)
Event: 114.165 Thread 0x000000001a3d0800 nmethod 7359 0x0000000005baa310 code [0x0000000005baa500, 0x0000000005bab018]
Event: 114.166 Thread 0x000000001a3d0800 7361  s    3       java.io.ExpiringCache::put (70 bytes)
Event: 114.167 Thread 0x000000001a3d0800 nmethod 7361 0x0000000005918310 code [0x00000000059184e0, 0x0000000005918c48]
Event: 114.177 Thread 0x000000001a3d0800 7362       3       java.util.concurrent.ConcurrentHashMap::tableSizeFor (59 bytes)

GC Heap History (10 events):
Event: 59.075 GC heap before
{Heap before GC invocations=28 (full 2):
 PSYoungGen      total 45056K, used 41691K [0x00000000e0000000, 0x00000000e3880000, 0x0000000100000000)
  eden space 39424K, 100% used [0x00000000e0000000,0x00000000e2680000,0x00000000e2680000)
  from space 5632K, 40% used [0x00000000e2680000,0x00000000e28b6f88,0x00000000e2c00000)
  to   space 5632K, 0% used [0x00000000e3300000,0x00000000e3300000,0x00000000e3880000)
 ParOldGen       total 33792K, used 23326K [0x00000000a0000000, 0x00000000a2100000, 0x00000000e0000000)
  object space 33792K, 69% used [0x00000000a0000000,0x00000000a16c7b58,0x00000000a2100000)
 Metaspace       used 48063K, capacity 49438K, committed 49624K, reserved 1091584K
  class space    used 6478K, capacity 6858K, committed 6872K, reserved 1048576K
Event: 59.087 GC heap after
Heap after GC invocations=28 (full 2):
 PSYoungGen      total 51712K, used 5131K [0x00000000e0000000, 0x00000000e3900000, 0x0000000100000000)
  eden space 46080K, 0% used [0x00000000e0000000,0x00000000e0000000,0x00000000e2d00000)
  from space 5632K, 91% used [0x00000000e3300000,0x00000000e3802c50,0x00000000e3880000)
  to   space 6144K, 0% used [0x00000000e2d00000,0x00000000e2d00000,0x00000000e3300000)
 ParOldGen       total 33792K, used 23531K [0x00000000a0000000, 0x00000000a2100000, 0x00000000e0000000)
  object space 33792K, 69% used [0x00000000a0000000,0x00000000a16fac88,0x00000000a2100000)
 Metaspace       used 48063K, capacity 49438K, committed 49624K, reserved 1091584K
  class space    used 6478K, capacity 6858K, committed 6872K, reserved 1048576K
}
Event: 62.317 GC heap before
{Heap before GC invocations=29 (full 2):
 PSYoungGen      total 51712K, used 51211K [0x00000000e0000000, 0x00000000e3900000, 0x0000000100000000)
  eden space 46080K, 100% used [0x00000000e0000000,0x00000000e2d00000,0x00000000e2d00000)
  from space 5632K, 91% used [0x00000000e3300000,0x00000000e3802c50,0x00000000e3880000)
  to   space 6144K, 0% used [0x00000000e2d00000,0x00000000e2d00000,0x00000000e3300000)
 ParOldGen       total 33792K, used 23531K [0x00000000a0000000, 0x00000000a2100000, 0x00000000e0000000)
  object space 33792K, 69% used [0x00000000a0000000,0x00000000a16fac88,0x00000000a2100000)
 Metaspace       used 50513K, capacity 52130K, committed 52440K, reserved 1093632K
  class space    used 6878K, capacity 7266K, committed 7384K, reserved 1048576K
Event: 62.330 GC heap after
Heap after GC invocations=29 (full 2):
 PSYoungGen      total 50176K, used 5456K [0x00000000e0000000, 0x00000000e3880000, 0x0000000100000000)
  eden space 44544K, 0% used [0x00000000e0000000,0x00000000e0000000,0x00000000e2b80000)
  from space 5632K, 96% used [0x00000000e2d00000,0x00000000e32542e0,0x00000000e3280000)
  to   space 6144K, 0% used [0x00000000e3280000,0x00000000e3280000,0x00000000e3880000)
 ParOldGen       total 33792K, used 27017K [0x00000000a0000000, 0x00000000a2100000, 0x00000000e0000000)
  object space 33792K, 79% used [0x00000000a0000000,0x00000000a1a62508,0x00000000a2100000)
 Metaspace       used 50513K, capacity 52130K, committed 52440K, reserved 1093632K
  class space    used 6878K, capacity 7266K, committed 7384K, reserved 1048576K
}
Event: 68.466 GC heap before
{Heap before GC invocations=30 (full 2):
 PSYoungGen      total 50176K, used 49471K [0x00000000e0000000, 0x00000000e3880000, 0x0000000100000000)
  eden space 44544K, 98% used [0x00000000e0000000,0x00000000e2afbcc8,0x00000000e2b80000)
  from space 5632K, 96% used [0x00000000e2d00000,0x00000000e32542e0,0x00000000e3280000)
  to   space 6144K, 0% used [0x00000000e3280000,0x00000000e3280000,0x00000000e3880000)
 ParOldGen       total 33792K, used 27017K [0x00000000a0000000, 0x00000000a2100000, 0x00000000e0000000)
  object space 33792K, 79% used [0x00000000a0000000,0x00000000a1a62508,0x00000000a2100000)
 Metaspace       used 52955K, capacity 54614K, committed 54744K, reserved 1095680K
  class space    used 7213K, capacity 7626K, committed 7640K, reserved 1048576K
Event: 68.477 GC heap after
Heap after GC invocations=30 (full 2):
 PSYoungGen      total 47616K, used 4183K [0x00000000e0000000, 0x00000000e3700000, 0x0000000100000000)
  eden space 43008K, 0% used [0x00000000e0000000,0x00000000e0000000,0x00000000e2a00000)
  from space 4608K, 90% used [0x00000000e3280000,0x00000000e3695db0,0x00000000e3700000)
  to   space 6656K, 0% used [0x00000000e2a00000,0x00000000e2a00000,0x00000000e3080000)
 ParOldGen       total 33792K, used 30852K [0x00000000a0000000, 0x00000000a2100000, 0x00000000e0000000)
  object space 33792K, 91% used [0x00000000a0000000,0x00000000a1e213a8,0x00000000a2100000)
 Metaspace       used 52955K, capacity 54614K, committed 54744K, reserved 1095680K
  class space    used 7213K, capacity 7626K, committed 7640K, reserved 1048576K
}
Event: 68.477 GC heap before
{Heap before GC invocations=31 (full 3):
 PSYoungGen      total 47616K, used 4183K [0x00000000e0000000, 0x00000000e3700000, 0x0000000100000000)
  eden space 43008K, 0% used [0x00000000e0000000,0x00000000e0000000,0x00000000e2a00000)
  from space 4608K, 90% used [0x00000000e3280000,0x00000000e3695db0,0x00000000e3700000)
  to   space 6656K, 0% used [0x00000000e2a00000,0x00000000e2a00000,0x00000000e3080000)
 ParOldGen       total 33792K, used 30852K [0x00000000a0000000, 0x00000000a2100000, 0x00000000e0000000)
  object space 33792K, 91% used [0x00000000a0000000,0x00000000a1e213a8,0x00000000a2100000)
 Metaspace       used 52955K, capacity 54614K, committed 54744K, reserved 1095680K
  class space    used 7213K, capacity 7626K, committed 7640K, reserved 1048576K
Event: 68.867 GC heap after
Heap after GC invocations=31 (full 3):
 PSYoungGen      total 47616K, used 0K [0x00000000e0000000, 0x00000000e3700000, 0x0000000100000000)
  eden space 43008K, 0% used [0x00000000e0000000,0x00000000e0000000,0x00000000e2a00000)
  from space 4608K, 0% used [0x00000000e3280000,0x00000000e3280000,0x00000000e3700000)
  to   space 6656K, 0% used [0x00000000e2a00000,0x00000000e2a00000,0x00000000e3080000)
 ParOldGen       total 59392K, used 32116K [0x00000000a0000000, 0x00000000a3a00000, 0x00000000e0000000)
  object space 59392K, 54% used [0x00000000a0000000,0x00000000a1f5d030,0x00000000a3a00000)
 Metaspace       used 52955K, capacity 54614K, committed 54744K, reserved 1095680K
  class space    used 7213K, capacity 7626K, committed 7640K, reserved 1048576K
}
Event: 113.979 GC heap before
{Heap before GC invocations=32 (full 3):
 PSYoungGen      total 47616K, used 43008K [0x00000000e0000000, 0x00000000e3700000, 0x0000000100000000)
  eden space 43008K, 100% used [0x00000000e0000000,0x00000000e2a00000,0x00000000e2a00000)
  from space 4608K, 0% used [0x00000000e3280000,0x00000000e3280000,0x00000000e3700000)
  to   space 6656K, 0% used [0x00000000e2a00000,0x00000000e2a00000,0x00000000e3080000)
 ParOldGen       total 59392K, used 32116K [0x00000000a0000000, 0x00000000a3a00000, 0x00000000e0000000)
  object space 59392K, 54% used [0x00000000a0000000,0x00000000a1f5d030,0x00000000a3a00000)
 Metaspace       used 55653K, capacity 57422K, committed 57688K, reserved 1099776K
  class space    used 7464K, capacity 7914K, committed 8024K, reserved 1048576K
Event: 113.988 GC heap after
Heap after GC invocations=32 (full 3):
 PSYoungGen      total 49664K, used 6636K [0x00000000e0000000, 0x00000000e3f00000, 0x0000000100000000)
  eden space 43008K, 0% used [0x00000000e0000000,0x00000000e0000000,0x00000000e2a00000)
  from space 6656K, 99% used [0x00000000e2a00000,0x00000000e307b110,0x00000000e3080000)
  to   space 8704K, 0% used [0x00000000e3680000,0x00000000e3680000,0x00000000e3f00000)
 ParOldGen       total 59392K, used 33923K [0x00000000a0000000, 0x00000000a3a00000, 0x00000000e0000000)
  object space 59392K, 57% used [0x00000000a0000000,0x00000000a2120d10,0x00000000a3a00000)
 Metaspace       used 55653K, capacity 57422K, committed 57688K, reserved 1099776K
  class space    used 7464K, capacity 7914K, committed 8024K, reserved 1048576K
}

Deoptimization events (10 events):
Event: 72.396 Thread 0x000000001f37e000 Uncommon trap: reason=unstable_if action=reinterpret pc=0x00000000060be180 method=java.nio.Buffer.limit(I)Ljava/nio/Buffer; @ 33
Event: 72.400 Thread 0x000000001c29e800 Uncommon trap: reason=class_check action=maybe_recompile pc=0x00000000065b9cd8 method=java.util.concurrent.locks.ReentrantLock.lock()V @ 4
Event: 72.750 Thread 0x000000001b499000 Uncommon trap: reason=unstable_if action=reinterpret pc=0x000000000526c1a0 method=com.esotericsoftware.kryo.io.Input.require(I)I @ 117
Event: 113.474 Thread 0x000000001b511800 Uncommon trap: reason=class_check action=maybe_recompile pc=0x00000000060f8a20 method=java.lang.reflect.Array.newInstance(Ljava/lang/Class;I)Ljava/lang/Object; @ 2
Event: 113.478 Thread 0x000000001b511800 Uncommon trap: reason=class_check action=maybe_recompile pc=0x00000000060f8a20 method=java.lang.reflect.Array.newInstance(Ljava/lang/Class;I)Ljava/lang/Object; @ 2
Event: 113.602 Thread 0x000000001adf1000 Uncommon trap: reason=unstable_if action=reinterpret pc=0x000000000539e778 method=java.lang.CharacterDataLatin1.isJavaIdentifierPart(I)Z @ 11
Event: 113.602 Thread 0x000000001adf1000 Uncommon trap: reason=unstable_if action=reinterpret pc=0x0000000005485c3c method=java.lang.CharacterDataLatin1.isJavaIdentifierPart(I)Z @ 11
Event: 113.606 Thread 0x000000001b513000 Uncommon trap: reason=unstable_if action=reinterpret pc=0x00000000056a9614 method=org.gradle.cache.internal.btree.BTreePersistentIndexedCache$1.create(Ljava/lang/Class;)Ljava/lang/Object; @ 4
Event: 113.607 Thread 0x000000001b513000 Uncommon trap: reason=unstable_if action=reinterpret pc=0x0000000005840a7c method=org.gradle.cache.internal.btree.BTreePersistentIndexedCache$1.create(Ljava/lang/Class;)Ljava/lang/Object; @ 24
Event: 114.131 Thread 0x000000001adf1000 Uncommon trap: reason=bimorphic action=maybe_recompile pc=0x0000000005c77960 method=com.google.common.collect.AbstractMapBasedMultimap.put(Ljava/lang/Object;Ljava/lang/Object;)Z @ 70

Classes redefined (0 events):
No events

Internal exceptions (10 events):
Event: 71.930 Thread 0x000000001adf1000 Exception <a 'sun/nio/fs/WindowsException'> (0x00000000e1dbe2d8) thrown at [D:\src\AOSP-openjdk-cygwin\jdk8u\hotspot\src\share\vm\prims\jni.cpp, line 709]
Event: 72.626 Thread 0x000000001b3bd800 Exception <a 'java/lang/NoSuchMethodError': <clinit>> (0x00000000e2628f98) thrown at [D:\src\AOSP-openjdk-cygwin\jdk8u\hotspot\src\share\vm\prims\jni.cpp, line 1613]
Event: 72.631 Thread 0x000000001b3bd800 Exception <a 'java/lang/NoSuchMethodError': <clinit>> (0x00000000e2645ca8) thrown at [D:\src\AOSP-openjdk-cygwin\jdk8u\hotspot\src\share\vm\prims\jni.cpp, line 1613]
Event: 72.637 Thread 0x000000001b3bd800 Exception <a 'java/lang/NoSuchMethodError': <clinit>> (0x00000000e2667d98) thrown at [D:\src\AOSP-openjdk-cygwin\jdk8u\hotspot\src\share\vm\prims\jni.cpp, line 1613]
Event: 72.638 Thread 0x000000001b3bd800 Exception <a 'java/lang/NoSuchMethodError': <clinit>> (0x00000000e266d900) thrown at [D:\src\AOSP-openjdk-cygwin\jdk8u\hotspot\src\share\vm\prims\jni.cpp, line 1613]
Event: 72.640 Thread 0x000000001b3bd800 Exception <a 'java/lang/NoSuchMethodError': <clinit>> (0x00000000e2680c78) thrown at [D:\src\AOSP-openjdk-cygwin\jdk8u\hotspot\src\share\vm\prims\jni.cpp, line 1613]
Event: 72.661 Thread 0x000000001b3bd800 Exception <a 'java/lang/NoSuchMethodError': <clinit>> (0x00000000e26d5638) thrown at [D:\src\AOSP-openjdk-cygwin\jdk8u\hotspot\src\share\vm\prims\jni.cpp, line 1613]
Event: 72.749 Thread 0x000000001b499000 Exception <a 'java/lang/NoSuchMethodError': <clinit>> (0x00000000e27431a8) thrown at [D:\src\AOSP-openjdk-cygwin\jdk8u\hotspot\src\share\vm\prims\jni.cpp, line 1613]
Event: 114.122 Thread 0x000000001adf1000 Exception <a 'java/lang/ClassNotFoundException': sync_local_repo1256_5jsxz6iv471cdlxcwgvx9to43BeanInfo> (0x00000000e0104070) thrown at [D:\src\AOSP-openjdk-cygwin\jdk8u\hotspot\src\share\vm\classfile\systemDictionary.cpp, line 210]
Event: 114.122 Thread 0x000000001adf1000 Exception <a 'java/lang/ClassNotFoundException': sync_local_repo1256_5jsxz6iv471cdlxcwgvx9to43Customizer> (0x00000000e010e8c8) thrown at [D:\src\AOSP-openjdk-cygwin\jdk8u\hotspot\src\share\vm\classfile\systemDictionary.cpp, line 210]

Events (10 events):
Event: 114.140 loading class groovy/runtime/metaclass/sync_local_repo1256_5jsxz6iv471cdlxcwgvx9to43$_run_closure1$_closure2MetaClass done
Event: 114.142 loading class groovy/runtime/metaclass/sync_local_repo1256_5jsxz6iv471cdlxcwgvx9to43$_run_closure1$_closure2$_closure4MetaClass
Event: 114.142 loading class groovy/runtime/metaclass/sync_local_repo1256_5jsxz6iv471cdlxcwgvx9to43$_run_closure1$_closure2$_closure4MetaClass done
Event: 114.146 loading class groovy/runtime/metaclass/sync_local_repo1256_5jsxz6iv471cdlxcwgvx9to43$_run_closure1$_closure2$_closure4$_closure5MetaClass
Event: 114.146 loading class groovy/runtime/metaclass/sync_local_repo1256_5jsxz6iv471cdlxcwgvx9to43$_run_closure1$_closure2$_closure4$_closure5MetaClass done
Event: 114.148 loading class groovy/runtime/metaclass/sync_local_repo1256_5jsxz6iv471cdlxcwgvx9to43$_run_closure1$_closure3MetaClass
Event: 114.148 loading class groovy/runtime/metaclass/sync_local_repo1256_5jsxz6iv471cdlxcwgvx9to43$_run_closure1$_closure3MetaClass done
Event: 114.150 loading class groovy/runtime/metaclass/sync_local_repo1256_5jsxz6iv471cdlxcwgvx9to43$_run_closure1$_closure3$_closure6MetaClass
Event: 114.150 loading class groovy/runtime/metaclass/sync_local_repo1256_5jsxz6iv471cdlxcwgvx9to43$_run_closure1$_closure3$_closure6MetaClass done
Event: 114.167 Thread 0x000000001b516000 Thread added: 0x000000001b516000


Dynamic libraries:
0x00007ff6e0ef0000 - 0x00007ff6e0f21000 	C:\Program Files\Android\Android Studio\jre\bin\java.exe
0x00007fff180f0000 - 0x00007fff182d0000 	C:\WINDOWS\SYSTEM32\ntdll.dll
0x00007fff18010000 - 0x00007fff180be000 	C:\WINDOWS\System32\KERNEL32.DLL
0x00007fff147f0000 - 0x00007fff14a56000 	C:\WINDOWS\System32\KERNELBASE.dll
0x00007fff178d0000 - 0x00007fff17971000 	C:\WINDOWS\System32\ADVAPI32.dll
0x00007fff17a70000 - 0x00007fff17b0d000 	C:\WINDOWS\System32\msvcrt.dll
0x00007fff17250000 - 0x00007fff172ab000 	C:\WINDOWS\System32\sechost.dll
0x00007fff16ea0000 - 0x00007fff16fbf000 	C:\WINDOWS\System32\RPCRT4.dll
0x00007fff16d10000 - 0x00007fff16e9f000 	C:\WINDOWS\System32\USER32.dll
0x00007fff155a0000 - 0x00007fff155c0000 	C:\WINDOWS\System32\win32u.dll
0x00007fff17840000 - 0x00007fff17868000 	C:\WINDOWS\System32\GDI32.dll
0x00007fff15300000 - 0x00007fff15493000 	C:\WINDOWS\System32\gdi32full.dll
0x00007fff14b10000 - 0x00007fff14bab000 	C:\WINDOWS\System32\msvcp_win.dll
0x00007fff154a0000 - 0x00007fff15596000 	C:\WINDOWS\System32\ucrtbase.dll
0x00007fff07bb0000 - 0x00007fff07e19000 	C:\WINDOWS\WinSxS\amd64_microsoft.windows.common-controls_6595b64144ccf1df_6.0.16299.309_none_15cfd4c4935e6b11\COMCTL32.dll
0x00007fff173c0000 - 0x00007fff176c8000 	C:\WINDOWS\System32\combase.dll
0x00007fff14770000 - 0x00007fff147e2000 	C:\WINDOWS\System32\bcryptPrimitives.dll
0x00007fff16fd0000 - 0x00007fff16ffd000 	C:\WINDOWS\System32\IMM32.DLL
0x000000006c750000 - 0x000000006c822000 	C:\Program Files\Android\Android Studio\jre\jre\bin\msvcr100.dll
0x000000006a270000 - 0x000000006aaae000 	C:\Program Files\Android\Android Studio\jre\jre\bin\server\jvm.dll
0x00007fff17000000 - 0x00007fff17008000 	C:\WINDOWS\System32\PSAPI.DLL
0x00007fff10e80000 - 0x00007fff10ea3000 	C:\WINDOWS\SYSTEM32\WINMM.dll
0x00007fff08100000 - 0x00007fff0810a000 	C:\WINDOWS\SYSTEM32\VERSION.dll
0x00007fff10e50000 - 0x00007fff10e7a000 	C:\WINDOWS\SYSTEM32\winmmbase.dll
0x00007fff14550000 - 0x00007fff1459a000 	C:\WINDOWS\System32\cfgmgr32.dll
0x00007fff0f070000 - 0x00007fff0f079000 	C:\WINDOWS\SYSTEM32\WSOCK32.dll
0x00007fff15620000 - 0x00007fff1568c000 	C:\WINDOWS\System32\ws2_32.DLL
0x00007fff0f060000 - 0x00007fff0f06f000 	C:\Program Files\Android\Android Studio\jre\jre\bin\verify.dll
0x00007fff05d40000 - 0x00007fff05d69000 	C:\Program Files\Android\Android Studio\jre\jre\bin\java.dll
0x00007fff01e20000 - 0x00007fff01e36000 	C:\Program Files\Android\Android Studio\jre\jre\bin\zip.dll
0x00007fff15830000 - 0x00007fff16c66000 	C:\WINDOWS\System32\SHELL32.dll
0x00007fff17f60000 - 0x00007fff18006000 	C:\WINDOWS\System32\shcore.dll
0x00007fff14bb0000 - 0x00007fff152f7000 	C:\WINDOWS\System32\windows.storage.dll
0x00007fff171f0000 - 0x00007fff17241000 	C:\WINDOWS\System32\shlwapi.dll
0x00007fff14440000 - 0x00007fff14451000 	C:\WINDOWS\System32\kernel.appcore.dll
0x00007fff14480000 - 0x00007fff144cc000 	C:\WINDOWS\System32\powrprof.dll
0x00007fff14460000 - 0x00007fff1447b000 	C:\WINDOWS\System32\profapi.dll
0x00007ffeff730000 - 0x00007ffeff74a000 	C:\Program Files\Android\Android Studio\jre\jre\bin\net.dll
0x00007fff13cd0000 - 0x00007fff13d36000 	C:\WINDOWS\system32\mswsock.dll
0x00007fff05d90000 - 0x00007fff05da1000 	C:\Program Files\Android\Android Studio\jre\jre\bin\nio.dll
0x00007fff05b20000 - 0x00007fff05b3e000 	C:\Users\Rozz\.gradle\native\25\windows-amd64\native-platform.dll
0x00007fff112f0000 - 0x00007fff112fd000 	C:\Program Files\Android\Android Studio\jre\jre\bin\management.dll
0x00007fff13e90000 - 0x00007fff13ea7000 	C:\WINDOWS\SYSTEM32\CRYPTSP.dll
0x00007fff138d0000 - 0x00007fff13903000 	C:\WINDOWS\system32\rsaenh.dll
0x00007fff13fa0000 - 0x00007fff13fc5000 	C:\WINDOWS\SYSTEM32\bcrypt.dll
0x00007fff14370000 - 0x00007fff14399000 	C:\WINDOWS\SYSTEM32\USERENV.dll
0x00007fff13eb0000 - 0x00007fff13ebb000 	C:\WINDOWS\SYSTEM32\CRYPTBASE.dll
0x00007fff13a60000 - 0x00007fff13a99000 	C:\WINDOWS\SYSTEM32\IPHLPAPI.DLL
0x00007fff171e0000 - 0x00007fff171e8000 	C:\WINDOWS\System32\NSI.dll
0x00007fff0afa0000 - 0x00007fff0afb6000 	C:\WINDOWS\SYSTEM32\dhcpcsvc6.DLL
0x00007fff0b2d0000 - 0x00007fff0b2ea000 	C:\WINDOWS\SYSTEM32\dhcpcsvc.DLL

VM Arguments:
jvm_args: -Xmx1536m -Dfile.encoding=windows-1252 -Duser.country=PH -Duser.language=en -Duser.variant 
java_command: org.gradle.launcher.daemon.bootstrap.GradleDaemon 4.1
java_class_path (initial): C:\Users\Rozz\.gradle\wrapper\dists\gradle-4.1-all\bzyivzo6n839fup2jbap0tjew\gradle-4.1\lib\gradle-launcher-4.1.jar
Launcher Type: SUN_STANDARD

Environment Variables:
JAVA_HOME=C:\Program Files (x86)\SAP\SAP Business One ServerTools\Common\sapjvm_8
CLASSPATH=C:\Program Files (x86)\SAP\SAP Business One DI API\JCO\LIB\sbowrapper.jar;C:\Program Files (x86)\SAP\SAP Business One DI API\JCO\LIB\sboapi.jar
PATH=C:\ProgramData\Oracle\Java\javapath;C:\Program Files (x86)\Intel\iCLS Client\;C:\Program Files\Intel\iCLS Client\;C:\Windows\system32;C:\Windows;C:\Windows\System32\Wbem;C:\Windows\System32\WindowsPowerShell\v1.0\;C:\Program Files (x86)\Intel\Intel(R) Management Engine Components\DAL;C:\Program Files\Intel\Intel(R) Management Engine Components\DAL;C:\Program Files (x86)\Intel\Intel(R) Management Engine Components\IPT;C:\Program Files\Intel\Intel(R) Management Engine Components\IPT;C:\Program Files (x86)\NVIDIA Corporation\PhysX\Common;C:\Program Files\dotnet\;C:\WINDOWS\system32\config\systemprofile\.dnx\bin;C:\Program Files\Microsoft DNX\Dnvm\;C:\Program Files\Microsoft SQL Server\130\Tools\Binn\;C:\Program Files (x86)\Microsoft SQL Server\110\Tools\Binn\;C:\Program Files\Microsoft SQL Server\110\Tools\Binn\;C:\Program Files\Microsoft SQL Server\110\DTS\Binn\;c:\Program Files (x86)\Microsoft SQL Server\100\Tools\Binn\;c:\Program Files\Microsoft SQL Server\100\Tools\Binn\;c:\Program Files\Microsoft SQL Server\100\DTS\Binn\;C:\Program Files (x86)\SAP\SAP Business One DI API\JCO\LIB\;C:\Program Files (x86)\SAP\SAP Business One DI API\DI API 90;C:\Program Files (x86)\SAP\SAP Business One\;C:\Program Files (x86)\Microsoft SQL Server\110\Tools\Binn\ManagementStudio\;C:\Program Files (x86)\Microsoft SQL Server\110\DTS\Binn\;C:\Program Files (x86)\SAP\SAP Business One ServerTools\Common\sapjvm_8\jre\bin;C:\Program Files (x86)\SAP\SAP Business One ServerTools\Common\tomcat\bin;C:\Program Files (x86)\SAP\SAP Business One ServerTools\Common\sapjvm_8\jre\bin\server;C:\WINDOWS\system32;C:\WINDOWS;C:\WINDOWS\System32\Wbem;C:\WINDOWS\System32\WindowsPowerShell\v1.0\;C:\Program Files\Git\cmd;C:\Users\Rozz\AppData\Local\Microsoft\WindowsApps;
USERNAME=Rozz
OS=Windows_NT
PROCESSOR_IDENTIFIER=Intel64 Family 6 Model 142 Stepping 9, GenuineIntel



---------------  S Y S T E M  ---------------

OS: Windows 10.0 , 64 bit Build 16299 (10.0.16299.15)

CPU:total 4 (initial active 4) (2 cores per cpu, 2 threads per core) family 6 model 142 stepping 9, cmov, cx8, fxsr, mmx, sse, sse2, sse3, ssse3, sse4.1, sse4.2, popcnt, avx, avx2, aes, clmul, erms, 3dnowpref, lzcnt, ht, tsc, tscinvbit, bmi1, bmi2, adx

Memory: 4k page, physical 4059364k(337316k free), swap 8253668k(3896k free)

vm_info: OpenJDK 64-Bit Server VM (25.152-b01) for windows-amd64 JRE (1.8.0_152-release-915-b01), built by "builder" with MS VC++ 10.0 (VS2010)

time: Wed Apr 25 10:43:52 2018
elapsed time: 114 seconds (0d 0h 1m 54s)

