#
# There is insufficient memory for the Java Runtime Environment to continue.
# Native memory allocation (malloc) failed to allocate 1818576 bytes for Chunk::new
# Possible reasons:
#   The system is out of physical RAM or swap space
#   In 32 bit mode, the process size limit was hit
# Possible solutions:
#   Reduce memory load on the system
#   Increase physical memory or swap space
#   Check if swap backing store is full
#   Use 64 bit Java on a 64 bit OS
#   Decrease Java heap size (-Xmx/-Xms)
#   Decrease number of Java threads
#   Decrease Java thread stack sizes (-Xss)
#   Set larger code cache with -XX:ReservedCodeCacheSize=
# This output file may be truncated or incomplete.
#
#  Out of Memory Error (allocation.cpp:390), pid=12936, tid=0x0000000000000c2c
#
# JRE version: OpenJDK Runtime Environment (8.0_152-b01) (build 1.8.0_152-release-915-b01)
# Java VM: OpenJDK 64-Bit Server VM (25.152-b01 mixed mode windows-amd64 compressed oops)
# Failed to write core dump. Minidumps are not enabled by default on client versions of Windows
#

---------------  T H R E A D  ---------------

Current thread (0x0000000018459000):  JavaThread "C2 CompilerThread0" daemon [_thread_in_native, id=3116, stack(0x0000000019ba0000,0x0000000019ca0000)]

Stack: [0x0000000019ba0000,0x0000000019ca0000]
[error occurred during error reporting (printing stack bounds), id 0xc0000005]

Native frames: (J=compiled Java code, j=interpreted, Vv=VM code, C=native code)


Current CompileTask:
C2:  15842 3939       4       org.gradle.model.internal.type.ModelType::wrap (219 bytes)


---------------  P R O C E S S  ---------------

Java Threads: ( => current thread )
  0x000000001f8a7800 JavaThread "Memory manager" [_thread_blocked, id=12620, stack(0x0000000023030000,0x0000000023130000)]
  0x000000001f8a8800 JavaThread "pool-1-thread-1" [_thread_blocked, id=5872, stack(0x0000000022b00000,0x0000000022c00000)]
  0x000000001f8a6000 JavaThread "build operations Thread 4" [_thread_blocked, id=6548, stack(0x0000000022800000,0x0000000022900000)]
  0x000000001f8a5800 JavaThread "build operations Thread 3" [_thread_blocked, id=4308, stack(0x0000000022700000,0x0000000022800000)]
  0x000000001f8a4800 JavaThread "build operations Thread 2" [_thread_blocked, id=12472, stack(0x0000000022600000,0x0000000022700000)]
  0x000000001f8aa800 JavaThread "build operations" [_thread_blocked, id=9268, stack(0x0000000022500000,0x0000000022600000)]
  0x000000001f8aa000 JavaThread "Cache worker for Artifact transforms cache (C:\Users\Rozz\.gradle\caches\transforms-1)" [_thread_blocked, id=4348, stack(0x000000001e3f0000,0x000000001e4f0000)]
  0x000000001be41000 JavaThread "Cache worker for file hash cache (C:\PERALTA BACKUPS\PrestigeMobileAppUpdatedWed28-6-18-1258AM\MMReport\.gradle\4.1\fileHashes)" [_thread_blocked, id=8564, stack(0x000000001e0f0000,0x000000001e1f0000)]
  0x000000001b7ad800 JavaThread "File lock request listener" [_thread_in_native, id=3452, stack(0x000000001ddf0000,0x000000001def0000)]
  0x000000001bb67800 JavaThread "Cache worker for file hash cache (C:\Users\Rozz\.gradle\caches\4.1\fileHashes)" [_thread_blocked, id=12264, stack(0x000000001dcf0000,0x000000001ddf0000)]
  0x000000001b392000 JavaThread "Stdin handler" [_thread_blocked, id=13260, stack(0x000000001dbf0000,0x000000001dcf0000)]
  0x000000001b64f800 JavaThread "Asynchronous log dispatcher for DefaultDaemonConnection: socket connection from /127.0.0.1:20433 to /127.0.0.1:20435" [_thread_blocked, id=4580, stack(0x000000001daf0000,0x000000001dbf0000)]
  0x000000001b64d000 JavaThread "Daemon worker" [_thread_in_native, id=10092, stack(0x000000001d9f0000,0x000000001daf0000)]
  0x000000001b649800 JavaThread "Cancel handler" [_thread_blocked, id=7140, stack(0x000000001d8f0000,0x000000001d9f0000)]
  0x000000001b6be000 JavaThread "Handler for socket connection from /127.0.0.1:20433 to /127.0.0.1:20435" [_thread_in_native, id=8124, stack(0x000000001d5f0000,0x000000001d6f0000)]
  0x000000001b6bd800 JavaThread "Daemon" [_thread_blocked, id=6764, stack(0x000000001d4f0000,0x000000001d5f0000)]
  0x000000001b4bf000 JavaThread "Daemon periodic checks" [_thread_blocked, id=5364, stack(0x000000001d3f0000,0x000000001d4f0000)]
  0x000000001b4b4000 JavaThread "Incoming local TCP Connector on port 20433" [_thread_in_native, id=1548, stack(0x000000001bc70000,0x000000001bd70000)]
  0x00000000184ae800 JavaThread "Service Thread" daemon [_thread_blocked, id=4716, stack(0x000000001a2a0000,0x000000001a3a0000)]
  0x0000000018451800 JavaThread "C1 CompilerThread2" daemon [_thread_blocked, id=3908, stack(0x0000000019da0000,0x0000000019ea0000)]
  0x000000001844c000 JavaThread "C2 CompilerThread1" daemon [_thread_in_native, id=8752, stack(0x0000000019ca0000,0x0000000019da0000)]
=>0x0000000018459000 JavaThread "C2 CompilerThread0" daemon [_thread_in_native, id=3116, stack(0x0000000019ba0000,0x0000000019ca0000)]
  0x0000000018457800 JavaThread "Attach Listener" daemon [_thread_blocked, id=6364, stack(0x0000000019aa0000,0x0000000019ba0000)]
  0x0000000018456000 JavaThread "Signal Dispatcher" daemon [_thread_blocked, id=208, stack(0x00000000199a0000,0x0000000019aa0000)]
  0x0000000018438800 JavaThread "Finalizer" daemon [_thread_blocked, id=7484, stack(0x00000000196b0000,0x00000000197b0000)]
  0x0000000004a02800 JavaThread "Reference Handler" daemon [_thread_blocked, id=12424, stack(0x00000000195b0000,0x00000000196b0000)]
  0x0000000004ade800 JavaThread "main" [_thread_blocked, id=8512, stack(0x0000000003000000,0x0000000003100000)]

Other Threads:
  0x0000000018415800 VMThread [stack: 0x00000000194b0000,0x00000000195b0000] [id=1776]
  0x0000000019ec2800 WatcherThread [stack: 0x000000001a3a0000,0x000000001a4a0000] [id=9832]

VM state:not at safepoint (normal execution)

VM Mutex/Monitor currently owned by a thread: None

Heap:
 PSYoungGen      total 49152K, used 7003K [0x00000000e0000000, 0x00000000e3700000, 0x0000000100000000)
  eden space 41984K, 9% used [0x00000000e0000000,0x00000000e03fbe00,0x00000000e2900000)
  from space 7168K, 40% used [0x00000000e2900000,0x00000000e2bdb048,0x00000000e3000000)
  to   space 6656K, 0% used [0x00000000e3080000,0x00000000e3080000,0x00000000e3700000)
 ParOldGen       total 59904K, used 15800K [0x00000000a0000000, 0x00000000a3a80000, 0x00000000e0000000)
  object space 59904K, 26% used [0x00000000a0000000,0x00000000a0f6e010,0x00000000a3a80000)
 Metaspace       used 37054K, capacity 37814K, committed 38104K, reserved 1081344K
  class space    used 4976K, capacity 5249K, committed 5336K, reserved 1048576K

Card table byte_map: [0x0000000013ea0000,0x00000000141b0000] byte_map_base: 0x00000000139a0000

Marking Bits: (ParMarkBitMap*) 0x0000000066963950
 Begin Bits: [0x00000000147b0000, 0x0000000015fb0000)
 End Bits:   [0x0000000015fb0000, 0x00000000177b0000)

Polling page: 0x0000000003100000

CodeCache: size=245760Kb used=13805Kb max_used=13805Kb free=231954Kb
 bounds [0x0000000004ae0000, 0x0000000005870000, 0x0000000013ae0000]
 total_blobs=4464 nmethods=3746 adapters=630
 compilation: enabled

Compilation events (10 events):
Event: 15.659 Thread 0x0000000018451800 4077       2       com.google.common.collect.LinkedHashMultimap::access$400 (6 bytes)
Event: 15.659 Thread 0x0000000018451800 nmethod 4077 0x00000000058671d0 code [0x0000000005867320, 0x0000000005867490]
Event: 15.659 Thread 0x0000000018451800 4078       1       org.gradle.api.internal.AbstractClassGenerator$ClassMetaData::access$400 (5 bytes)
Event: 15.659 Thread 0x0000000018451800 nmethod 4078 0x0000000005867590 code [0x00000000058676e0, 0x00000000058677d0]
Event: 15.669 Thread 0x0000000018451800 4079       2       org.objectweb.asm.ByteVector::enlarge (51 bytes)
Event: 15.669 Thread 0x0000000018451800 nmethod 4079 0x0000000005867850 code [0x00000000058679c0, 0x0000000005867c88]
Event: 15.770 Thread 0x0000000018451800 4080       1       org.gradle.model.internal.core.AbstractModelAction::getSubject (5 bytes)
Event: 15.770 Thread 0x0000000018451800 nmethod 4080 0x0000000005867d90 code [0x0000000005867ee0, 0x0000000005867ff0]
Event: 15.770 Thread 0x0000000018451800 4081       2       org.gradle.model.internal.registry.ModelNodeInternal::isAtLeast (17 bytes)
Event: 15.771 Thread 0x0000000018451800 nmethod 4081 0x0000000005868050 code [0x00000000058681c0, 0x0000000005868378]

GC Heap History (10 events):
Event: 11.531 GC heap before
{Heap before GC invocations=15 (full 1):
 PSYoungGen      total 31744K, used 29747K [0x00000000e0000000, 0x00000000e2e00000, 0x0000000100000000)
  eden space 25088K, 100% used [0x00000000e0000000,0x00000000e1880000,0x00000000e1880000)
  from space 6656K, 70% used [0x00000000e1880000,0x00000000e1d0cdf0,0x00000000e1f00000)
  to   space 6656K, 0% used [0x00000000e2780000,0x00000000e2780000,0x00000000e2e00000)
 ParOldGen       total 36352K, used 8942K [0x00000000a0000000, 0x00000000a2380000, 0x00000000e0000000)
  object space 36352K, 24% used [0x00000000a0000000,0x00000000a08bbb28,0x00000000a2380000)
 Metaspace       used 30068K, capacity 30604K, committed 30976K, reserved 1075200K
  class space    used 4110K, capacity 4287K, committed 4352K, reserved 1048576K
Event: 11.542 GC heap after
Heap after GC invocations=15 (full 1):
 PSYoungGen      total 39424K, used 2902K [0x00000000e0000000, 0x00000000e2d80000, 0x0000000100000000)
  eden space 33280K, 0% used [0x00000000e0000000,0x00000000e0000000,0x00000000e2080000)
  from space 6144K, 47% used [0x00000000e2780000,0x00000000e2a55848,0x00000000e2d80000)
  to   space 6656K, 0% used [0x00000000e2080000,0x00000000e2080000,0x00000000e2700000)
 ParOldGen       total 36352K, used 10715K [0x00000000a0000000, 0x00000000a2380000, 0x00000000e0000000)
  object space 36352K, 29% used [0x00000000a0000000,0x00000000a0a76e18,0x00000000a2380000)
 Metaspace       used 30068K, capacity 30604K, committed 30976K, reserved 1075200K
  class space    used 4110K, capacity 4287K, committed 4352K, reserved 1048576K
}
Event: 12.960 GC heap before
{Heap before GC invocations=16 (full 1):
 PSYoungGen      total 39424K, used 36182K [0x00000000e0000000, 0x00000000e2d80000, 0x0000000100000000)
  eden space 33280K, 100% used [0x00000000e0000000,0x00000000e2080000,0x00000000e2080000)
  from space 6144K, 47% used [0x00000000e2780000,0x00000000e2a55848,0x00000000e2d80000)
  to   space 6656K, 0% used [0x00000000e2080000,0x00000000e2080000,0x00000000e2700000)
 ParOldGen       total 36352K, used 10715K [0x00000000a0000000, 0x00000000a2380000, 0x00000000e0000000)
  object space 36352K, 29% used [0x00000000a0000000,0x00000000a0a76e18,0x00000000a2380000)
 Metaspace       used 31114K, capacity 31690K, committed 31872K, reserved 1077248K
  class space    used 4248K, capacity 4456K, committed 4480K, reserved 1048576K
Event: 12.969 GC heap after
Heap after GC invocations=16 (full 1):
 PSYoungGen      total 39936K, used 2774K [0x00000000e0000000, 0x00000000e3700000, 0x0000000100000000)
  eden space 33280K, 0% used [0x00000000e0000000,0x00000000e0000000,0x00000000e2080000)
  from space 6656K, 41% used [0x00000000e2080000,0x00000000e2335ad8,0x00000000e2700000)
  to   space 6656K, 0% used [0x00000000e3080000,0x00000000e3080000,0x00000000e3700000)
 ParOldGen       total 36352K, used 11499K [0x00000000a0000000, 0x00000000a2380000, 0x00000000e0000000)
  object space 36352K, 31% used [0x00000000a0000000,0x00000000a0b3ae28,0x00000000a2380000)
 Metaspace       used 31114K, capacity 31690K, committed 31872K, reserved 1077248K
  class space    used 4248K, capacity 4456K, committed 4480K, reserved 1048576K
}
Event: 14.651 GC heap before
{Heap before GC invocations=17 (full 1):
 PSYoungGen      total 39936K, used 27860K [0x00000000e0000000, 0x00000000e3700000, 0x0000000100000000)
  eden space 33280K, 75% used [0x00000000e0000000,0x00000000e187f578,0x00000000e2080000)
  from space 6656K, 41% used [0x00000000e2080000,0x00000000e2335ad8,0x00000000e2700000)
  to   space 6656K, 0% used [0x00000000e3080000,0x00000000e3080000,0x00000000e3700000)
 ParOldGen       total 36352K, used 11499K [0x00000000a0000000, 0x00000000a2380000, 0x00000000e0000000)
  object space 36352K, 31% used [0x00000000a0000000,0x00000000a0b3ae28,0x00000000a2380000)
 Metaspace       used 34616K, capacity 35236K, committed 35416K, reserved 1079296K
  class space    used 4659K, capacity 4921K, committed 4952K, reserved 1048576K
Event: 14.660 GC heap after
Heap after GC invocations=17 (full 1):
 PSYoungGen      total 48640K, used 5791K [0x00000000e0000000, 0x00000000e3700000, 0x0000000100000000)
  eden space 41984K, 0% used [0x00000000e0000000,0x00000000e0000000,0x00000000e2900000)
  from space 6656K, 87% used [0x00000000e3080000,0x00000000e3627ee0,0x00000000e3700000)
  to   space 7168K, 0% used [0x00000000e2900000,0x00000000e2900000,0x00000000e3000000)
 ParOldGen       total 36352K, used 11507K [0x00000000a0000000, 0x00000000a2380000, 0x00000000e0000000)
  object space 36352K, 31% used [0x00000000a0000000,0x00000000a0b3ce28,0x00000000a2380000)
 Metaspace       used 34616K, capacity 35236K, committed 35416K, reserved 1079296K
  class space    used 4659K, capacity 4921K, committed 4952K, reserved 1048576K
}
Event: 14.660 GC heap before
{Heap before GC invocations=18 (full 2):
 PSYoungGen      total 48640K, used 5791K [0x00000000e0000000, 0x00000000e3700000, 0x0000000100000000)
  eden space 41984K, 0% used [0x00000000e0000000,0x00000000e0000000,0x00000000e2900000)
  from space 6656K, 87% used [0x00000000e3080000,0x00000000e3627ee0,0x00000000e3700000)
  to   space 7168K, 0% used [0x00000000e2900000,0x00000000e2900000,0x00000000e3000000)
 ParOldGen       total 36352K, used 11507K [0x00000000a0000000, 0x00000000a2380000, 0x00000000e0000000)
  object space 36352K, 31% used [0x00000000a0000000,0x00000000a0b3ce28,0x00000000a2380000)
 Metaspace       used 34616K, capacity 35236K, committed 35416K, reserved 1079296K
  class space    used 4659K, capacity 4921K, committed 4952K, reserved 1048576K
Event: 14.751 GC heap after
Heap after GC invocations=18 (full 2):
 PSYoungGen      total 48640K, used 0K [0x00000000e0000000, 0x00000000e3700000, 0x0000000100000000)
  eden space 41984K, 0% used [0x00000000e0000000,0x00000000e0000000,0x00000000e2900000)
  from space 6656K, 0% used [0x00000000e3080000,0x00000000e3080000,0x00000000e3700000)
  to   space 7168K, 0% used [0x00000000e2900000,0x00000000e2900000,0x00000000e3000000)
 ParOldGen       total 59904K, used 15792K [0x00000000a0000000, 0x00000000a3a80000, 0x00000000e0000000)
  object space 59904K, 26% used [0x00000000a0000000,0x00000000a0f6c010,0x00000000a3a80000)
 Metaspace       used 34616K, capacity 35236K, committed 35416K, reserved 1079296K
  class space    used 4659K, capacity 4921K, committed 4952K, reserved 1048576K
}
Event: 15.526 GC heap before
{Heap before GC invocations=19 (full 2):
 PSYoungGen      total 48640K, used 41984K [0x00000000e0000000, 0x00000000e3700000, 0x0000000100000000)
  eden space 41984K, 100% used [0x00000000e0000000,0x00000000e2900000,0x00000000e2900000)
  from space 6656K, 0% used [0x00000000e3080000,0x00000000e3080000,0x00000000e3700000)
  to   space 7168K, 0% used [0x00000000e2900000,0x00000000e2900000,0x00000000e3000000)
 ParOldGen       total 59904K, used 15792K [0x00000000a0000000, 0x00000000a3a80000, 0x00000000e0000000)
  object space 59904K, 26% used [0x00000000a0000000,0x00000000a0f6c010,0x00000000a3a80000)
 Metaspace       used 36800K, capacity 37494K, committed 37720K, reserved 1081344K
  class space    used 4946K, capacity 5185K, committed 5208K, reserved 1048576K
Event: 15.541 GC heap after
Heap after GC invocations=19 (full 2):
 PSYoungGen      total 49152K, used 2924K [0x00000000e0000000, 0x00000000e3700000, 0x0000000100000000)
  eden space 41984K, 0% used [0x00000000e0000000,0x00000000e0000000,0x00000000e2900000)
  from space 7168K, 40% used [0x00000000e2900000,0x00000000e2bdb048,0x00000000e3000000)
  to   space 6656K, 0% used [0x00000000e3080000,0x00000000e3080000,0x00000000e3700000)
 ParOldGen       total 59904K, used 15800K [0x00000000a0000000, 0x00000000a3a80000, 0x00000000e0000000)
  object space 59904K, 26% used [0x00000000a0000000,0x00000000a0f6e010,0x00000000a3a80000)
 Metaspace       used 36800K, capacity 37494K, committed 37720K, reserved 1081344K
  class space    used 4946K, capacity 5185K, committed 5208K, reserved 1048576K
}

Deoptimization events (10 events):
Event: 11.932 Thread 0x000000001b64d000 Uncommon trap: reason=unstable_if action=reinterpret pc=0x00000000055afe38 method=sun.nio.cs.ISO_8859_1$Decoder.decodeArrayLoop(Ljava/nio/ByteBuffer;Ljava/nio/CharBuffer;)Ljava/nio/charset/CoderResult; @ 146
Event: 12.247 Thread 0x000000001b64d000 Uncommon trap: reason=unstable_if action=reinterpret pc=0x0000000005591a84 method=com.sun.org.apache.xerces.internal.impl.XMLEntityScanner.scanName(Lcom/sun/org/apache/xerces/internal/impl/XMLScanner$NameType;)Ljava/lang/String; @ 69
Event: 12.328 Thread 0x000000001b64d000 Uncommon trap: reason=unstable_if action=reinterpret pc=0x0000000005564be4 method=com.sun.org.apache.xerces.internal.impl.XMLDocumentFragmentScannerImpl$FragmentContentDriver.next()I @ 823
Event: 12.922 Thread 0x000000001b64d000 Uncommon trap: reason=range_check action=make_not_entrant pc=0x0000000005403d84 method=java.lang.String.charAt(I)C @ 27
Event: 14.160 Thread 0x000000001b64d000 Uncommon trap: reason=unstable_if action=reinterpret pc=0x00000000054a8310 method=java.lang.Integer.valueOf(I)Ljava/lang/Integer; @ 3
Event: 14.978 Thread 0x000000001b64d000 Uncommon trap: reason=unstable_if action=reinterpret pc=0x0000000005054c1c method=sun.misc.MetaIndex.mayContain(Ljava/lang/String;)Z @ 38
Event: 15.192 Thread 0x000000001b64d000 Uncommon trap: reason=unstable_if action=reinterpret pc=0x0000000005573d18 method=java.util.HashMap.removeNode(ILjava/lang/Object;Ljava/lang/Object;ZZ)Ljava/util/HashMap$Node; @ 58
Event: 15.214 Thread 0x000000001b64d000 Uncommon trap: reason=unstable_if action=reinterpret pc=0x0000000005384d68 method=java.util.HashMap.putVal(ILjava/lang/Object;Ljava/lang/Object;ZZ)Ljava/lang/Object; @ 162
Event: 15.214 Thread 0x000000001b64d000 Uncommon trap: reason=unstable_if action=reinterpret pc=0x0000000004da0510 method=java.util.HashMap.resize()[Ljava/util/HashMap$Node; @ 206
Event: 15.230 Thread 0x000000001b64d000 Uncommon trap: reason=unstable_if action=reinterpret pc=0x0000000005521d68 method=java.util.HashMap.removeNode(ILjava/lang/Object;Ljava/lang/Object;ZZ)Ljava/util/HashMap$Node; @ 58

Classes redefined (0 events):
No events

Internal exceptions (10 events):
Event: 13.930 Thread 0x000000001b64d000 Exception <a 'java/lang/ClassNotFoundException': org/gradle/api/internal/AbstractTaskCustomizer> (0x00000000e0253f80) thrown at [D:\src\AOSP-openjdk-cygwin\jdk8u\hotspot\src\share\vm\classfile\systemDictionary.cpp, line 210]
Event: 13.933 Thread 0x000000001b64d000 Exception <a 'java/lang/ClassNotFoundException': org/gradle/api/DefaultTaskCustomizer> (0x00000000e02d3e50) thrown at [D:\src\AOSP-openjdk-cygwin\jdk8u\hotspot\src\share\vm\classfile\systemDictionary.cpp, line 210]
Event: 13.934 Thread 0x000000001b64d000 Exception <a 'java/lang/ClassNotFoundException': org/gradle/api/internal/ConventionTaskCustomizer> (0x00000000e03092f0) thrown at [D:\src\AOSP-openjdk-cygwin\jdk8u\hotspot\src\share\vm\classfile\systemDictionary.cpp, line 210]
Event: 13.935 Thread 0x000000001b64d000 Exception <a 'java/lang/ClassNotFoundException': org/gradle/api/tasks/DeleteCustomizer> (0x00000000e033d158) thrown at [D:\src\AOSP-openjdk-cygwin\jdk8u\hotspot\src\share\vm\classfile\systemDictionary.cpp, line 210]
Event: 13.937 Thread 0x000000001b64d000 Exception <a 'java/lang/ClassNotFoundException': org/gradle/api/tasks/Delete_DecoratedCustomizer> (0x00000000e037e140) thrown at [D:\src\AOSP-openjdk-cygwin\jdk8u\hotspot\src\share\vm\classfile\systemDictionary.cpp, line 210]
Event: 14.019 Thread 0x000000001b64d000 Exception <a 'java/lang/ClassNotFoundException': build_2ma4yhmb18bocq7qk2zdq1ow7BeanInfo> (0x00000000e0467b60) thrown at [D:\src\AOSP-openjdk-cygwin\jdk8u\hotspot\src\share\vm\classfile\systemDictionary.cpp, line 210]
Event: 14.020 Thread 0x000000001b64d000 Exception <a 'java/lang/ClassNotFoundException': build_2ma4yhmb18bocq7qk2zdq1ow7Customizer> (0x00000000e0471538) thrown at [D:\src\AOSP-openjdk-cygwin\jdk8u\hotspot\src\share\vm\classfile\systemDictionary.cpp, line 210]
Event: 14.024 Thread 0x000000001b64d000 Exception <a 'java/lang/ClassNotFoundException': org/gradle/api/internal/plugins/DefaultObjectConfigurationActionBeanInfo> (0x00000000e04d7e30) thrown at [D:\src\AOSP-openjdk-cygwin\jdk8u\hotspot\src\share\vm\classfile\systemDictionary.cpp, line 210]
Event: 14.025 Thread 0x000000001b64d000 Exception <a 'java/lang/ClassNotFoundException': org/gradle/api/internal/plugins/DefaultObjectConfigurationActionCustomizer> (0x00000000e0508d60) thrown at [D:\src\AOSP-openjdk-cygwin\jdk8u\hotspot\src\share\vm\classfile\systemDictionary.cpp, line 210]
Event: 14.386 Thread 0x000000001b64d000 Exception <a 'sun/nio/fs/WindowsException'> (0x00000000e1047ac0) thrown at [D:\src\AOSP-openjdk-cygwin\jdk8u\hotspot\src\share\vm\prims\jni.cpp, line 709]

Events (10 events):
Event: 15.779 loading class org/gradle/execution/taskgraph/TaskPlanExecutorFactory
Event: 15.779 loading class org/gradle/execution/taskgraph/TaskPlanExecutorFactory done
Event: 15.808 loading class org/gradle/execution/taskgraph/DefaultTaskPlanExecutor
Event: 15.808 loading class org/gradle/execution/taskgraph/DefaultTaskPlanExecutor done
Event: 15.812 loading class org/gradle/internal/service/scopes/GradleScopeServices$3
Event: 15.812 loading class org/gradle/internal/service/scopes/GradleScopeServices$3 done
Event: 15.814 loading class org/gradle/execution/taskgraph/DefaultTaskGraphExecuter
Event: 15.814 loading class org/gradle/execution/taskgraph/DefaultTaskGraphExecuter done
Event: 15.817 loading class org/gradle/execution/taskgraph/TaskExecutionPlan
Event: 15.817 loading class org/gradle/execution/taskgraph/TaskExecutionPlan done


Dynamic libraries:
0x00007ff7afee0000 - 0x00007ff7aff11000 	C:\Program Files\Android\Android Studio\jre\bin\java.exe
0x00007ffba27c0000 - 0x00007ffba29a0000 	C:\WINDOWS\SYSTEM32\ntdll.dll
0x00007ffba03e0000 - 0x00007ffba048e000 	C:\WINDOWS\System32\KERNEL32.DLL
0x00007ffb9edc0000 - 0x00007ffb9f026000 	C:\WINDOWS\System32\KERNELBASE.dll
0x00007ffba0850000 - 0x00007ffba08f1000 	C:\WINDOWS\System32\ADVAPI32.dll
0x00007ffb9ff40000 - 0x00007ffb9ffdd000 	C:\WINDOWS\System32\msvcrt.dll
0x00007ffba10a0000 - 0x00007ffba10fb000 	C:\WINDOWS\System32\sechost.dll
0x00007ffba0900000 - 0x00007ffba0a1f000 	C:\WINDOWS\System32\RPCRT4.dll
0x00007ffba1100000 - 0x00007ffba128f000 	C:\WINDOWS\System32\USER32.dll
0x00007ffb9ec40000 - 0x00007ffb9ec60000 	C:\WINDOWS\System32\win32u.dll
0x00007ffba0aa0000 - 0x00007ffba0ac8000 	C:\WINDOWS\System32\GDI32.dll
0x00007ffb9f030000 - 0x00007ffb9f1c3000 	C:\WINDOWS\System32\gdi32full.dll
0x00007ffb9fa20000 - 0x00007ffb9fabb000 	C:\WINDOWS\System32\msvcp_win.dll
0x00007ffb9f920000 - 0x00007ffb9fa16000 	C:\WINDOWS\System32\ucrtbase.dll
0x00007ffb91f10000 - 0x00007ffb92179000 	C:\WINDOWS\WinSxS\amd64_microsoft.windows.common-controls_6595b64144ccf1df_6.0.16299.431_none_15c7d3ee93659e73\COMCTL32.dll
0x00007ffba00d0000 - 0x00007ffba03d8000 	C:\WINDOWS\System32\combase.dll
0x00007ffb9ebc0000 - 0x00007ffb9ec32000 	C:\WINDOWS\System32\bcryptPrimitives.dll
0x00007ffb9fc90000 - 0x00007ffb9fcbd000 	C:\WINDOWS\System32\IMM32.DLL
0x0000000067d50000 - 0x0000000067e22000 	C:\Program Files\Android\Android Studio\jre\jre\bin\msvcr100.dll
0x00000000661a0000 - 0x00000000669de000 	C:\Program Files\Android\Android Studio\jre\jre\bin\server\jvm.dll
0x00007ffba26d0000 - 0x00007ffba26d8000 	C:\WINDOWS\System32\PSAPI.DLL
0x00007ffb9c850000 - 0x00007ffb9c85a000 	C:\WINDOWS\SYSTEM32\VERSION.dll
0x00007ffb9bfc0000 - 0x00007ffb9bfe3000 	C:\WINDOWS\SYSTEM32\WINMM.dll
0x00007ffb9ced0000 - 0x00007ffb9ced9000 	C:\WINDOWS\SYSTEM32\WSOCK32.dll
0x00007ffb9bf60000 - 0x00007ffb9bf8a000 	C:\WINDOWS\SYSTEM32\winmmbase.dll
0x00007ffb9ffe0000 - 0x00007ffba004c000 	C:\WINDOWS\System32\WS2_32.dll
0x00007ffb9ed70000 - 0x00007ffb9edba000 	C:\WINDOWS\System32\cfgmgr32.dll
0x00007ffb9ce70000 - 0x00007ffb9ce7f000 	C:\Program Files\Android\Android Studio\jre\jre\bin\verify.dll
0x00007ffb99d60000 - 0x00007ffb99d89000 	C:\Program Files\Android\Android Studio\jre\jre\bin\java.dll
0x00007ffb9ab70000 - 0x00007ffb9ab86000 	C:\Program Files\Android\Android Studio\jre\jre\bin\zip.dll
0x00007ffba1290000 - 0x00007ffba26c8000 	C:\WINDOWS\System32\SHELL32.dll
0x00007ffba26e0000 - 0x00007ffba2786000 	C:\WINDOWS\System32\shcore.dll
0x00007ffb9f1d0000 - 0x00007ffb9f917000 	C:\WINDOWS\System32\windows.storage.dll
0x00007ffba0f30000 - 0x00007ffba0f81000 	C:\WINDOWS\System32\shlwapi.dll
0x00007ffb9eb50000 - 0x00007ffb9eb61000 	C:\WINDOWS\System32\kernel.appcore.dll
0x00007ffb9eb70000 - 0x00007ffb9ebbc000 	C:\WINDOWS\System32\powrprof.dll
0x00007ffb9eb30000 - 0x00007ffb9eb4b000 	C:\WINDOWS\System32\profapi.dll
0x00007ffb99d40000 - 0x00007ffb99d5a000 	C:\Program Files\Android\Android Studio\jre\jre\bin\net.dll
0x00007ffb9e3a0000 - 0x00007ffb9e406000 	C:\WINDOWS\system32\mswsock.dll
0x00007ffb99d20000 - 0x00007ffb99d31000 	C:\Program Files\Android\Android Studio\jre\jre\bin\nio.dll
0x00007ffb94d20000 - 0x00007ffb94d3e000 	C:\Users\Rozz\.gradle\native\25\windows-amd64\native-platform.dll
0x00007ffb9ce60000 - 0x00007ffb9ce6d000 	C:\Program Files\Android\Android Studio\jre\jre\bin\management.dll
0x00007ffb9e560000 - 0x00007ffb9e577000 	C:\WINDOWS\SYSTEM32\CRYPTSP.dll
0x00007ffb9dfa0000 - 0x00007ffb9dfd3000 	C:\WINDOWS\system32\rsaenh.dll
0x00007ffb9e670000 - 0x00007ffb9e695000 	C:\WINDOWS\SYSTEM32\bcrypt.dll
0x00007ffb9ea10000 - 0x00007ffb9ea39000 	C:\WINDOWS\SYSTEM32\USERENV.dll
0x00007ffb9e580000 - 0x00007ffb9e58b000 	C:\WINDOWS\SYSTEM32\CRYPTBASE.dll
0x00007ffb9e130000 - 0x00007ffb9e169000 	C:\WINDOWS\SYSTEM32\IPHLPAPI.DLL
0x00007ffba0ad0000 - 0x00007ffba0ad8000 	C:\WINDOWS\System32\NSI.dll
0x00007ffb95840000 - 0x00007ffb95856000 	C:\WINDOWS\SYSTEM32\dhcpcsvc6.DLL
0x00007ffb957d0000 - 0x00007ffb957ea000 	C:\WINDOWS\SYSTEM32\dhcpcsvc.DLL

VM Arguments:
jvm_args: -Xmx1536m -Dfile.encoding=windows-1252 -Duser.country=PH -Duser.language=en -Duser.variant 
java_command: org.gradle.launcher.daemon.bootstrap.GradleDaemon 4.1
java_class_path (initial): C:\Users\Rozz\.gradle\wrapper\dists\gradle-4.1-all\bzyivzo6n839fup2jbap0tjew\gradle-4.1\lib\gradle-launcher-4.1.jar
Launcher Type: SUN_STANDARD

Environment Variables:
JAVA_HOME=C:\Program Files (x86)\SAP\SAP Business One ServerTools\Common\sapjvm_8
CLASSPATH=C:\Program Files (x86)\SAP\SAP Business One DI API\JCO\LIB\sbowrapper.jar;C:\Program Files (x86)\SAP\SAP Business One DI API\JCO\LIB\sboapi.jar
PATH=C:\ProgramData\Oracle\Java\javapath;C:\Program Files (x86)\Intel\iCLS Client\;C:\Program Files\Intel\iCLS Client\;C:\Windows\system32;C:\Windows;C:\Windows\System32\Wbem;C:\Windows\System32\WindowsPowerShell\v1.0\;C:\Program Files (x86)\Intel\Intel(R) Management Engine Components\DAL;C:\Program Files\Intel\Intel(R) Management Engine Components\DAL;C:\Program Files (x86)\Intel\Intel(R) Management Engine Components\IPT;C:\Program Files\Intel\Intel(R) Management Engine Components\IPT;C:\Program Files (x86)\NVIDIA Corporation\PhysX\Common;C:\Program Files\dotnet\;C:\WINDOWS\system32\config\systemprofile\.dnx\bin;C:\Program Files\Microsoft DNX\Dnvm\;C:\Program Files\Microsoft SQL Server\130\Tools\Binn\;C:\Program Files (x86)\Microsoft SQL Server\110\Tools\Binn\;C:\Program Files\Microsoft SQL Server\110\Tools\Binn\;C:\Program Files\Microsoft SQL Server\110\DTS\Binn\;c:\Program Files (x86)\Microsoft SQL Server\100\Tools\Binn\;c:\Program Files\Microsoft SQL Server\100\Tools\Binn\;c:\Program Files\Microsoft SQL Server\100\DTS\Binn\;C:\Program Files (x86)\SAP\SAP Business One DI API\JCO\LIB\;C:\Program Files (x86)\SAP\SAP Business One DI API\DI API 90;C:\Program Files (x86)\SAP\SAP Business One\;C:\Program Files (x86)\Microsoft SQL Server\110\Tools\Binn\ManagementStudio\;C:\Program Files (x86)\Microsoft SQL Server\110\DTS\Binn\;C:\Program Files (x86)\SAP\SAP Business One ServerTools\Common\sapjvm_8\jre\bin;C:\Program Files (x86)\SAP\SAP Business One ServerTools\Common\tomcat\bin;C:\Program Files (x86)\SAP\SAP Business One ServerTools\Common\sapjvm_8\jre\bin\server;C:\WINDOWS\system32;C:\WINDOWS;C:\WINDOWS\System32\Wbem;C:\WINDOWS\System32\WindowsPowerShell\v1.0\;C:\Program Files\Git\cmd;C:\Users\Rozz\AppData\Local\Microsoft\WindowsApps;
USERNAME=Rozz
OS=Windows_NT
PROCESSOR_IDENTIFIER=Intel64 Family 6 Model 142 Stepping 9, GenuineIntel



---------------  S Y S T E M  ---------------

OS: Windows 10.0 , 64 bit Build 16299 (10.0.16299.431)

CPU:total 4 (initial active 4) (2 cores per cpu, 2 threads per core) family 6 model 142 stepping 9, cmov, cx8, fxsr, mmx, sse, sse2, sse3, ssse3, sse4.1, sse4.2, popcnt, avx, avx2, aes, clmul, erms, 3dnowpref, lzcnt, ht, tsc, tscinvbit, bmi1, bmi2, adx

Memory: 4k page, physical 4059364k(348368k free), swap 8253668k(4640k free)

vm_info: OpenJDK 64-Bit Server VM (25.152-b01) for windows-amd64 JRE (1.8.0_152-release-915-b01), built by "builder" with MS VC++ 10.0 (VS2010)

time: Mon Jun 18 22:20:20 2018
elapsed time: 15 seconds (0d 0h 0m 15s)

