#
# There is insufficient memory for the Java Runtime Environment to continue.
# Native memory allocation (malloc) failed to allocate 1035216 bytes for Chunk::new
# Possible reasons:
#   The system is out of physical RAM or swap space
#   In 32 bit mode, the process size limit was hit
# Possible solutions:
#   Reduce memory load on the system
#   Increase physical memory or swap space
#   Check if swap backing store is full
#   Use 64 bit Java on a 64 bit OS
#   Decrease Java heap size (-Xmx/-Xms)
#   Decrease number of Java threads
#   Decrease Java thread stack sizes (-Xss)
#   Set larger code cache with -XX:ReservedCodeCacheSize=
# This output file may be truncated or incomplete.
#
#  Out of Memory Error (allocation.cpp:390), pid=9660, tid=0x00000000000027c0
#
# JRE version: OpenJDK Runtime Environment (8.0_152-b01) (build 1.8.0_152-release-915-b01)
# Java VM: OpenJDK 64-Bit Server VM (25.152-b01 mixed mode windows-amd64 compressed oops)
# Failed to write core dump. Minidumps are not enabled by default on client versions of Windows
#

---------------  T H R E A D  ---------------

Current thread (0x0000000018bdd000):  JavaThread "C2 CompilerThread0" daemon [_thread_in_native, id=10176, stack(0x000000001a320000,0x000000001a420000)]

Stack: [0x000000001a320000,0x000000001a420000]
[error occurred during error reporting (printing stack bounds), id 0xc0000005]

Native frames: (J=compiled Java code, j=interpreted, Vv=VM code, C=native code)


Current CompileTask:
C2:  41082 3674   !   4       java.net.URLClassLoader$1::run (63 bytes)


---------------  P R O C E S S  ---------------

Java Threads: ( => current thread )
  0x000000001eae4000 JavaThread "Memory manager" [_thread_blocked, id=1080, stack(0x0000000023460000,0x0000000023560000)]
  0x000000001d9fa800 JavaThread "pool-1-thread-1" [_thread_blocked, id=12672, stack(0x0000000023160000,0x0000000023260000)]
  0x000000001d9f8800 JavaThread "build operations Thread 4" [_thread_blocked, id=13332, stack(0x0000000022d60000,0x0000000022e60000)]
  0x000000001d9f7000 JavaThread "build operations Thread 3" [_thread_blocked, id=6056, stack(0x0000000022c60000,0x0000000022d60000)]
  0x000000001d9f6000 JavaThread "build operations Thread 2" [_thread_blocked, id=13900, stack(0x0000000022b60000,0x0000000022c60000)]
  0x000000001d9fb800 JavaThread "build operations" [_thread_blocked, id=13552, stack(0x0000000022a60000,0x0000000022b60000)]
  0x000000001d9f7800 JavaThread "Cache worker for Artifact transforms cache (C:\Users\Rozz\.gradle\caches\transforms-1)" [_thread_blocked, id=5456, stack(0x00000000211d0000,0x00000000212d0000)]
  0x000000001d938000 JavaThread "Cache worker for file hash cache (C:\PERALTA BACKUPS\PrestigeMobileAppUpdatedWed28-6-18-1258AM\MMReport\.gradle\4.1\fileHashes)" [_thread_blocked, id=10984, stack(0x000000001e840000,0x000000001e940000)]
  0x000000001afd5800 JavaThread "File lock request listener" [_thread_in_native, id=14112, stack(0x000000001d570000,0x000000001d670000)]
  0x000000001afd4000 JavaThread "Cache worker for file hash cache (C:\Users\Rozz\.gradle\caches\4.1\fileHashes)" [_thread_blocked, id=12196, stack(0x000000001d470000,0x000000001d570000)]
  0x000000001ba7d000 JavaThread "Stdin handler" [_thread_blocked, id=13728, stack(0x000000001d370000,0x000000001d470000)]
  0x000000001ba7c000 JavaThread "Asynchronous log dispatcher for DefaultDaemonConnection: socket connection from /127.0.0.1:6408 to /127.0.0.1:6409" [_thread_blocked, id=12212, stack(0x000000001d270000,0x000000001d370000)]
  0x000000001b939800 JavaThread "Daemon worker" [_thread_in_native, id=7608, stack(0x000000001d170000,0x000000001d270000)]
  0x000000001c1bd000 JavaThread "Cancel handler" [_thread_blocked, id=12316, stack(0x000000001d070000,0x000000001d170000)]
  0x000000001a856800 JavaThread "Handler for socket connection from /127.0.0.1:6408 to /127.0.0.1:6409" [_thread_in_native, id=13736, stack(0x000000001cd70000,0x000000001ce70000)]
  0x000000001b25b000 JavaThread "Daemon" [_thread_blocked, id=9096, stack(0x000000001cc70000,0x000000001cd70000)]
  0x000000001b23c000 JavaThread "Daemon periodic checks" [_thread_blocked, id=11952, stack(0x000000001cb70000,0x000000001cc70000)]
  0x000000001af23800 JavaThread "Incoming local TCP Connector on port 6408" [_thread_in_native, id=8876, stack(0x000000001c930000,0x000000001ca30000)]
  0x000000001a648800 JavaThread "Service Thread" daemon [_thread_blocked, id=7336, stack(0x000000001aa20000,0x000000001ab20000)]
  0x0000000018be9000 JavaThread "C1 CompilerThread2" daemon [_thread_blocked, id=4968, stack(0x000000001a520000,0x000000001a620000)]
  0x0000000018be0800 JavaThread "C2 CompilerThread1" daemon [_thread_in_native, id=14212, stack(0x000000001a420000,0x000000001a520000)]
=>0x0000000018bdd000 JavaThread "C2 CompilerThread0" daemon [_thread_in_native, id=10176, stack(0x000000001a320000,0x000000001a420000)]
  0x0000000018bdb800 JavaThread "Attach Listener" daemon [_thread_blocked, id=9868, stack(0x000000001a220000,0x000000001a320000)]
  0x00000000051ce000 JavaThread "Signal Dispatcher" daemon [_thread_blocked, id=6480, stack(0x000000001a120000,0x000000001a220000)]
  0x0000000018bce000 JavaThread "Finalizer" daemon [_thread_blocked, id=9288, stack(0x0000000019e30000,0x0000000019f30000)]
  0x00000000051c2800 JavaThread "Reference Handler" daemon [_thread_blocked, id=1808, stack(0x0000000019d30000,0x0000000019e30000)]
  0x000000000526e800 JavaThread "main" [_thread_blocked, id=11524, stack(0x0000000004f50000,0x0000000005050000)]

Other Threads:
  0x0000000018ba5800 VMThread [stack: 0x0000000019c30000,0x0000000019d30000] [id=7720]
  0x0000000018c3c800 WatcherThread [stack: 0x000000001ab20000,0x000000001ac20000] [id=6628]

VM state:not at safepoint (normal execution)

VM Mutex/Monitor currently owned by a thread: None

Heap:
 PSYoungGen      total 44544K, used 14895K [0x00000000e0000000, 0x00000000e3800000, 0x0000000100000000)
  eden space 36864K, 40% used [0x00000000e0000000,0x00000000e0e8bf88,0x00000000e2400000)
  from space 7680K, 0% used [0x00000000e2d80000,0x00000000e2d80000,0x00000000e3500000)
  to   space 9728K, 0% used [0x00000000e2400000,0x00000000e2400000,0x00000000e2d80000)
 ParOldGen       total 58368K, used 15911K [0x00000000a0000000, 0x00000000a3900000, 0x00000000e0000000)
  object space 58368K, 27% used [0x00000000a0000000,0x00000000a0f89ef0,0x00000000a3900000)
 Metaspace       used 36382K, capacity 37074K, committed 37464K, reserved 1081344K
  class space    used 4922K, capacity 5149K, committed 5208K, reserved 1048576K

Card table byte_map: [0x0000000014630000,0x0000000014940000] byte_map_base: 0x0000000014130000

Marking Bits: (ParMarkBitMap*) 0x000000006aa33950
 Begin Bits: [0x0000000014f40000, 0x0000000016740000)
 End Bits:   [0x0000000016740000, 0x0000000017f40000)

Polling page: 0x0000000003310000

CodeCache: size=245760Kb used=13167Kb max_used=13167Kb free=232592Kb
 bounds [0x0000000005270000, 0x0000000005f60000, 0x0000000014270000]
 total_blobs=4208 nmethods=3490 adapters=630
 compilation: enabled

Compilation events (10 events):
Event: 40.961 Thread 0x0000000018be9000 3768       3       sun.reflect.generics.parser.SignatureParser::parseMethodTypeSignature (41 bytes)
Event: 40.962 Thread 0x0000000018be9000 nmethod 3768 0x0000000005f53790 code [0x0000000005f53980, 0x0000000005f54088]
Event: 40.962 Thread 0x0000000018be9000 3769       3       sun.reflect.generics.parser.SignatureParser::parseZeroOrMoreTypeSignatures (174 bytes)
Event: 40.963 Thread 0x0000000018be9000 nmethod 3769 0x0000000005f54410 code [0x0000000005f54640, 0x0000000005f55198]
Event: 40.963 Thread 0x0000000018be9000 3770       3       sun.reflect.generics.tree.TypeVariableSignature::make (9 bytes)
Event: 40.963 Thread 0x0000000018be9000 nmethod 3770 0x0000000005f55750 code [0x0000000005f558c0, 0x0000000005f55b10]
Event: 40.963 Thread 0x0000000018be9000 3771       3       sun.reflect.generics.tree.TypeVariableSignature::<init> (10 bytes)
Event: 40.964 Thread 0x0000000018be9000 nmethod 3771 0x0000000005f55c10 code [0x0000000005f55d60, 0x0000000005f55f30]
Event: 40.964 Thread 0x0000000018be9000 3772       1       org.gradle.model.internal.manage.schema.cache.SingleWeakClassSet::hashCode (5 bytes)
Event: 40.964 Thread 0x0000000018be9000 nmethod 3772 0x0000000005f55fd0 code [0x0000000005f56120, 0x0000000005f56230]

GC Heap History (10 events):
Event: 20.575 GC heap before
{Heap before GC invocations=14 (full 1):
 PSYoungGen      total 30720K, used 29593K [0x00000000e0000000, 0x00000000e2500000, 0x0000000100000000)
  eden space 24576K, 100% used [0x00000000e0000000,0x00000000e1800000,0x00000000e1800000)
  from space 6144K, 81% used [0x00000000e1e80000,0x00000000e2366708,0x00000000e2480000)
  to   space 6656K, 0% used [0x00000000e1800000,0x00000000e1800000,0x00000000e1e80000)
 ParOldGen       total 34816K, used 7438K [0x00000000a0000000, 0x00000000a2200000, 0x00000000e0000000)
  object space 34816K, 21% used [0x00000000a0000000,0x00000000a0743ba8,0x00000000a2200000)
 Metaspace       used 27823K, capacity 28396K, committed 28672K, reserved 1073152K
  class space    used 3876K, capacity 4063K, committed 4096K, reserved 1048576K
Event: 20.584 GC heap after
Heap after GC invocations=14 (full 1):
 PSYoungGen      total 31232K, used 6131K [0x00000000e0000000, 0x00000000e2d80000, 0x0000000100000000)
  eden space 24576K, 0% used [0x00000000e0000000,0x00000000e0000000,0x00000000e1800000)
  from space 6656K, 92% used [0x00000000e1800000,0x00000000e1dfcdf0,0x00000000e1e80000)
  to   space 7168K, 0% used [0x00000000e2680000,0x00000000e2680000,0x00000000e2d80000)
 ParOldGen       total 34816K, used 7446K [0x00000000a0000000, 0x00000000a2200000, 0x00000000e0000000)
  object space 34816K, 21% used [0x00000000a0000000,0x00000000a0745ba8,0x00000000a2200000)
 Metaspace       used 27823K, capacity 28396K, committed 28672K, reserved 1073152K
  class space    used 3876K, capacity 4063K, committed 4096K, reserved 1048576K
}
Event: 24.411 GC heap before
{Heap before GC invocations=15 (full 1):
 PSYoungGen      total 31232K, used 30707K [0x00000000e0000000, 0x00000000e2d80000, 0x0000000100000000)
  eden space 24576K, 100% used [0x00000000e0000000,0x00000000e1800000,0x00000000e1800000)
  from space 6656K, 92% used [0x00000000e1800000,0x00000000e1dfcdf0,0x00000000e1e80000)
  to   space 7168K, 0% used [0x00000000e2680000,0x00000000e2680000,0x00000000e2d80000)
 ParOldGen       total 34816K, used 7446K [0x00000000a0000000, 0x00000000a2200000, 0x00000000e0000000)
  object space 34816K, 21% used [0x00000000a0000000,0x00000000a0745ba8,0x00000000a2200000)
 Metaspace       used 30189K, capacity 30700K, committed 30976K, reserved 1075200K
  class space    used 4128K, capacity 4319K, committed 4352K, reserved 1048576K
Event: 24.420 GC heap after
Heap after GC invocations=15 (full 1):
 PSYoungGen      total 38400K, used 6198K [0x00000000e0000000, 0x00000000e2d80000, 0x0000000100000000)
  eden space 31232K, 0% used [0x00000000e0000000,0x00000000e0000000,0x00000000e1e80000)
  from space 7168K, 86% used [0x00000000e2680000,0x00000000e2c8d848,0x00000000e2d80000)
  to   space 7680K, 0% used [0x00000000e1e80000,0x00000000e1e80000,0x00000000e2600000)
 ParOldGen       total 34816K, used 7454K [0x00000000a0000000, 0x00000000a2200000, 0x00000000e0000000)
  object space 34816K, 21% used [0x00000000a0000000,0x00000000a0747ba8,0x00000000a2200000)
 Metaspace       used 30189K, capacity 30700K, committed 30976K, reserved 1075200K
  class space    used 4128K, capacity 4319K, committed 4352K, reserved 1048576K
}
Event: 29.769 GC heap before
{Heap before GC invocations=16 (full 1):
 PSYoungGen      total 38400K, used 37430K [0x00000000e0000000, 0x00000000e2d80000, 0x0000000100000000)
  eden space 31232K, 100% used [0x00000000e0000000,0x00000000e1e80000,0x00000000e1e80000)
  from space 7168K, 86% used [0x00000000e2680000,0x00000000e2c8d848,0x00000000e2d80000)
  to   space 7680K, 0% used [0x00000000e1e80000,0x00000000e1e80000,0x00000000e2600000)
 ParOldGen       total 34816K, used 7454K [0x00000000a0000000, 0x00000000a2200000, 0x00000000e0000000)
  object space 34816K, 21% used [0x00000000a0000000,0x00000000a0747ba8,0x00000000a2200000)
 Metaspace       used 30809K, capacity 31372K, committed 31616K, reserved 1077248K
  class space    used 4200K, capacity 4415K, committed 4480K, reserved 1048576K
Event: 29.776 GC heap after
Heap after GC invocations=16 (full 1):
 PSYoungGen      total 38912K, used 6081K [0x00000000e0000000, 0x00000000e3500000, 0x0000000100000000)
  eden space 31232K, 0% used [0x00000000e0000000,0x00000000e0000000,0x00000000e1e80000)
  from space 7680K, 79% used [0x00000000e1e80000,0x00000000e2470660,0x00000000e2600000)
  to   space 7680K, 0% used [0x00000000e2d80000,0x00000000e2d80000,0x00000000e3500000)
 ParOldGen       total 34816K, used 7526K [0x00000000a0000000, 0x00000000a2200000, 0x00000000e0000000)
  object space 34816K, 21% used [0x00000000a0000000,0x00000000a0759bb8,0x00000000a2200000)
 Metaspace       used 30809K, capacity 31372K, committed 31616K, reserved 1077248K
  class space    used 4200K, capacity 4415K, committed 4480K, reserved 1048576K
}
Event: 39.556 GC heap before
{Heap before GC invocations=17 (full 1):
 PSYoungGen      total 38912K, used 34549K [0x00000000e0000000, 0x00000000e3500000, 0x0000000100000000)
  eden space 31232K, 91% used [0x00000000e0000000,0x00000000e1bccfe0,0x00000000e1e80000)
  from space 7680K, 79% used [0x00000000e1e80000,0x00000000e2470660,0x00000000e2600000)
  to   space 7680K, 0% used [0x00000000e2d80000,0x00000000e2d80000,0x00000000e3500000)
 ParOldGen       total 34816K, used 7526K [0x00000000a0000000, 0x00000000a2200000, 0x00000000e0000000)
  object space 34816K, 21% used [0x00000000a0000000,0x00000000a0759bb8,0x00000000a2200000)
 Metaspace       used 34580K, capacity 35196K, committed 35416K, reserved 1079296K
  class space    used 4658K, capacity 4887K, committed 4952K, reserved 1048576K
Event: 39.575 GC heap after
Heap after GC invocations=17 (full 1):
 PSYoungGen      total 44544K, used 7652K [0x00000000e0000000, 0x00000000e3800000, 0x0000000100000000)
  eden space 36864K, 0% used [0x00000000e0000000,0x00000000e0000000,0x00000000e2400000)
  from space 7680K, 99% used [0x00000000e2d80000,0x00000000e34f9018,0x00000000e3500000)
  to   space 9728K, 0% used [0x00000000e2400000,0x00000000e2400000,0x00000000e2d80000)
 ParOldGen       total 34816K, used 9663K [0x00000000a0000000, 0x00000000a2200000, 0x00000000e0000000)
  object space 34816K, 27% used [0x00000000a0000000,0x00000000a096ff00,0x00000000a2200000)
 Metaspace       used 34580K, capacity 35196K, committed 35416K, reserved 1079296K
  class space    used 4658K, capacity 4887K, committed 4952K, reserved 1048576K
}
Event: 39.575 GC heap before
{Heap before GC invocations=18 (full 2):
 PSYoungGen      total 44544K, used 7652K [0x00000000e0000000, 0x00000000e3800000, 0x0000000100000000)
  eden space 36864K, 0% used [0x00000000e0000000,0x00000000e0000000,0x00000000e2400000)
  from space 7680K, 99% used [0x00000000e2d80000,0x00000000e34f9018,0x00000000e3500000)
  to   space 9728K, 0% used [0x00000000e2400000,0x00000000e2400000,0x00000000e2d80000)
 ParOldGen       total 34816K, used 9663K [0x00000000a0000000, 0x00000000a2200000, 0x00000000e0000000)
  object space 34816K, 27% used [0x00000000a0000000,0x00000000a096ff00,0x00000000a2200000)
 Metaspace       used 34580K, capacity 35196K, committed 35416K, reserved 1079296K
  class space    used 4658K, capacity 4887K, committed 4952K, reserved 1048576K
Event: 39.675 GC heap after
Heap after GC invocations=18 (full 2):
 PSYoungGen      total 44544K, used 0K [0x00000000e0000000, 0x00000000e3800000, 0x0000000100000000)
  eden space 36864K, 0% used [0x00000000e0000000,0x00000000e0000000,0x00000000e2400000)
  from space 7680K, 0% used [0x00000000e2d80000,0x00000000e2d80000,0x00000000e3500000)
  to   space 9728K, 0% used [0x00000000e2400000,0x00000000e2400000,0x00000000e2d80000)
 ParOldGen       total 58368K, used 15911K [0x00000000a0000000, 0x00000000a3900000, 0x00000000e0000000)
  object space 58368K, 27% used [0x00000000a0000000,0x00000000a0f89ef0,0x00000000a3900000)
 Metaspace       used 34580K, capacity 35196K, committed 35416K, reserved 1079296K
  class space    used 4658K, capacity 4887K, committed 4952K, reserved 1048576K
}

Deoptimization events (10 events):
Event: 29.922 Thread 0x000000001b939800 Uncommon trap: reason=range_check action=make_not_entrant pc=0x0000000005b8a460 method=java.lang.String.charAt(I)C @ 27
Event: 38.531 Thread 0x000000001b939800 Uncommon trap: reason=unstable_if action=reinterpret pc=0x0000000005e540c8 method=java.util.regex.Pattern$CharProperty.match(Ljava/util/regex/Matcher;ILjava/lang/CharSequence;)Z @ 40
Event: 38.805 Thread 0x000000001b939800 Uncommon trap: reason=class_check action=maybe_recompile pc=0x00000000053d939c method=java.io.BufferedInputStream.read1([BII)I @ 39
Event: 38.806 Thread 0x000000001b939800 Uncommon trap: reason=class_check action=maybe_recompile pc=0x00000000053d939c method=java.io.BufferedInputStream.read1([BII)I @ 39
Event: 38.806 Thread 0x000000001b939800 Uncommon trap: reason=class_check action=maybe_recompile pc=0x00000000053d939c method=java.io.BufferedInputStream.read1([BII)I @ 39
Event: 38.827 Thread 0x000000001b939800 Uncommon trap: reason=unstable_if action=reinterpret pc=0x0000000005b80d90 method=java.util.regex.Pattern.has(I)Z @ 6
Event: 38.845 Thread 0x000000001b939800 Uncommon trap: reason=unstable_if action=reinterpret pc=0x0000000005c3ccd0 method=java.lang.Integer.valueOf(I)Ljava/lang/Integer; @ 3
Event: 38.910 Thread 0x000000001b939800 Uncommon trap: reason=class_check action=maybe_recompile pc=0x00000000053d939c method=java.io.BufferedInputStream.read1([BII)I @ 39
Event: 38.910 Thread 0x000000001b939800 Uncommon trap: reason=class_check action=maybe_recompile pc=0x00000000053b3e18 method=java.io.BufferedInputStream.read1([BII)I @ 39
Event: 40.386 Thread 0x000000001b939800 Uncommon trap: reason=unstable_if action=reinterpret pc=0x00000000053adc5c method=sun.misc.MetaIndex.mayContain(Ljava/lang/String;)Z @ 38

Classes redefined (0 events):
No events

Internal exceptions (10 events):
Event: 38.515 Thread 0x000000001b939800 Exception <a 'java/lang/ClassNotFoundException': org/gradle/api/internal/AbstractTaskCustomizer> (0x00000000e061dfd8) thrown at [D:\src\AOSP-openjdk-cygwin\jdk8u\hotspot\src\share\vm\classfile\systemDictionary.cpp, line 210]
Event: 38.518 Thread 0x000000001b939800 Exception <a 'java/lang/ClassNotFoundException': org/gradle/api/DefaultTaskCustomizer> (0x00000000e069e000) thrown at [D:\src\AOSP-openjdk-cygwin\jdk8u\hotspot\src\share\vm\classfile\systemDictionary.cpp, line 210]
Event: 38.519 Thread 0x000000001b939800 Exception <a 'java/lang/ClassNotFoundException': org/gradle/api/internal/ConventionTaskCustomizer> (0x00000000e06d34a0) thrown at [D:\src\AOSP-openjdk-cygwin\jdk8u\hotspot\src\share\vm\classfile\systemDictionary.cpp, line 210]
Event: 38.521 Thread 0x000000001b939800 Exception <a 'java/lang/ClassNotFoundException': org/gradle/api/tasks/DeleteCustomizer> (0x00000000e0707380) thrown at [D:\src\AOSP-openjdk-cygwin\jdk8u\hotspot\src\share\vm\classfile\systemDictionary.cpp, line 210]
Event: 38.523 Thread 0x000000001b939800 Exception <a 'java/lang/ClassNotFoundException': org/gradle/api/tasks/Delete_DecoratedCustomizer> (0x00000000e07482d0) thrown at [D:\src\AOSP-openjdk-cygwin\jdk8u\hotspot\src\share\vm\classfile\systemDictionary.cpp, line 210]
Event: 38.662 Thread 0x000000001b939800 Exception <a 'java/lang/ClassNotFoundException': build_2ma4yhmb18bocq7qk2zdq1ow7BeanInfo> (0x00000000e0842310) thrown at [D:\src\AOSP-openjdk-cygwin\jdk8u\hotspot\src\share\vm\classfile\systemDictionary.cpp, line 210]
Event: 38.662 Thread 0x000000001b939800 Exception <a 'java/lang/ClassNotFoundException': build_2ma4yhmb18bocq7qk2zdq1ow7Customizer> (0x00000000e084bce8) thrown at [D:\src\AOSP-openjdk-cygwin\jdk8u\hotspot\src\share\vm\classfile\systemDictionary.cpp, line 210]
Event: 38.667 Thread 0x000000001b939800 Exception <a 'java/lang/ClassNotFoundException': org/gradle/api/internal/plugins/DefaultObjectConfigurationActionBeanInfo> (0x00000000e08a9eb8) thrown at [D:\src\AOSP-openjdk-cygwin\jdk8u\hotspot\src\share\vm\classfile\systemDictionary.cpp, line 210]
Event: 38.668 Thread 0x000000001b939800 Exception <a 'java/lang/ClassNotFoundException': org/gradle/api/internal/plugins/DefaultObjectConfigurationActionCustomizer> (0x00000000e08dae10) thrown at [D:\src\AOSP-openjdk-cygwin\jdk8u\hotspot\src\share\vm\classfile\systemDictionary.cpp, line 210]
Event: 39.174 Thread 0x000000001b939800 Exception <a 'sun/nio/fs/WindowsException'> (0x00000000e141a320) thrown at [D:\src\AOSP-openjdk-cygwin\jdk8u\hotspot\src\share\vm\prims\jni.cpp, line 709]

Events (10 events):
Event: 40.907 loading class org/gradle/model/internal/manage/schema/cache/MultiWeakClassSet$1
Event: 40.907 loading class org/gradle/model/internal/manage/schema/cache/MultiWeakClassSet$1 done
Event: 40.911 loading class org/gradle/model/internal/manage/schema/cache/MultiWeakClassSet$2
Event: 40.911 loading class org/gradle/model/internal/manage/schema/cache/MultiWeakClassSet$2 done
Event: 40.946 loading class org/gradle/model/internal/type/GenericArrayTypeWrapper
Event: 40.946 loading class org/gradle/model/internal/type/GenericArrayTypeWrapper done
Event: 40.948 loading class org/gradle/model/internal/manage/schema/extract/ModelMapStrategy$2
Event: 40.948 loading class org/gradle/model/internal/manage/schema/extract/ModelMapStrategy$2 done
Event: 40.963 loading class org/apache/tools/ant/Project
Event: 40.963 loading class org/apache/tools/ant/Project done


Dynamic libraries:
0x00007ff6215c0000 - 0x00007ff6215f1000 	C:\Program Files\Android\Android Studio\jre\bin\java.exe
0x00007fff180f0000 - 0x00007fff182d0000 	C:\WINDOWS\SYSTEM32\ntdll.dll
0x00007fff18010000 - 0x00007fff180be000 	C:\WINDOWS\System32\KERNEL32.DLL
0x00007fff147f0000 - 0x00007fff14a56000 	C:\WINDOWS\System32\KERNELBASE.dll
0x00007fff178d0000 - 0x00007fff17971000 	C:\WINDOWS\System32\ADVAPI32.dll
0x00007fff17a70000 - 0x00007fff17b0d000 	C:\WINDOWS\System32\msvcrt.dll
0x00007fff17250000 - 0x00007fff172ab000 	C:\WINDOWS\System32\sechost.dll
0x00007fff16ea0000 - 0x00007fff16fbf000 	C:\WINDOWS\System32\RPCRT4.dll
0x00007fff16d10000 - 0x00007fff16e9f000 	C:\WINDOWS\System32\USER32.dll
0x00007fff155a0000 - 0x00007fff155c0000 	C:\WINDOWS\System32\win32u.dll
0x00007fff17840000 - 0x00007fff17868000 	C:\WINDOWS\System32\GDI32.dll
0x00007fff15300000 - 0x00007fff15493000 	C:\WINDOWS\System32\gdi32full.dll
0x00007fff14b10000 - 0x00007fff14bab000 	C:\WINDOWS\System32\msvcp_win.dll
0x00007fff154a0000 - 0x00007fff15596000 	C:\WINDOWS\System32\ucrtbase.dll
0x00007fff07bb0000 - 0x00007fff07e19000 	C:\WINDOWS\WinSxS\amd64_microsoft.windows.common-controls_6595b64144ccf1df_6.0.16299.309_none_15cfd4c4935e6b11\COMCTL32.dll
0x00007fff173c0000 - 0x00007fff176c8000 	C:\WINDOWS\System32\combase.dll
0x00007fff14770000 - 0x00007fff147e2000 	C:\WINDOWS\System32\bcryptPrimitives.dll
0x00007fff16fd0000 - 0x00007fff16ffd000 	C:\WINDOWS\System32\IMM32.DLL
0x000000006c750000 - 0x000000006c822000 	C:\Program Files\Android\Android Studio\jre\jre\bin\msvcr100.dll
0x000000006a270000 - 0x000000006aaae000 	C:\Program Files\Android\Android Studio\jre\jre\bin\server\jvm.dll
0x00007fff17000000 - 0x00007fff17008000 	C:\WINDOWS\System32\PSAPI.DLL
0x00007fff08100000 - 0x00007fff0810a000 	C:\WINDOWS\SYSTEM32\VERSION.dll
0x00007fff0f070000 - 0x00007fff0f079000 	C:\WINDOWS\SYSTEM32\WSOCK32.dll
0x00007fff10e80000 - 0x00007fff10ea3000 	C:\WINDOWS\SYSTEM32\WINMM.dll
0x00007fff15620000 - 0x00007fff1568c000 	C:\WINDOWS\System32\WS2_32.dll
0x00007fff10e50000 - 0x00007fff10e7a000 	C:\WINDOWS\SYSTEM32\WINMMBASE.dll
0x00007fff14550000 - 0x00007fff1459a000 	C:\WINDOWS\System32\cfgmgr32.dll
0x00007fff0f060000 - 0x00007fff0f06f000 	C:\Program Files\Android\Android Studio\jre\jre\bin\verify.dll
0x00007fff05d40000 - 0x00007fff05d69000 	C:\Program Files\Android\Android Studio\jre\jre\bin\java.dll
0x00007fff01e20000 - 0x00007fff01e36000 	C:\Program Files\Android\Android Studio\jre\jre\bin\zip.dll
0x00007fff15830000 - 0x00007fff16c66000 	C:\WINDOWS\System32\SHELL32.dll
0x00007fff17f60000 - 0x00007fff18006000 	C:\WINDOWS\System32\shcore.dll
0x00007fff14bb0000 - 0x00007fff152f7000 	C:\WINDOWS\System32\windows.storage.dll
0x00007fff171f0000 - 0x00007fff17241000 	C:\WINDOWS\System32\shlwapi.dll
0x00007fff14440000 - 0x00007fff14451000 	C:\WINDOWS\System32\kernel.appcore.dll
0x00007fff14480000 - 0x00007fff144cc000 	C:\WINDOWS\System32\powrprof.dll
0x00007fff14460000 - 0x00007fff1447b000 	C:\WINDOWS\System32\profapi.dll
0x00007ffeff730000 - 0x00007ffeff74a000 	C:\Program Files\Android\Android Studio\jre\jre\bin\net.dll
0x00007fff13cd0000 - 0x00007fff13d36000 	C:\WINDOWS\system32\mswsock.dll
0x00007fff05d90000 - 0x00007fff05da1000 	C:\Program Files\Android\Android Studio\jre\jre\bin\nio.dll
0x00007fff05b20000 - 0x00007fff05b3e000 	C:\Users\Rozz\.gradle\native\25\windows-amd64\native-platform.dll
0x00007fff112f0000 - 0x00007fff112fd000 	C:\Program Files\Android\Android Studio\jre\jre\bin\management.dll
0x00007fff13e90000 - 0x00007fff13ea7000 	C:\WINDOWS\SYSTEM32\CRYPTSP.dll
0x00007fff138d0000 - 0x00007fff13903000 	C:\WINDOWS\system32\rsaenh.dll
0x00007fff13fa0000 - 0x00007fff13fc5000 	C:\WINDOWS\SYSTEM32\bcrypt.dll
0x00007fff14370000 - 0x00007fff14399000 	C:\WINDOWS\SYSTEM32\USERENV.dll
0x00007fff13eb0000 - 0x00007fff13ebb000 	C:\WINDOWS\SYSTEM32\CRYPTBASE.dll
0x00007fff13a60000 - 0x00007fff13a99000 	C:\WINDOWS\SYSTEM32\IPHLPAPI.DLL
0x00007fff171e0000 - 0x00007fff171e8000 	C:\WINDOWS\System32\NSI.dll
0x00007fff0afa0000 - 0x00007fff0afb6000 	C:\WINDOWS\SYSTEM32\dhcpcsvc6.DLL
0x00007fff0b2d0000 - 0x00007fff0b2ea000 	C:\WINDOWS\SYSTEM32\dhcpcsvc.DLL

VM Arguments:
jvm_args: -Xmx1536m -Dfile.encoding=windows-1252 -Duser.country=PH -Duser.language=en -Duser.variant 
java_command: org.gradle.launcher.daemon.bootstrap.GradleDaemon 4.1
java_class_path (initial): C:\Users\Rozz\.gradle\wrapper\dists\gradle-4.1-all\bzyivzo6n839fup2jbap0tjew\gradle-4.1\lib\gradle-launcher-4.1.jar
Launcher Type: SUN_STANDARD

Environment Variables:
JAVA_HOME=C:\Program Files (x86)\SAP\SAP Business One ServerTools\Common\sapjvm_8
CLASSPATH=C:\Program Files (x86)\SAP\SAP Business One DI API\JCO\LIB\sbowrapper.jar;C:\Program Files (x86)\SAP\SAP Business One DI API\JCO\LIB\sboapi.jar
PATH=C:\ProgramData\Oracle\Java\javapath;C:\Program Files (x86)\Intel\iCLS Client\;C:\Program Files\Intel\iCLS Client\;C:\Windows\system32;C:\Windows;C:\Windows\System32\Wbem;C:\Windows\System32\WindowsPowerShell\v1.0\;C:\Program Files (x86)\Intel\Intel(R) Management Engine Components\DAL;C:\Program Files\Intel\Intel(R) Management Engine Components\DAL;C:\Program Files (x86)\Intel\Intel(R) Management Engine Components\IPT;C:\Program Files\Intel\Intel(R) Management Engine Components\IPT;C:\Program Files (x86)\NVIDIA Corporation\PhysX\Common;C:\Program Files\dotnet\;C:\WINDOWS\system32\config\systemprofile\.dnx\bin;C:\Program Files\Microsoft DNX\Dnvm\;C:\Program Files\Microsoft SQL Server\130\Tools\Binn\;C:\Program Files (x86)\Microsoft SQL Server\110\Tools\Binn\;C:\Program Files\Microsoft SQL Server\110\Tools\Binn\;C:\Program Files\Microsoft SQL Server\110\DTS\Binn\;c:\Program Files (x86)\Microsoft SQL Server\100\Tools\Binn\;c:\Program Files\Microsoft SQL Server\100\Tools\Binn\;c:\Program Files\Microsoft SQL Server\100\DTS\Binn\;C:\Program Files (x86)\SAP\SAP Business One DI API\JCO\LIB\;C:\Program Files (x86)\SAP\SAP Business One DI API\DI API 90;C:\Program Files (x86)\SAP\SAP Business One\;C:\Program Files (x86)\Microsoft SQL Server\110\Tools\Binn\ManagementStudio\;C:\Program Files (x86)\Microsoft SQL Server\110\DTS\Binn\;C:\Program Files (x86)\SAP\SAP Business One ServerTools\Common\sapjvm_8\jre\bin;C:\Program Files (x86)\SAP\SAP Business One ServerTools\Common\tomcat\bin;C:\Program Files (x86)\SAP\SAP Business One ServerTools\Common\sapjvm_8\jre\bin\server;C:\WINDOWS\system32;C:\WINDOWS;C:\WINDOWS\System32\Wbem;C:\WINDOWS\System32\WindowsPowerShell\v1.0\;C:\Program Files\Git\cmd;C:\Users\Rozz\AppData\Local\Microsoft\WindowsApps;
USERNAME=Rozz
OS=Windows_NT
PROCESSOR_IDENTIFIER=Intel64 Family 6 Model 142 Stepping 9, GenuineIntel



---------------  S Y S T E M  ---------------

OS: Windows 10.0 , 64 bit Build 16299 (10.0.16299.15)

CPU:total 4 (initial active 4) (2 cores per cpu, 2 threads per core) family 6 model 142 stepping 9, cmov, cx8, fxsr, mmx, sse, sse2, sse3, ssse3, sse4.1, sse4.2, popcnt, avx, avx2, aes, clmul, erms, 3dnowpref, lzcnt, ht, tsc, tscinvbit, bmi1, bmi2, adx

Memory: 4k page, physical 4059364k(203824k free), swap 8253668k(6400k free)

vm_info: OpenJDK 64-Bit Server VM (25.152-b01) for windows-amd64 JRE (1.8.0_152-release-915-b01), built by "builder" with MS VC++ 10.0 (VS2010)

time: Wed Apr 25 10:47:03 2018
elapsed time: 41 seconds (0d 0h 0m 41s)

