#
# There is insufficient memory for the Java Runtime Environment to continue.
# Native memory allocation (malloc) failed to allocate 1101776 bytes for Chunk::new
# Possible reasons:
#   The system is out of physical RAM or swap space
#   In 32 bit mode, the process size limit was hit
# Possible solutions:
#   Reduce memory load on the system
#   Increase physical memory or swap space
#   Check if swap backing store is full
#   Use 64 bit Java on a 64 bit OS
#   Decrease Java heap size (-Xmx/-Xms)
#   Decrease number of Java threads
#   Decrease Java thread stack sizes (-Xss)
#   Set larger code cache with -XX:ReservedCodeCacheSize=
# This output file may be truncated or incomplete.
#
#  Out of Memory Error (allocation.cpp:390), pid=11544, tid=0x0000000000000330
#
# JRE version: OpenJDK Runtime Environment (8.0_152-b02) (build 1.8.0_152-release-1024-b02)
# Java VM: OpenJDK 64-Bit Server VM (25.152-b02 mixed mode windows-amd64 compressed oops)
# Failed to write core dump. Minidumps are not enabled by default on client versions of Windows
#

---------------  T H R E A D  ---------------

Current thread (0x0000000016950800):  JavaThread "C2 CompilerThread1" daemon [_thread_in_native, id=816, stack(0x0000000018090000,0x0000000018190000)]

Stack: [0x0000000018090000,0x0000000018190000]
[error occurred during error reporting (printing stack bounds), id 0xc0000005]

Native frames: (J=compiled Java code, j=interpreted, Vv=VM code, C=native code)


Current CompileTask:
C2:2646493 20537       4       com.android.tools.r8.dex.VirtualFile$IndexedItemTransaction::addMethod (17 bytes)


---------------  P R O C E S S  ---------------

Java Threads: ( => current thread )
  0x0000000019535000 JavaThread "ForkJoinPool.commonPool-worker-6" daemon [_thread_blocked, id=11656, stack(0x0000000031240000,0x0000000031340000)]
  0x000000001b58e000 JavaThread "ForkJoinPool.commonPool-worker-4" daemon [_thread_blocked, id=7280, stack(0x0000000030d40000,0x0000000030e40000)]
  0x000000001b58f000 JavaThread "ForkJoinPool.commonPool-worker-0" daemon [_thread_blocked, id=10216, stack(0x0000000030040000,0x0000000030140000)]
  0x000000001b58c800 JavaThread "ForkJoinPool.commonPool-worker-3" daemon [_thread_blocked, id=9016, stack(0x000000002f940000,0x000000002fa40000)]
  0x0000000019539800 JavaThread "ForkJoinPool.commonPool-worker-2" daemon [_thread_blocked, id=4056, stack(0x000000002b840000,0x000000002b940000)]
  0x000000001b582800 JavaThread "Cache worker for Java compile cache (C:\PERALTA BACKUPS\PrestigeMobileAppUpdatedWed28-6-18-1258AM\MMReport\.gradle\4.4\javaCompile)" [_thread_blocked, id=1100, stack(0x000000002a640000,0x000000002a740000)]
  0x000000001d2e5000 JavaThread "Task worker for ':' Thread 3" [_thread_blocked, id=10756, stack(0x0000000028b40000,0x0000000028c40000)]
  0x000000001d2e4000 JavaThread "Task worker for ':' Thread 2" [_thread_blocked, id=7388, stack(0x0000000028a40000,0x0000000028b40000)]
  0x000000001d2e3800 JavaThread "Task worker for ':'" [_thread_blocked, id=11040, stack(0x0000000028940000,0x0000000028a40000)]
  0x000000001d2e8000 JavaThread "Cache worker for Build Output Cleanup Cache (C:\PERALTA BACKUPS\PrestigeMobileAppUpdatedWed28-6-18-1258AM\MMReport\.gradle\buildOutputCleanup)" [_thread_blocked, id=11204, stack(0x0000000028840000,0x0000000028940000)]
  0x000000001d2e5800 JavaThread "Cache worker for task history cache (C:\PERALTA BACKUPS\PrestigeMobileAppUpdatedWed28-6-18-1258AM\MMReport\.gradle\4.4\taskHistory)" [_thread_blocked, id=7344, stack(0x0000000028740000,0x0000000028840000)]
  0x000000001d2dc000 JavaThread "Cache worker for file content cache (C:\PERALTA BACKUPS\PrestigeMobileAppUpdatedWed28-6-18-1258AM\MMReport\.gradle\4.4\fileContent)" [_thread_blocked, id=11700, stack(0x0000000028640000,0x0000000028740000)]
  0x000000001d2e2800 JavaThread "build operations Thread 4" [_thread_blocked, id=11788, stack(0x0000000028540000,0x0000000028640000)]
  0x000000001d2db000 JavaThread "build operations Thread 3" [_thread_blocked, id=3404, stack(0x0000000028440000,0x0000000028540000)]
  0x000000001d2e2000 JavaThread "build operations Thread 2" [_thread_blocked, id=5252, stack(0x0000000028340000,0x0000000028440000)]
  0x000000001d2e1000 JavaThread "build operations" [_thread_blocked, id=2960, stack(0x0000000028240000,0x0000000028340000)]
  0x000000001d2e0800 JavaThread "Cache worker for Artifact transforms cache (C:\Users\Rozz\.gradle\caches\transforms-1)" [_thread_blocked, id=7856, stack(0x0000000028140000,0x0000000028240000)]
  0x000000001d2d9000 JavaThread "Cache worker for file hash cache (C:\PERALTA BACKUPS\PrestigeMobileAppUpdatedWed28-6-18-1258AM\MMReport\.gradle\4.4\fileHashes)" [_thread_blocked, id=4616, stack(0x0000000028040000,0x0000000028140000)]
  0x000000001d2dd800 JavaThread "Asynchronous log dispatcher for DefaultDaemonConnection: socket connection from /127.0.0.1:16588 to /127.0.0.1:17184" [_thread_blocked, id=10180, stack(0x0000000027e40000,0x0000000027f40000)]
  0x000000001d2da800 JavaThread "Daemon worker Thread 2" [_thread_in_native, id=8496, stack(0x0000000027d40000,0x0000000027e40000)]
  0x000000001d2d9800 JavaThread "Cancel handler" [_thread_blocked, id=7552, stack(0x0000000027c40000,0x0000000027d40000)]
  0x000000001d2de000 JavaThread "Handler for socket connection from /127.0.0.1:16588 to /127.0.0.1:17184" [_thread_in_native, id=8644, stack(0x0000000027b40000,0x0000000027c40000)]
  0x000000001d2dc800 JavaThread "Daemon Thread 2" [_thread_blocked, id=11096, stack(0x0000000027a40000,0x0000000027b40000)]
  0x0000000019538800 JavaThread "Memory manager" [_thread_blocked, id=4828, stack(0x000000001f000000,0x000000001f100000)]
  0x0000000019537000 JavaThread "pool-1-thread-1" [_thread_blocked, id=11948, stack(0x000000001ed00000,0x000000001ee00000)]
  0x0000000018bb0800 JavaThread "File lock request listener" [_thread_in_native, id=5572, stack(0x000000001c3b0000,0x000000001c4b0000)]
  0x000000001987b800 JavaThread "Cache worker for file hash cache (C:\Users\Rozz\.gradle\caches\4.4\fileHashes)" [_thread_blocked, id=9152, stack(0x000000001c2b0000,0x000000001c3b0000)]
  0x0000000018b13800 JavaThread "Daemon periodic checks" [_thread_blocked, id=5928, stack(0x000000001a7e0000,0x000000001a8e0000)]
  0x0000000018b12000 JavaThread "Incoming local TCP Connector on port 16588" [_thread_in_native, id=4800, stack(0x000000001a5a0000,0x000000001a6a0000)]
  0x00000000169aa800 JavaThread "Service Thread" daemon [_thread_blocked, id=5812, stack(0x0000000018290000,0x0000000018390000)]
  0x0000000016959000 JavaThread "C1 CompilerThread2" daemon [_thread_blocked, id=11036, stack(0x0000000018190000,0x0000000018290000)]
=>0x0000000016950800 JavaThread "C2 CompilerThread1" daemon [_thread_in_native, id=816, stack(0x0000000018090000,0x0000000018190000)]
  0x000000001694c800 JavaThread "C2 CompilerThread0" daemon [_thread_in_native, id=8672, stack(0x0000000017f90000,0x0000000018090000)]
  0x000000001694b000 JavaThread "Attach Listener" daemon [_thread_blocked, id=9920, stack(0x0000000017e90000,0x0000000017f90000)]
  0x0000000016949800 JavaThread "Signal Dispatcher" daemon [_thread_blocked, id=3220, stack(0x0000000017d90000,0x0000000017e90000)]
  0x0000000002fde800 JavaThread "Finalizer" daemon [_thread_blocked, id=11560, stack(0x0000000017ba0000,0x0000000017ca0000)]
  0x0000000002fd3000 JavaThread "Reference Handler" daemon [_thread_blocked, id=10992, stack(0x0000000017aa0000,0x0000000017ba0000)]
  0x0000000002ee2800 JavaThread "main" [_thread_blocked, id=10532, stack(0x0000000002db0000,0x0000000002eb0000)]

Other Threads:
  0x0000000016915000 VMThread [stack: 0x00000000179a0000,0x0000000017aa0000] [id=10208]
  0x00000000169ae800 WatcherThread [stack: 0x0000000018790000,0x0000000018890000] [id=9668]

VM state:not at safepoint (normal execution)

VM Mutex/Monitor currently owned by a thread: None

Heap:
 PSYoungGen      total 369152K, used 88424K [0x00000000e0000000, 0x00000000fbb80000, 0x0000000100000000)
  eden space 344064K, 24% used [0x00000000e0000000,0x00000000e51da480,0x00000000f5000000)
  from space 25088K, 18% used [0x00000000f6880000,0x00000000f6cffcf8,0x00000000f8100000)
  to   space 25088K, 0% used [0x00000000f5000000,0x00000000f5000000,0x00000000f6880000)
 ParOldGen       total 118784K, used 98773K [0x00000000a0000000, 0x00000000a7400000, 0x00000000e0000000)
  object space 118784K, 83% used [0x00000000a0000000,0x00000000a6075658,0x00000000a7400000)
 Metaspace       used 80701K, capacity 83778K, committed 84096K, reserved 1122304K
  class space    used 10197K, capacity 10810K, committed 10880K, reserved 1048576K

Card table byte_map: [0x00000000123a0000,0x00000000126b0000] byte_map_base: 0x0000000011ea0000

Marking Bits: (ParMarkBitMap*) 0x0000000070e44970
 Begin Bits: [0x0000000012cb0000, 0x00000000144b0000)
 End Bits:   [0x00000000144b0000, 0x0000000015cb0000)

Polling page: 0x0000000000bf0000

CodeCache: size=245760Kb used=55401Kb max_used=56366Kb free=190358Kb
 bounds [0x0000000002fe0000, 0x0000000006740000, 0x0000000011fe0000]
 total_blobs=16449 nmethods=15619 adapters=740
 compilation: enabled

Compilation events (10 events):
Event: 2645.061 Thread 0x0000000016959000 20548       3       com.android.tools.r8.code.IputObject::collectIndexedItems (6 bytes)
Event: 2645.062 Thread 0x0000000016959000 nmethod 20548 0x000000000525ce50 code [0x000000000525cfc0, 0x000000000525d228]
Event: 2645.062 Thread 0x0000000016959000 20549       3       com.android.tools.r8.code.SgetObject::collectIndexedItems (6 bytes)
Event: 2645.063 Thread 0x0000000016959000 nmethod 20549 0x00000000052a5950 code [0x00000000052a5ac0, 0x00000000052a5d28]
Event: 2645.064 Thread 0x0000000016959000 20550       3       com.android.tools.r8.code.Move::collectIndexedItems (6 bytes)
Event: 2645.064 Thread 0x0000000016959000 nmethod 20550 0x000000000482d0d0 code [0x000000000482d220, 0x000000000482d3d0]
Event: 2645.065 Thread 0x0000000016959000 20551       3       com.android.tools.r8.code.ReturnVoid::collectIndexedItems (6 bytes)
Event: 2645.066 Thread 0x0000000016959000 nmethod 20551 0x0000000004e84e50 code [0x0000000004e84fa0, 0x0000000004e85150]
Event: 2645.101 Thread 0x0000000016959000 20557       3       com.android.tools.r8.graph.DexValue$DexValueLong::equals (35 bytes)
Event: 2645.101 Thread 0x0000000016959000 nmethod 20557 0x0000000004cfc910 code [0x0000000004cfca80, 0x0000000004cfce90]

GC Heap History (10 events):
Event: 2601.223 GC heap before
{Heap before GC invocations=52 (full 4):
 PSYoungGen      total 322560K, used 302643K [0x00000000e0000000, 0x00000000f8580000, 0x0000000100000000)
  eden space 291328K, 100% used [0x00000000e0000000,0x00000000f1c80000,0x00000000f1c80000)
  from space 31232K, 36% used [0x00000000f1c80000,0x00000000f278cd80,0x00000000f3b00000)
  to   space 29696K, 0% used [0x00000000f6880000,0x00000000f6880000,0x00000000f8580000)
 ParOldGen       total 118784K, used 77604K [0x00000000a0000000, 0x00000000a7400000, 0x00000000e0000000)
  object space 118784K, 65% used [0x00000000a0000000,0x00000000a4bc93a8,0x00000000a7400000)
 Metaspace       used 80563K, capacity 83706K, committed 83840K, reserved 1122304K
  class space    used 10193K, capacity 10806K, committed 10880K, reserved 1048576K
Event: 2601.354 GC heap after
Heap after GC invocations=52 (full 4):
 PSYoungGen      total 363008K, used 7851K [0x00000000e0000000, 0x00000000f8100000, 0x0000000100000000)
  eden space 337920K, 0% used [0x00000000e0000000,0x00000000e0000000,0x00000000f4a00000)
  from space 25088K, 31% used [0x00000000f6880000,0x00000000f702aeb8,0x00000000f8100000)
  to   space 28160K, 0% used [0x00000000f4a00000,0x00000000f4a00000,0x00000000f6580000)
 ParOldGen       total 118784K, used 79061K [0x00000000a0000000, 0x00000000a7400000, 0x00000000e0000000)
  object space 118784K, 66% used [0x00000000a0000000,0x00000000a4d35428,0x00000000a7400000)
 Metaspace       used 80563K, capacity 83706K, committed 83840K, reserved 1122304K
  class space    used 10193K, capacity 10806K, committed 10880K, reserved 1048576K
}
Event: 2603.704 GC heap before
{Heap before GC invocations=53 (full 4):
 PSYoungGen      total 363008K, used 345771K [0x00000000e0000000, 0x00000000f8100000, 0x0000000100000000)
  eden space 337920K, 100% used [0x00000000e0000000,0x00000000f4a00000,0x00000000f4a00000)
  from space 25088K, 31% used [0x00000000f6880000,0x00000000f702aeb8,0x00000000f8100000)
  to   space 28160K, 0% used [0x00000000f4a00000,0x00000000f4a00000,0x00000000f6580000)
 ParOldGen       total 118784K, used 79061K [0x00000000a0000000, 0x00000000a7400000, 0x00000000e0000000)
  object space 118784K, 66% used [0x00000000a0000000,0x00000000a4d35428,0x00000000a7400000)
 Metaspace       used 80580K, capacity 83706K, committed 83840K, reserved 1122304K
  class space    used 10193K, capacity 10806K, committed 10880K, reserved 1048576K
Event: 2606.791 GC heap after
Heap after GC invocations=53 (full 4):
 PSYoungGen      total 366080K, used 9631K [0x00000000e0000000, 0x00000000f8100000, 0x0000000100000000)
  eden space 337920K, 0% used [0x00000000e0000000,0x00000000e0000000,0x00000000f4a00000)
  from space 28160K, 34% used [0x00000000f4a00000,0x00000000f5367d68,0x00000000f6580000)
  to   space 25088K, 0% used [0x00000000f6880000,0x00000000f6880000,0x00000000f8100000)
 ParOldGen       total 118784K, used 84128K [0x00000000a0000000, 0x00000000a7400000, 0x00000000e0000000)
  object space 118784K, 70% used [0x00000000a0000000,0x00000000a5228228,0x00000000a7400000)
 Metaspace       used 80580K, capacity 83706K, committed 83840K, reserved 1122304K
  class space    used 10193K, capacity 10806K, committed 10880K, reserved 1048576K
}
Event: 2609.779 GC heap before
{Heap before GC invocations=54 (full 4):
 PSYoungGen      total 366080K, used 347551K [0x00000000e0000000, 0x00000000f8100000, 0x0000000100000000)
  eden space 337920K, 100% used [0x00000000e0000000,0x00000000f4a00000,0x00000000f4a00000)
  from space 28160K, 34% used [0x00000000f4a00000,0x00000000f5367d68,0x00000000f6580000)
  to   space 25088K, 0% used [0x00000000f6880000,0x00000000f6880000,0x00000000f8100000)
 ParOldGen       total 118784K, used 84128K [0x00000000a0000000, 0x00000000a7400000, 0x00000000e0000000)
  object space 118784K, 70% used [0x00000000a0000000,0x00000000a5228228,0x00000000a7400000)
 Metaspace       used 80599K, capacity 83706K, committed 83840K, reserved 1122304K
  class space    used 10193K, capacity 10806K, committed 10880K, reserved 1048576K
Event: 2610.360 GC heap after
Heap after GC invocations=54 (full 4):
 PSYoungGen      total 363008K, used 14151K [0x00000000e0000000, 0x00000000f8100000, 0x0000000100000000)
  eden space 337920K, 0% used [0x00000000e0000000,0x00000000e0000000,0x00000000f4a00000)
  from space 25088K, 56% used [0x00000000f6880000,0x00000000f7651d50,0x00000000f8100000)
  to   space 28160K, 0% used [0x00000000f4a00000,0x00000000f4a00000,0x00000000f6580000)
 ParOldGen       total 118784K, used 87374K [0x00000000a0000000, 0x00000000a7400000, 0x00000000e0000000)
  object space 118784K, 73% used [0x00000000a0000000,0x00000000a55538e8,0x00000000a7400000)
 Metaspace       used 80599K, capacity 83706K, committed 83840K, reserved 1122304K
  class space    used 10193K, capacity 10806K, committed 10880K, reserved 1048576K
}
Event: 2614.576 GC heap before
{Heap before GC invocations=55 (full 4):
 PSYoungGen      total 363008K, used 352071K [0x00000000e0000000, 0x00000000f8100000, 0x0000000100000000)
  eden space 337920K, 100% used [0x00000000e0000000,0x00000000f4a00000,0x00000000f4a00000)
  from space 25088K, 56% used [0x00000000f6880000,0x00000000f7651d50,0x00000000f8100000)
  to   space 28160K, 0% used [0x00000000f4a00000,0x00000000f4a00000,0x00000000f6580000)
 ParOldGen       total 118784K, used 87374K [0x00000000a0000000, 0x00000000a7400000, 0x00000000e0000000)
  object space 118784K, 73% used [0x00000000a0000000,0x00000000a55538e8,0x00000000a7400000)
 Metaspace       used 80619K, capacity 83706K, committed 83840K, reserved 1122304K
  class space    used 10194K, capacity 10806K, committed 10880K, reserved 1048576K
Event: 2614.625 GC heap after
Heap after GC invocations=55 (full 4):
 PSYoungGen      total 366080K, used 2960K [0x00000000e0000000, 0x00000000f8100000, 0x0000000100000000)
  eden space 337920K, 0% used [0x00000000e0000000,0x00000000e0000000,0x00000000f4a00000)
  from space 28160K, 10% used [0x00000000f4a00000,0x00000000f4ce4030,0x00000000f6580000)
  to   space 25088K, 0% used [0x00000000f6880000,0x00000000f6880000,0x00000000f8100000)
 ParOldGen       total 118784K, used 98005K [0x00000000a0000000, 0x00000000a7400000, 0x00000000e0000000)
  object space 118784K, 82% used [0x00000000a0000000,0x00000000a5fb5628,0x00000000a7400000)
 Metaspace       used 80619K, capacity 83706K, committed 83840K, reserved 1122304K
  class space    used 10194K, capacity 10806K, committed 10880K, reserved 1048576K
}
Event: 2644.016 GC heap before
{Heap before GC invocations=56 (full 4):
 PSYoungGen      total 366080K, used 340817K [0x00000000e0000000, 0x00000000f8100000, 0x0000000100000000)
  eden space 337920K, 99% used [0x00000000e0000000,0x00000000f49f06a8,0x00000000f4a00000)
  from space 28160K, 10% used [0x00000000f4a00000,0x00000000f4ce4030,0x00000000f6580000)
  to   space 25088K, 0% used [0x00000000f6880000,0x00000000f6880000,0x00000000f8100000)
 ParOldGen       total 118784K, used 98005K [0x00000000a0000000, 0x00000000a7400000, 0x00000000e0000000)
  object space 118784K, 82% used [0x00000000a0000000,0x00000000a5fb5628,0x00000000a7400000)
 Metaspace       used 80671K, capacity 83774K, committed 84096K, reserved 1122304K
  class space    used 10195K, capacity 10808K, committed 10880K, reserved 1048576K
Event: 2644.029 GC heap after
Heap after GC invocations=56 (full 4):
 PSYoungGen      total 369152K, used 4607K [0x00000000e0000000, 0x00000000fbb80000, 0x0000000100000000)
  eden space 344064K, 0% used [0x00000000e0000000,0x00000000e0000000,0x00000000f5000000)
  from space 25088K, 18% used [0x00000000f6880000,0x00000000f6cffcf8,0x00000000f8100000)
  to   space 25088K, 0% used [0x00000000f5000000,0x00000000f5000000,0x00000000f6880000)
 ParOldGen       total 118784K, used 98773K [0x00000000a0000000, 0x00000000a7400000, 0x00000000e0000000)
  object space 118784K, 83% used [0x00000000a0000000,0x00000000a6075658,0x00000000a7400000)
 Metaspace       used 80671K, capacity 83774K, committed 84096K, reserved 1122304K
  class space    used 10195K, capacity 10808K, committed 10880K, reserved 1048576K
}

Deoptimization events (10 events):
Event: 2609.707 Thread 0x000000001b587000 Uncommon trap: reason=unstable_if action=reinterpret pc=0x0000000006318bb4 method=java.util.concurrent.ConcurrentHashMap.sumCount()J @ 30
Event: 2609.707 Thread 0x000000001b587000 Uncommon trap: reason=unstable_if action=reinterpret pc=0x00000000050bf6c0 method=java.util.concurrent.ConcurrentHashMap.sumCount()J @ 30
Event: 2611.789 Thread 0x000000001b585000 Uncommon trap: reason=array_check action=maybe_recompile pc=0x000000000475746c method=java.util.TimSort.mergeHi(IIII)V @ 657
Event: 2618.280 Thread 0x000000001b585800 Uncommon trap: reason=array_check action=maybe_recompile pc=0x000000000668f988 method=java.util.TimSort.mergeHi(IIII)V @ 524
Event: 2629.911 Thread 0x000000001b58f000 Uncommon trap: reason=array_check action=maybe_recompile pc=0x000000000668f988 method=java.util.TimSort.mergeHi(IIII)V @ 524
Event: 2629.986 Thread 0x000000001b587000 Uncommon trap: reason=array_check action=maybe_recompile pc=0x0000000004259110 method=java.util.TimSort.mergeHi(IIII)V @ 419
Event: 2634.739 Thread 0x000000001b585800 Uncommon trap: reason=unstable_if action=reinterpret pc=0x0000000003c63c84 method=java.util.concurrent.locks.AbstractQueuedSynchronizer.acquire(I)V @ 20
Event: 2644.226 Thread 0x000000001b588000 Uncommon trap: reason=null_check action=make_not_entrant pc=0x000000000526e134 method=com.android.tools.r8.dex.DexFileReader.debugInfoAt(I)Lcom/android/tools/r8/graph/DexDebugInfo; @ 11
Event: 2644.309 Thread 0x000000001b588000 Uncommon trap: reason=null_check action=make_not_entrant pc=0x00000000051aa234 method=com.android.tools.r8.dex.DexFileReader.debugInfoAt(I)Lcom/android/tools/r8/graph/DexDebugInfo; @ 11
Event: 2644.309 Thread 0x000000001b590800 Uncommon trap: reason=null_check action=make_not_entrant pc=0x00000000051aa234 method=com.android.tools.r8.dex.DexFileReader.debugInfoAt(I)Lcom/android/tools/r8/graph/DexDebugInfo; @ 11

Classes redefined (0 events):
No events

Internal exceptions (10 events):
Event: 2644.327 Thread 0x000000001b58e000 Exception <a 'java/lang/OutOfMemoryError'> (0x00000000e2e58928) thrown at [D:\src\AOSP-openjdk-cygwin\jdk8u\hotspot\src\share\vm\prims\unsafe.cpp, line 634]
Event: 2644.328 Thread 0x000000001b58c800 Exception <a 'sun/nio/fs/WindowsException'> (0x00000000e26db428) thrown at [D:\src\AOSP-openjdk-cygwin\jdk8u\hotspot\src\share\vm\prims\jni.cpp, line 709]
Event: 2644.328 Thread 0x0000000019539800 Exception <a 'sun/nio/fs/WindowsException'> (0x00000000e31ce9d0) thrown at [D:\src\AOSP-openjdk-cygwin\jdk8u\hotspot\src\share\vm\prims\jni.cpp, line 709]
Event: 2644.377 Thread 0x000000001b586800 Exception <a 'sun/nio/fs/WindowsException'> (0x00000000e1f86b00) thrown at [D:\src\AOSP-openjdk-cygwin\jdk8u\hotspot\src\share\vm\prims\jni.cpp, line 709]
Event: 2644.384 Thread 0x000000001b58e000 Exception <a 'sun/nio/fs/WindowsException'> (0x00000000e2e5f0c0) thrown at [D:\src\AOSP-openjdk-cygwin\jdk8u\hotspot\src\share\vm\prims\jni.cpp, line 709]
Event: 2644.615 Thread 0x0000000019533800 Exception <a 'sun/nio/fs/WindowsException'> (0x00000000e3542240) thrown at [D:\src\AOSP-openjdk-cygwin\jdk8u\hotspot\src\share\vm\prims\jni.cpp, line 709]
Event: 2645.018 Thread 0x000000001d2df000 Exception <a 'sun/nio/fs/WindowsException'> (0x00000000e3ccdd48) thrown at [D:\src\AOSP-openjdk-cygwin\jdk8u\hotspot\src\share\vm\prims\jni.cpp, line 709]
Event: 2645.021 Thread 0x000000001d2e6800 Exception <a 'sun/nio/fs/WindowsException'> (0x00000000e425c2e8) thrown at [D:\src\AOSP-openjdk-cygwin\jdk8u\hotspot\src\share\vm\prims\jni.cpp, line 709]
Event: 2645.024 Thread 0x0000000019536800 Exception <a 'sun/nio/fs/WindowsException'> (0x00000000e3c44248) thrown at [D:\src\AOSP-openjdk-cygwin\jdk8u\hotspot\src\share\vm\prims\jni.cpp, line 709]
Event: 2645.150 Thread 0x000000001b588000 Exception <a 'sun/nio/fs/WindowsException'> (0x00000000e5003460) thrown at [D:\src\AOSP-openjdk-cygwin\jdk8u\hotspot\src\share\vm\prims\jni.cpp, line 709]

Events (10 events):
Event: 2645.035 Executing VM operation: RevokeBias done
Event: 2645.035 Thread 0x000000001d2df000 Thread exited: 0x000000001d2df000
Event: 2645.035 Executing VM operation: RevokeBias
Event: 2645.035 Executing VM operation: RevokeBias done
Event: 2645.035 Thread 0x000000001b592000 Thread exited: 0x000000001b592000
Event: 2645.035 Thread 0x000000001d2e6800 Thread exited: 0x000000001d2e6800
Event: 2645.035 Executing VM operation: RevokeBias
Event: 2645.036 Executing VM operation: RevokeBias done
Event: 2645.036 Thread 0x000000001b591000 Thread exited: 0x000000001b591000
Event: 2645.080 Thread 0x000000001b586800 Thread exited: 0x000000001b586800


Dynamic libraries:
0x00007ff643810000 - 0x00007ff643841000 	C:\Program Files\Android\Android Studio\jre\bin\java.exe
0x00007ffe19a00000 - 0x00007ffe19be1000 	C:\WINDOWS\SYSTEM32\ntdll.dll
0x00007ffe170f0000 - 0x00007ffe171a2000 	C:\WINDOWS\System32\KERNEL32.DLL
0x00007ffe169c0000 - 0x00007ffe16c33000 	C:\WINDOWS\System32\KERNELBASE.dll
0x00007ffe190d0000 - 0x00007ffe19171000 	C:\WINDOWS\System32\ADVAPI32.dll
0x00007ffe17780000 - 0x00007ffe1781e000 	C:\WINDOWS\System32\msvcrt.dll
0x00007ffe17a60000 - 0x00007ffe17abb000 	C:\WINDOWS\System32\sechost.dll
0x00007ffe16fc0000 - 0x00007ffe170e4000 	C:\WINDOWS\System32\RPCRT4.dll
0x00007ffe19180000 - 0x00007ffe19310000 	C:\WINDOWS\System32\USER32.dll
0x00007ffe16660000 - 0x00007ffe16680000 	C:\WINDOWS\System32\win32u.dll
0x00007ffe17ac0000 - 0x00007ffe17ae8000 	C:\WINDOWS\System32\GDI32.dll
0x00007ffe16820000 - 0x00007ffe169b2000 	C:\WINDOWS\System32\gdi32full.dll
0x00007ffe16680000 - 0x00007ffe1671f000 	C:\WINDOWS\System32\msvcp_win.dll
0x00007ffe16720000 - 0x00007ffe1681a000 	C:\WINDOWS\System32\ucrtbase.dll
0x00007ffe03a20000 - 0x00007ffe03c89000 	C:\WINDOWS\WinSxS\amd64_microsoft.windows.common-controls_6595b64144ccf1df_6.0.17134.285_none_fb4297e330656775\COMCTL32.dll
0x00007ffe19390000 - 0x00007ffe196b3000 	C:\WINDOWS\System32\combase.dll
0x00007ffe15dd0000 - 0x00007ffe15e4a000 	C:\WINDOWS\System32\bcryptPrimitives.dll
0x00007ffe18fb0000 - 0x00007ffe18fdd000 	C:\WINDOWS\System32\IMM32.DLL
0x00000000705a0000 - 0x0000000070672000 	C:\Program Files\Android\Android Studio\jre\jre\bin\msvcr100.dll
0x0000000070680000 - 0x0000000070ebf000 	C:\Program Files\Android\Android Studio\jre\jre\bin\server\jvm.dll
0x00007ffe17660000 - 0x00007ffe17668000 	C:\WINDOWS\System32\PSAPI.DLL
0x00007ffde1830000 - 0x00007ffde1839000 	C:\WINDOWS\SYSTEM32\WSOCK32.dll
0x00007ffe136a0000 - 0x00007ffe136c3000 	C:\WINDOWS\SYSTEM32\WINMM.dll
0x00007ffe11400000 - 0x00007ffe1140a000 	C:\WINDOWS\SYSTEM32\VERSION.dll
0x00007ffe17710000 - 0x00007ffe1777c000 	C:\WINDOWS\System32\WS2_32.dll
0x00007ffe13670000 - 0x00007ffe1369a000 	C:\WINDOWS\SYSTEM32\WINMMBASE.dll
0x00007ffe15e50000 - 0x00007ffe15e99000 	C:\WINDOWS\System32\cfgmgr32.dll
0x00007ffde1820000 - 0x00007ffde182f000 	C:\Program Files\Android\Android Studio\jre\jre\bin\verify.dll
0x00007ffde17f0000 - 0x00007ffde1819000 	C:\Program Files\Android\Android Studio\jre\jre\bin\java.dll
0x00007ffde1740000 - 0x00007ffde1756000 	C:\Program Files\Android\Android Studio\jre\jre\bin\zip.dll
0x00007ffe17af0000 - 0x00007ffe18f30000 	C:\WINDOWS\System32\SHELL32.dll
0x00007ffe179b0000 - 0x00007ffe17a59000 	C:\WINDOWS\System32\shcore.dll
0x00007ffe15f50000 - 0x00007ffe1665d000 	C:\WINDOWS\System32\windows.storage.dll
0x00007ffe16f60000 - 0x00007ffe16fb1000 	C:\WINDOWS\System32\shlwapi.dll
0x00007ffe15d10000 - 0x00007ffe15d21000 	C:\WINDOWS\System32\kernel.appcore.dll
0x00007ffe15d30000 - 0x00007ffe15d4f000 	C:\WINDOWS\System32\profapi.dll
0x00007ffe15d80000 - 0x00007ffe15dcc000 	C:\WINDOWS\System32\powrprof.dll
0x00007ffe15d50000 - 0x00007ffe15d5a000 	C:\WINDOWS\System32\FLTLIB.DLL
0x00007ffde15f0000 - 0x00007ffde160a000 	C:\Program Files\Android\Android Studio\jre\jre\bin\net.dll
0x00007ffe15590000 - 0x00007ffe155f6000 	C:\WINDOWS\system32\mswsock.dll
0x00007ffde15d0000 - 0x00007ffde15e1000 	C:\Program Files\Android\Android Studio\jre\jre\bin\nio.dll
0x00007ffe09a80000 - 0x00007ffe09a9e000 	C:\Users\Rozz\.gradle\native\25\windows-amd64\native-platform.dll
0x00007ffe06b10000 - 0x00007ffe06b1d000 	C:\Program Files\Android\Android Studio\jre\jre\bin\management.dll
0x00007ffe15740000 - 0x00007ffe15757000 	C:\WINDOWS\SYSTEM32\CRYPTSP.dll
0x00007ffe15170000 - 0x00007ffe151a3000 	C:\WINDOWS\system32\rsaenh.dll
0x00007ffe15870000 - 0x00007ffe15895000 	C:\WINDOWS\SYSTEM32\bcrypt.dll
0x00007ffe15c40000 - 0x00007ffe15c68000 	C:\WINDOWS\SYSTEM32\USERENV.dll
0x00007ffe15760000 - 0x00007ffe1576b000 	C:\WINDOWS\SYSTEM32\CRYPTBASE.dll
0x00007ffe15310000 - 0x00007ffe15348000 	C:\WINDOWS\SYSTEM32\IPHLPAPI.DLL
0x00007ffe17820000 - 0x00007ffe17828000 	C:\WINDOWS\System32\NSI.dll
0x00007ffe0cb50000 - 0x00007ffe0cb66000 	C:\WINDOWS\SYSTEM32\dhcpcsvc6.DLL
0x00007ffe0cc00000 - 0x00007ffe0cc1a000 	C:\WINDOWS\SYSTEM32\dhcpcsvc.DLL
0x00007ffe14e00000 - 0x00007ffe14e31000 	C:\WINDOWS\SYSTEM32\ntmarta.dll

VM Arguments:
jvm_args: -Xmx1536m -Dfile.encoding=windows-1252 -Duser.country=PH -Duser.language=en -Duser.variant 
java_command: org.gradle.launcher.daemon.bootstrap.GradleDaemon 4.4
java_class_path (initial): C:\Users\Rozz\.gradle\wrapper\dists\gradle-4.4-all\9br9xq1tocpiv8o6njlyu5op1\gradle-4.4\lib\gradle-launcher-4.4.jar
Launcher Type: SUN_STANDARD

Environment Variables:
JAVA_HOME=C:\Program Files (x86)\SAP\SAP Business One ServerTools\Common\sapjvm_8
CLASSPATH=C:\Program Files (x86)\SAP\SAP Business One DI API\JCO\LIB\sbowrapper.jar;C:\Program Files (x86)\SAP\SAP Business One DI API\JCO\LIB\sboapi.jar
PATH=C:\ProgramData\Oracle\Java\javapath;C:\Program Files (x86)\Intel\iCLS Client\;C:\Program Files\Intel\iCLS Client\;C:\Windows\system32;C:\Windows;C:\Windows\System32\Wbem;C:\Windows\System32\WindowsPowerShell\v1.0\;C:\Program Files (x86)\Intel\Intel(R) Management Engine Components\DAL;C:\Program Files\Intel\Intel(R) Management Engine Components\DAL;C:\Program Files (x86)\Intel\Intel(R) Management Engine Components\IPT;C:\Program Files\Intel\Intel(R) Management Engine Components\IPT;C:\Program Files (x86)\NVIDIA Corporation\PhysX\Common;C:\Program Files\dotnet\;C:\WINDOWS\system32\config\systemprofile\.dnx\bin;C:\Program Files\Microsoft DNX\Dnvm\;C:\Program Files\Microsoft SQL Server\130\Tools\Binn\;C:\Program Files (x86)\Microsoft SQL Server\110\Tools\Binn\;C:\Program Files\Microsoft SQL Server\110\Tools\Binn\;C:\Program Files\Microsoft SQL Server\110\DTS\Binn\;c:\Program Files (x86)\Microsoft SQL Server\100\Tools\Binn\;c:\Program Files\Microsoft SQL Server\100\Tools\Binn\;c:\Program Files\Microsoft SQL Server\100\DTS\Binn\;C:\Program Files (x86)\SAP\SAP Business One DI API\JCO\LIB\;C:\Program Files (x86)\SAP\SAP Business One DI API\DI API 90;C:\Program Files (x86)\SAP\SAP Business One\;C:\Program Files (x86)\Microsoft SQL Server\110\Tools\Binn\ManagementStudio\;C:\Program Files (x86)\Microsoft SQL Server\110\DTS\Binn\;C:\Program Files (x86)\SAP\SAP Business One ServerTools\Common\sapjvm_8\jre\bin;C:\Program Files (x86)\SAP\SAP Business One ServerTools\Common\tomcat\bin;C:\Program Files (x86)\SAP\SAP Business One ServerTools\Common\sapjvm_8\jre\bin\server;C:\WINDOWS\system32;C:\WINDOWS;C:\WINDOWS\System32\Wbem;C:\WINDOWS\System32\WindowsPowerShell\v1.0\;C:\Program Files\Git\cmd;C:\WINDOWS\System32\OpenSSH\;C:\Users\Rozz\AppData\Local\Microsoft\WindowsApps;
USERNAME=Rozz
OS=Windows_NT
PROCESSOR_IDENTIFIER=Intel64 Family 6 Model 142 Stepping 9, GenuineIntel



---------------  S Y S T E M  ---------------

OS: Windows 10.0 , 64 bit Build 17134 (10.0.17134.1)

CPU:total 4 (initial active 4) (2 cores per cpu, 2 threads per core) family 6 model 142 stepping 9, cmov, cx8, fxsr, mmx, sse, sse2, sse3, ssse3, sse4.1, sse4.2, popcnt, avx, avx2, aes, clmul, erms, 3dnowpref, lzcnt, ht, tsc, tscinvbit, bmi1, bmi2, adx

Memory: 4k page, physical 4059364k(239340k free), swap 8253668k(6160k free)

vm_info: OpenJDK 64-Bit Server VM (25.152-b02) for windows-amd64 JRE (1.8.0_152-release-1024-b02), built by "builder" with MS VC++ 10.0 (VS2010)

time: Wed Sep 26 10:11:15 2018
elapsed time: 2646 seconds (0d 0h 44m 6s)

