#
# There is insufficient memory for the Java Runtime Environment to continue.
# Native memory allocation (malloc) failed to allocate 811136 bytes for Chunk::new
# Possible reasons:
#   The system is out of physical RAM or swap space
#   In 32 bit mode, the process size limit was hit
# Possible solutions:
#   Reduce memory load on the system
#   Increase physical memory or swap space
#   Check if swap backing store is full
#   Use 64 bit Java on a 64 bit OS
#   Decrease Java heap size (-Xmx/-Xms)
#   Decrease number of Java threads
#   Decrease Java thread stack sizes (-Xss)
#   Set larger code cache with -XX:ReservedCodeCacheSize=
# This output file may be truncated or incomplete.
#
#  Out of Memory Error (allocation.cpp:390), pid=10664, tid=0x0000000000002038
#
# JRE version: OpenJDK Runtime Environment (8.0_152-b02) (build 1.8.0_152-release-1024-b02)
# Java VM: OpenJDK 64-Bit Server VM (25.152-b02 mixed mode windows-amd64 compressed oops)
# Failed to write core dump. Minidumps are not enabled by default on client versions of Windows
#

---------------  T H R E A D  ---------------

Current thread (0x000000001606d000):  JavaThread "C2 CompilerThread1" daemon [_thread_in_native, id=8248, stack(0x00000000177b0000,0x00000000178b0000)]

Stack: [0x00000000177b0000,0x00000000178b0000]
[error occurred during error reporting (printing stack bounds), id 0xc0000005]

Native frames: (J=compiled Java code, j=interpreted, Vv=VM code, C=native code)


Current CompileTask:
C2:   9686 3524       4       org.gradle.model.internal.type.ModelType::wrap (219 bytes)


---------------  P R O C E S S  ---------------

Java Threads: ( => current thread )
  0x000000001b5db800 JavaThread "Memory manager" [_thread_blocked, id=4976, stack(0x00000000228c0000,0x00000000229c0000)]
  0x000000001b5de000 JavaThread "pool-1-thread-1" [_thread_blocked, id=924, stack(0x00000000215f0000,0x00000000216f0000)]
  0x000000001b5d8800 JavaThread "build operations Thread 4" [_thread_blocked, id=6892, stack(0x0000000020120000,0x0000000020220000)]
  0x000000001b5da000 JavaThread "build operations Thread 3" [_thread_blocked, id=11404, stack(0x0000000020020000,0x0000000020120000)]
  0x000000001b5d8000 JavaThread "build operations Thread 2" [_thread_blocked, id=10436, stack(0x000000001ff20000,0x0000000020020000)]
  0x000000001b5de800 JavaThread "build operations" [_thread_blocked, id=7784, stack(0x000000001fb30000,0x000000001fc30000)]
  0x0000000018fed000 JavaThread "Cache worker for Artifact transforms cache (C:\Users\Rozz\.gradle\caches\transforms-1)" [_thread_blocked, id=9632, stack(0x000000001d0a0000,0x000000001d1a0000)]
  0x0000000018fec000 JavaThread "Cache worker for file hash cache (C:\PERALTA BACKUPS\PrestigeMobileAppUpdatedWed28-6-18-1258AM\MMReport\.gradle\4.4\fileHashes)" [_thread_blocked, id=7696, stack(0x000000001bbd0000,0x000000001bcd0000)]
  0x0000000018ff1800 JavaThread "File lock request listener" [_thread_in_native, id=11804, stack(0x000000001ab00000,0x000000001ac00000)]
  0x0000000018ff0000 JavaThread "Cache worker for file hash cache (C:\Users\Rozz\.gradle\caches\4.4\fileHashes)" [_thread_blocked, id=2300, stack(0x000000001aa00000,0x000000001ab00000)]
  0x0000000018fef000 JavaThread "Stdin handler" [_thread_blocked, id=1448, stack(0x000000001a700000,0x000000001a800000)]
  0x0000000018fe9000 JavaThread "Asynchronous log dispatcher for DefaultDaemonConnection: socket connection from /127.0.0.1:6172 to /127.0.0.1:6173" [_thread_blocked, id=2668, stack(0x000000001a600000,0x000000001a700000)]
  0x0000000018fcd000 JavaThread "Daemon worker" [_thread_in_Java, id=5280, stack(0x000000001a500000,0x000000001a600000)]
  0x0000000018ff3000 JavaThread "Cancel handler" [_thread_blocked, id=7728, stack(0x000000001a400000,0x000000001a500000)]
  0x0000000018e90000 JavaThread "Handler for socket connection from /127.0.0.1:6172 to /127.0.0.1:6173" [_thread_in_native, id=1280, stack(0x000000001a100000,0x000000001a200000)]
  0x0000000018e8f000 JavaThread "Daemon" [_thread_blocked, id=2124, stack(0x000000001a000000,0x000000001a100000)]
  0x0000000018e27800 JavaThread "Daemon periodic checks" [_thread_blocked, id=10612, stack(0x0000000019f00000,0x000000001a000000)]
  0x0000000018e2b000 JavaThread "Incoming local TCP Connector on port 6172" [_thread_in_native, id=4880, stack(0x0000000019cc0000,0x0000000019dc0000)]
  0x00000000179d8800 JavaThread "Service Thread" daemon [_thread_blocked, id=8176, stack(0x0000000017db0000,0x0000000017eb0000)]
  0x000000001607b800 JavaThread "C1 CompilerThread2" daemon [_thread_in_vm, id=7680, stack(0x00000000178b0000,0x00000000179b0000)]
=>0x000000001606d000 JavaThread "C2 CompilerThread1" daemon [_thread_in_native, id=8248, stack(0x00000000177b0000,0x00000000178b0000)]
  0x0000000016079000 JavaThread "C2 CompilerThread0" daemon [_thread_in_native, id=10384, stack(0x00000000176b0000,0x00000000177b0000)]
  0x0000000016078000 JavaThread "Attach Listener" daemon [_thread_blocked, id=9728, stack(0x00000000175b0000,0x00000000176b0000)]
  0x0000000016076800 JavaThread "Signal Dispatcher" daemon [_thread_blocked, id=7664, stack(0x00000000174b0000,0x00000000175b0000)]
  0x0000000016058000 JavaThread "Finalizer" daemon [_thread_blocked, id=8704, stack(0x00000000172c0000,0x00000000173c0000)]
  0x00000000026f4000 JavaThread "Reference Handler" daemon [_thread_blocked, id=9340, stack(0x00000000171c0000,0x00000000172c0000)]
  0x000000000071e800 JavaThread "main" [_thread_blocked, id=7900, stack(0x0000000002500000,0x0000000002600000)]

Other Threads:
  0x0000000016035000 VMThread [stack: 0x00000000170c0000,0x00000000171c0000] [id=5820]
  0x0000000016091000 WatcherThread [stack: 0x0000000017eb0000,0x0000000017fb0000] [id=9696]

VM state:not at safepoint (normal execution)

VM Mutex/Monitor currently owned by a thread: None

Heap:
 PSYoungGen      total 131584K, used 46696K [0x00000000e0000000, 0x00000000e9100000, 0x0000000100000000)
  eden space 122880K, 38% used [0x00000000e0000000,0x00000000e2d9a310,0x00000000e7800000)
  from space 8704K, 0% used [0x00000000e7800000,0x00000000e7800000,0x00000000e8080000)
  to   space 11776K, 0% used [0x00000000e8580000,0x00000000e8580000,0x00000000e9100000)
 ParOldGen       total 58368K, used 19582K [0x00000000a0000000, 0x00000000a3900000, 0x00000000e0000000)
  object space 58368K, 33% used [0x00000000a0000000,0x00000000a131fb40,0x00000000a3900000)
 Metaspace       used 36401K, capacity 36902K, committed 37208K, reserved 1081344K
  class space    used 4964K, capacity 5153K, committed 5248K, reserved 1048576K

Card table byte_map: [0x0000000011ac0000,0x0000000011dd0000] byte_map_base: 0x00000000115c0000

Marking Bits: (ParMarkBitMap*) 0x0000000065614970
 Begin Bits: [0x00000000123d0000, 0x0000000013bd0000)
 End Bits:   [0x0000000013bd0000, 0x00000000153d0000)

Polling page: 0x00000000003f0000

CodeCache: size=245760Kb used=11563Kb max_used=11563Kb free=234196Kb
 bounds [0x0000000002700000, 0x0000000003260000, 0x0000000011700000]
 total_blobs=4018 nmethods=3315 adapters=615
 compilation: enabled

Compilation events (10 events):
Event: 9.676 Thread 0x000000001607b800 nmethod 3611 0x0000000003246450 code [0x00000000032467e0, 0x00000000032485f8]
Event: 9.676 Thread 0x000000001607b800 3612       3       java.util.Formatter::parse (151 bytes)
Event: 9.679 Thread 0x000000001607b800 nmethod 3612 0x0000000003249b90 code [0x0000000003249fa0, 0x000000000324c698]
Event: 9.679 Thread 0x000000001607b800 3614       3       org.gradle.model.internal.manage.schema.extract.DefaultModelSchemaExtractor$1::apply (9 bytes)
Event: 9.679 Thread 0x000000001607b800 nmethod 3614 0x0000000003237190 code [0x0000000003237320, 0x0000000003237708]
Event: 9.679 Thread 0x000000001607b800 3615       3       org.gradle.model.internal.manage.schema.extract.DefaultModelSchemaExtractor$1::apply (22 bytes)
Event: 9.680 Thread 0x000000001607b800 nmethod 3615 0x000000000324dcd0 code [0x000000000324dea0, 0x000000000324e5a8]
Event: 9.680 Thread 0x000000001607b800 3613       3       com.google.common.collect.ImmutableCollection::toArray (30 bytes)
Event: 9.680 Thread 0x000000001607b800 nmethod 3613 0x0000000003236a90 code [0x0000000003236c20, 0x00000000032370a8]
Event: 9.680 Thread 0x000000001607b800 3617       3       java.util.EnumMap::<init> (136 bytes)

GC Heap History (10 events):
Event: 3.954 GC heap before
{Heap before GC invocations=7 (full 0):
 PSYoungGen      total 69120K, used 23494K [0x00000000e0000000, 0x00000000e4d00000, 0x0000000100000000)
  eden space 62464K, 27% used [0x00000000e0000000,0x00000000e10bf808,0x00000000e3d00000)
  from space 6656K, 95% used [0x00000000e4480000,0x00000000e4ab2310,0x00000000e4b00000)
  to   space 7680K, 0% used [0x00000000e3d00000,0x00000000e3d00000,0x00000000e4480000)
 ParOldGen       total 42496K, used 6623K [0x00000000a0000000, 0x00000000a2980000, 0x00000000e0000000)
  object space 42496K, 15% used [0x00000000a0000000,0x00000000a0677ca8,0x00000000a2980000)
 Metaspace       used 20782K, capacity 21146K, committed 21248K, reserved 1067008K
  class space    used 2900K, capacity 3017K, committed 3072K, reserved 1048576K
Event: 3.971 GC heap after
Heap after GC invocations=7 (full 0):
 PSYoungGen      total 70144K, used 6152K [0x00000000e0000000, 0x00000000e8a00000, 0x0000000100000000)
  eden space 62464K, 0% used [0x00000000e0000000,0x00000000e0000000,0x00000000e3d00000)
  from space 7680K, 80% used [0x00000000e3d00000,0x00000000e43023e8,0x00000000e4480000)
  to   space 8192K, 0% used [0x00000000e8200000,0x00000000e8200000,0x00000000e8a00000)
 ParOldGen       total 42496K, used 7399K [0x00000000a0000000, 0x00000000a2980000, 0x00000000e0000000)
  object space 42496K, 17% used [0x00000000a0000000,0x00000000a0739ce8,0x00000000a2980000)
 Metaspace       used 20782K, capacity 21146K, committed 21248K, reserved 1067008K
  class space    used 2900K, capacity 3017K, committed 3072K, reserved 1048576K
}
Event: 3.971 GC heap before
{Heap before GC invocations=8 (full 1):
 PSYoungGen      total 70144K, used 6152K [0x00000000e0000000, 0x00000000e8a00000, 0x0000000100000000)
  eden space 62464K, 0% used [0x00000000e0000000,0x00000000e0000000,0x00000000e3d00000)
  from space 7680K, 80% used [0x00000000e3d00000,0x00000000e43023e8,0x00000000e4480000)
  to   space 8192K, 0% used [0x00000000e8200000,0x00000000e8200000,0x00000000e8a00000)
 ParOldGen       total 42496K, used 7399K [0x00000000a0000000, 0x00000000a2980000, 0x00000000e0000000)
  object space 42496K, 17% used [0x00000000a0000000,0x00000000a0739ce8,0x00000000a2980000)
 Metaspace       used 20782K, capacity 21146K, committed 21248K, reserved 1067008K
  class space    used 2900K, capacity 3017K, committed 3072K, reserved 1048576K
Event: 4.035 GC heap after
Heap after GC invocations=8 (full 1):
 PSYoungGen      total 70144K, used 0K [0x00000000e0000000, 0x00000000e8a00000, 0x0000000100000000)
  eden space 62464K, 0% used [0x00000000e0000000,0x00000000e0000000,0x00000000e3d00000)
  from space 7680K, 0% used [0x00000000e3d00000,0x00000000e3d00000,0x00000000e4480000)
  to   space 8192K, 0% used [0x00000000e8200000,0x00000000e8200000,0x00000000e8a00000)
 ParOldGen       total 34304K, used 8380K [0x00000000a0000000, 0x00000000a2180000, 0x00000000e0000000)
  object space 34304K, 24% used [0x00000000a0000000,0x00000000a082f310,0x00000000a2180000)
 Metaspace       used 20782K, capacity 21146K, committed 21248K, reserved 1067008K
  class space    used 2900K, capacity 3017K, committed 3072K, reserved 1048576K
}
Event: 5.517 GC heap before
{Heap before GC invocations=9 (full 1):
 PSYoungGen      total 70144K, used 62464K [0x00000000e0000000, 0x00000000e8a00000, 0x0000000100000000)
  eden space 62464K, 100% used [0x00000000e0000000,0x00000000e3d00000,0x00000000e3d00000)
  from space 7680K, 0% used [0x00000000e3d00000,0x00000000e3d00000,0x00000000e4480000)
  to   space 8192K, 0% used [0x00000000e8200000,0x00000000e8200000,0x00000000e8a00000)
 ParOldGen       total 34304K, used 8380K [0x00000000a0000000, 0x00000000a2180000, 0x00000000e0000000)
  object space 34304K, 24% used [0x00000000a0000000,0x00000000a082f310,0x00000000a2180000)
 Metaspace       used 26262K, capacity 26618K, committed 26880K, reserved 1073152K
  class space    used 3615K, capacity 3744K, committed 3840K, reserved 1048576K
Event: 5.528 GC heap after
Heap after GC invocations=9 (full 1):
 PSYoungGen      total 103424K, used 6769K [0x00000000e0000000, 0x00000000e8900000, 0x0000000100000000)
  eden space 96256K, 0% used [0x00000000e0000000,0x00000000e0000000,0x00000000e5e00000)
  from space 7168K, 94% used [0x00000000e8200000,0x00000000e889c5b0,0x00000000e8900000)
  to   space 8704K, 0% used [0x00000000e7800000,0x00000000e7800000,0x00000000e8080000)
 ParOldGen       total 34304K, used 8388K [0x00000000a0000000, 0x00000000a2180000, 0x00000000e0000000)
  object space 34304K, 24% used [0x00000000a0000000,0x00000000a0831310,0x00000000a2180000)
 Metaspace       used 26262K, capacity 26618K, committed 26880K, reserved 1073152K
  class space    used 3615K, capacity 3744K, committed 3840K, reserved 1048576K
}
Event: 8.953 GC heap before
{Heap before GC invocations=10 (full 1):
 PSYoungGen      total 103424K, used 99449K [0x00000000e0000000, 0x00000000e8900000, 0x0000000100000000)
  eden space 96256K, 96% used [0x00000000e0000000,0x00000000e5a81fb0,0x00000000e5e00000)
  from space 7168K, 94% used [0x00000000e8200000,0x00000000e889c5b0,0x00000000e8900000)
  to   space 8704K, 0% used [0x00000000e7800000,0x00000000e7800000,0x00000000e8080000)
 ParOldGen       total 34304K, used 8388K [0x00000000a0000000, 0x00000000a2180000, 0x00000000e0000000)
  object space 34304K, 24% used [0x00000000a0000000,0x00000000a0831310,0x00000000a2180000)
 Metaspace       used 34870K, capacity 35354K, committed 35416K, reserved 1079296K
  class space    used 4779K, capacity 4955K, committed 4992K, reserved 1048576K
Event: 8.971 GC heap after
Heap after GC invocations=10 (full 1):
 PSYoungGen      total 131584K, used 8699K [0x00000000e0000000, 0x00000000e9100000, 0x0000000100000000)
  eden space 122880K, 0% used [0x00000000e0000000,0x00000000e0000000,0x00000000e7800000)
  from space 8704K, 99% used [0x00000000e7800000,0x00000000e807eff8,0x00000000e8080000)
  to   space 11776K, 0% used [0x00000000e8580000,0x00000000e8580000,0x00000000e9100000)
 ParOldGen       total 34304K, used 12765K [0x00000000a0000000, 0x00000000a2180000, 0x00000000e0000000)
  object space 34304K, 37% used [0x00000000a0000000,0x00000000a0c776f8,0x00000000a2180000)
 Metaspace       used 34870K, capacity 35354K, committed 35416K, reserved 1079296K
  class space    used 4779K, capacity 4955K, committed 4992K, reserved 1048576K
}
Event: 8.971 GC heap before
{Heap before GC invocations=11 (full 2):
 PSYoungGen      total 131584K, used 8699K [0x00000000e0000000, 0x00000000e9100000, 0x0000000100000000)
  eden space 122880K, 0% used [0x00000000e0000000,0x00000000e0000000,0x00000000e7800000)
  from space 8704K, 99% used [0x00000000e7800000,0x00000000e807eff8,0x00000000e8080000)
  to   space 11776K, 0% used [0x00000000e8580000,0x00000000e8580000,0x00000000e9100000)
 ParOldGen       total 34304K, used 12765K [0x00000000a0000000, 0x00000000a2180000, 0x00000000e0000000)
  object space 34304K, 37% used [0x00000000a0000000,0x00000000a0c776f8,0x00000000a2180000)
 Metaspace       used 34870K, capacity 35354K, committed 35416K, reserved 1079296K
  class space    used 4779K, capacity 4955K, committed 4992K, reserved 1048576K
Event: 9.053 GC heap after
Heap after GC invocations=11 (full 2):
 PSYoungGen      total 131584K, used 0K [0x00000000e0000000, 0x00000000e9100000, 0x0000000100000000)
  eden space 122880K, 0% used [0x00000000e0000000,0x00000000e0000000,0x00000000e7800000)
  from space 8704K, 0% used [0x00000000e7800000,0x00000000e7800000,0x00000000e8080000)
  to   space 11776K, 0% used [0x00000000e8580000,0x00000000e8580000,0x00000000e9100000)
 ParOldGen       total 58368K, used 19582K [0x00000000a0000000, 0x00000000a3900000, 0x00000000e0000000)
  object space 58368K, 33% used [0x00000000a0000000,0x00000000a131fb40,0x00000000a3900000)
 Metaspace       used 34870K, capacity 35354K, committed 35416K, reserved 1079296K
  class space    used 4779K, capacity 4955K, committed 4992K, reserved 1048576K
}

Deoptimization events (10 events):
Event: 7.675 Thread 0x0000000018fcd000 Uncommon trap: reason=class_check action=maybe_recompile pc=0x0000000002faa308 method=java.io.BufferedInputStream.read1([BII)I @ 39
Event: 7.676 Thread 0x0000000018fcd000 Uncommon trap: reason=class_check action=maybe_recompile pc=0x0000000002faa308 method=java.io.BufferedInputStream.read1([BII)I @ 39
Event: 7.699 Thread 0x0000000018fcd000 Uncommon trap: reason=unstable_if action=reinterpret pc=0x0000000002f8f490 method=java.util.regex.Pattern.has(I)Z @ 6
Event: 8.077 Thread 0x0000000018fcd000 Uncommon trap: reason=predicate action=maybe_recompile pc=0x0000000002bdfa6c method=java.util.Arrays.binarySearch0([Ljava/lang/Object;IILjava/lang/Object;Ljava/util/Comparator;)I @ 28
Event: 8.224 Thread 0x0000000018fcd000 Uncommon trap: reason=unstable_if action=reinterpret pc=0x0000000002ce1f94 method=sun.misc.MetaIndex.mayContain(Ljava/lang/String;)Z @ 38
Event: 9.432 Thread 0x0000000018fcd000 Uncommon trap: reason=unstable_if action=reinterpret pc=0x0000000002f5bbb8 method=java.util.HashMap.putVal(ILjava/lang/Object;Ljava/lang/Object;ZZ)Ljava/lang/Object; @ 162
Event: 9.432 Thread 0x0000000018fcd000 Uncommon trap: reason=unstable_if action=reinterpret pc=0x0000000002f583a0 method=java.util.HashMap.putVal(ILjava/lang/Object;Ljava/lang/Object;ZZ)Ljava/lang/Object; @ 162
Event: 9.432 Thread 0x0000000018fcd000 Uncommon trap: reason=unstable_if action=reinterpret pc=0x0000000002b5134c method=java.util.HashMap.resize()[Ljava/util/HashMap$Node; @ 206
Event: 9.569 Thread 0x0000000018fcd000 Uncommon trap: reason=unstable_if action=reinterpret pc=0x00000000031a9140 method=java.lang.reflect.Modifier.toString(I)Ljava/lang/String; @ 123
Event: 9.569 Thread 0x0000000018fcd000 Uncommon trap: reason=unstable_if action=reinterpret pc=0x0000000003195eb0 method=java.lang.reflect.Modifier.toString(I)Ljava/lang/String; @ 123

Classes redefined (0 events):
No events

Internal exceptions (10 events):
Event: 7.364 Thread 0x0000000018fcd000 Exception <a 'java/lang/ClassNotFoundException': org/gradle/api/DefaultTaskCustomizer> (0x00000000e3e4d2a8) thrown at [D:\src\AOSP-openjdk-cygwin\jdk8u\hotspot\src\share\vm\classfile\systemDictionary.cpp, line 210]
Event: 7.365 Thread 0x0000000018fcd000 Exception <a 'java/lang/ClassNotFoundException': org/gradle/api/internal/ConventionTaskCustomizer> (0x00000000e3e86ae8) thrown at [D:\src\AOSP-openjdk-cygwin\jdk8u\hotspot\src\share\vm\classfile\systemDictionary.cpp, line 210]
Event: 7.367 Thread 0x0000000018fcd000 Exception <a 'java/lang/ClassNotFoundException': org/gradle/api/tasks/DeleteCustomizer> (0x00000000e3ebe230) thrown at [D:\src\AOSP-openjdk-cygwin\jdk8u\hotspot\src\share\vm\classfile\systemDictionary.cpp, line 210]
Event: 7.369 Thread 0x0000000018fcd000 Exception <a 'java/lang/ClassNotFoundException': org/gradle/api/tasks/Delete_DecoratedCustomizer> (0x00000000e3f02db0) thrown at [D:\src\AOSP-openjdk-cygwin\jdk8u\hotspot\src\share\vm\classfile\systemDictionary.cpp, line 210]
Event: 7.516 Thread 0x0000000018fcd000 Exception <a 'java/lang/ClassNotFoundException': build_2ma4yhmb18bocq7qk2zdq1ow7BeanInfo> (0x00000000e40cb7d8) thrown at [D:\src\AOSP-openjdk-cygwin\jdk8u\hotspot\src\share\vm\classfile\systemDictionary.cpp, line 210]
Event: 7.516 Thread 0x0000000018fcd000 Exception <a 'java/lang/ClassNotFoundException': build_2ma4yhmb18bocq7qk2zdq1ow7Customizer> (0x00000000e40d5c90) thrown at [D:\src\AOSP-openjdk-cygwin\jdk8u\hotspot\src\share\vm\classfile\systemDictionary.cpp, line 210]
Event: 7.522 Thread 0x0000000018fcd000 Exception <a 'java/lang/ClassNotFoundException': org/gradle/api/internal/plugins/DefaultObjectConfigurationActionBeanInfo> (0x00000000e413b6b0) thrown at [D:\src\AOSP-openjdk-cygwin\jdk8u\hotspot\src\share\vm\classfile\systemDictionary.cpp, line 210]
Event: 7.523 Thread 0x0000000018fcd000 Exception <a 'java/lang/ClassNotFoundException': org/gradle/api/internal/plugins/DefaultObjectConfigurationActionCustomizer> (0x00000000e4172140) thrown at [D:\src\AOSP-openjdk-cygwin\jdk8u\hotspot\src\share\vm\classfile\systemDictionary.cpp, line 210]
Event: 8.557 Thread 0x0000000018fcd000 Exception <a 'sun/nio/fs/WindowsException'> (0x00000000e5036c58) thrown at [D:\src\AOSP-openjdk-cygwin\jdk8u\hotspot\src\share\vm\prims\jni.cpp, line 709]
Event: 9.145 Thread 0x0000000018fcd000 Exception <a 'sun/nio/fs/WindowsException'> (0x00000000e026d680) thrown at [D:\src\AOSP-openjdk-cygwin\jdk8u\hotspot\src\share\vm\prims\jni.cpp, line 709]

Events (10 events):
Event: 9.605 loading class org/apache/tools/ant/types/Reference
Event: 9.605 loading class org/apache/tools/ant/types/Reference done
Event: 9.605 loading class org/apache/tools/ant/Location
Event: 9.605 loading class org/apache/tools/ant/Location done
Event: 9.614 loading class org/apache/tools/ant/input/InputRequest
Event: 9.614 loading class org/apache/tools/ant/input/InputRequest done
Event: 9.620 loading class org/apache/tools/ant/taskdefs/condition/Condition
Event: 9.620 loading class org/apache/tools/ant/taskdefs/condition/Condition done
Event: 9.646 loading class org/gradle/api/artifacts/type/ArtifactTypeDefinition
Event: 9.646 loading class org/gradle/api/artifacts/type/ArtifactTypeDefinition done


Dynamic libraries:
0x00007ff63e3a0000 - 0x00007ff63e3d1000 	C:\Program Files\Android\Android Studio\jre\bin\java.exe
0x00007ffa0c010000 - 0x00007ffa0c1f1000 	C:\WINDOWS\SYSTEM32\ntdll.dll
0x00007ffa099c0000 - 0x00007ffa09a72000 	C:\WINDOWS\System32\KERNEL32.DLL
0x00007ffa08430000 - 0x00007ffa086a3000 	C:\WINDOWS\System32\KERNELBASE.dll
0x00007ffa0bc00000 - 0x00007ffa0bca1000 	C:\WINDOWS\System32\ADVAPI32.dll
0x00007ffa0ba30000 - 0x00007ffa0bace000 	C:\WINDOWS\System32\msvcrt.dll
0x00007ffa09890000 - 0x00007ffa098eb000 	C:\WINDOWS\System32\sechost.dll
0x00007ffa0bad0000 - 0x00007ffa0bbf4000 	C:\WINDOWS\System32\RPCRT4.dll
0x00007ffa0a460000 - 0x00007ffa0a5f0000 	C:\WINDOWS\System32\USER32.dll
0x00007ffa086b0000 - 0x00007ffa086d0000 	C:\WINDOWS\System32\win32u.dll
0x00007ffa09a80000 - 0x00007ffa09aa8000 	C:\WINDOWS\System32\GDI32.dll
0x00007ffa088f0000 - 0x00007ffa08a82000 	C:\WINDOWS\System32\gdi32full.dll
0x00007ffa08850000 - 0x00007ffa088ef000 	C:\WINDOWS\System32\msvcp_win.dll
0x00007ffa086d0000 - 0x00007ffa087ca000 	C:\WINDOWS\System32\ucrtbase.dll
0x00007ff9f5ad0000 - 0x00007ff9f5d39000 	C:\WINDOWS\WinSxS\amd64_microsoft.windows.common-controls_6595b64144ccf1df_6.0.17134.345_none_fb429a5930656358\COMCTL32.dll
0x00007ffa0bcb0000 - 0x00007ffa0bfd3000 	C:\WINDOWS\System32\combase.dll
0x00007ffa087d0000 - 0x00007ffa0884a000 	C:\WINDOWS\System32\bcryptPrimitives.dll
0x00007ffa09b40000 - 0x00007ffa09b6d000 	C:\WINDOWS\System32\IMM32.DLL
0x0000000066f40000 - 0x0000000067012000 	C:\Program Files\Android\Android Studio\jre\jre\bin\msvcr100.dll
0x0000000064e50000 - 0x000000006568f000 	C:\Program Files\Android\Android Studio\jre\jre\bin\server\jvm.dll
0x00007ffa09690000 - 0x00007ffa09698000 	C:\WINDOWS\System32\PSAPI.DLL
0x00007ffa06620000 - 0x00007ffa06643000 	C:\WINDOWS\SYSTEM32\WINMM.dll
0x00007ff9ff490000 - 0x00007ff9ff49a000 	C:\WINDOWS\SYSTEM32\VERSION.dll
0x00007ff9f9100000 - 0x00007ff9f9109000 	C:\WINDOWS\SYSTEM32\WSOCK32.dll
0x00007ffa09ab0000 - 0x00007ffa09b1c000 	C:\WINDOWS\System32\WS2_32.dll
0x00007ffa065f0000 - 0x00007ffa0661a000 	C:\WINDOWS\SYSTEM32\WINMMBASE.dll
0x00007ffa083e0000 - 0x00007ffa08429000 	C:\WINDOWS\System32\cfgmgr32.dll
0x00007ff9f90f0000 - 0x00007ff9f90ff000 	C:\Program Files\Android\Android Studio\jre\jre\bin\verify.dll
0x00007ff9eee90000 - 0x00007ff9eeeb9000 	C:\Program Files\Android\Android Studio\jre\jre\bin\java.dll
0x00007ff9f90d0000 - 0x00007ff9f90e6000 	C:\Program Files\Android\Android Studio\jre\jre\bin\zip.dll
0x00007ffa0a5f0000 - 0x00007ffa0ba2f000 	C:\WINDOWS\System32\SHELL32.dll
0x00007ffa09b70000 - 0x00007ffa09c19000 	C:\WINDOWS\System32\shcore.dll
0x00007ffa08d90000 - 0x00007ffa0949d000 	C:\WINDOWS\System32\windows.storage.dll
0x00007ffa09590000 - 0x00007ffa095e1000 	C:\WINDOWS\System32\shlwapi.dll
0x00007ffa083c0000 - 0x00007ffa083d1000 	C:\WINDOWS\System32\kernel.appcore.dll
0x00007ffa08330000 - 0x00007ffa0834f000 	C:\WINDOWS\System32\profapi.dll
0x00007ffa08350000 - 0x00007ffa0839c000 	C:\WINDOWS\System32\powrprof.dll
0x00007ffa08320000 - 0x00007ffa0832a000 	C:\WINDOWS\System32\FLTLIB.DLL
0x00007ff9ed890000 - 0x00007ff9ed8aa000 	C:\Program Files\Android\Android Studio\jre\jre\bin\net.dll
0x00007ffa07ba0000 - 0x00007ffa07c06000 	C:\WINDOWS\system32\mswsock.dll
0x00007ff9e5170000 - 0x00007ff9e5181000 	C:\Program Files\Android\Android Studio\jre\jre\bin\nio.dll
0x00007ffa066d0000 - 0x00007ffa066ee000 	C:\Users\Rozz\.gradle\native\25\windows-amd64\native-platform.dll
0x00007ff9eee80000 - 0x00007ff9eee8d000 	C:\Program Files\Android\Android Studio\jre\jre\bin\management.dll
0x00007ffa07d60000 - 0x00007ffa07d77000 	C:\WINDOWS\SYSTEM32\CRYPTSP.dll
0x00007ffa07780000 - 0x00007ffa077b3000 	C:\WINDOWS\system32\rsaenh.dll
0x00007ffa07e80000 - 0x00007ffa07ea5000 	C:\WINDOWS\SYSTEM32\bcrypt.dll
0x00007ffa08220000 - 0x00007ffa08248000 	C:\WINDOWS\SYSTEM32\USERENV.dll
0x00007ffa07d50000 - 0x00007ffa07d5b000 	C:\WINDOWS\SYSTEM32\CRYPTBASE.dll
0x00007ffa07920000 - 0x00007ffa07958000 	C:\WINDOWS\SYSTEM32\IPHLPAPI.DLL
0x00007ffa09c20000 - 0x00007ffa09c28000 	C:\WINDOWS\System32\NSI.dll
0x00007ff9ff7d0000 - 0x00007ff9ff7e6000 	C:\WINDOWS\SYSTEM32\dhcpcsvc6.DLL
0x00007ff9ff660000 - 0x00007ff9ff67a000 	C:\WINDOWS\SYSTEM32\dhcpcsvc.DLL

VM Arguments:
jvm_args: -Xmx1536m -Dfile.encoding=windows-1252 -Duser.country=PH -Duser.language=en -Duser.variant 
java_command: org.gradle.launcher.daemon.bootstrap.GradleDaemon 4.4
java_class_path (initial): C:\Users\Rozz\.gradle\wrapper\dists\gradle-4.4-all\9br9xq1tocpiv8o6njlyu5op1\gradle-4.4\lib\gradle-launcher-4.4.jar
Launcher Type: SUN_STANDARD

Environment Variables:
JAVA_HOME=C:\Program Files (x86)\SAP\SAP Business One ServerTools\Common\sapjvm_8
CLASSPATH=C:\Program Files (x86)\SAP\SAP Business One DI API\JCO\LIB\sbowrapper.jar;C:\Program Files (x86)\SAP\SAP Business One DI API\JCO\LIB\sboapi.jar
PATH=C:\ProgramData\Oracle\Java\javapath;C:\Program Files (x86)\Intel\iCLS Client\;C:\Program Files\Intel\iCLS Client\;C:\Windows\system32;C:\Windows;C:\Windows\System32\Wbem;C:\Windows\System32\WindowsPowerShell\v1.0\;C:\Program Files (x86)\Intel\Intel(R) Management Engine Components\DAL;C:\Program Files\Intel\Intel(R) Management Engine Components\DAL;C:\Program Files (x86)\Intel\Intel(R) Management Engine Components\IPT;C:\Program Files\Intel\Intel(R) Management Engine Components\IPT;C:\Program Files (x86)\NVIDIA Corporation\PhysX\Common;C:\Program Files\dotnet\;C:\WINDOWS\system32\config\systemprofile\.dnx\bin;C:\Program Files\Microsoft DNX\Dnvm\;C:\Program Files\Microsoft SQL Server\130\Tools\Binn\;C:\Program Files (x86)\Microsoft SQL Server\110\Tools\Binn\;C:\Program Files\Microsoft SQL Server\110\Tools\Binn\;C:\Program Files\Microsoft SQL Server\110\DTS\Binn\;c:\Program Files (x86)\Microsoft SQL Server\100\Tools\Binn\;c:\Program Files\Microsoft SQL Server\100\Tools\Binn\;c:\Program Files\Microsoft SQL Server\100\DTS\Binn\;C:\Program Files (x86)\SAP\SAP Business One DI API\JCO\LIB\;C:\Program Files (x86)\SAP\SAP Business One DI API\DI API 90;C:\Program Files (x86)\SAP\SAP Business One\;C:\Program Files (x86)\Microsoft SQL Server\110\Tools\Binn\ManagementStudio\;C:\Program Files (x86)\Microsoft SQL Server\110\DTS\Binn\;C:\Program Files (x86)\SAP\SAP Business One ServerTools\Common\sapjvm_8\jre\bin;C:\Program Files (x86)\SAP\SAP Business One ServerTools\Common\tomcat\bin;C:\Program Files (x86)\SAP\SAP Business One ServerTools\Common\sapjvm_8\jre\bin\server;C:\WINDOWS\system32;C:\WINDOWS;C:\WINDOWS\System32\Wbem;C:\WINDOWS\System32\WindowsPowerShell\v1.0\;C:\Program Files\Git\cmd;C:\WINDOWS\System32\OpenSSH\;C:\Users\Rozz\AppData\Local\Microsoft\WindowsApps;
USERNAME=Rozz
OS=Windows_NT
PROCESSOR_IDENTIFIER=Intel64 Family 6 Model 142 Stepping 9, GenuineIntel



---------------  S Y S T E M  ---------------

OS: Windows 10.0 , 64 bit Build 17134 (10.0.17134.1)

CPU:total 4 (initial active 4) (2 cores per cpu, 2 threads per core) family 6 model 142 stepping 9, cmov, cx8, fxsr, mmx, sse, sse2, sse3, ssse3, sse4.1, sse4.2, popcnt, avx, avx2, aes, clmul, erms, 3dnowpref, lzcnt, ht, tsc, tscinvbit, bmi1, bmi2, adx

Memory: 4k page, physical 4059364k(464568k free), swap 8253668k(964k free)

vm_info: OpenJDK 64-Bit Server VM (25.152-b02) for windows-amd64 JRE (1.8.0_152-release-1024-b02), built by "builder" with MS VC++ 10.0 (VS2010)

time: Thu Nov 29 11:30:04 2018
elapsed time: 9 seconds (0d 0h 0m 9s)

