#
# There is insufficient memory for the Java Runtime Environment to continue.
# Native memory allocation (malloc) failed to allocate 62576 bytes for Chunk::new
# Possible reasons:
#   The system is out of physical RAM or swap space
#   In 32 bit mode, the process size limit was hit
# Possible solutions:
#   Reduce memory load on the system
#   Increase physical memory or swap space
#   Check if swap backing store is full
#   Use 64 bit Java on a 64 bit OS
#   Decrease Java heap size (-Xmx/-Xms)
#   Decrease number of Java threads
#   Decrease Java thread stack sizes (-Xss)
#   Set larger code cache with -XX:ReservedCodeCacheSize=
# This output file may be truncated or incomplete.
#
#  Out of Memory Error (allocation.cpp:390), pid=11436, tid=0x0000000000000b9c
#
# JRE version: OpenJDK Runtime Environment (8.0_152-b01) (build 1.8.0_152-release-915-b01)
# Java VM: OpenJDK 64-Bit Server VM (25.152-b01 mixed mode windows-amd64 compressed oops)
# Failed to write core dump. Minidumps are not enabled by default on client versions of Windows
#

---------------  T H R E A D  ---------------

Current thread (0x0000000018d49800):  JavaThread "C2 CompilerThread0" daemon [_thread_in_native, id=2972, stack(0x000000001a490000,0x000000001a590000)]

Stack: [0x000000001a490000,0x000000001a590000]
[error occurred during error reporting (printing stack bounds), id 0xc0000005]

Native frames: (J=compiled Java code, j=interpreted, Vv=VM code, C=native code)


Current CompileTask:
C2:  14687 2137       4       org.codehaus.groovy.runtime.metaclass.MetaMethodIndex::getOrPutMethods (193 bytes)


---------------  P R O C E S S  ---------------

Java Threads: ( => current thread )
  0x00000000202c7000 JavaThread "Cache worker for Artifact transforms cache (C:\Users\Rozz\.gradle\caches\transforms-1)" [_thread_blocked, id=13676, stack(0x000000001ecb0000,0x000000001edb0000)]
  0x000000001c29b800 JavaThread "Cache worker for file hash cache (C:\PERALTA BACKUPS\PrestigeMobileAppUpdatedWed28-6-18-1258AM\MMReport\.gradle\4.1\fileHashes)" [_thread_blocked, id=6944, stack(0x000000001e9b0000,0x000000001eab0000)]
  0x000000001c403800 JavaThread "File lock request listener" [_thread_in_native, id=11612, stack(0x000000001e6b0000,0x000000001e7b0000)]
  0x000000001c361000 JavaThread "Cache worker for file hash cache (C:\Users\Rozz\.gradle\caches\4.1\fileHashes)" [_thread_blocked, id=8136, stack(0x000000001e5b0000,0x000000001e6b0000)]
  0x000000001bebd800 JavaThread "Stdin handler" [_thread_blocked, id=8308, stack(0x000000001d4e0000,0x000000001d5e0000)]
  0x000000001bff9000 JavaThread "Asynchronous log dispatcher for DefaultDaemonConnection: socket connection from /127.0.0.1:6682 to /127.0.0.1:6683" [_thread_blocked, id=12072, stack(0x000000001d3e0000,0x000000001d4e0000)]
  0x000000001bec2000 JavaThread "Daemon worker" [_thread_in_vm, id=2492, stack(0x000000001d2e0000,0x000000001d3e0000)]
  0x000000001bec7000 JavaThread "Cancel handler" [_thread_blocked, id=12828, stack(0x000000001d1e0000,0x000000001d2e0000)]
  0x000000001c2b7800 JavaThread "Handler for socket connection from /127.0.0.1:6682 to /127.0.0.1:6683" [_thread_in_native, id=12336, stack(0x000000001cee0000,0x000000001cfe0000)]
  0x000000001bf4d000 JavaThread "Daemon" [_thread_blocked, id=2640, stack(0x000000001cde0000,0x000000001cee0000)]
  0x000000001c341800 JavaThread "Daemon periodic checks" [_thread_blocked, id=1084, stack(0x000000001cce0000,0x000000001cde0000)]
  0x000000001bae2000 JavaThread "Incoming local TCP Connector on port 6682" [_thread_in_native, id=12240, stack(0x000000001caa0000,0x000000001cba0000)]
  0x0000000018d9c000 JavaThread "Service Thread" daemon [_thread_blocked, id=5768, stack(0x000000001ab90000,0x000000001ac90000)]
  0x0000000018d42800 JavaThread "C1 CompilerThread2" daemon [_thread_blocked, id=9356, stack(0x000000001a690000,0x000000001a790000)]
  0x0000000018d3d000 JavaThread "C2 CompilerThread1" daemon [_thread_in_native, id=9556, stack(0x000000001a590000,0x000000001a690000)]
=>0x0000000018d49800 JavaThread "C2 CompilerThread0" daemon [_thread_in_native, id=2972, stack(0x000000001a490000,0x000000001a590000)]
  0x0000000018d48800 JavaThread "Attach Listener" daemon [_thread_blocked, id=3060, stack(0x000000001a390000,0x000000001a490000)]
  0x0000000018d47800 JavaThread "Signal Dispatcher" daemon [_thread_blocked, id=11684, stack(0x000000001a290000,0x000000001a390000)]
  0x0000000018d28800 JavaThread "Finalizer" daemon [_thread_blocked, id=13516, stack(0x0000000019fa0000,0x000000001a0a0000)]
  0x0000000018d07800 JavaThread "Reference Handler" daemon [_thread_blocked, id=5340, stack(0x0000000019ea0000,0x0000000019fa0000)]
  0x00000000053ce800 JavaThread "main" [_thread_blocked, id=3496, stack(0x00000000050e0000,0x00000000051e0000)]

Other Threads:
  0x0000000018d05800 VMThread [stack: 0x0000000019da0000,0x0000000019ea0000] [id=8572]
  0x000000001a7b0800 WatcherThread [stack: 0x000000001ac90000,0x000000001ad90000] [id=13680]

VM state:not at safepoint (normal execution)

VM Mutex/Monitor currently owned by a thread: None

Heap:
 PSYoungGen      total 23040K, used 6600K [0x00000000e0000000, 0x00000000e1c80000, 0x0000000100000000)
  eden space 16896K, 14% used [0x00000000e0000000,0x00000000e025a8a8,0x00000000e1080000)
  from space 6144K, 68% used [0x00000000e1680000,0x00000000e1a97a48,0x00000000e1c80000)
  to   space 6144K, 0% used [0x00000000e1080000,0x00000000e1080000,0x00000000e1680000)
 ParOldGen       total 41472K, used 7604K [0x00000000a0000000, 0x00000000a2880000, 0x00000000e0000000)
  object space 41472K, 18% used [0x00000000a0000000,0x00000000a076d0f0,0x00000000a2880000)
 Metaspace       used 26190K, capacity 26658K, committed 26880K, reserved 1073152K
  class space    used 3553K, capacity 3746K, committed 3840K, reserved 1048576K

Card table byte_map: [0x0000000014790000,0x0000000014aa0000] byte_map_base: 0x0000000014290000

Marking Bits: (ParMarkBitMap*) 0x000000006aa33950
 Begin Bits: [0x00000000150a0000, 0x00000000168a0000)
 End Bits:   [0x00000000168a0000, 0x00000000180a0000)

Polling page: 0x0000000000ff0000

CodeCache: size=245760Kb used=8222Kb max_used=8222Kb free=237537Kb
 bounds [0x00000000053d0000, 0x0000000005be0000, 0x00000000143d0000]
 total_blobs=2665 nmethods=2023 adapters=555
 compilation: enabled

Compilation events (10 events):
Event: 14.271 Thread 0x0000000018d42800 nmethod 2132 0x0000000005859150 code [0x00000000058592a0, 0x00000000058593b0]
Event: 14.272 Thread 0x0000000018d42800 2133       3       java.util.concurrent.locks.ReentrantLock$Sync::nonfairTryAcquire (67 bytes)
Event: 14.272 Thread 0x0000000018d42800 nmethod 2133 0x0000000005858710 code [0x00000000058588a0, 0x0000000005858fc8]
Event: 14.274 Thread 0x0000000018d42800 2134       3       java.nio.Bits::byteOrder (20 bytes)
Event: 14.274 Thread 0x0000000018d42800 nmethod 2134 0x0000000005858410 code [0x0000000005858560, 0x00000000058586b0]
Event: 14.277 Thread 0x0000000018d49800 2135       4       java.util.LinkedHashMap$LinkedHashIterator::nextNode (54 bytes)
Event: 14.278 Thread 0x0000000018d49800 nmethod 2135 0x0000000005858150 code [0x0000000005858280, 0x0000000005858358]
Event: 14.278 Thread 0x0000000018d49800 2136       4       java.net.URI::match (56 bytes)
Event: 14.279 Thread 0x0000000018d49800 nmethod 2136 0x0000000005bba790 code [0x0000000005bba8c0, 0x0000000005bba998]
Event: 14.322 Thread 0x0000000018d49800 2137       4       org.codehaus.groovy.runtime.metaclass.MetaMethodIndex::getOrPutMethods (193 bytes)

GC Heap History (10 events):
Event: 10.756 GC heap before
{Heap before GC invocations=8 (full 0):
 PSYoungGen      total 21504K, used 19180K [0x00000000e0000000, 0x00000000e1b00000, 0x0000000100000000)
  eden space 15360K, 95% used [0x00000000e0000000,0x00000000e0e43f70,0x00000000e0f00000)
  from space 6144K, 74% used [0x00000000e0f00000,0x00000000e13772e0,0x00000000e1500000)
  to   space 6144K, 0% used [0x00000000e1500000,0x00000000e1500000,0x00000000e1b00000)
 ParOldGen       total 42496K, used 6616K [0x00000000a0000000, 0x00000000a2980000, 0x00000000e0000000)
  object space 42496K, 15% used [0x00000000a0000000,0x00000000a0676160,0x00000000a2980000)
 Metaspace       used 20721K, capacity 21112K, committed 21248K, reserved 1067008K
  class space    used 2866K, capacity 3035K, committed 3072K, reserved 1048576K
Event: 10.761 GC heap after
Heap after GC invocations=8 (full 0):
 PSYoungGen      total 21504K, used 4482K [0x00000000e0000000, 0x00000000e1b00000, 0x0000000100000000)
  eden space 15360K, 0% used [0x00000000e0000000,0x00000000e0000000,0x00000000e0f00000)
  from space 6144K, 72% used [0x00000000e1500000,0x00000000e1960980,0x00000000e1b00000)
  to   space 6144K, 0% used [0x00000000e0f00000,0x00000000e0f00000,0x00000000e1500000)
 ParOldGen       total 42496K, used 7704K [0x00000000a0000000, 0x00000000a2980000, 0x00000000e0000000)
  object space 42496K, 18% used [0x00000000a0000000,0x00000000a0786210,0x00000000a2980000)
 Metaspace       used 20721K, capacity 21112K, committed 21248K, reserved 1067008K
  class space    used 2866K, capacity 3035K, committed 3072K, reserved 1048576K
}
Event: 10.761 GC heap before
{Heap before GC invocations=9 (full 1):
 PSYoungGen      total 21504K, used 4482K [0x00000000e0000000, 0x00000000e1b00000, 0x0000000100000000)
  eden space 15360K, 0% used [0x00000000e0000000,0x00000000e0000000,0x00000000e0f00000)
  from space 6144K, 72% used [0x00000000e1500000,0x00000000e1960980,0x00000000e1b00000)
  to   space 6144K, 0% used [0x00000000e0f00000,0x00000000e0f00000,0x00000000e1500000)
 ParOldGen       total 42496K, used 7704K [0x00000000a0000000, 0x00000000a2980000, 0x00000000e0000000)
  object space 42496K, 18% used [0x00000000a0000000,0x00000000a0786210,0x00000000a2980000)
 Metaspace       used 20721K, capacity 21112K, committed 21248K, reserved 1067008K
  class space    used 2866K, capacity 3035K, committed 3072K, reserved 1048576K
Event: 12.353 GC heap after
Heap after GC invocations=9 (full 1):
 PSYoungGen      total 21504K, used 0K [0x00000000e0000000, 0x00000000e1b00000, 0x0000000100000000)
  eden space 15360K, 0% used [0x00000000e0000000,0x00000000e0000000,0x00000000e0f00000)
  from space 6144K, 0% used [0x00000000e1500000,0x00000000e1500000,0x00000000e1b00000)
  to   space 6144K, 0% used [0x00000000e0f00000,0x00000000e0f00000,0x00000000e1500000)
 ParOldGen       total 41472K, used 7588K [0x00000000a0000000, 0x00000000a2880000, 0x00000000e0000000)
  object space 41472K, 18% used [0x00000000a0000000,0x00000000a07690f0,0x00000000a2880000)
 Metaspace       used 20721K, capacity 21112K, committed 21248K, reserved 1067008K
  class space    used 2866K, capacity 3035K, committed 3072K, reserved 1048576K
}
Event: 12.985 GC heap before
{Heap before GC invocations=10 (full 1):
 PSYoungGen      total 21504K, used 15360K [0x00000000e0000000, 0x00000000e1b00000, 0x0000000100000000)
  eden space 15360K, 100% used [0x00000000e0000000,0x00000000e0f00000,0x00000000e0f00000)
  from space 6144K, 0% used [0x00000000e1500000,0x00000000e1500000,0x00000000e1b00000)
  to   space 6144K, 0% used [0x00000000e0f00000,0x00000000e0f00000,0x00000000e1500000)
 ParOldGen       total 41472K, used 7588K [0x00000000a0000000, 0x00000000a2880000, 0x00000000e0000000)
  object space 41472K, 18% used [0x00000000a0000000,0x00000000a07690f0,0x00000000a2880000)
 Metaspace       used 22234K, capacity 22696K, committed 22912K, reserved 1069056K
  class space    used 2982K, capacity 3174K, committed 3200K, reserved 1048576K
Event: 12.988 GC heap after
Heap after GC invocations=10 (full 1):
 PSYoungGen      total 21504K, used 2067K [0x00000000e0000000, 0x00000000e1c80000, 0x0000000100000000)
  eden space 15360K, 0% used [0x00000000e0000000,0x00000000e0000000,0x00000000e0f00000)
  from space 6144K, 33% used [0x00000000e0f00000,0x00000000e1104f60,0x00000000e1500000)
  to   space 6656K, 0% used [0x00000000e1600000,0x00000000e1600000,0x00000000e1c80000)
 ParOldGen       total 41472K, used 7596K [0x00000000a0000000, 0x00000000a2880000, 0x00000000e0000000)
  object space 41472K, 18% used [0x00000000a0000000,0x00000000a076b0f0,0x00000000a2880000)
 Metaspace       used 22234K, capacity 22696K, committed 22912K, reserved 1069056K
  class space    used 2982K, capacity 3174K, committed 3200K, reserved 1048576K
}
Event: 13.342 GC heap before
{Heap before GC invocations=11 (full 1):
 PSYoungGen      total 21504K, used 17427K [0x00000000e0000000, 0x00000000e1c80000, 0x0000000100000000)
  eden space 15360K, 100% used [0x00000000e0000000,0x00000000e0f00000,0x00000000e0f00000)
  from space 6144K, 33% used [0x00000000e0f00000,0x00000000e1104f60,0x00000000e1500000)
  to   space 6656K, 0% used [0x00000000e1600000,0x00000000e1600000,0x00000000e1c80000)
 ParOldGen       total 41472K, used 7596K [0x00000000a0000000, 0x00000000a2880000, 0x00000000e0000000)
  object space 41472K, 18% used [0x00000000a0000000,0x00000000a076b0f0,0x00000000a2880000)
 Metaspace       used 23236K, capacity 23674K, committed 23808K, reserved 1069056K
  class space    used 3157K, capacity 3308K, committed 3328K, reserved 1048576K
Event: 13.345 GC heap after
Heap after GC invocations=11 (full 1):
 PSYoungGen      total 21504K, used 2923K [0x00000000e0000000, 0x00000000e1b80000, 0x0000000100000000)
  eden space 15872K, 0% used [0x00000000e0000000,0x00000000e0000000,0x00000000e0f80000)
  from space 5632K, 51% used [0x00000000e1600000,0x00000000e18daea8,0x00000000e1b80000)
  to   space 6144K, 0% used [0x00000000e0f80000,0x00000000e0f80000,0x00000000e1580000)
 ParOldGen       total 41472K, used 7604K [0x00000000a0000000, 0x00000000a2880000, 0x00000000e0000000)
  object space 41472K, 18% used [0x00000000a0000000,0x00000000a076d0f0,0x00000000a2880000)
 Metaspace       used 23236K, capacity 23674K, committed 23808K, reserved 1069056K
  class space    used 3157K, capacity 3308K, committed 3328K, reserved 1048576K
}
Event: 13.806 GC heap before
{Heap before GC invocations=12 (full 1):
 PSYoungGen      total 21504K, used 18795K [0x00000000e0000000, 0x00000000e1b80000, 0x0000000100000000)
  eden space 15872K, 100% used [0x00000000e0000000,0x00000000e0f80000,0x00000000e0f80000)
  from space 5632K, 51% used [0x00000000e1600000,0x00000000e18daea8,0x00000000e1b80000)
  to   space 6144K, 0% used [0x00000000e0f80000,0x00000000e0f80000,0x00000000e1580000)
 ParOldGen       total 41472K, used 7604K [0x00000000a0000000, 0x00000000a2880000, 0x00000000e0000000)
  object space 41472K, 18% used [0x00000000a0000000,0x00000000a076d0f0,0x00000000a2880000)
 Metaspace       used 24424K, capacity 24832K, committed 25088K, reserved 1071104K
  class space    used 3361K, capacity 3501K, committed 3584K, reserved 1048576K
Event: 13.811 GC heap after
Heap after GC invocations=12 (full 1):
 PSYoungGen      total 22016K, used 3359K [0x00000000e0000000, 0x00000000e1c80000, 0x0000000100000000)
  eden space 15872K, 0% used [0x00000000e0000000,0x00000000e0000000,0x00000000e0f80000)
  from space 6144K, 54% used [0x00000000e0f80000,0x00000000e12c7fb0,0x00000000e1580000)
  to   space 6144K, 0% used [0x00000000e1680000,0x00000000e1680000,0x00000000e1c80000)
 ParOldGen       total 41472K, used 7604K [0x00000000a0000000, 0x00000000a2880000, 0x00000000e0000000)
  object space 41472K, 18% used [0x00000000a0000000,0x00000000a076d0f0,0x00000000a2880000)
 Metaspace       used 24424K, capacity 24832K, committed 25088K, reserved 1071104K
  class space    used 3361K, capacity 3501K, committed 3584K, reserved 1048576K
}

Deoptimization events (10 events):
Event: 8.486 Thread 0x000000001bec2000 Uncommon trap: reason=class_check action=maybe_recompile pc=0x00000000055981cc method=sun.misc.URLClassPath.getLoader(I)Lsun/misc/URLClassPath$Loader; @ 94
Event: 8.486 Thread 0x000000001bec2000 Uncommon trap: reason=class_check action=maybe_recompile pc=0x000000000597ba08 method=sun.misc.URLClassPath.getResource(Ljava/lang/String;Z)Lsun/misc/Resource; @ 62
Event: 12.690 Thread 0x000000001bec2000 Uncommon trap: reason=class_check action=maybe_recompile pc=0x000000000559836c method=sun.misc.URLClassPath.getLoader(I)Lsun/misc/URLClassPath$Loader; @ 239
Event: 12.703 Thread 0x000000001bec2000 Uncommon trap: reason=class_check action=maybe_recompile pc=0x000000000559836c method=sun.misc.URLClassPath.getLoader(I)Lsun/misc/URLClassPath$Loader; @ 239
Event: 12.749 Thread 0x000000001bec2000 Uncommon trap: reason=class_check action=maybe_recompile pc=0x000000000559836c method=sun.misc.URLClassPath.getLoader(I)Lsun/misc/URLClassPath$Loader; @ 239
Event: 12.840 Thread 0x000000001bec2000 Uncommon trap: reason=unstable_if action=reinterpret pc=0x0000000005a7f528 method=java.lang.Class$MethodArray.addIfNotPresent(Ljava/lang/reflect/Method;)V @ 19
Event: 13.141 Thread 0x000000001bec2000 Uncommon trap: reason=unstable_if action=reinterpret pc=0x00000000057ec7fc method=java.util.HashMap.hash(Ljava/lang/Object;)I @ 1
Event: 13.187 Thread 0x000000001bec2000 Uncommon trap: reason=unstable_if action=reinterpret pc=0x0000000005853468 method=java.util.HashMap.hash(Ljava/lang/Object;)I @ 1
Event: 13.285 Thread 0x000000001bec2000 Uncommon trap: reason=unstable_if action=reinterpret pc=0x000000000563d60c method=java.io.WinNTFileSystem.resolve(Ljava/lang/String;Ljava/lang/String;)Ljava/lang/String; @ 49
Event: 13.783 Thread 0x000000001bec2000 Uncommon trap: reason=unstable_if action=reinterpret pc=0x0000000005705a94 method=org.objectweb.asm.Type.getDescriptor(Ljava/lang/StringBuilder;Ljava/lang/Class;)V @ 127

Classes redefined (0 events):
No events

Internal exceptions (10 events):
Event: 13.010 Thread 0x000000001bec2000 Exception <a 'java/lang/ClassNotFoundException': org/gradle/internal/metaobject/ConfigureDelegateBeanInfo> (0x00000000e00f6f00) thrown at [D:\src\AOSP-openjdk-cygwin\jdk8u\hotspot\src\share\vm\classfile\systemDictionary.cpp, line 210]
Event: 13.011 Thread 0x000000001bec2000 Exception <a 'java/lang/ClassNotFoundException': org/gradle/internal/metaobject/ConfigureDelegateCustomizer> (0x00000000e011a4e8) thrown at [D:\src\AOSP-openjdk-cygwin\jdk8u\hotspot\src\share\vm\classfile\systemDictionary.cpp, line 210]
Event: 13.083 Thread 0x000000001bec2000 Exception <a 'java/lang/ClassNotFoundException': org/gradle/api/internal/initialization/DefaultScriptHandlerBeanInfo> (0x00000000e0183008) thrown at [D:\src\AOSP-openjdk-cygwin\jdk8u\hotspot\src\share\vm\classfile\systemDictionary.cpp, line 210]
Event: 13.084 Thread 0x000000001bec2000 Exception <a 'java/lang/ClassNotFoundException': org/gradle/api/internal/initialization/DefaultScriptHandlerCustomizer> (0x00000000e01aaed0) thrown at [D:\src\AOSP-openjdk-cygwin\jdk8u\hotspot\src\share\vm\classfile\systemDictionary.cpp, line 210]
Event: 13.141 Thread 0x000000001bec2000 Implicit null exception at 0x00000000057ec615 to 0x00000000057ec7ed
Event: 13.187 Thread 0x000000001bec2000 Implicit null exception at 0x00000000058533ef to 0x0000000005853459
Event: 13.616 Thread 0x000000001bec2000 Exception <a 'java/lang/ClassNotFoundException': org/gradle/api/internal/artifacts/dsl/dependencies/DefaultDependencyHandler_DecoratedBeanInfo> (0x00000000e0927070) thrown at [D:\src\AOSP-openjdk-cygwin\jdk8u\hotspot\src\share\vm\classfile\systemDictionar
Event: 13.618 Thread 0x000000001bec2000 Exception <a 'java/lang/ClassNotFoundException': org/gradle/api/internal/artifacts/dsl/dependencies/DefaultDependencyHandlerBeanInfo> (0x00000000e0969a48) thrown at [D:\src\AOSP-openjdk-cygwin\jdk8u\hotspot\src\share\vm\classfile\systemDictionary.cpp, lin
Event: 13.622 Thread 0x000000001bec2000 Exception <a 'java/lang/ClassNotFoundException': org/gradle/api/internal/artifacts/dsl/dependencies/DefaultDependencyHandlerCustomizer> (0x00000000e09acfa0) thrown at [D:\src\AOSP-openjdk-cygwin\jdk8u\hotspot\src\share\vm\classfile\systemDictionary.cpp, l
Event: 13.628 Thread 0x000000001bec2000 Exception <a 'java/lang/ClassNotFoundException': org/gradle/api/internal/artifacts/dsl/dependencies/DefaultDependencyHandler_DecoratedCustomizer> (0x00000000e0a13790) thrown at [D:\src\AOSP-openjdk-cygwin\jdk8u\hotspot\src\share\vm\classfile\systemDiction

Events (10 events):
Event: 14.276 loading class org/gradle/internal/Factories$CachingSoftReferenceFactory
Event: 14.276 loading class org/gradle/internal/Factories$CachingSoftReferenceFactory done
Event: 14.277 loading class org/gradle/api/internal/changedetection/state/DefaultFileCollectionSnapshot$2
Event: 14.277 loading class org/gradle/api/internal/changedetection/state/DefaultFileCollectionSnapshot$2 done
Event: 14.321 loading class groovy/runtime/metaclass/ijinit_3rb0h5zosde6jzo3fa606h3vzMetaClass
Event: 14.321 loading class groovy/runtime/metaclass/ijinit_3rb0h5zosde6jzo3fa606h3vzMetaClass done
Event: 14.324 loading class ijinit_3rb0h5zosde6jzo3fa606h3vzBeanInfo
Event: 14.324 loading class ijinit_3rb0h5zosde6jzo3fa606h3vzBeanInfo done
Event: 14.324 loading class ijinit_3rb0h5zosde6jzo3fa606h3vzBeanInfo
Event: 14.324 loading class ijinit_3rb0h5zosde6jzo3fa606h3vzBeanInfo done


Dynamic libraries:
0x00007ff6215c0000 - 0x00007ff6215f1000 	C:\Program Files\Android\Android Studio\jre\bin\java.exe
0x00007fff180f0000 - 0x00007fff182d0000 	C:\WINDOWS\SYSTEM32\ntdll.dll
0x00007fff18010000 - 0x00007fff180be000 	C:\WINDOWS\System32\KERNEL32.DLL
0x00007fff147f0000 - 0x00007fff14a56000 	C:\WINDOWS\System32\KERNELBASE.dll
0x00007fff178d0000 - 0x00007fff17971000 	C:\WINDOWS\System32\ADVAPI32.dll
0x00007fff17a70000 - 0x00007fff17b0d000 	C:\WINDOWS\System32\msvcrt.dll
0x00007fff17250000 - 0x00007fff172ab000 	C:\WINDOWS\System32\sechost.dll
0x00007fff16ea0000 - 0x00007fff16fbf000 	C:\WINDOWS\System32\RPCRT4.dll
0x00007fff16d10000 - 0x00007fff16e9f000 	C:\WINDOWS\System32\USER32.dll
0x00007fff155a0000 - 0x00007fff155c0000 	C:\WINDOWS\System32\win32u.dll
0x00007fff17840000 - 0x00007fff17868000 	C:\WINDOWS\System32\GDI32.dll
0x00007fff15300000 - 0x00007fff15493000 	C:\WINDOWS\System32\gdi32full.dll
0x00007fff14b10000 - 0x00007fff14bab000 	C:\WINDOWS\System32\msvcp_win.dll
0x00007fff154a0000 - 0x00007fff15596000 	C:\WINDOWS\System32\ucrtbase.dll
0x00007fff07bb0000 - 0x00007fff07e19000 	C:\WINDOWS\WinSxS\amd64_microsoft.windows.common-controls_6595b64144ccf1df_6.0.16299.309_none_15cfd4c4935e6b11\COMCTL32.dll
0x00007fff173c0000 - 0x00007fff176c8000 	C:\WINDOWS\System32\combase.dll
0x00007fff14770000 - 0x00007fff147e2000 	C:\WINDOWS\System32\bcryptPrimitives.dll
0x00007fff16fd0000 - 0x00007fff16ffd000 	C:\WINDOWS\System32\IMM32.DLL
0x000000006c750000 - 0x000000006c822000 	C:\Program Files\Android\Android Studio\jre\jre\bin\msvcr100.dll
0x000000006a270000 - 0x000000006aaae000 	C:\Program Files\Android\Android Studio\jre\jre\bin\server\jvm.dll
0x00007fff17000000 - 0x00007fff17008000 	C:\WINDOWS\System32\PSAPI.DLL
0x00007fff08100000 - 0x00007fff0810a000 	C:\WINDOWS\SYSTEM32\VERSION.dll
0x00007fff0f070000 - 0x00007fff0f079000 	C:\WINDOWS\SYSTEM32\WSOCK32.dll
0x00007fff10e80000 - 0x00007fff10ea3000 	C:\WINDOWS\SYSTEM32\WINMM.dll
0x00007fff15620000 - 0x00007fff1568c000 	C:\WINDOWS\System32\WS2_32.dll
0x00007fff10e50000 - 0x00007fff10e7a000 	C:\WINDOWS\SYSTEM32\winmmbase.dll
0x00007fff14550000 - 0x00007fff1459a000 	C:\WINDOWS\System32\cfgmgr32.dll
0x00007fff0f060000 - 0x00007fff0f06f000 	C:\Program Files\Android\Android Studio\jre\jre\bin\verify.dll
0x00007fff05d40000 - 0x00007fff05d69000 	C:\Program Files\Android\Android Studio\jre\jre\bin\java.dll
0x00007fff01e20000 - 0x00007fff01e36000 	C:\Program Files\Android\Android Studio\jre\jre\bin\zip.dll
0x00007fff15830000 - 0x00007fff16c66000 	C:\WINDOWS\System32\SHELL32.dll
0x00007fff17f60000 - 0x00007fff18006000 	C:\WINDOWS\System32\shcore.dll
0x00007fff14bb0000 - 0x00007fff152f7000 	C:\WINDOWS\System32\windows.storage.dll
0x00007fff171f0000 - 0x00007fff17241000 	C:\WINDOWS\System32\shlwapi.dll
0x00007fff14440000 - 0x00007fff14451000 	C:\WINDOWS\System32\kernel.appcore.dll
0x00007fff14480000 - 0x00007fff144cc000 	C:\WINDOWS\System32\powrprof.dll
0x00007fff14460000 - 0x00007fff1447b000 	C:\WINDOWS\System32\profapi.dll
0x00007ffeff730000 - 0x00007ffeff74a000 	C:\Program Files\Android\Android Studio\jre\jre\bin\net.dll
0x00007fff13cd0000 - 0x00007fff13d36000 	C:\WINDOWS\system32\mswsock.dll
0x00007fff05d90000 - 0x00007fff05da1000 	C:\Program Files\Android\Android Studio\jre\jre\bin\nio.dll
0x00007fff05b20000 - 0x00007fff05b3e000 	C:\Users\Rozz\.gradle\native\25\windows-amd64\native-platform.dll
0x00007fff112f0000 - 0x00007fff112fd000 	C:\Program Files\Android\Android Studio\jre\jre\bin\management.dll
0x00007fff13e90000 - 0x00007fff13ea7000 	C:\WINDOWS\SYSTEM32\CRYPTSP.dll
0x00007fff138d0000 - 0x00007fff13903000 	C:\WINDOWS\system32\rsaenh.dll
0x00007fff13fa0000 - 0x00007fff13fc5000 	C:\WINDOWS\SYSTEM32\bcrypt.dll
0x00007fff14370000 - 0x00007fff14399000 	C:\WINDOWS\SYSTEM32\USERENV.dll
0x00007fff13eb0000 - 0x00007fff13ebb000 	C:\WINDOWS\SYSTEM32\CRYPTBASE.dll
0x00007fff13a60000 - 0x00007fff13a99000 	C:\WINDOWS\SYSTEM32\IPHLPAPI.DLL
0x00007fff171e0000 - 0x00007fff171e8000 	C:\WINDOWS\System32\NSI.dll
0x00007fff0afa0000 - 0x00007fff0afb6000 	C:\WINDOWS\SYSTEM32\dhcpcsvc6.DLL
0x00007fff0b2d0000 - 0x00007fff0b2ea000 	C:\WINDOWS\SYSTEM32\dhcpcsvc.DLL

VM Arguments:
jvm_args: -Xmx1536m -Dfile.encoding=windows-1252 -Duser.country=PH -Duser.language=en -Duser.variant 
java_command: org.gradle.launcher.daemon.bootstrap.GradleDaemon 4.1
java_class_path (initial): C:\Users\Rozz\.gradle\wrapper\dists\gradle-4.1-all\bzyivzo6n839fup2jbap0tjew\gradle-4.1\lib\gradle-launcher-4.1.jar
Launcher Type: SUN_STANDARD

Environment Variables:
JAVA_HOME=C:\Program Files (x86)\SAP\SAP Business One ServerTools\Common\sapjvm_8
CLASSPATH=C:\Program Files (x86)\SAP\SAP Business One DI API\JCO\LIB\sbowrapper.jar;C:\Program Files (x86)\SAP\SAP Business One DI API\JCO\LIB\sboapi.jar
PATH=C:\ProgramData\Oracle\Java\javapath;C:\Program Files (x86)\Intel\iCLS Client\;C:\Program Files\Intel\iCLS Client\;C:\Windows\system32;C:\Windows;C:\Windows\System32\Wbem;C:\Windows\System32\WindowsPowerShell\v1.0\;C:\Program Files (x86)\Intel\Intel(R) Management Engine Components\DAL;C:\Program Files\Intel\Intel(R) Management Engine Components\DAL;C:\Program Files (x86)\Intel\Intel(R) Management Engine Components\IPT;C:\Program Files\Intel\Intel(R) Management Engine Components\IPT;C:\Program Files (x86)\NVIDIA Corporation\PhysX\Common;C:\Program Files\dotnet\;C:\WINDOWS\system32\config\systemprofile\.dnx\bin;C:\Program Files\Microsoft DNX\Dnvm\;C:\Program Files\Microsoft SQL Server\130\Tools\Binn\;C:\Program Files (x86)\Microsoft SQL Server\110\Tools\Binn\;C:\Program Files\Microsoft SQL Server\110\Tools\Binn\;C:\Program Files\Microsoft SQL Server\110\DTS\Binn\;c:\Program Files (x86)\Microsoft SQL Server\100\Tools\Binn\;c:\Program Files\Microsoft SQL Server\100\Tools\Binn\;c:\Program Files\Microsoft SQL Server\100\DTS\Binn\;C:\Program Files (x86)\SAP\SAP Business One DI API\JCO\LIB\;C:\Program Files (x86)\SAP\SAP Business One DI API\DI API 90;C:\Program Files (x86)\SAP\SAP Business One\;C:\Program Files (x86)\Microsoft SQL Server\110\Tools\Binn\ManagementStudio\;C:\Program Files (x86)\Microsoft SQL Server\110\DTS\Binn\;C:\Program Files (x86)\SAP\SAP Business One ServerTools\Common\sapjvm_8\jre\bin;C:\Program Files (x86)\SAP\SAP Business One ServerTools\Common\tomcat\bin;C:\Program Files (x86)\SAP\SAP Business One ServerTools\Common\sapjvm_8\jre\bin\server;C:\WINDOWS\system32;C:\WINDOWS;C:\WINDOWS\System32\Wbem;C:\WINDOWS\System32\WindowsPowerShell\v1.0\;C:\Program Files\Git\cmd;C:\Users\Rozz\AppData\Local\Microsoft\WindowsApps;
USERNAME=Rozz
OS=Windows_NT
PROCESSOR_IDENTIFIER=Intel64 Family 6 Model 142 Stepping 9, GenuineIntel



---------------  S Y S T E M  ---------------

OS: Windows 10.0 , 64 bit Build 16299 (10.0.16299.15)

CPU:total 4 (initial active 4) (2 cores per cpu, 2 threads per core) family 6 model 142 stepping 9, cmov, cx8, fxsr, mmx, sse, sse2, sse3, ssse3, sse4.1, sse4.2, popcnt, avx, avx2, aes, clmul, erms, 3dnowpref, lzcnt, ht, tsc, tscinvbit, bmi1, bmi2, adx

Memory: 4k page, physical 4059364k(362428k free), swap 8253668k(5264k free)

vm_info: OpenJDK 64-Bit Server VM (25.152-b01) for windows-amd64 JRE (1.8.0_152-release-915-b01), built by "builder" with MS VC++ 10.0 (VS2010)

time: Wed Apr 25 11:03:56 2018
elapsed time: 14 seconds (0d 0h 0m 14s)

