#
# There is insufficient memory for the Java Runtime Environment to continue.
# Native memory allocation (malloc) failed to allocate 65552 bytes for Chunk::new
# Possible reasons:
#   The system is out of physical RAM or swap space
#   In 32 bit mode, the process size limit was hit
# Possible solutions:
#   Reduce memory load on the system
#   Increase physical memory or swap space
#   Check if swap backing store is full
#   Use 64 bit Java on a 64 bit OS
#   Decrease Java heap size (-Xmx/-Xms)
#   Decrease number of Java threads
#   Decrease Java thread stack sizes (-Xss)
#   Set larger code cache with -XX:ReservedCodeCacheSize=
# This output file may be truncated or incomplete.
#
#  Out of Memory Error (allocation.cpp:390), pid=7608, tid=0x0000000000002340
#
# JRE version: OpenJDK Runtime Environment (8.0_152-b01) (build 1.8.0_152-release-915-b01)
# Java VM: OpenJDK 64-Bit Server VM (25.152-b01 mixed mode windows-amd64 compressed oops)
# Failed to write core dump. Minidumps are not enabled by default on client versions of Windows
#

---------------  T H R E A D  ---------------

Current thread (0x00000000184ad000):  JavaThread "C2 CompilerThread0" daemon [_thread_in_native, id=9024, stack(0x0000000019c00000,0x0000000019d00000)]

Stack: [0x0000000019c00000,0x0000000019d00000]
[error occurred during error reporting (printing stack bounds), id 0xc0000005]

Native frames: (J=compiled Java code, j=interpreted, Vv=VM code, C=native code)


Current CompileTask:
C2:  13964 4537   !   4       com.sun.beans.TypeResolver::resolve (274 bytes)


---------------  P R O C E S S  ---------------

Java Threads: ( => current thread )
  0x000000001e8ac000 JavaThread "Memory manager" [_thread_blocked, id=14292, stack(0x0000000022e50000,0x0000000022f50000)]
  0x000000001e8af000 JavaThread "pool-1-thread-1" [_thread_blocked, id=13404, stack(0x0000000022b50000,0x0000000022c50000)]
  0x000000001e3c7800 JavaThread "build operations Thread 4" [_thread_blocked, id=5288, stack(0x0000000022850000,0x0000000022950000)]
  0x000000001e3c6000 JavaThread "build operations Thread 3" [_thread_blocked, id=11524, stack(0x0000000022750000,0x0000000022850000)]
  0x000000001e3c5800 JavaThread "build operations Thread 2" [_thread_blocked, id=13552, stack(0x0000000022650000,0x0000000022750000)]
  0x000000001e3c4800 JavaThread "build operations" [_thread_blocked, id=8228, stack(0x0000000021d50000,0x0000000021e50000)]
  0x000000001e3c7000 JavaThread "Cache worker for Artifact transforms cache (C:\Users\Rozz\.gradle\caches\transforms-1)" [_thread_blocked, id=13332, stack(0x0000000020c20000,0x0000000020d20000)]
  0x000000001c056800 JavaThread "Cache worker for file hash cache (C:\PERALTA BACKUPS\PrestigeMobileAppUpdatedWed28-6-18-1258AM\MMReport\.gradle\4.1\fileHashes)" [_thread_blocked, id=4264, stack(0x000000001e150000,0x000000001e250000)]
  0x000000001becb000 JavaThread "File lock request listener" [_thread_in_native, id=2444, stack(0x000000001de50000,0x000000001df50000)]
  0x000000001be51800 JavaThread "Cache worker for file hash cache (C:\Users\Rozz\.gradle\caches\4.1\fileHashes)" [_thread_blocked, id=12676, stack(0x000000001dd50000,0x000000001de50000)]
  0x000000001b562000 JavaThread "Stdin handler" [_thread_blocked, id=5604, stack(0x000000001dc50000,0x000000001dd50000)]
  0x000000001b560800 JavaThread "Asynchronous log dispatcher for DefaultDaemonConnection: socket connection from /127.0.0.1:6551 to /127.0.0.1:6552" [_thread_blocked, id=7676, stack(0x000000001db50000,0x000000001dc50000)]
  0x000000001b572000 JavaThread "Daemon worker" [_thread_in_vm, id=11996, stack(0x000000001da50000,0x000000001db50000)]
  0x000000001af88000 JavaThread "Cancel handler" [_thread_blocked, id=11388, stack(0x000000001d950000,0x000000001da50000)]
  0x000000001b676800 JavaThread "Handler for socket connection from /127.0.0.1:6551 to /127.0.0.1:6552" [_thread_in_native, id=11952, stack(0x000000001d650000,0x000000001d750000)]
  0x000000001b996000 JavaThread "Daemon" [_thread_blocked, id=3320, stack(0x000000001d550000,0x000000001d650000)]
  0x000000001b2a1800 JavaThread "Daemon periodic checks" [_thread_blocked, id=8652, stack(0x000000001d450000,0x000000001d550000)]
  0x000000001bc38800 JavaThread "Incoming local TCP Connector on port 6551" [_thread_in_native, id=4616, stack(0x000000001bcd0000,0x000000001bdd0000)]
  0x000000001850d000 JavaThread "Service Thread" daemon [_thread_blocked, id=11628, stack(0x000000001a300000,0x000000001a400000)]
  0x00000000184bb800 JavaThread "C1 CompilerThread2" daemon [_thread_blocked, id=12304, stack(0x0000000019e00000,0x0000000019f00000)]
  0x00000000184b0000 JavaThread "C2 CompilerThread1" daemon [_thread_in_native, id=14016, stack(0x0000000019d00000,0x0000000019e00000)]
=>0x00000000184ad000 JavaThread "C2 CompilerThread0" daemon [_thread_in_native, id=9024, stack(0x0000000019c00000,0x0000000019d00000)]
  0x00000000184ac000 JavaThread "Attach Listener" daemon [_thread_blocked, id=11480, stack(0x0000000019b00000,0x0000000019c00000)]
  0x00000000184ab000 JavaThread "Signal Dispatcher" daemon [_thread_blocked, id=13356, stack(0x0000000019a00000,0x0000000019b00000)]
  0x000000001849d800 JavaThread "Finalizer" daemon [_thread_blocked, id=10832, stack(0x0000000019710000,0x0000000019810000)]
  0x0000000018477800 JavaThread "Reference Handler" daemon [_thread_blocked, id=8408, stack(0x0000000019610000,0x0000000019710000)]
  0x0000000004a2e800 JavaThread "main" [_thread_blocked, id=688, stack(0x00000000048a0000,0x00000000049a0000)]

Other Threads:
  0x0000000018475800 VMThread [stack: 0x0000000019510000,0x0000000019610000] [id=13420]
  0x0000000019f10800 WatcherThread [stack: 0x000000001a400000,0x000000001a500000] [id=11832]

VM state:not at safepoint (normal execution)

VM Mutex/Monitor currently owned by a thread: None

Heap:
 PSYoungGen      total 136704K, used 14898K [0x00000000e0000000, 0x00000000e9680000, 0x0000000100000000)
  eden space 126464K, 3% used [0x00000000e0000000,0x00000000e04e1d28,0x00000000e7b80000)
  from space 10240K, 96% used [0x00000000e8c80000,0x00000000e962ab50,0x00000000e9680000)
  to   space 13312K, 0% used [0x00000000e7c80000,0x00000000e7c80000,0x00000000e8980000)
 ParOldGen       total 55296K, used 17051K [0x00000000a0000000, 0x00000000a3600000, 0x00000000e0000000)
  object space 55296K, 30% used [0x00000000a0000000,0x00000000a10a6f38,0x00000000a3600000)
 Metaspace       used 40843K, capacity 41758K, committed 41984K, reserved 1085440K
  class space    used 5494K, capacity 5829K, committed 5888K, reserved 1048576K

Card table byte_map: [0x0000000013f00000,0x0000000014210000] byte_map_base: 0x0000000013a00000

Marking Bits: (ParMarkBitMap*) 0x000000006aa33950
 Begin Bits: [0x0000000014810000, 0x0000000016010000)
 End Bits:   [0x0000000016010000, 0x0000000017810000)

Polling page: 0x0000000002bd0000

CodeCache: size=245760Kb used=14569Kb max_used=14709Kb free=231190Kb
 bounds [0x0000000004b40000, 0x00000000059d0000, 0x0000000013b40000]
 total_blobs=4800 nmethods=4074 adapters=639
 compilation: enabled

Compilation events (10 events):
Event: 12.962 Thread 0x00000000184bb800 4544       3       java.lang.invoke.MethodTypeForm::unpack (30 bytes)
Event: 12.962 Thread 0x00000000184bb800 nmethod 4544 0x00000000055416d0 code [0x0000000005541820, 0x0000000005541990]
Event: 12.962 Thread 0x00000000184bb800 4545       3       jdk.internal.org.objectweb.asm.ClassWriter::visitMethod (24 bytes)
Event: 12.963 Thread 0x00000000184bb800 nmethod 4545 0x0000000005639310 code [0x0000000005639480, 0x00000000056396c8]
Event: 12.963 Thread 0x00000000184bb800 4546       3       jdk.internal.org.objectweb.asm.MethodWriter::<init> (268 bytes)
Event: 12.964 Thread 0x00000000184bb800 nmethod 4546 0x00000000055e30d0 code [0x00000000055e3300, 0x00000000055e3fc8]
Event: 12.964 Thread 0x00000000184bb800 4547       3       jdk.internal.org.objectweb.asm.MethodVisitor::<init> (7 bytes)
Event: 12.964 Thread 0x00000000184bb800 nmethod 4547 0x00000000055e2990 code [0x00000000055e2b20, 0x00000000055e2e88]
Event: 12.964 Thread 0x00000000184bb800 4548       3       java.lang.invoke.MethodTypeForm::cachedLambdaForm (44 bytes)
Event: 12.965 Thread 0x00000000184bb800 nmethod 4548 0x0000000005638b90 code [0x0000000005638d20, 0x0000000005639170]

GC Heap History (10 events):
Event: 7.081 GC heap before
{Heap before GC invocations=8 (full 1):
 PSYoungGen      total 69120K, used 61952K [0x00000000e0000000, 0x00000000e4f00000, 0x0000000100000000)
  eden space 61952K, 100% used [0x00000000e0000000,0x00000000e3c80000,0x00000000e3c80000)
  from space 7168K, 0% used [0x00000000e4500000,0x00000000e4500000,0x00000000e4c00000)
  to   space 8704K, 0% used [0x00000000e3c80000,0x00000000e3c80000,0x00000000e4500000)
 ParOldGen       total 36352K, used 9115K [0x00000000a0000000, 0x00000000a2380000, 0x00000000e0000000)
  object space 36352K, 25% used [0x00000000a0000000,0x00000000a08e6e20,0x00000000a2380000)
 Metaspace       used 25567K, capacity 26042K, committed 26240K, reserved 1071104K
  class space    used 3528K, capacity 3710K, committed 3712K, reserved 1048576K
Event: 7.092 GC heap after
Heap after GC invocations=8 (full 1):
 PSYoungGen      total 70656K, used 6651K [0x00000000e0000000, 0x00000000e7200000, 0x0000000100000000)
  eden space 61952K, 0% used [0x00000000e0000000,0x00000000e0000000,0x00000000e3c80000)
  from space 8704K, 76% used [0x00000000e3c80000,0x00000000e42fef40,0x00000000e4500000)
  to   space 9216K, 0% used [0x00000000e6900000,0x00000000e6900000,0x00000000e7200000)
 ParOldGen       total 36352K, used 9123K [0x00000000a0000000, 0x00000000a2380000, 0x00000000e0000000)
  object space 36352K, 25% used [0x00000000a0000000,0x00000000a08e8e20,0x00000000a2380000)
 Metaspace       used 25567K, capacity 26042K, committed 26240K, reserved 1071104K
  class space    used 3528K, capacity 3710K, committed 3712K, reserved 1048576K
}
Event: 8.300 GC heap before
{Heap before GC invocations=9 (full 1):
 PSYoungGen      total 70656K, used 68603K [0x00000000e0000000, 0x00000000e7200000, 0x0000000100000000)
  eden space 61952K, 100% used [0x00000000e0000000,0x00000000e3c80000,0x00000000e3c80000)
  from space 8704K, 76% used [0x00000000e3c80000,0x00000000e42fef40,0x00000000e4500000)
  to   space 9216K, 0% used [0x00000000e6900000,0x00000000e6900000,0x00000000e7200000)
 ParOldGen       total 36352K, used 9123K [0x00000000a0000000, 0x00000000a2380000, 0x00000000e0000000)
  object space 36352K, 25% used [0x00000000a0000000,0x00000000a08e8e20,0x00000000a2380000)
 Metaspace       used 31000K, capacity 31722K, committed 32000K, reserved 1077248K
  class space    used 4307K, capacity 4580K, committed 4608K, reserved 1048576K
Event: 8.325 GC heap after
Heap after GC invocations=9 (full 1):
 PSYoungGen      total 105984K, used 9203K [0x00000000e0000000, 0x00000000e7780000, 0x0000000100000000)
  eden space 96768K, 0% used [0x00000000e0000000,0x00000000e0000000,0x00000000e5e80000)
  from space 9216K, 99% used [0x00000000e6900000,0x00000000e71fcfe8,0x00000000e7200000)
  to   space 10752K, 0% used [0x00000000e5e80000,0x00000000e5e80000,0x00000000e6900000)
 ParOldGen       total 36352K, used 9608K [0x00000000a0000000, 0x00000000a2380000, 0x00000000e0000000)
  object space 36352K, 26% used [0x00000000a0000000,0x00000000a0962318,0x00000000a2380000)
 Metaspace       used 31000K, capacity 31722K, committed 32000K, reserved 1077248K
  class space    used 4307K, capacity 4580K, committed 4608K, reserved 1048576K
}
Event: 10.329 GC heap before
{Heap before GC invocations=10 (full 1):
 PSYoungGen      total 105984K, used 72575K [0x00000000e0000000, 0x00000000e7780000, 0x0000000100000000)
  eden space 96768K, 65% used [0x00000000e0000000,0x00000000e3de2ee0,0x00000000e5e80000)
  from space 9216K, 99% used [0x00000000e6900000,0x00000000e71fcfe8,0x00000000e7200000)
  to   space 10752K, 0% used [0x00000000e5e80000,0x00000000e5e80000,0x00000000e6900000)
 ParOldGen       total 36352K, used 9608K [0x00000000a0000000, 0x00000000a2380000, 0x00000000e0000000)
  object space 36352K, 26% used [0x00000000a0000000,0x00000000a0962318,0x00000000a2380000)
 Metaspace       used 34531K, capacity 35292K, committed 35416K, reserved 1079296K
  class space    used 4699K, capacity 5006K, committed 5120K, reserved 1048576K
Event: 10.344 GC heap after
Heap after GC invocations=10 (full 1):
 PSYoungGen      total 107520K, used 10546K [0x00000000e0000000, 0x00000000e9880000, 0x0000000100000000)
  eden space 96768K, 0% used [0x00000000e0000000,0x00000000e0000000,0x00000000e5e80000)
  from space 10752K, 98% used [0x00000000e5e80000,0x00000000e68ccbf0,0x00000000e6900000)
  to   space 12288K, 0% used [0x00000000e8c80000,0x00000000e8c80000,0x00000000e9880000)
 ParOldGen       total 36352K, used 9616K [0x00000000a0000000, 0x00000000a2380000, 0x00000000e0000000)
  object space 36352K, 26% used [0x00000000a0000000,0x00000000a0964318,0x00000000a2380000)
 Metaspace       used 34531K, capacity 35292K, committed 35416K, reserved 1079296K
  class space    used 4699K, capacity 5006K, committed 5120K, reserved 1048576K
}
Event: 10.344 GC heap before
{Heap before GC invocations=11 (full 2):
 PSYoungGen      total 107520K, used 10546K [0x00000000e0000000, 0x00000000e9880000, 0x0000000100000000)
  eden space 96768K, 0% used [0x00000000e0000000,0x00000000e0000000,0x00000000e5e80000)
  from space 10752K, 98% used [0x00000000e5e80000,0x00000000e68ccbf0,0x00000000e6900000)
  to   space 12288K, 0% used [0x00000000e8c80000,0x00000000e8c80000,0x00000000e9880000)
 ParOldGen       total 36352K, used 9616K [0x00000000a0000000, 0x00000000a2380000, 0x00000000e0000000)
  object space 36352K, 26% used [0x00000000a0000000,0x00000000a0964318,0x00000000a2380000)
 Metaspace       used 34531K, capacity 35292K, committed 35416K, reserved 1079296K
  class space    used 4699K, capacity 5006K, committed 5120K, reserved 1048576K
Event: 10.424 GC heap after
Heap after GC invocations=11 (full 2):
 PSYoungGen      total 107520K, used 0K [0x00000000e0000000, 0x00000000e9880000, 0x0000000100000000)
  eden space 96768K, 0% used [0x00000000e0000000,0x00000000e0000000,0x00000000e5e80000)
  from space 10752K, 0% used [0x00000000e5e80000,0x00000000e5e80000,0x00000000e6900000)
  to   space 12288K, 0% used [0x00000000e8c80000,0x00000000e8c80000,0x00000000e9880000)
 ParOldGen       total 55296K, used 17043K [0x00000000a0000000, 0x00000000a3600000, 0x00000000e0000000)
  object space 55296K, 30% used [0x00000000a0000000,0x00000000a10a4f38,0x00000000a3600000)
 Metaspace       used 34531K, capacity 35292K, committed 35416K, reserved 1079296K
  class space    used 4699K, capacity 5006K, committed 5120K, reserved 1048576K
}
Event: 12.883 GC heap before
{Heap before GC invocations=12 (full 2):
 PSYoungGen      total 107520K, used 96768K [0x00000000e0000000, 0x00000000e9880000, 0x0000000100000000)
  eden space 96768K, 100% used [0x00000000e0000000,0x00000000e5e80000,0x00000000e5e80000)
  from space 10752K, 0% used [0x00000000e5e80000,0x00000000e5e80000,0x00000000e6900000)
  to   space 12288K, 0% used [0x00000000e8c80000,0x00000000e8c80000,0x00000000e9880000)
 ParOldGen       total 55296K, used 17043K [0x00000000a0000000, 0x00000000a3600000, 0x00000000e0000000)
  object space 55296K, 30% used [0x00000000a0000000,0x00000000a10a4f38,0x00000000a3600000)
 Metaspace       used 40690K, capacity 41624K, committed 41984K, reserved 1085440K
  class space    used 5476K, capacity 5828K, committed 5888K, reserved 1048576K
Event: 12.918 GC heap after
Heap after GC invocations=12 (full 2):
 PSYoungGen      total 136704K, used 9898K [0x00000000e0000000, 0x00000000e9680000, 0x0000000100000000)
  eden space 126464K, 0% used [0x00000000e0000000,0x00000000e0000000,0x00000000e7b80000)
  from space 10240K, 96% used [0x00000000e8c80000,0x00000000e962ab50,0x00000000e9680000)
  to   space 13312K, 0% used [0x00000000e7c80000,0x00000000e7c80000,0x00000000e8980000)
 ParOldGen       total 55296K, used 17051K [0x00000000a0000000, 0x00000000a3600000, 0x00000000e0000000)
  object space 55296K, 30% used [0x00000000a0000000,0x00000000a10a6f38,0x00000000a3600000)
 Metaspace       used 40690K, capacity 41624K, committed 41984K, reserved 1085440K
  class space    used 5476K, capacity 5828K, committed 5888K, reserved 1048576K
}

Deoptimization events (10 events):
Event: 11.887 Thread 0x000000001b572000 Uncommon trap: reason=unstable_if action=reinterpret pc=0x0000000004f36580 method=org.gradle.internal.logging.text.AbstractLineChoppingStyledTextOutput$2.execute(Lorg/gradle/internal/logging/text/AbstractLineChoppingStyledTextOutput$StateContext;)V @ 30
Event: 11.887 Thread 0x000000001b572000 Uncommon trap: reason=unstable_if action=reinterpret pc=0x0000000004f0650c method=org.gradle.internal.logging.text.AbstractLineChoppingStyledTextOutput$2.execute(Lorg/gradle/internal/logging/text/AbstractLineChoppingStyledTextOutput$StateContext;)V @ 30
Event: 12.011 Thread 0x000000001b572000 Uncommon trap: reason=unstable_if action=reinterpret pc=0x00000000050d65e8 method=java.lang.ThreadLocal.get()Ljava/lang/Object; @ 11
Event: 12.036 Thread 0x000000001b572000 Uncommon trap: reason=unstable_if action=reinterpret pc=0x00000000059007f8 method=java.util.HashMap.putVal(ILjava/lang/Object;Ljava/lang/Object;ZZ)Ljava/lang/Object; @ 236
Event: 12.069 Thread 0x000000001b572000 Uncommon trap: reason=unstable_if action=reinterpret pc=0x0000000004faed3c method=java.lang.CharacterDataLatin1.isWhitespace(I)Z @ 14
Event: 12.122 Thread 0x000000001b572000 Uncommon trap: reason=unstable_if action=reinterpret pc=0x000000000591b81c method=java.util.jar.JarFile.getInputStream(Ljava/util/zip/ZipEntry;)Ljava/io/InputStream; @ 37
Event: 12.124 Thread 0x000000001b572000 Uncommon trap: reason=unstable_if action=reinterpret pc=0x0000000005416c30 method=java.security.CodeSource.<init>(Ljava/net/URL;[Ljava/security/CodeSigner;)V @ 25
Event: 12.125 Thread 0x000000001b572000 Uncommon trap: reason=unstable_if action=reinterpret pc=0x000000000541d52c method=java.security.CodeSource.getCertificates()[Ljava/security/cert/Certificate; @ 22
Event: 12.126 Thread 0x000000001b572000 Uncommon trap: reason=unstable_if action=reinterpret pc=0x0000000005764438 method=java.security.CodeSource.matchCerts(Ljava/security/CodeSource;Z)Z @ 11
Event: 12.151 Thread 0x000000001b572000 Uncommon trap: reason=unstable_if action=reinterpret pc=0x0000000005839d78 method=java.util.LinkedHashMap.get(Ljava/lang/Object;)Ljava/lang/Object; @ 20

Classes redefined (0 events):
No events

Internal exceptions (10 events):
Event: 12.920 Thread 0x000000001b572000 Exception <a 'java/lang/ClassNotFoundException': build_2ma4yhmb18bocq7qk2zdq1ow7$_run_closure1BeanInfo> (0x00000000e001e030) thrown at [D:\src\AOSP-openjdk-cygwin\jdk8u\hotspot\src\share\vm\classfile\systemDictionary.cpp, line 210]
Event: 12.921 Thread 0x000000001b572000 Exception <a 'java/lang/ClassNotFoundException': build_2ma4yhmb18bocq7qk2zdq1ow7$_run_closure1Customizer> (0x00000000e002bec0) thrown at [D:\src\AOSP-openjdk-cygwin\jdk8u\hotspot\src\share\vm\classfile\systemDictionary.cpp, line 210]
Event: 12.946 Thread 0x000000001b572000 Exception <a 'java/lang/ClassNotFoundException': org/gradle/api/internal/file/collections/DefaultConfigurableFileTreeBeanInfo> (0x00000000e012cb58) thrown at [D:\src\AOSP-openjdk-cygwin\jdk8u\hotspot\src\share\vm\classfile\systemDictionary.cpp, line 210]
Event: 12.948 Thread 0x000000001b572000 Exception <a 'java/lang/ClassNotFoundException': org/gradle/api/internal/file/CompositeFileTreeBeanInfo> (0x00000000e0156b48) thrown at [D:\src\AOSP-openjdk-cygwin\jdk8u\hotspot\src\share\vm\classfile\systemDictionary.cpp, line 210]
Event: 12.948 Thread 0x000000001b572000 Exception <a 'java/lang/ClassNotFoundException': org/gradle/api/internal/file/CompositeFileCollectionBeanInfo> (0x00000000e0183d40) thrown at [D:\src\AOSP-openjdk-cygwin\jdk8u\hotspot\src\share\vm\classfile\systemDictionary.cpp, line 210]
Event: 12.949 Thread 0x000000001b572000 Exception <a 'java/lang/ClassNotFoundException': org/gradle/api/internal/file/AbstractFileCollectionBeanInfo> (0x00000000e01b1120) thrown at [D:\src\AOSP-openjdk-cygwin\jdk8u\hotspot\src\share\vm\classfile\systemDictionary.cpp, line 210]
Event: 12.950 Thread 0x000000001b572000 Exception <a 'java/lang/ClassNotFoundException': org/gradle/api/internal/file/AbstractFileCollectionCustomizer> (0x00000000e01ded50) thrown at [D:\src\AOSP-openjdk-cygwin\jdk8u\hotspot\src\share\vm\classfile\systemDictionary.cpp, line 210]
Event: 12.951 Thread 0x000000001b572000 Exception <a 'java/lang/ClassNotFoundException': org/gradle/api/internal/file/CompositeFileCollectionCustomizer> (0x00000000e021d740) thrown at [D:\src\AOSP-openjdk-cygwin\jdk8u\hotspot\src\share\vm\classfile\systemDictionary.cpp, line 210]
Event: 12.952 Thread 0x000000001b572000 Exception <a 'java/lang/ClassNotFoundException': org/gradle/api/internal/file/CompositeFileTreeCustomizer> (0x00000000e02bed28) thrown at [D:\src\AOSP-openjdk-cygwin\jdk8u\hotspot\src\share\vm\classfile\systemDictionary.cpp, line 210]
Event: 12.953 Thread 0x000000001b572000 Exception <a 'java/lang/ClassNotFoundException': org/gradle/api/internal/file/collections/DefaultConfigurableFileTreeCustomizer> (0x00000000e0301898) thrown at [D:\src\AOSP-openjdk-cygwin\jdk8u\hotspot\src\share\vm\classfile\systemDictionary.cpp, line 210

Events (10 events):
Event: 12.963 loading class org/gradle/api/plugins/JavaPlugin
Event: 12.963 loading class org/gradle/api/plugins/JavaPlugin done
Event: 12.963 loading class org/gradle/api/plugins/JavaPlugin
Event: 12.963 loading class org/gradle/api/plugins/JavaPlugin done
Event: 13.504 loading class com/android/builder/sdk/DefaultSdkLoader
Event: 13.504 loading class com/android/builder/sdk/DefaultSdkLoader done
Event: 13.956 loading class com/android/builder/sdk/SdkLoader
Event: 13.956 loading class com/android/builder/sdk/SdkLoader done
Event: 13.957 loading class com/android/repository/api/RepoPackage
Event: 13.957 loading class com/android/repository/api/RepoPackage done


Dynamic libraries:
0x00007ff6215c0000 - 0x00007ff6215f1000 	C:\Program Files\Android\Android Studio\jre\bin\java.exe
0x00007fff180f0000 - 0x00007fff182d0000 	C:\WINDOWS\SYSTEM32\ntdll.dll
0x00007fff18010000 - 0x00007fff180be000 	C:\WINDOWS\System32\KERNEL32.DLL
0x00007fff147f0000 - 0x00007fff14a56000 	C:\WINDOWS\System32\KERNELBASE.dll
0x00007fff178d0000 - 0x00007fff17971000 	C:\WINDOWS\System32\ADVAPI32.dll
0x00007fff17a70000 - 0x00007fff17b0d000 	C:\WINDOWS\System32\msvcrt.dll
0x00007fff17250000 - 0x00007fff172ab000 	C:\WINDOWS\System32\sechost.dll
0x00007fff16ea0000 - 0x00007fff16fbf000 	C:\WINDOWS\System32\RPCRT4.dll
0x00007fff16d10000 - 0x00007fff16e9f000 	C:\WINDOWS\System32\USER32.dll
0x00007fff155a0000 - 0x00007fff155c0000 	C:\WINDOWS\System32\win32u.dll
0x00007fff17840000 - 0x00007fff17868000 	C:\WINDOWS\System32\GDI32.dll
0x00007fff15300000 - 0x00007fff15493000 	C:\WINDOWS\System32\gdi32full.dll
0x00007fff14b10000 - 0x00007fff14bab000 	C:\WINDOWS\System32\msvcp_win.dll
0x00007fff154a0000 - 0x00007fff15596000 	C:\WINDOWS\System32\ucrtbase.dll
0x00007fff07bb0000 - 0x00007fff07e19000 	C:\WINDOWS\WinSxS\amd64_microsoft.windows.common-controls_6595b64144ccf1df_6.0.16299.309_none_15cfd4c4935e6b11\COMCTL32.dll
0x00007fff173c0000 - 0x00007fff176c8000 	C:\WINDOWS\System32\combase.dll
0x00007fff14770000 - 0x00007fff147e2000 	C:\WINDOWS\System32\bcryptPrimitives.dll
0x00007fff16fd0000 - 0x00007fff16ffd000 	C:\WINDOWS\System32\IMM32.DLL
0x000000006c750000 - 0x000000006c822000 	C:\Program Files\Android\Android Studio\jre\jre\bin\msvcr100.dll
0x000000006a270000 - 0x000000006aaae000 	C:\Program Files\Android\Android Studio\jre\jre\bin\server\jvm.dll
0x00007fff17000000 - 0x00007fff17008000 	C:\WINDOWS\System32\PSAPI.DLL
0x00007fff08100000 - 0x00007fff0810a000 	C:\WINDOWS\SYSTEM32\VERSION.dll
0x00007fff0f070000 - 0x00007fff0f079000 	C:\WINDOWS\SYSTEM32\WSOCK32.dll
0x00007fff10e80000 - 0x00007fff10ea3000 	C:\WINDOWS\SYSTEM32\WINMM.dll
0x00007fff15620000 - 0x00007fff1568c000 	C:\WINDOWS\System32\WS2_32.dll
0x00007fff10e50000 - 0x00007fff10e7a000 	C:\WINDOWS\SYSTEM32\winmmbase.dll
0x00007fff14550000 - 0x00007fff1459a000 	C:\WINDOWS\System32\cfgmgr32.dll
0x00007fff0f060000 - 0x00007fff0f06f000 	C:\Program Files\Android\Android Studio\jre\jre\bin\verify.dll
0x00007fff05d40000 - 0x00007fff05d69000 	C:\Program Files\Android\Android Studio\jre\jre\bin\java.dll
0x00007fff01e20000 - 0x00007fff01e36000 	C:\Program Files\Android\Android Studio\jre\jre\bin\zip.dll
0x00007fff15830000 - 0x00007fff16c66000 	C:\WINDOWS\System32\SHELL32.dll
0x00007fff17f60000 - 0x00007fff18006000 	C:\WINDOWS\System32\shcore.dll
0x00007fff14bb0000 - 0x00007fff152f7000 	C:\WINDOWS\System32\windows.storage.dll
0x00007fff171f0000 - 0x00007fff17241000 	C:\WINDOWS\System32\shlwapi.dll
0x00007fff14440000 - 0x00007fff14451000 	C:\WINDOWS\System32\kernel.appcore.dll
0x00007fff14480000 - 0x00007fff144cc000 	C:\WINDOWS\System32\powrprof.dll
0x00007fff14460000 - 0x00007fff1447b000 	C:\WINDOWS\System32\profapi.dll
0x00007ffeff730000 - 0x00007ffeff74a000 	C:\Program Files\Android\Android Studio\jre\jre\bin\net.dll
0x00007fff13cd0000 - 0x00007fff13d36000 	C:\WINDOWS\system32\mswsock.dll
0x00007fff05d90000 - 0x00007fff05da1000 	C:\Program Files\Android\Android Studio\jre\jre\bin\nio.dll
0x00007fff05b20000 - 0x00007fff05b3e000 	C:\Users\Rozz\.gradle\native\25\windows-amd64\native-platform.dll
0x00007fff112f0000 - 0x00007fff112fd000 	C:\Program Files\Android\Android Studio\jre\jre\bin\management.dll
0x00007fff13e90000 - 0x00007fff13ea7000 	C:\WINDOWS\SYSTEM32\CRYPTSP.dll
0x00007fff138d0000 - 0x00007fff13903000 	C:\WINDOWS\system32\rsaenh.dll
0x00007fff13fa0000 - 0x00007fff13fc5000 	C:\WINDOWS\SYSTEM32\bcrypt.dll
0x00007fff14370000 - 0x00007fff14399000 	C:\WINDOWS\SYSTEM32\USERENV.dll
0x00007fff13eb0000 - 0x00007fff13ebb000 	C:\WINDOWS\SYSTEM32\CRYPTBASE.dll
0x00007fff13a60000 - 0x00007fff13a99000 	C:\WINDOWS\SYSTEM32\IPHLPAPI.DLL
0x00007fff171e0000 - 0x00007fff171e8000 	C:\WINDOWS\System32\NSI.dll
0x00007fff0afa0000 - 0x00007fff0afb6000 	C:\WINDOWS\SYSTEM32\dhcpcsvc6.DLL
0x00007fff0b2d0000 - 0x00007fff0b2ea000 	C:\WINDOWS\SYSTEM32\dhcpcsvc.DLL

VM Arguments:
jvm_args: -Xmx1536m -Dfile.encoding=windows-1252 -Duser.country=PH -Duser.language=en -Duser.variant 
java_command: org.gradle.launcher.daemon.bootstrap.GradleDaemon 4.1
java_class_path (initial): C:\Users\Rozz\.gradle\wrapper\dists\gradle-4.1-all\bzyivzo6n839fup2jbap0tjew\gradle-4.1\lib\gradle-launcher-4.1.jar
Launcher Type: SUN_STANDARD

Environment Variables:
JAVA_HOME=C:\Program Files (x86)\SAP\SAP Business One ServerTools\Common\sapjvm_8
CLASSPATH=C:\Program Files (x86)\SAP\SAP Business One DI API\JCO\LIB\sbowrapper.jar;C:\Program Files (x86)\SAP\SAP Business One DI API\JCO\LIB\sboapi.jar
PATH=C:\ProgramData\Oracle\Java\javapath;C:\Program Files (x86)\Intel\iCLS Client\;C:\Program Files\Intel\iCLS Client\;C:\Windows\system32;C:\Windows;C:\Windows\System32\Wbem;C:\Windows\System32\WindowsPowerShell\v1.0\;C:\Program Files (x86)\Intel\Intel(R) Management Engine Components\DAL;C:\Program Files\Intel\Intel(R) Management Engine Components\DAL;C:\Program Files (x86)\Intel\Intel(R) Management Engine Components\IPT;C:\Program Files\Intel\Intel(R) Management Engine Components\IPT;C:\Program Files (x86)\NVIDIA Corporation\PhysX\Common;C:\Program Files\dotnet\;C:\WINDOWS\system32\config\systemprofile\.dnx\bin;C:\Program Files\Microsoft DNX\Dnvm\;C:\Program Files\Microsoft SQL Server\130\Tools\Binn\;C:\Program Files (x86)\Microsoft SQL Server\110\Tools\Binn\;C:\Program Files\Microsoft SQL Server\110\Tools\Binn\;C:\Program Files\Microsoft SQL Server\110\DTS\Binn\;c:\Program Files (x86)\Microsoft SQL Server\100\Tools\Binn\;c:\Program Files\Microsoft SQL Server\100\Tools\Binn\;c:\Program Files\Microsoft SQL Server\100\DTS\Binn\;C:\Program Files (x86)\SAP\SAP Business One DI API\JCO\LIB\;C:\Program Files (x86)\SAP\SAP Business One DI API\DI API 90;C:\Program Files (x86)\SAP\SAP Business One\;C:\Program Files (x86)\Microsoft SQL Server\110\Tools\Binn\ManagementStudio\;C:\Program Files (x86)\Microsoft SQL Server\110\DTS\Binn\;C:\Program Files (x86)\SAP\SAP Business One ServerTools\Common\sapjvm_8\jre\bin;C:\Program Files (x86)\SAP\SAP Business One ServerTools\Common\tomcat\bin;C:\Program Files (x86)\SAP\SAP Business One ServerTools\Common\sapjvm_8\jre\bin\server;C:\WINDOWS\system32;C:\WINDOWS;C:\WINDOWS\System32\Wbem;C:\WINDOWS\System32\WindowsPowerShell\v1.0\;C:\Program Files\Git\cmd;C:\Users\Rozz\AppData\Local\Microsoft\WindowsApps;
USERNAME=Rozz
OS=Windows_NT
PROCESSOR_IDENTIFIER=Intel64 Family 6 Model 142 Stepping 9, GenuineIntel



---------------  S Y S T E M  ---------------

OS: Windows 10.0 , 64 bit Build 16299 (10.0.16299.15)

CPU:total 4 (initial active 4) (2 cores per cpu, 2 threads per core) family 6 model 142 stepping 9, cmov, cx8, fxsr, mmx, sse, sse2, sse3, ssse3, sse4.1, sse4.2, popcnt, avx, avx2, aes, clmul, erms, 3dnowpref, lzcnt, ht, tsc, tscinvbit, bmi1, bmi2, adx

Memory: 4k page, physical 4059364k(346984k free), swap 8253668k(6448k free)

vm_info: OpenJDK 64-Bit Server VM (25.152-b01) for windows-amd64 JRE (1.8.0_152-release-915-b01), built by "builder" with MS VC++ 10.0 (VS2010)

time: Wed Apr 25 11:00:12 2018
elapsed time: 13 seconds (0d 0h 0m 13s)

