#
# There is insufficient memory for the Java Runtime Environment to continue.
# Native memory allocation (malloc) failed to allocate 817616 bytes for Chunk::new
# Possible reasons:
#   The system is out of physical RAM or swap space
#   In 32 bit mode, the process size limit was hit
# Possible solutions:
#   Reduce memory load on the system
#   Increase physical memory or swap space
#   Check if swap backing store is full
#   Use 64 bit Java on a 64 bit OS
#   Decrease Java heap size (-Xmx/-Xms)
#   Decrease number of Java threads
#   Decrease Java thread stack sizes (-Xss)
#   Set larger code cache with -XX:ReservedCodeCacheSize=
# This output file may be truncated or incomplete.
#
#  Out of Memory Error (allocation.cpp:390), pid=11236, tid=0x0000000000002bbc
#
# JRE version: OpenJDK Runtime Environment (8.0_152-b01) (build 1.8.0_152-release-915-b01)
# Java VM: OpenJDK 64-Bit Server VM (25.152-b01 mixed mode windows-amd64 compressed oops)
# Failed to write core dump. Minidumps are not enabled by default on client versions of Windows
#

---------------  T H R E A D  ---------------

Current thread (0x0000000016081000):  JavaThread "C2 CompilerThread1" daemon [_thread_in_native, id=11196, stack(0x00000000177e0000,0x00000000178e0000)]

Stack: [0x00000000177e0000,0x00000000178e0000]
[error occurred during error reporting (printing stack bounds), id 0xc0000005]

Native frames: (J=compiled Java code, j=interpreted, Vv=VM code, C=native code)


Current CompileTask:
C2:  59497 7636       4       java.io.WinNTFileSystem::normalize (231 bytes)


---------------  P R O C E S S  ---------------

Java Threads: ( => current thread )
  0x000000001e3cf800 JavaThread "build operations Thread 4" [_thread_blocked, id=2868, stack(0x0000000023310000,0x0000000023410000)]
  0x000000001e3cc800 JavaThread "build operations Thread 3" [_thread_blocked, id=5148, stack(0x0000000023210000,0x0000000023310000)]
  0x000000001e3ca000 JavaThread "build operations Thread 2" [_thread_blocked, id=2392, stack(0x0000000023110000,0x0000000023210000)]
  0x000000001e3ce800 JavaThread "build operations" [_thread_blocked, id=7584, stack(0x0000000023010000,0x0000000023110000)]
  0x000000001e3c0800 JavaThread "Cache worker for Artifact transforms cache (C:\Users\Rozz\.gradle\caches\transforms-1)" [_thread_blocked, id=6452, stack(0x0000000022f10000,0x0000000023010000)]
  0x000000001e3c6800 JavaThread "Cache worker for file hash cache (C:\PERALTA BACKUPS\PrestigeMobileAppUpdatedWed28-6-18-1258AM\MMReport\.gradle\4.1\fileHashes)" [_thread_blocked, id=11208, stack(0x0000000022e10000,0x0000000022f10000)]
  0x000000001e3c1000 JavaThread "Stdin handler" [_thread_blocked, id=9112, stack(0x0000000022d10000,0x0000000022e10000)]
  0x000000001e3c5800 JavaThread "Asynchronous log dispatcher for DefaultDaemonConnection: socket connection from /127.0.0.1:7450 to /127.0.0.1:7456" [_thread_blocked, id=8128, stack(0x0000000022a10000,0x0000000022b10000)]
  0x000000001e3c5000 JavaThread "Cancel handler" [_thread_blocked, id=10724, stack(0x0000000022910000,0x0000000022a10000)]
  0x000000001e3c2800 JavaThread "Handler for socket connection from /127.0.0.1:7450 to /127.0.0.1:7456" [_thread_in_native, id=9680, stack(0x0000000022810000,0x0000000022910000)]
  0x000000001e3c2000 JavaThread "Memory manager" [_thread_blocked, id=4592, stack(0x0000000020590000,0x0000000020690000)]
  0x000000001e3c3800 JavaThread "pool-1-thread-1" [_thread_blocked, id=5416, stack(0x0000000020290000,0x0000000020390000)]
  0x0000000019997800 JavaThread "File lock request listener" [_thread_in_native, id=11252, stack(0x000000001b920000,0x000000001ba20000)]
  0x0000000019996800 JavaThread "Cache worker for file hash cache (C:\Users\Rozz\.gradle\caches\4.1\fileHashes)" [_thread_blocked, id=10228, stack(0x000000001b820000,0x000000001b920000)]
  0x00000000194d6800 JavaThread "Daemon worker" [_thread_in_native, id=8552, stack(0x000000001b520000,0x000000001b620000)]
  0x0000000019225800 JavaThread "Daemon" [_thread_blocked, id=11644, stack(0x000000001b020000,0x000000001b120000)]
  0x0000000018e77000 JavaThread "Daemon periodic checks" [_thread_blocked, id=3620, stack(0x000000001af20000,0x000000001b020000)]
  0x0000000019603000 JavaThread "Incoming local TCP Connector on port 7450" [_thread_in_native, id=676, stack(0x00000000197b0000,0x00000000198b0000)]
  0x0000000017a00800 JavaThread "Service Thread" daemon [_thread_blocked, id=12232, stack(0x0000000017de0000,0x0000000017ee0000)]
  0x000000001608a000 JavaThread "C1 CompilerThread2" daemon [_thread_blocked, id=10532, stack(0x00000000178e0000,0x00000000179e0000)]
=>0x0000000016081000 JavaThread "C2 CompilerThread1" daemon [_thread_in_native, id=11196, stack(0x00000000177e0000,0x00000000178e0000)]
  0x000000001607d800 JavaThread "C2 CompilerThread0" daemon [_thread_blocked, id=10352, stack(0x00000000176e0000,0x00000000177e0000)]
  0x000000001607c000 JavaThread "Attach Listener" daemon [_thread_blocked, id=9728, stack(0x00000000175e0000,0x00000000176e0000)]
  0x000000001607b000 JavaThread "Signal Dispatcher" daemon [_thread_blocked, id=9776, stack(0x00000000174e0000,0x00000000175e0000)]
  0x000000001606e000 JavaThread "Finalizer" daemon [_thread_blocked, id=1856, stack(0x00000000172f0000,0x00000000173f0000)]
  0x0000000002703000 JavaThread "Reference Handler" daemon [_thread_blocked, id=11112, stack(0x00000000171f0000,0x00000000172f0000)]
  0x0000000002612800 JavaThread "main" [_thread_blocked, id=7448, stack(0x0000000002420000,0x0000000002520000)]

Other Threads:
  0x0000000016045000 VMThread [stack: 0x00000000170f0000,0x00000000171f0000] [id=5320]
  0x00000000160dd800 WatcherThread [stack: 0x0000000017ee0000,0x0000000017fe0000] [id=11592]

VM state:not at safepoint (normal execution)

VM Mutex/Monitor currently owned by a thread: None

Heap:
 PSYoungGen      total 163840K, used 17715K [0x00000000e0000000, 0x00000000ee480000, 0x0000000100000000)
  eden space 143360K, 12% used [0x00000000e0000000,0x00000000e114cf78,0x00000000e8c00000)
  from space 20480K, 0% used [0x00000000e8c00000,0x00000000e8c00000,0x00000000ea000000)
  to   space 26624K, 0% used [0x00000000eca80000,0x00000000eca80000,0x00000000ee480000)
 ParOldGen       total 55296K, used 43467K [0x00000000a0000000, 0x00000000a3600000, 0x00000000e0000000)
  object space 55296K, 78% used [0x00000000a0000000,0x00000000a2a72e70,0x00000000a3600000)
 Metaspace       used 56638K, capacity 59188K, committed 59284K, reserved 1099776K
  class space    used 7686K, capacity 8356K, committed 8448K, reserved 1048576K

Card table byte_map: [0x0000000011ad0000,0x0000000011de0000] byte_map_base: 0x00000000115d0000

Marking Bits: (ParMarkBitMap*) 0x0000000073293950
 Begin Bits: [0x00000000123e0000, 0x0000000013be0000)
 End Bits:   [0x0000000013be0000, 0x00000000153e0000)

Polling page: 0x0000000000590000

CodeCache: size=245760Kb used=23412Kb max_used=23419Kb free=222347Kb
 bounds [0x0000000002710000, 0x0000000003e10000, 0x0000000011710000]
 total_blobs=7491 nmethods=6730 adapters=674
 compilation: enabled

Compilation events (10 events):
Event: 59.361 Thread 0x000000001608a000 7778       3       java.lang.ref.ReferenceQueue::<init> (27 bytes)
Event: 59.361 Thread 0x000000001608a000 nmethod 7778 0x0000000003df70d0 code [0x0000000003df7240, 0x0000000003df75b0]
Event: 59.361 Thread 0x000000001608a000 7779       3       java.lang.ref.ReferenceQueue$Lock::<init> (5 bytes)
Event: 59.361 Thread 0x000000001608a000 nmethod 7779 0x0000000003df6c50 code [0x0000000003df6dc0, 0x0000000003df6fd0]
Event: 59.361 Thread 0x000000001608a000 7780       3       java.lang.ref.ReferenceQueue$Lock::<init> (5 bytes)
Event: 59.361 Thread 0x000000001608a000 nmethod 7780 0x0000000003df6890 code [0x0000000003df69e0, 0x0000000003df6b90]
Event: 59.361 Thread 0x000000001608a000 7776       3       com.google.common.cache.LocalCache$WeakEntry::setValueReference (6 bytes)
Event: 59.361 Thread 0x000000001608a000 nmethod 7776 0x0000000003df6550 code [0x0000000003df66a0, 0x0000000003df6810]
Event: 59.361 Thread 0x000000001608a000 7772       1       java.text.ParsePosition::getIndex (5 bytes)
Event: 59.362 Thread 0x000000001608a000 nmethod 7772 0x0000000003df6290 code [0x0000000003df63e0, 0x0000000003df64f0]

GC Heap History (10 events):
Event: 24.312 GC heap before
{Heap before GC invocations=12 (full 2):
 PSYoungGen      total 103424K, used 92672K [0x00000000e0000000, 0x00000000e8a80000, 0x0000000100000000)
  eden space 92672K, 100% used [0x00000000e0000000,0x00000000e5a80000,0x00000000e5a80000)
  from space 10752K, 0% used [0x00000000e5a80000,0x00000000e5a80000,0x00000000e6500000)
  to   space 12288K, 0% used [0x00000000e7e80000,0x00000000e7e80000,0x00000000e8a80000)
 ParOldGen       total 55296K, used 16912K [0x00000000a0000000, 0x00000000a3600000, 0x00000000e0000000)
  object space 55296K, 30% used [0x00000000a0000000,0x00000000a10841a8,0x00000000a3600000)
 Metaspace       used 40632K, capacity 41528K, committed 41728K, reserved 1085440K
  class space    used 5473K, capacity 5796K, committed 5888K, reserved 1048576K
Event: 24.329 GC heap after
Heap after GC invocations=12 (full 2):
 PSYoungGen      total 129024K, used 9766K [0x00000000e0000000, 0x00000000e8e80000, 0x0000000100000000)
  eden space 116736K, 0% used [0x00000000e0000000,0x00000000e0000000,0x00000000e7200000)
  from space 12288K, 79% used [0x00000000e7e80000,0x00000000e8809a20,0x00000000e8a80000)
  to   space 12800K, 0% used [0x00000000e7200000,0x00000000e7200000,0x00000000e7e80000)
 ParOldGen       total 55296K, used 16920K [0x00000000a0000000, 0x00000000a3600000, 0x00000000e0000000)
  object space 55296K, 30% used [0x00000000a0000000,0x00000000a10861a8,0x00000000a3600000)
 Metaspace       used 40632K, capacity 41528K, committed 41728K, reserved 1085440K
  class space    used 5473K, capacity 5796K, committed 5888K, reserved 1048576K
}
Event: 31.437 GC heap before
{Heap before GC invocations=13 (full 2):
 PSYoungGen      total 129024K, used 126502K [0x00000000e0000000, 0x00000000e8e80000, 0x0000000100000000)
  eden space 116736K, 100% used [0x00000000e0000000,0x00000000e7200000,0x00000000e7200000)
  from space 12288K, 79% used [0x00000000e7e80000,0x00000000e8809a20,0x00000000e8a80000)
  to   space 12800K, 0% used [0x00000000e7200000,0x00000000e7200000,0x00000000e7e80000)
 ParOldGen       total 55296K, used 16920K [0x00000000a0000000, 0x00000000a3600000, 0x00000000e0000000)
  object space 55296K, 30% used [0x00000000a0000000,0x00000000a10861a8,0x00000000a3600000)
 Metaspace       used 47063K, capacity 48252K, committed 48512K, reserved 1091584K
  class space    used 6316K, capacity 6732K, committed 6784K, reserved 1048576K
Event: 31.452 GC heap after
Heap after GC invocations=13 (full 2):
 PSYoungGen      total 129536K, used 12791K [0x00000000e0000000, 0x00000000eaf00000, 0x0000000100000000)
  eden space 116736K, 0% used [0x00000000e0000000,0x00000000e0000000,0x00000000e7200000)
  from space 12800K, 99% used [0x00000000e7200000,0x00000000e7e7dda8,0x00000000e7e80000)
  to   space 15360K, 0% used [0x00000000ea000000,0x00000000ea000000,0x00000000eaf00000)
 ParOldGen       total 55296K, used 18079K [0x00000000a0000000, 0x00000000a3600000, 0x00000000e0000000)
  object space 55296K, 32% used [0x00000000a0000000,0x00000000a11a7f10,0x00000000a3600000)
 Metaspace       used 47063K, capacity 48252K, committed 48512K, reserved 1091584K
  class space    used 6316K, capacity 6732K, committed 6784K, reserved 1048576K
}
Event: 34.902 GC heap before
{Heap before GC invocations=14 (full 2):
 PSYoungGen      total 129536K, used 129527K [0x00000000e0000000, 0x00000000eaf00000, 0x0000000100000000)
  eden space 116736K, 100% used [0x00000000e0000000,0x00000000e7200000,0x00000000e7200000)
  from space 12800K, 99% used [0x00000000e7200000,0x00000000e7e7dda8,0x00000000e7e80000)
  to   space 15360K, 0% used [0x00000000ea000000,0x00000000ea000000,0x00000000eaf00000)
 ParOldGen       total 55296K, used 18079K [0x00000000a0000000, 0x00000000a3600000, 0x00000000e0000000)
  object space 55296K, 32% used [0x00000000a0000000,0x00000000a11a7f10,0x00000000a3600000)
 Metaspace       used 52252K, capacity 54004K, committed 54272K, reserved 1095680K
  class space    used 7184K, capacity 7644K, committed 7680K, reserved 1048576K
Event: 34.928 GC heap after
Heap after GC invocations=14 (full 2):
 PSYoungGen      total 158720K, used 15359K [0x00000000e0000000, 0x00000000ebb00000, 0x0000000100000000)
  eden space 143360K, 0% used [0x00000000e0000000,0x00000000e0000000,0x00000000e8c00000)
  from space 15360K, 99% used [0x00000000ea000000,0x00000000eaeffe30,0x00000000eaf00000)
  to   space 20480K, 0% used [0x00000000e8c00000,0x00000000e8c00000,0x00000000ea000000)
 ParOldGen       total 55296K, used 26120K [0x00000000a0000000, 0x00000000a3600000, 0x00000000e0000000)
  object space 55296K, 47% used [0x00000000a0000000,0x00000000a1982170,0x00000000a3600000)
 Metaspace       used 52252K, capacity 54004K, committed 54272K, reserved 1095680K
  class space    used 7184K, capacity 7644K, committed 7680K, reserved 1048576K
}
Event: 56.533 GC heap before
{Heap before GC invocations=15 (full 2):
 PSYoungGen      total 158720K, used 155787K [0x00000000e0000000, 0x00000000ebb00000, 0x0000000100000000)
  eden space 143360K, 97% used [0x00000000e0000000,0x00000000e8923048,0x00000000e8c00000)
  from space 15360K, 99% used [0x00000000ea000000,0x00000000eaeffe30,0x00000000eaf00000)
  to   space 20480K, 0% used [0x00000000e8c00000,0x00000000e8c00000,0x00000000ea000000)
 ParOldGen       total 55296K, used 26120K [0x00000000a0000000, 0x00000000a3600000, 0x00000000e0000000)
  object space 55296K, 47% used [0x00000000a0000000,0x00000000a1982170,0x00000000a3600000)
 Metaspace       used 56434K, capacity 58922K, committed 59028K, reserved 1099776K
  class space    used 7673K, capacity 8345K, committed 8448K, reserved 1048576K
Event: 56.571 GC heap after
Heap after GC invocations=15 (full 2):
 PSYoungGen      total 163840K, used 20471K [0x00000000e0000000, 0x00000000ee480000, 0x0000000100000000)
  eden space 143360K, 0% used [0x00000000e0000000,0x00000000e0000000,0x00000000e8c00000)
  from space 20480K, 99% used [0x00000000e8c00000,0x00000000e9ffdeb8,0x00000000ea000000)
  to   space 26624K, 0% used [0x00000000eca80000,0x00000000eca80000,0x00000000ee480000)
 ParOldGen       total 55296K, used 33625K [0x00000000a0000000, 0x00000000a3600000, 0x00000000e0000000)
  object space 55296K, 60% used [0x00000000a0000000,0x00000000a20d6678,0x00000000a3600000)
 Metaspace       used 56434K, capacity 58922K, committed 59028K, reserved 1099776K
  class space    used 7673K, capacity 8345K, committed 8448K, reserved 1048576K
}
Event: 56.571 GC heap before
{Heap before GC invocations=16 (full 3):
 PSYoungGen      total 163840K, used 20471K [0x00000000e0000000, 0x00000000ee480000, 0x0000000100000000)
  eden space 143360K, 0% used [0x00000000e0000000,0x00000000e0000000,0x00000000e8c00000)
  from space 20480K, 99% used [0x00000000e8c00000,0x00000000e9ffdeb8,0x00000000ea000000)
  to   space 26624K, 0% used [0x00000000eca80000,0x00000000eca80000,0x00000000ee480000)
 ParOldGen       total 55296K, used 33625K [0x00000000a0000000, 0x00000000a3600000, 0x00000000e0000000)
  object space 55296K, 60% used [0x00000000a0000000,0x00000000a20d6678,0x00000000a3600000)
 Metaspace       used 56434K, capacity 58922K, committed 59028K, reserved 1099776K
  class space    used 7673K, capacity 8345K, committed 8448K, reserved 1048576K
Event: 56.858 GC heap after
Heap after GC invocations=16 (full 3):
 PSYoungGen      total 163840K, used 0K [0x00000000e0000000, 0x00000000ee480000, 0x0000000100000000)
  eden space 143360K, 0% used [0x00000000e0000000,0x00000000e0000000,0x00000000e8c00000)
  from space 20480K, 0% used [0x00000000e8c00000,0x00000000e8c00000,0x00000000ea000000)
  to   space 26624K, 0% used [0x00000000eca80000,0x00000000eca80000,0x00000000ee480000)
 ParOldGen       total 55296K, used 43467K [0x00000000a0000000, 0x00000000a3600000, 0x00000000e0000000)
  object space 55296K, 78% used [0x00000000a0000000,0x00000000a2a72e70,0x00000000a3600000)
 Metaspace       used 56434K, capacity 58922K, committed 59028K, reserved 1099776K
  class space    used 7673K, capacity 8345K, committed 8448K, reserved 1048576K
}

Deoptimization events (10 events):
Event: 36.567 Thread 0x0000000019aad000 Uncommon trap: reason=class_check action=maybe_recompile pc=0x0000000003b48218 method=java.util.concurrent.locks.ReentrantLock.lock()V @ 4
Event: 36.701 Thread 0x0000000019225800 Uncommon trap: reason=class_check action=maybe_recompile pc=0x0000000002bb75a0 method=java.io.ObjectOutputStream$BlockDataOutputStream.writeBlockHeader(I)V @ 33
Event: 36.701 Thread 0x0000000019225800 Uncommon trap: reason=class_check action=maybe_recompile pc=0x0000000002bb75a0 method=java.io.ObjectOutputStream$BlockDataOutputStream.writeBlockHeader(I)V @ 33
Event: 36.701 Thread 0x0000000019225800 Uncommon trap: reason=class_check action=maybe_recompile pc=0x0000000002bb75a0 method=java.io.ObjectOutputStream$BlockDataOutputStream.writeBlockHeader(I)V @ 33
Event: 36.701 Thread 0x0000000019225800 Uncommon trap: reason=class_check action=maybe_recompile pc=0x0000000002bb75a0 method=java.io.ObjectOutputStream$BlockDataOutputStream.writeBlockHeader(I)V @ 33
Event: 36.797 Thread 0x000000001922c800 Uncommon trap: reason=unstable_if action=reinterpret pc=0x0000000003bc3da0 method=com.esotericsoftware.kryo.io.Input.require(I)I @ 117
Event: 36.799 Thread 0x0000000019225800 Uncommon trap: reason=unstable_if action=reinterpret pc=0x000000000286fe64 method=java.util.HashMap$HashIterator.<init>(Ljava/util/HashMap;)V @ 45
Event: 36.799 Thread 0x0000000019225800 Uncommon trap: reason=unstable_if action=reinterpret pc=0x000000000373d00c method=java.util.HashMap$HashIterator.<init>(Ljava/util/HashMap;)V @ 45
Event: 54.045 Thread 0x00000000194d6800 Uncommon trap: reason=class_check action=maybe_recompile pc=0x0000000003a84534 method=com.google.common.collect.AbstractMapBasedMultimap.put(Ljava/lang/Object;Ljava/lang/Object;)Z @ 10
Event: 56.862 Thread 0x00000000194d6800 Uncommon trap: reason=null_check action=make_not_entrant pc=0x00000000031301ec method=java.lang.ThreadLocal$ThreadLocalMap.set(Ljava/lang/ThreadLocal;Ljava/lang/Object;)V @ 36

Classes redefined (0 events):
No events

Internal exceptions (10 events):
Event: 58.800 Thread 0x00000000194d6800 Exception <a 'sun/nio/fs/WindowsException'> (0x00000000e01f1010) thrown at [D:\src\AOSP-openjdk-cygwin\jdk8u\hotspot\src\share\vm\prims\jni.cpp, line 709]
Event: 58.800 Thread 0x00000000194d6800 Exception <a 'sun/nio/fs/WindowsException'> (0x00000000e01f1d38) thrown at [D:\src\AOSP-openjdk-cygwin\jdk8u\hotspot\src\share\vm\prims\jni.cpp, line 709]
Event: 58.800 Thread 0x00000000194d6800 Exception <a 'sun/nio/fs/WindowsException'> (0x00000000e01f4bc8) thrown at [D:\src\AOSP-openjdk-cygwin\jdk8u\hotspot\src\share\vm\prims\jni.cpp, line 709]
Event: 58.800 Thread 0x00000000194d6800 Exception <a 'sun/nio/fs/WindowsException'> (0x00000000e01f58e0) thrown at [D:\src\AOSP-openjdk-cygwin\jdk8u\hotspot\src\share\vm\prims\jni.cpp, line 709]
Event: 58.800 Thread 0x00000000194d6800 Exception <a 'sun/nio/fs/WindowsException'> (0x00000000e01f7a10) thrown at [D:\src\AOSP-openjdk-cygwin\jdk8u\hotspot\src\share\vm\prims\jni.cpp, line 709]
Event: 58.800 Thread 0x00000000194d6800 Exception <a 'sun/nio/fs/WindowsException'> (0x00000000e01f8760) thrown at [D:\src\AOSP-openjdk-cygwin\jdk8u\hotspot\src\share\vm\prims\jni.cpp, line 709]
Event: 58.801 Thread 0x00000000194d6800 Exception <a 'sun/nio/fs/WindowsException'> (0x00000000e01fb398) thrown at [D:\src\AOSP-openjdk-cygwin\jdk8u\hotspot\src\share\vm\prims\jni.cpp, line 709]
Event: 58.801 Thread 0x00000000194d6800 Exception <a 'sun/nio/fs/WindowsException'> (0x00000000e01fc0e8) thrown at [D:\src\AOSP-openjdk-cygwin\jdk8u\hotspot\src\share\vm\prims\jni.cpp, line 709]
Event: 58.801 Thread 0x00000000194d6800 Exception <a 'sun/nio/fs/WindowsException'> (0x00000000e01fe240) thrown at [D:\src\AOSP-openjdk-cygwin\jdk8u\hotspot\src\share\vm\prims\jni.cpp, line 709]
Event: 58.801 Thread 0x00000000194d6800 Exception <a 'sun/nio/fs/WindowsException'> (0x00000000e01fefd0) thrown at [D:\src\AOSP-openjdk-cygwin\jdk8u\hotspot\src\share\vm\prims\jni.cpp, line 709]

Events (10 events):
Event: 56.860 Executing VM operation: RevokeBias done
Event: 56.862 Thread 0x00000000194d6800 Uncommon trap: trap_request=0xfffffff4 fr.pc=0x00000000031301ec
Event: 56.862 Thread 0x00000000194d6800 DEOPT PACKING pc=0x00000000031301ec sp=0x000000001b619c70
Event: 56.862 Thread 0x00000000194d6800 DEOPT UNPACKING pc=0x000000000275556a sp=0x000000001b619b30 mode 2
Event: 59.284 Executing VM operation: RevokeBias
Event: 59.284 Executing VM operation: RevokeBias done
Event: 59.284 Executing VM operation: RevokeBias
Event: 59.284 Executing VM operation: RevokeBias done
Event: 59.361 loading class org/gradle/execution/TaskNameResolver$1
Event: 59.361 loading class org/gradle/execution/TaskNameResolver$1 done


Dynamic libraries:
0x00007ff7b68c0000 - 0x00007ff7b68f1000 	C:\Program Files\Android\Android Studio\jre\bin\java.exe
0x00007ff9d1080000 - 0x00007ff9d1261000 	C:\WINDOWS\SYSTEM32\ntdll.dll
0x00007ff9cedf0000 - 0x00007ff9ceea2000 	C:\WINDOWS\System32\KERNEL32.DLL
0x00007ff9cdce0000 - 0x00007ff9cdf53000 	C:\WINDOWS\System32\KERNELBASE.dll
0x00007ff9cefe0000 - 0x00007ff9cf081000 	C:\WINDOWS\System32\ADVAPI32.dll
0x00007ff9ce950000 - 0x00007ff9ce9ee000 	C:\WINDOWS\System32\msvcrt.dll
0x00007ff9cf100000 - 0x00007ff9cf15b000 	C:\WINDOWS\System32\sechost.dll
0x00007ff9ceeb0000 - 0x00007ff9cefd4000 	C:\WINDOWS\System32\RPCRT4.dll
0x00007ff9cf160000 - 0x00007ff9cf2f0000 	C:\WINDOWS\System32\USER32.dll
0x00007ff9cd4b0000 - 0x00007ff9cd4d0000 	C:\WINDOWS\System32\win32u.dll
0x00007ff9ce520000 - 0x00007ff9ce548000 	C:\WINDOWS\System32\GDI32.dll
0x00007ff9cdfe0000 - 0x00007ff9ce172000 	C:\WINDOWS\System32\gdi32full.dll
0x00007ff9ce280000 - 0x00007ff9ce31f000 	C:\WINDOWS\System32\msvcp_win.dll
0x00007ff9ce180000 - 0x00007ff9ce27a000 	C:\WINDOWS\System32\ucrtbase.dll
0x00007ff9be840000 - 0x00007ff9beaa9000 	C:\WINDOWS\WinSxS\amd64_microsoft.windows.common-controls_6595b64144ccf1df_6.0.17134.112_none_fb3f961b30681c12\COMCTL32.dll
0x00007ff9ce9f0000 - 0x00007ff9ced13000 	C:\WINDOWS\System32\combase.dll
0x00007ff9cdf60000 - 0x00007ff9cdfda000 	C:\WINDOWS\System32\bcryptPrimitives.dll
0x00007ff9cf580000 - 0x00007ff9cf5ad000 	C:\WINDOWS\System32\IMM32.DLL
0x0000000074790000 - 0x0000000074862000 	C:\Program Files\Android\Android Studio\jre\jre\bin\msvcr100.dll
0x0000000072ad0000 - 0x000000007330e000 	C:\Program Files\Android\Android Studio\jre\jre\bin\server\jvm.dll
0x00007ff9ce510000 - 0x00007ff9ce518000 	C:\WINDOWS\System32\PSAPI.DLL
0x00007ff9c9e70000 - 0x00007ff9c9e79000 	C:\WINDOWS\SYSTEM32\WSOCK32.dll
0x00007ff9c7820000 - 0x00007ff9c7843000 	C:\WINDOWS\SYSTEM32\WINMM.dll
0x00007ff9c5700000 - 0x00007ff9c570a000 	C:\WINDOWS\SYSTEM32\VERSION.dll
0x00007ff9cf090000 - 0x00007ff9cf0fc000 	C:\WINDOWS\System32\WS2_32.dll
0x00007ff9c77f0000 - 0x00007ff9c781a000 	C:\WINDOWS\SYSTEM32\winmmbase.dll
0x00007ff9cdbe0000 - 0x00007ff9cdc29000 	C:\WINDOWS\System32\cfgmgr32.dll
0x00007ff9c6c10000 - 0x00007ff9c6c1f000 	C:\Program Files\Android\Android Studio\jre\jre\bin\verify.dll
0x00007ff9bd4e0000 - 0x00007ff9bd509000 	C:\Program Files\Android\Android Studio\jre\jre\bin\java.dll
0x00007ff9c35e0000 - 0x00007ff9c35f6000 	C:\Program Files\Android\Android Studio\jre\jre\bin\zip.dll
0x00007ff9cf7c0000 - 0x00007ff9d0c00000 	C:\WINDOWS\System32\SHELL32.dll
0x00007ff9cf610000 - 0x00007ff9cf6b9000 	C:\WINDOWS\System32\shcore.dll
0x00007ff9cd4d0000 - 0x00007ff9cdbdd000 	C:\WINDOWS\System32\windows.storage.dll
0x00007ff9cf5b0000 - 0x00007ff9cf601000 	C:\WINDOWS\System32\shlwapi.dll
0x00007ff9cd430000 - 0x00007ff9cd441000 	C:\WINDOWS\System32\kernel.appcore.dll
0x00007ff9cd3a0000 - 0x00007ff9cd3bf000 	C:\WINDOWS\System32\profapi.dll
0x00007ff9cd3e0000 - 0x00007ff9cd42c000 	C:\WINDOWS\System32\powrprof.dll
0x00007ff9cd390000 - 0x00007ff9cd39a000 	C:\WINDOWS\System32\FLTLIB.DLL
0x00007ff9be060000 - 0x00007ff9be07a000 	C:\Program Files\Android\Android Studio\jre\jre\bin\net.dll
0x00007ff9ccc10000 - 0x00007ff9ccc76000 	C:\WINDOWS\system32\mswsock.dll
0x00007ff9b6db0000 - 0x00007ff9b6dc1000 	C:\Program Files\Android\Android Studio\jre\jre\bin\nio.dll
0x00007ff9ac1e0000 - 0x00007ff9ac1fe000 	C:\Users\Rozz\.gradle\native\25\windows-amd64\native-platform.dll
0x00007ff9be000000 - 0x00007ff9be00d000 	C:\Program Files\Android\Android Studio\jre\jre\bin\management.dll
0x00007ff9ccdc0000 - 0x00007ff9ccdd7000 	C:\WINDOWS\SYSTEM32\CRYPTSP.dll
0x00007ff9cc7f0000 - 0x00007ff9cc823000 	C:\WINDOWS\system32\rsaenh.dll
0x00007ff9ccef0000 - 0x00007ff9ccf15000 	C:\WINDOWS\SYSTEM32\bcrypt.dll
0x00007ff9cd2c0000 - 0x00007ff9cd2e8000 	C:\WINDOWS\SYSTEM32\USERENV.dll
0x00007ff9ccde0000 - 0x00007ff9ccdeb000 	C:\WINDOWS\SYSTEM32\CRYPTBASE.dll
0x00007ff9cc990000 - 0x00007ff9cc9c8000 	C:\WINDOWS\SYSTEM32\IPHLPAPI.DLL
0x00007ff9ce580000 - 0x00007ff9ce588000 	C:\WINDOWS\System32\NSI.dll
0x00007ff9c7530000 - 0x00007ff9c7546000 	C:\WINDOWS\SYSTEM32\dhcpcsvc6.DLL
0x00007ff9c78f0000 - 0x00007ff9c790a000 	C:\WINDOWS\SYSTEM32\dhcpcsvc.DLL

VM Arguments:
jvm_args: -Xmx1536m -Dfile.encoding=windows-1252 -Duser.country=PH -Duser.language=en -Duser.variant 
java_command: org.gradle.launcher.daemon.bootstrap.GradleDaemon 4.1
java_class_path (initial): C:\Users\Rozz\.gradle\wrapper\dists\gradle-4.1-all\bzyivzo6n839fup2jbap0tjew\gradle-4.1\lib\gradle-launcher-4.1.jar
Launcher Type: SUN_STANDARD

Environment Variables:
JAVA_HOME=C:\Program Files (x86)\SAP\SAP Business One ServerTools\Common\sapjvm_8
CLASSPATH=C:\Program Files (x86)\SAP\SAP Business One DI API\JCO\LIB\sbowrapper.jar;C:\Program Files (x86)\SAP\SAP Business One DI API\JCO\LIB\sboapi.jar
PATH=C:\ProgramData\Oracle\Java\javapath;C:\Program Files (x86)\Intel\iCLS Client\;C:\Program Files\Intel\iCLS Client\;C:\Windows\system32;C:\Windows;C:\Windows\System32\Wbem;C:\Windows\System32\WindowsPowerShell\v1.0\;C:\Program Files (x86)\Intel\Intel(R) Management Engine Components\DAL;C:\Program Files\Intel\Intel(R) Management Engine Components\DAL;C:\Program Files (x86)\Intel\Intel(R) Management Engine Components\IPT;C:\Program Files\Intel\Intel(R) Management Engine Components\IPT;C:\Program Files (x86)\NVIDIA Corporation\PhysX\Common;C:\Program Files\dotnet\;C:\WINDOWS\system32\config\systemprofile\.dnx\bin;C:\Program Files\Microsoft DNX\Dnvm\;C:\Program Files\Microsoft SQL Server\130\Tools\Binn\;C:\Program Files (x86)\Microsoft SQL Server\110\Tools\Binn\;C:\Program Files\Microsoft SQL Server\110\Tools\Binn\;C:\Program Files\Microsoft SQL Server\110\DTS\Binn\;c:\Program Files (x86)\Microsoft SQL Server\100\Tools\Binn\;c:\Program Files\Microsoft SQL Server\100\Tools\Binn\;c:\Program Files\Microsoft SQL Server\100\DTS\Binn\;C:\Program Files (x86)\SAP\SAP Business One DI API\JCO\LIB\;C:\Program Files (x86)\SAP\SAP Business One DI API\DI API 90;C:\Program Files (x86)\SAP\SAP Business One\;C:\Program Files (x86)\Microsoft SQL Server\110\Tools\Binn\ManagementStudio\;C:\Program Files (x86)\Microsoft SQL Server\110\DTS\Binn\;C:\Program Files (x86)\SAP\SAP Business One ServerTools\Common\sapjvm_8\jre\bin;C:\Program Files (x86)\SAP\SAP Business One ServerTools\Common\tomcat\bin;C:\Program Files (x86)\SAP\SAP Business One ServerTools\Common\sapjvm_8\jre\bin\server;C:\WINDOWS\system32;C:\WINDOWS;C:\WINDOWS\System32\Wbem;C:\WINDOWS\System32\WindowsPowerShell\v1.0\;C:\Program Files\Git\cmd;C:\WINDOWS\System32\OpenSSH\;C:\Users\Rozz\AppData\Local\Microsoft\WindowsApps;
USERNAME=Rozz
OS=Windows_NT
PROCESSOR_IDENTIFIER=Intel64 Family 6 Model 142 Stepping 9, GenuineIntel



---------------  S Y S T E M  ---------------

OS: Windows 10.0 , 64 bit Build 17134 (10.0.17134.1)

CPU:total 4 (initial active 4) (2 cores per cpu, 2 threads per core) family 6 model 142 stepping 9, cmov, cx8, fxsr, mmx, sse, sse2, sse3, ssse3, sse4.1, sse4.2, popcnt, avx, avx2, aes, clmul, erms, 3dnowpref, lzcnt, ht, tsc, tscinvbit, bmi1, bmi2, adx

Memory: 4k page, physical 4059364k(309096k free), swap 8253668k(3716k free)

vm_info: OpenJDK 64-Bit Server VM (25.152-b01) for windows-amd64 JRE (1.8.0_152-release-915-b01), built by "builder" with MS VC++ 10.0 (VS2010)

time: Thu Jul 19 16:02:49 2018
elapsed time: 59 seconds (0d 0h 0m 59s)

