#
# There is insufficient memory for the Java Runtime Environment to continue.
# Native memory allocation (malloc) failed to allocate 1117936 bytes for Chunk::new
# Possible reasons:
#   The system is out of physical RAM or swap space
#   In 32 bit mode, the process size limit was hit
# Possible solutions:
#   Reduce memory load on the system
#   Increase physical memory or swap space
#   Check if swap backing store is full
#   Use 64 bit Java on a 64 bit OS
#   Decrease Java heap size (-Xmx/-Xms)
#   Decrease number of Java threads
#   Decrease Java thread stack sizes (-Xss)
#   Set larger code cache with -XX:ReservedCodeCacheSize=
# This output file may be truncated or incomplete.
#
#  Out of Memory Error (allocation.cpp:390), pid=15164, tid=0x0000000000001efc
#
# JRE version: OpenJDK Runtime Environment (8.0_112-b06) (build 1.8.0_112-release-b06)
# Java VM: OpenJDK 64-Bit Server VM (25.112-b06 mixed mode windows-amd64 compressed oops)
# Failed to write core dump. Minidumps are not enabled by default on client versions of Windows
#

---------------  T H R E A D  ---------------

Current thread (0x000000001877e800):  JavaThread "C2 CompilerThread1" daemon [_thread_in_native, id=7932, stack(0x0000000019fd0000,0x000000001a0d0000)]

Stack: [0x0000000019fd0000,0x000000001a0d0000]
[error occurred during error reporting (printing stack bounds), id 0xc0000005]

Native frames: (J=compiled Java code, j=interpreted, Vv=VM code, C=native code)


Current CompileTask:
C2:2770713 14499       4       java.io.WinNTFileSystem::canonicalize (372 bytes)


---------------  P R O C E S S  ---------------

Java Threads: ( => current thread )
  0x000000001f5f6000 JavaThread "Cache update executor" [_thread_blocked, id=7072, stack(0x0000000028b70000,0x0000000028c70000)]
  0x000000001f5f4800 JavaThread "Stdin handler" [_thread_blocked, id=15252, stack(0x0000000028a70000,0x0000000028b70000)]
  0x000000001f5f0800 JavaThread "Asynchronous log dispatcher for DefaultDaemonConnection: socket connection from /127.0.0.1:61492 to /127.0.0.1:61950" [_thread_blocked, id=10348, stack(0x0000000028970000,0x0000000028a70000)]
  0x000000001f5f5000 JavaThread "Daemon worker Thread 3" [_thread_in_native, id=216, stack(0x0000000028870000,0x0000000028970000)]
  0x000000001f5f0000 JavaThread "Cancel handler" [_thread_blocked, id=14268, stack(0x0000000028770000,0x0000000028870000)]
  0x000000001f5f3800 JavaThread "Handler for socket connection from /127.0.0.1:61492 to /127.0.0.1:61950" [_thread_in_native, id=12644, stack(0x0000000028670000,0x0000000028770000)]
  0x000000001f5ee800 JavaThread "Daemon Thread 3" [_thread_blocked, id=13564, stack(0x0000000028570000,0x0000000028670000)]
  0x000000001f5f2000 JavaThread "pool-7-thread-1" [_thread_blocked, id=6780, stack(0x00000000268a0000,0x00000000269a0000)]
  0x000000001de3f000 JavaThread "pool-2-thread-1" [_thread_blocked, id=9708, stack(0x000000001e640000,0x000000001e740000)]
  0x000000001bd78800 JavaThread "File lock request listener" [_thread_in_native, id=10496, stack(0x000000001e340000,0x000000001e440000)]
  0x000000001b9d0000 JavaThread "pool-1-thread-1" [_thread_blocked, id=4572, stack(0x000000001cb30000,0x000000001cc30000)]
  0x000000001b5b8800 JavaThread "Incoming local TCP Connector on port 61492" [_thread_in_native, id=7692, stack(0x000000001bfa0000,0x000000001c0a0000)]
  0x00000000187d9000 JavaThread "Service Thread" daemon [_thread_blocked, id=13584, stack(0x000000001a5d0000,0x000000001a6d0000)]
  0x0000000018784000 JavaThread "C1 CompilerThread2" daemon [_thread_blocked, id=1148, stack(0x000000001a0d0000,0x000000001a1d0000)]
=>0x000000001877e800 JavaThread "C2 CompilerThread1" daemon [_thread_in_native, id=7932, stack(0x0000000019fd0000,0x000000001a0d0000)]
  0x000000001877c800 JavaThread "C2 CompilerThread0" daemon [_thread_blocked, id=14092, stack(0x0000000019ed0000,0x0000000019fd0000)]
  0x000000001877b000 JavaThread "Attach Listener" daemon [_thread_blocked, id=9044, stack(0x0000000019dd0000,0x0000000019ed0000)]
  0x0000000018779800 JavaThread "Signal Dispatcher" daemon [_thread_blocked, id=13000, stack(0x0000000019cd0000,0x0000000019dd0000)]
  0x0000000018768800 JavaThread "Finalizer" daemon [_thread_blocked, id=11960, stack(0x00000000199d0000,0x0000000019ad0000)]
  0x0000000004e02000 JavaThread "Reference Handler" daemon [_thread_blocked, id=628, stack(0x00000000198d0000,0x00000000199d0000)]
  0x0000000004c0d800 JavaThread "main" [_thread_blocked, id=1124, stack(0x0000000004c10000,0x0000000004d10000)]

Other Threads:
  0x0000000018745000 VMThread [stack: 0x00000000197d0000,0x00000000198d0000] [id=5124]
  0x000000001a1f1800 WatcherThread [stack: 0x000000001a6d0000,0x000000001a7d0000] [id=8624]

VM state:not at safepoint (normal execution)

VM Mutex/Monitor currently owned by a thread: None

Heap:
 PSYoungGen      total 378368K, used 304806K [0x00000000e0000000, 0x00000000fff80000, 0x0000000100000000)
  eden space 327168K, 87% used [0x00000000e0000000,0x00000000f16fc598,0x00000000f3f80000)
  from space 51200K, 37% used [0x00000000f3f80000,0x00000000f522d568,0x00000000f7180000)
  to   space 48128K, 0% used [0x00000000fd080000,0x00000000fd080000,0x00000000fff80000)
 ParOldGen       total 204800K, used 128577K [0x00000000a0000000, 0x00000000ac800000, 0x00000000e0000000)
  object space 204800K, 62% used [0x00000000a0000000,0x00000000a7d907d8,0x00000000ac800000)
 Metaspace       used 64120K, capacity 66386K, committed 67800K, reserved 1107968K
  class space    used 8247K, capacity 8650K, committed 8960K, reserved 1048576K

Card table byte_map: [0x00000000141d0000,0x00000000144e0000] byte_map_base: 0x0000000013cd0000

Marking Bits: (ParMarkBitMap*) 0x00000000724f18f0
 Begin Bits: [0x0000000014ae0000, 0x00000000162e0000)
 End Bits:   [0x00000000162e0000, 0x0000000017ae0000)

Polling page: 0x0000000000be0000

CodeCache: size=245760Kb used=40575Kb max_used=40589Kb free=205184Kb
 bounds [0x0000000004e10000, 0x0000000007600000, 0x0000000013e10000]
 total_blobs=12266 nmethods=11491 adapters=687
 compilation: enabled

Compilation events (10 events):
Event: 2768.745 Thread 0x0000000018784000 nmethod 14511 0x000000000741b950 code [0x000000000741bae0, 0x000000000741bfa8]
Event: 2768.745 Thread 0x0000000018784000 14510       3       com.google.common.hash.HashCode$BytesHashCode::asInt (87 bytes)
Event: 2768.746 Thread 0x0000000018784000 nmethod 14510 0x000000000741aa90 code [0x000000000741ac60, 0x000000000741b4b8]
Event: 2768.746 Thread 0x0000000018784000 14512       3       org.gradle.api.internal.changedetection.state.AbstractNormalizedFileSnapshot::equals (63 bytes)
Event: 2768.747 Thread 0x0000000018784000 nmethod 14512 0x0000000007419f10 code [0x000000000741a0c0, 0x000000000741a8b8]
Event: 2768.747 Thread 0x0000000018784000 14514       1       org.gradle.api.internal.changedetection.state.OrderInsensitiveTaskFilePropertyCompareStrategy$IncrementalFileSnapshotWithAbsolutePath::getSnapshot (5 bytes)
Event: 2768.747 Thread 0x0000000018784000 nmethod 14514 0x0000000006e16490 code [0x0000000006e165e0, 0x0000000006e166f0]
Event: 2768.747 Thread 0x0000000018784000 14513       1       com.google.common.collect.AbstractMapBasedMultimap$WrappedCollection::getDelegate (5 bytes)
Event: 2768.747 Thread 0x0000000018784000 nmethod 14513 0x0000000007419c50 code [0x0000000007419da0, 0x0000000007419eb0]
Event: 2768.751 Thread 0x000000001877c800 nmethod 14504 0x0000000007414bd0 code [0x0000000007414e00, 0x00000000074157a8]

GC Heap History (10 events):
Event: 2589.396 GC heap before
{Heap before GC invocations=23 (full 3):
 PSYoungGen      total 229888K, used 228135K [0x00000000e0000000, 0x00000000f3a00000, 0x0000000100000000)
  eden space 205824K, 100% used [0x00000000e0000000,0x00000000ec900000,0x00000000ec900000)
  from space 24064K, 92% used [0x00000000ec900000,0x00000000edec9e28,0x00000000ee080000)
  to   space 27136K, 0% used [0x00000000f1f80000,0x00000000f1f80000,0x00000000f3a00000)
 ParOldGen       total 104448K, used 52165K [0x00000000a0000000, 0x00000000a6600000, 0x00000000e0000000)
  object space 104448K, 49% used [0x00000000a0000000,0x00000000a32f1700,0x00000000a6600000)
 Metaspace       used 63339K, capacity 66268K, committed 66520K, reserved 1107968K
  class space    used 8339K, capacity 8959K, committed 8960K, reserved 1048576K
Event: 2589.544 GC heap after
Heap after GC invocations=23 (full 3):
 PSYoungGen      total 281088K, used 27119K [0x00000000e0000000, 0x00000000f5780000, 0x0000000100000000)
  eden space 253952K, 0% used [0x00000000e0000000,0x00000000e0000000,0x00000000ef800000)
  from space 27136K, 99% used [0x00000000f1f80000,0x00000000f39fbf48,0x00000000f3a00000)
  to   space 40448K, 0% used [0x00000000ef800000,0x00000000ef800000,0x00000000f1f80000)
 ParOldGen       total 104448K, used 75797K [0x00000000a0000000, 0x00000000a6600000, 0x00000000e0000000)
  object space 104448K, 72% used [0x00000000a0000000,0x00000000a4a05468,0x00000000a6600000)
 Metaspace       used 63339K, capacity 66268K, committed 66520K, reserved 1107968K
  class space    used 8339K, capacity 8959K, committed 8960K, reserved 1048576K
}
Event: 2591.853 GC heap before
{Heap before GC invocations=24 (full 3):
 PSYoungGen      total 281088K, used 281071K [0x00000000e0000000, 0x00000000f5780000, 0x0000000100000000)
  eden space 253952K, 100% used [0x00000000e0000000,0x00000000ef800000,0x00000000ef800000)
  from space 27136K, 99% used [0x00000000f1f80000,0x00000000f39fbf48,0x00000000f3a00000)
  to   space 40448K, 0% used [0x00000000ef800000,0x00000000ef800000,0x00000000f1f80000)
 ParOldGen       total 104448K, used 75797K [0x00000000a0000000, 0x00000000a6600000, 0x00000000e0000000)
  object space 104448K, 72% used [0x00000000a0000000,0x00000000a4a05468,0x00000000a6600000)
 Metaspace       used 63427K, capacity 66460K, committed 66520K, reserved 1107968K
  class space    used 8339K, capacity 8959K, committed 8960K, reserved 1048576K
Event: 2591.919 GC heap after
Heap after GC invocations=24 (full 3):
 PSYoungGen      total 294400K, used 36014K [0x00000000e0000000, 0x00000000f9e00000, 0x0000000100000000)
  eden space 253952K, 0% used [0x00000000e0000000,0x00000000e0000000,0x00000000ef800000)
  from space 40448K, 89% used [0x00000000ef800000,0x00000000f1b2bb08,0x00000000f1f80000)
  to   space 45568K, 0% used [0x00000000f7180000,0x00000000f7180000,0x00000000f9e00000)
 ParOldGen       total 104448K, used 86461K [0x00000000a0000000, 0x00000000a6600000, 0x00000000e0000000)
  object space 104448K, 82% used [0x00000000a0000000,0x00000000a546f668,0x00000000a6600000)
 Metaspace       used 63427K, capacity 66460K, committed 66520K, reserved 1107968K
  class space    used 8339K, capacity 8959K, committed 8960K, reserved 1048576K
}
Event: 2594.166 GC heap before
{Heap before GC invocations=25 (full 3):
 PSYoungGen      total 294400K, used 289966K [0x00000000e0000000, 0x00000000f9e00000, 0x0000000100000000)
  eden space 253952K, 100% used [0x00000000e0000000,0x00000000ef800000,0x00000000ef800000)
  from space 40448K, 89% used [0x00000000ef800000,0x00000000f1b2bb08,0x00000000f1f80000)
  to   space 45568K, 0% used [0x00000000f7180000,0x00000000f7180000,0x00000000f9e00000)
 ParOldGen       total 104448K, used 86461K [0x00000000a0000000, 0x00000000a6600000, 0x00000000e0000000)
  object space 104448K, 82% used [0x00000000a0000000,0x00000000a546f668,0x00000000a6600000)
 Metaspace       used 63445K, capacity 66460K, committed 66520K, reserved 1107968K
  class space    used 8339K, capacity 8959K, committed 8960K, reserved 1048576K
Event: 2594.249 GC heap after
Heap after GC invocations=25 (full 3):
 PSYoungGen      total 372736K, used 40607K [0x00000000e0000000, 0x00000000fa900000, 0x0000000100000000)
  eden space 327168K, 0% used [0x00000000e0000000,0x00000000e0000000,0x00000000f3f80000)
  from space 45568K, 89% used [0x00000000f7180000,0x00000000f9927c70,0x00000000f9e00000)
  to   space 51200K, 0% used [0x00000000f3f80000,0x00000000f3f80000,0x00000000f7180000)
 ParOldGen       total 122368K, used 122102K [0x00000000a0000000, 0x00000000a7780000, 0x00000000e0000000)
  object space 122368K, 99% used [0x00000000a0000000,0x00000000a773d860,0x00000000a7780000)
 Metaspace       used 63445K, capacity 66460K, committed 66520K, reserved 1107968K
  class space    used 8339K, capacity 8959K, committed 8960K, reserved 1048576K
}
Event: 2594.262 GC heap before
{Heap before GC invocations=26 (full 4):
 PSYoungGen      total 372736K, used 40607K [0x00000000e0000000, 0x00000000fa900000, 0x0000000100000000)
  eden space 327168K, 0% used [0x00000000e0000000,0x00000000e0000000,0x00000000f3f80000)
  from space 45568K, 89% used [0x00000000f7180000,0x00000000f9927c70,0x00000000f9e00000)
  to   space 51200K, 0% used [0x00000000f3f80000,0x00000000f3f80000,0x00000000f7180000)
 ParOldGen       total 122368K, used 122102K [0x00000000a0000000, 0x00000000a7780000, 0x00000000e0000000)
  object space 122368K, 99% used [0x00000000a0000000,0x00000000a773d860,0x00000000a7780000)
 Metaspace       used 63445K, capacity 66460K, committed 66520K, reserved 1107968K
  class space    used 8339K, capacity 8959K, committed 8960K, reserved 1048576K
Event: 2600.618 GC heap after
Heap after GC invocations=26 (full 4):
 PSYoungGen      total 372736K, used 15330K [0x00000000e0000000, 0x00000000fa900000, 0x0000000100000000)
  eden space 327168K, 0% used [0x00000000e0000000,0x00000000e0000000,0x00000000f3f80000)
  from space 45568K, 33% used [0x00000000f7180000,0x00000000f8078a90,0x00000000f9e00000)
  to   space 51200K, 0% used [0x00000000f3f80000,0x00000000f3f80000,0x00000000f7180000)
 ParOldGen       total 204800K, used 122349K [0x00000000a0000000, 0x00000000ac800000, 0x00000000e0000000)
  object space 204800K, 59% used [0x00000000a0000000,0x00000000a777b7c8,0x00000000ac800000)
 Metaspace       used 61825K, capacity 63920K, committed 66520K, reserved 1107968K
  class space    used 7996K, capacity 8391K, committed 8960K, reserved 1048576K
}
Event: 2612.625 GC heap before
{Heap before GC invocations=27 (full 4):
 PSYoungGen      total 372736K, used 341534K [0x00000000e0000000, 0x00000000fa900000, 0x0000000100000000)
  eden space 327168K, 99% used [0x00000000e0000000,0x00000000f3e8ef08,0x00000000f3f80000)
  from space 45568K, 33% used [0x00000000f7180000,0x00000000f8078a90,0x00000000f9e00000)
  to   space 51200K, 0% used [0x00000000f3f80000,0x00000000f3f80000,0x00000000f7180000)
 ParOldGen       total 204800K, used 122349K [0x00000000a0000000, 0x00000000ac800000, 0x00000000e0000000)
  object space 204800K, 59% used [0x00000000a0000000,0x00000000a777b7c8,0x00000000ac800000)
 Metaspace       used 63412K, capacity 65578K, committed 67544K, reserved 1107968K
  class space    used 8182K, capacity 8574K, committed 8960K, reserved 1048576K
Event: 2612.680 GC heap after
Heap after GC invocations=27 (full 4):
 PSYoungGen      total 378368K, used 19125K [0x00000000e0000000, 0x00000000fff80000, 0x0000000100000000)
  eden space 327168K, 0% used [0x00000000e0000000,0x00000000e0000000,0x00000000f3f80000)
  from space 51200K, 37% used [0x00000000f3f80000,0x00000000f522d568,0x00000000f7180000)
  to   space 48128K, 0% used [0x00000000fd080000,0x00000000fd080000,0x00000000fff80000)
 ParOldGen       total 204800K, used 128577K [0x00000000a0000000, 0x00000000ac800000, 0x00000000e0000000)
  object space 204800K, 62% used [0x00000000a0000000,0x00000000a7d907d8,0x00000000ac800000)
 Metaspace       used 63412K, capacity 65578K, committed 67544K, reserved 1107968K
  class space    used 8182K, capacity 8574K, committed 8960K, reserved 1048576K
}

Deoptimization events (10 events):
Event: 2757.983 Thread 0x000000001f5f5000 Uncommon trap: reason=class_check action=maybe_recompile pc=0x00000000070d1f00 method=org.gradle.api.internal.project.taskfactory.DefaultTaskClassValidatorExtractor$DefaultTaskPropertyActionContext.getAnnotation(Ljava/lang/Class;)Ljava/lang/annotation/Annoí(÷‹¥@
Event: 2757.983 Thread 0x000000001f5f5000 Uncommon trap: reason=class_check action=maybe_recompile pc=0x00000000070d1f00 method=org.gradle.api.internal.project.taskfactory.DefaultTaskClassValidatorExtractor$DefaultTaskPropertyActionContext.getAnnotation(Ljava/lang/Class;)Ljava/lang/annotation/AnnoPÛ!ú‹¥@
Event: 2757.988 Thread 0x000000001f5f5000 Uncommon trap: reason=class_check action=maybe_recompile pc=0x00000000070d1f00 method=org.gradle.api.internal.project.taskfactory.DefaultTaskClassValidatorExtractor$DefaultTaskPropertyActionContext.getAnnotation(Ljava/lang/Class;)Ljava/lang/annotation/Annožx#Ö ¥@
Event: 2768.418 Thread 0x000000001f5f5000 Uncommon trap: reason=class_check action=maybe_recompile pc=0x0000000006e1ca38 method=sun.nio.fs.WindowsPath.equals(Ljava/lang/Object;)Z @ 13
Event: 2768.419 Thread 0x000000001f5f5000 Uncommon trap: reason=class_check action=maybe_recompile pc=0x0000000006e1ca38 method=sun.nio.fs.WindowsPath.equals(Ljava/lang/Object;)Z @ 13
Event: 2768.419 Thread 0x000000001f5f5000 Uncommon trap: reason=class_check action=maybe_recompile pc=0x0000000006e1ca38 method=sun.nio.fs.WindowsPath.equals(Ljava/lang/Object;)Z @ 13
Event: 2768.421 Thread 0x000000001f5f5000 Uncommon trap: reason=class_check action=maybe_recompile pc=0x0000000006e1ca38 method=sun.nio.fs.WindowsPath.equals(Ljava/lang/Object;)Z @ 13
Event: 2768.745 Thread 0x000000001f5f5000 Uncommon trap: reason=class_check action=maybe_recompile pc=0x00000000064d4ea4 method=java.util.HashMap.removeNode(ILjava/lang/Object;Ljava/lang/Object;ZZ)Ljava/util/HashMap$Node; @ 143
Event: 2768.745 Thread 0x000000001f5f5000 Uncommon trap: reason=class_check action=maybe_recompile pc=0x0000000006304174 method=java.util.HashMap.removeNode(ILjava/lang/Object;Ljava/lang/Object;ZZ)Ljava/util/HashMap$Node; @ 143
Event: 2768.870 Thread 0x000000001f5f5000 Uncommon trap: reason=unstable_if action=reinterpret pc=0x00000000075e2d28 method=java.util.jar.JarFile.getManifestFromReference()Ljava/util/jar/Manifest; @ 39

Internal exceptions (10 events):
Event: 2735.004 Thread 0x000000001f5f5000 Exception <a 'java/lang/NoSuchMethodError': <clinit>> (0x00000000ecc3b480) thrown at [C:\src\android\AOSP-openjdk\external\jetbrains\jdk\hotspot\src\share\vm\prims\jni.cpp, line 1613]
Event: 2735.166 Thread 0x000000001f5f5000 Exception <a 'java/lang/NoSuchMethodError': <clinit>> (0x00000000ecc7bd18) thrown at [C:\src\android\AOSP-openjdk\external\jetbrains\jdk\hotspot\src\share\vm\prims\jni.cpp, line 1613]
Event: 2737.578 Thread 0x000000001f5f5000 Implicit null exception at 0x00000000058a2383 to 0x00000000058a28ed
Event: 2737.673 Thread 0x000000001f5f5000 Implicit null exception at 0x0000000005861881 to 0x00000000058622dd
Event: 2737.677 Thread 0x000000001f5f5000 Implicit null exception at 0x00000000056fd963 to 0x00000000056fdfc5
Event: 2737.677 Thread 0x000000001f5f5000 Implicit null exception at 0x000000000581c781 to 0x000000000581d1dd
Event: 2737.707 Thread 0x000000001f5f5000 Implicit null exception at 0x0000000006273dcd to 0x000000000627bc01
Event: 2737.844 Thread 0x000000001f5f5000 Exception <a 'java/lang/ClassNotFoundException': asLocalRepo620_6w3v6765vp5ce7vdf3eklc2biBeanInfo> (0x00000000ed085fe0) thrown at [C:\src\android\AOSP-openjdk\external\jetbrains\jdk\hotspot\src\share\vm\classfile\systemDictionary.cpp, line 210]
Event: 2737.845 Thread 0x000000001f5f5000 Exception <a 'java/lang/ClassNotFoundException': asLocalRepo620_6w3v6765vp5ce7vdf3eklc2biCustomizer> (0x00000000ed090f80) thrown at [C:\src\android\AOSP-openjdk\external\jetbrains\jdk\hotspot\src\share\vm\classfile\systemDictionary.cpp, line 210]
Event: 2752.396 Thread 0x000000001f5f5000 Exception <a 'sun/nio/fs/WindowsException'> (0x00000000ef9eac48) thrown at [C:\src\android\AOSP-openjdk\external\jetbrains\jdk\hotspot\src\share\vm\prims\jni.cpp, line 709]

Events (10 events):
Event: 2768.745 Thread 0x000000001f5f5000 DEOPT PACKING pc=0x00000000064d4ea4 sp=0x000000002896cb60
Event: 2768.745 Thread 0x000000001f5f5000 DEOPT UNPACKING pc=0x0000000004e5556a sp=0x000000002896ca48 mode 2
Event: 2768.745 Thread 0x000000001f5f5000 Uncommon trap: trap_request=0xffffffde fr.pc=0x0000000006304174
Event: 2768.745 Thread 0x000000001f5f5000 DEOPT PACKING pc=0x0000000006304174 sp=0x000000002896ca90
Event: 2768.745 Thread 0x000000001f5f5000 DEOPT UNPACKING pc=0x0000000004e5556a sp=0x000000002896ca30 mode 2
Event: 2768.748 loading class org/gradle/api/internal/tasks/compile/DefaultJavaCompileSpecFactory
Event: 2768.748 loading class org/gradle/api/internal/tasks/compile/DefaultJavaCompileSpecFactory done
Event: 2768.870 Thread 0x000000001f5f5000 Uncommon trap: trap_request=0xffffff65 fr.pc=0x00000000075e2d28
Event: 2768.870 Thread 0x000000001f5f5000 DEOPT PACKING pc=0x00000000075e2d28 sp=0x000000002896a740
Event: 2768.870 Thread 0x000000001f5f5000 DEOPT UNPACKING pc=0x0000000004e5556a sp=0x000000002896a528 mode 2


Dynamic libraries:
0x00007ff69c3e0000 - 0x00007ff69c411000 	C:\Program Files\Android\Android Studio\jre\bin\java.exe
0x00007ffa391e0000 - 0x00007ffa393c0000 	C:\WINDOWS\SYSTEM32\ntdll.dll
0x00007ffa38f60000 - 0x00007ffa3900e000 	C:\WINDOWS\System32\KERNEL32.DLL
0x00007ffa35690000 - 0x00007ffa358f6000 	C:\WINDOWS\System32\KERNELBASE.dll
0x00007ffa38bb0000 - 0x00007ffa38c51000 	C:\WINDOWS\System32\ADVAPI32.dll
0x00007ffa38ec0000 - 0x00007ffa38f5d000 	C:\WINDOWS\System32\msvcrt.dll
0x00007ffa38280000 - 0x00007ffa382db000 	C:\WINDOWS\System32\sechost.dll
0x00007ffa367a0000 - 0x00007ffa368bf000 	C:\WINDOWS\System32\RPCRT4.dll
0x00007ffa38310000 - 0x00007ffa3849f000 	C:\WINDOWS\System32\USER32.dll
0x00007ffa35b20000 - 0x00007ffa35b40000 	C:\WINDOWS\System32\win32u.dll
0x00007ffa382e0000 - 0x00007ffa38308000 	C:\WINDOWS\System32\GDI32.dll
0x00007ffa35c20000 - 0x00007ffa35db3000 	C:\WINDOWS\System32\gdi32full.dll
0x00007ffa35dc0000 - 0x00007ffa35e5b000 	C:\WINDOWS\System32\msvcp_win.dll
0x00007ffa35e60000 - 0x00007ffa35f56000 	C:\WINDOWS\System32\ucrtbase.dll
0x00007ffa24e90000 - 0x00007ffa250f9000 	C:\WINDOWS\WinSxS\amd64_microsoft.windows.common-controls_6595b64144ccf1df_6.0.16299.192_none_15c8cdae9364c23b\COMCTL32.dll
0x00007ffa37d60000 - 0x00007ffa38068000 	C:\WINDOWS\System32\combase.dll
0x00007ffa35b40000 - 0x00007ffa35bb2000 	C:\WINDOWS\System32\bcryptPrimitives.dll
0x00007ffa38250000 - 0x00007ffa3827d000 	C:\WINDOWS\System32\IMM32.DLL
0x00000000741f0000 - 0x00000000742c2000 	C:\Program Files\Android\Android Studio\jre\jre\bin\msvcr100.dll
0x0000000071d30000 - 0x000000007256c000 	C:\Program Files\Android\Android Studio\jre\jre\bin\server\jvm.dll
0x00007ffa36790000 - 0x00007ffa36798000 	C:\WINDOWS\System32\PSAPI.DLL
0x00007ffa2a840000 - 0x00007ffa2a84a000 	C:\WINDOWS\SYSTEM32\VERSION.dll
0x00007ffa31f30000 - 0x00007ffa31f53000 	C:\WINDOWS\SYSTEM32\WINMM.dll
0x00007ffa323d0000 - 0x00007ffa323d9000 	C:\WINDOWS\SYSTEM32\WSOCK32.dll
0x00007ffa38c60000 - 0x00007ffa38ccc000 	C:\WINDOWS\System32\WS2_32.dll
0x00007ffa31ed0000 - 0x00007ffa31efa000 	C:\WINDOWS\SYSTEM32\WINMMBASE.dll
0x00007ffa35ad0000 - 0x00007ffa35b1a000 	C:\WINDOWS\System32\cfgmgr32.dll
0x00007ffa322d0000 - 0x00007ffa322df000 	C:\Program Files\Android\Android Studio\jre\jre\bin\verify.dll
0x00007ffa2efd0000 - 0x00007ffa2eff9000 	C:\Program Files\Android\Android Studio\jre\jre\bin\java.dll
0x00007ffa318f0000 - 0x00007ffa31906000 	C:\Program Files\Android\Android Studio\jre\jre\bin\zip.dll
0x00007ffa36920000 - 0x00007ffa37d56000 	C:\WINDOWS\System32\SHELL32.dll
0x00007ffa38070000 - 0x00007ffa38116000 	C:\WINDOWS\System32\shcore.dll
0x00007ffa35f60000 - 0x00007ffa366a7000 	C:\WINDOWS\System32\windows.storage.dll
0x00007ffa38de0000 - 0x00007ffa38e31000 	C:\WINDOWS\System32\shlwapi.dll
0x00007ffa35530000 - 0x00007ffa35541000 	C:\WINDOWS\System32\kernel.appcore.dll
0x00007ffa35570000 - 0x00007ffa355bc000 	C:\WINDOWS\System32\powrprof.dll
0x00007ffa35550000 - 0x00007ffa3556b000 	C:\WINDOWS\System32\profapi.dll
0x00007ffa31420000 - 0x00007ffa3143a000 	C:\Program Files\Android\Android Studio\jre\jre\bin\net.dll
0x00007ffa34dc0000 - 0x00007ffa34e26000 	C:\WINDOWS\system32\mswsock.dll
0x00007ffa2f9e0000 - 0x00007ffa2f9f1000 	C:\Program Files\Android\Android Studio\jre\jre\bin\nio.dll
0x00007ffa27600000 - 0x00007ffa2761e000 	C:\Users\Rozz\.gradle\native\23\windows-amd64\native-platform.dll
0x00007ffa34f90000 - 0x00007ffa34fa7000 	C:\WINDOWS\SYSTEM32\CRYPTSP.dll
0x00007ffa349d0000 - 0x00007ffa34a03000 	C:\WINDOWS\system32\rsaenh.dll
0x00007ffa35090000 - 0x00007ffa350b5000 	C:\WINDOWS\SYSTEM32\bcrypt.dll
0x00007ffa35430000 - 0x00007ffa35459000 	C:\WINDOWS\SYSTEM32\USERENV.dll
0x00007ffa34f80000 - 0x00007ffa34f8b000 	C:\WINDOWS\SYSTEM32\CRYPTBASE.dll
0x00007ffa34b50000 - 0x00007ffa34b89000 	C:\WINDOWS\SYSTEM32\IPHLPAPI.DLL
0x00007ffa38120000 - 0x00007ffa38128000 	C:\WINDOWS\System32\NSI.dll
0x00007ffa2c850000 - 0x00007ffa2c866000 	C:\WINDOWS\SYSTEM32\dhcpcsvc6.DLL
0x00007ffa2c900000 - 0x00007ffa2c91a000 	C:\WINDOWS\SYSTEM32\dhcpcsvc.DLL
0x00007ffa2feb0000 - 0x00007ffa2febd000 	C:\Program Files\Android\Android Studio\jre\jre\bin\management.dll
0x00007ffa276e0000 - 0x00007ffa27704000 	C:\Program Files\Android\Android Studio\jre\jre\bin\sunec.dll
0x00007ffa2c410000 - 0x00007ffa2c41b000 	C:\Program Files\Android\Android Studio\jre\jre\bin\sunmscapi.dll
0x00007ffa35900000 - 0x00007ffa35ace000 	C:\WINDOWS\System32\CRYPT32.dll
0x00007ffa355c0000 - 0x00007ffa355d2000 	C:\WINDOWS\System32\MSASN1.dll

VM Arguments:
jvm_args: -Xmx1536m -Dfile.encoding=windows-1252 -Duser.country=PH -Duser.language=en -Duser.variant 
java_command: org.gradle.launcher.daemon.bootstrap.GradleDaemon 3.3
java_class_path (initial): C:\Users\Rozz\.gradle\wrapper\dists\gradle-3.3-all\55gk2rcmfc6p2dg9u9ohc3hw9\gradle-3.3\lib\gradle-launcher-3.3.jar
Launcher Type: SUN_STANDARD

Environment Variables:
JAVA_HOME=C:\Program Files (x86)\SAP\SAP Business One ServerTools\Common\sapjvm_8
CLASSPATH=C:\Program Files (x86)\SAP\SAP Business One DI API\JCO\LIB\sbowrapper.jar;C:\Program Files (x86)\SAP\SAP Business One DI API\JCO\LIB\sboapi.jar
PATH=C:\ProgramData\Oracle\Java\javapath;C:\Program Files (x86)\Intel\iCLS Client\;C:\Program Files\Intel\iCLS Client\;C:\Windows\system32;C:\Windows;C:\Windows\System32\Wbem;C:\Windows\System32\WindowsPowerShell\v1.0\;C:\Program Files (x86)\Intel\Intel(R) Management Engine Components\DAL;C:\Program Files\Intel\Intel(R) Management Engine Components\DAL;C:\Program Files (x86)\Intel\Intel(R) Management Engine Components\IPT;C:\Program Files\Intel\Intel(R) Management Engine Components\IPT;C:\Program Files (x86)\NVIDIA Corporation\PhysX\Common;C:\Program Files\dotnet\;C:\WINDOWS\system32\config\systemprofile\.dnx\bin;C:\Program Files\Microsoft DNX\Dnvm\;C:\Program Files\Microsoft SQL Server\130\Tools\Binn\;C:\Program Files (x86)\Microsoft SQL Server\110\Tools\Binn\;C:\Program Files\Microsoft SQL Server\110\Tools\Binn\;C:\Program Files\Microsoft SQL Server\110\DTS\Binn\;c:\Program Files (x86)\Microsoft SQL Server\100\Tools\Binn\;c:\Program Files\Microsoft SQL Server\100\Tools\Binn\;c:\Program Files\Microsoft SQL Server\100\DTS\Binn\;C:\Program Files (x86)\SAP\SAP Business One DI API\JCO\LIB\;C:\Program Files (x86)\SAP\SAP Business One DI API\DI API 90;C:\Program Files (x86)\SAP\SAP Business One\;C:\Program Files (x86)\Microsoft SQL Server\110\Tools\Binn\ManagementStudio\;C:\Program Files (x86)\Microsoft SQL Server\110\DTS\Binn\;C:\Program Files (x86)\SAP\SAP Business One ServerTools\Common\sapjvm_8\jre\bin;C:\Program Files (x86)\SAP\SAP Business One ServerTools\Common\tomcat\bin;C:\Program Files (x86)\SAP\SAP Business One ServerTools\Common\sapjvm_8\jre\bin\server;C:\WINDOWS\system32;C:\WINDOWS;C:\WINDOWS\System32\Wbem;C:\WINDOWS\System32\WindowsPowerShell\v1.0\;C:\Program Files\Git\cmd;C:\Users\Rozz\AppData\Local\Microsoft\WindowsApps;
USERNAME=Rozz
OS=Windows_NT
PROCESSOR_IDENTIFIER=Intel64 Family 6 Model 142 Stepping 9, GenuineIntel



---------------  S Y S T E M  ---------------

OS: Windows 10.0 , 64 bit Build 16299 (10.0.16299.15)

CPU:total 4 (2 cores per cpu, 2 threads per core) family 6 model 142 stepping 9, cmov, cx8, fxsr, mmx, sse, sse2, sse3, ssse3, sse4.1, sse4.2, popcnt, avx, avx2, aes, clmul, erms, 3dnowpref, lzcnt, ht, tsc, tscinvbit, bmi1, bmi2, adx

Memory: 4k page, physical 4059364k(292304k free), swap 8253668k(13208k free)

vm_info: OpenJDK 64-Bit Server VM (25.112-b06) for windows-amd64 JRE (1.8.0_112-release-b06), built on Dec  8 2016 00:54:26 by "builder" with MS VC++ 10.0 (VS2010)

time: Fri Feb 23 16:08:44 2018
elapsed time: 2770 seconds (0d 0h 46m 10s)

