#
# There is insufficient memory for the Java Runtime Environment to continue.
# Native memory allocation (malloc) failed to allocate 1412496 bytes for Chunk::new
# Possible reasons:
#   The system is out of physical RAM or swap space
#   In 32 bit mode, the process size limit was hit
# Possible solutions:
#   Reduce memory load on the system
#   Increase physical memory or swap space
#   Check if swap backing store is full
#   Use 64 bit Java on a 64 bit OS
#   Decrease Java heap size (-Xmx/-Xms)
#   Decrease number of Java threads
#   Decrease Java thread stack sizes (-Xss)
#   Set larger code cache with -XX:ReservedCodeCacheSize=
# This output file may be truncated or incomplete.
#
#  Out of Memory Error (allocation.cpp:390), pid=7420, tid=0x0000000000001838
#
# JRE version: OpenJDK Runtime Environment (8.0_152-b02) (build 1.8.0_152-release-1024-b02)
# Java VM: OpenJDK 64-Bit Server VM (25.152-b02 mixed mode windows-amd64 compressed oops)
# Failed to write core dump. Minidumps are not enabled by default on client versions of Windows
#

---------------  T H R E A D  ---------------

Current thread (0x0000000015feb000):  JavaThread "C2 CompilerThread0" daemon [_thread_in_native, id=6200, stack(0x0000000017630000,0x0000000017730000)]

Stack: [0x0000000017630000,0x0000000017730000]
[error occurred during error reporting (printing stack bounds), id 0xc0000005]

Native frames: (J=compiled Java code, j=interpreted, Vv=VM code, C=native code)


Current CompileTask:
C2:  29005 5040       4       java.net.URLClassLoader$1::run (5 bytes)


---------------  P R O C E S S  ---------------

Java Threads: ( => current thread )
  0x000000001ac60800 JavaThread "Memory manager" [_thread_blocked, id=11244, stack(0x00000000216c0000,0x00000000217c0000)]
  0x000000001ac5a000 JavaThread "pool-1-thread-1" [_thread_blocked, id=11300, stack(0x000000001ff10000,0x0000000020010000)]
  0x000000001ac5f000 JavaThread "build operations Thread 4" [_thread_blocked, id=4484, stack(0x000000001fe10000,0x000000001ff10000)]
  0x000000001ac5e800 JavaThread "build operations Thread 3" [_thread_blocked, id=212, stack(0x000000001fd10000,0x000000001fe10000)]
  0x000000001ac5d800 JavaThread "build operations Thread 2" [_thread_blocked, id=7552, stack(0x000000001fc10000,0x000000001fd10000)]
  0x000000001ac5c000 JavaThread "build operations" [_thread_blocked, id=3444, stack(0x000000001fb10000,0x000000001fc10000)]
  0x000000001ac5a800 JavaThread "Cache worker for Artifact transforms cache (C:\Users\Rozz\.gradle\caches\transforms-1)" [_thread_blocked, id=5952, stack(0x000000001f480000,0x000000001f580000)]
  0x00000000196e4000 JavaThread "Cache worker for file hash cache (C:\PERALTA BACKUPS\PrestigeMobileAppUpdatedWed28-6-18-1258AM\MMReport\.gradle\4.4\fileHashes)" [_thread_blocked, id=6884, stack(0x000000001bb50000,0x000000001bc50000)]
  0x0000000019114800 JavaThread "File lock request listener" [_thread_in_native, id=11592, stack(0x000000001ba50000,0x000000001bb50000)]
  0x0000000019021000 JavaThread "Cache worker for file hash cache (C:\Users\Rozz\.gradle\caches\4.4\fileHashes)" [_thread_blocked, id=2588, stack(0x000000001a980000,0x000000001aa80000)]
  0x0000000019113800 JavaThread "Stdin handler" [_thread_blocked, id=2516, stack(0x000000001a680000,0x000000001a780000)]
  0x0000000019111000 JavaThread "Asynchronous log dispatcher for DefaultDaemonConnection: socket connection from /127.0.0.1:6095 to /127.0.0.1:6096" [_thread_blocked, id=4000, stack(0x000000001a580000,0x000000001a680000)]
  0x000000001910f800 JavaThread "Daemon worker" [_thread_in_native, id=10700, stack(0x000000001a480000,0x000000001a580000)]
  0x0000000019118000 JavaThread "Cancel handler" [_thread_blocked, id=11856, stack(0x000000001a380000,0x000000001a480000)]
  0x00000000190db000 JavaThread "Handler for socket connection from /127.0.0.1:6095 to /127.0.0.1:6096" [_thread_in_native, id=9828, stack(0x000000001a080000,0x000000001a180000)]
  0x0000000019084800 JavaThread "Daemon" [_thread_blocked, id=2220, stack(0x0000000019f80000,0x000000001a080000)]
  0x0000000018dd5000 JavaThread "Daemon periodic checks" [_thread_blocked, id=7892, stack(0x0000000019e80000,0x0000000019f80000)]
  0x0000000018dc7000 JavaThread "Incoming local TCP Connector on port 6095" [_thread_in_native, id=1488, stack(0x0000000019c40000,0x0000000019d40000)]
  0x0000000017950800 JavaThread "Service Thread" daemon [_thread_blocked, id=4304, stack(0x0000000017d30000,0x0000000017e30000)]
  0x0000000015ff3800 JavaThread "C1 CompilerThread2" daemon [_thread_blocked, id=11572, stack(0x0000000017830000,0x0000000017930000)]
  0x0000000015fed800 JavaThread "C2 CompilerThread1" daemon [_thread_in_native, id=11288, stack(0x0000000017730000,0x0000000017830000)]
=>0x0000000015feb000 JavaThread "C2 CompilerThread0" daemon [_thread_in_native, id=6200, stack(0x0000000017630000,0x0000000017730000)]
  0x0000000015ff8800 JavaThread "Attach Listener" daemon [_thread_blocked, id=2948, stack(0x0000000017530000,0x0000000017630000)]
  0x0000000015ff7800 JavaThread "Signal Dispatcher" daemon [_thread_blocked, id=5748, stack(0x0000000017430000,0x0000000017530000)]
  0x000000000259d800 JavaThread "Finalizer" daemon [_thread_blocked, id=5880, stack(0x0000000017240000,0x0000000017340000)]
  0x0000000002594800 JavaThread "Reference Handler" daemon [_thread_blocked, id=10512, stack(0x0000000017140000,0x0000000017240000)]
  0x00000000024a2800 JavaThread "main" [_thread_blocked, id=2984, stack(0x0000000002300000,0x0000000002400000)]

Other Threads:
  0x0000000015fb5000 VMThread [stack: 0x0000000017040000,0x0000000017140000] [id=9860]
  0x000000001604c800 WatcherThread [stack: 0x0000000017e30000,0x0000000017f30000] [id=12148]

VM state:not at safepoint (normal execution)

VM Mutex/Monitor currently owned by a thread: None

Heap:
 PSYoungGen      total 134656K, used 94647K [0x00000000e0000000, 0x00000000e8f00000, 0x0000000100000000)
  eden space 122880K, 67% used [0x00000000e0000000,0x00000000e50ee4a0,0x00000000e7800000)
  from space 11776K, 99% used [0x00000000e8380000,0x00000000e8eff960,0x00000000e8f00000)
  to   space 8704K, 0% used [0x00000000e7800000,0x00000000e7800000,0x00000000e8080000)
 ParOldGen       total 58368K, used 21055K [0x00000000a0000000, 0x00000000a3900000, 0x00000000e0000000)
  object space 58368K, 36% used [0x00000000a0000000,0x00000000a148ff50,0x00000000a3900000)
 Metaspace       used 48879K, capacity 50126K, committed 50264K, reserved 1093632K
  class space    used 6617K, capacity 6952K, committed 7040K, reserved 1048576K

Card table byte_map: [0x0000000011a40000,0x0000000011d50000] byte_map_base: 0x0000000011540000

Marking Bits: (ParMarkBitMap*) 0x0000000065614970
 Begin Bits: [0x0000000012350000, 0x0000000013b50000)
 End Bits:   [0x0000000013b50000, 0x0000000015350000)

Polling page: 0x0000000000600000

CodeCache: size=245760Kb used=16737Kb max_used=16737Kb free=229022Kb
 bounds [0x0000000002680000, 0x00000000036f0000, 0x0000000011680000]
 total_blobs=5468 nmethods=4722 adapters=658
 compilation: enabled

Compilation events (10 events):
Event: 28.887 Thread 0x0000000015ff3800 5087       3       org.gradle.api.internal.project.taskfactory.TaskPropertyInfo::compareTo (12 bytes)
Event: 28.887 Thread 0x0000000015ff3800 nmethod 5087 0x00000000036e01d0 code [0x00000000036e0340, 0x00000000036e0588]
Event: 28.887 Thread 0x0000000015ff3800 5088       3       org.gradle.api.internal.file.CompositeFileCollection::<init> (5 bytes)
Event: 28.887 Thread 0x0000000015ff3800 nmethod 5088 0x00000000036e0690 code [0x00000000036e0800, 0x00000000036e0a10]
Event: 28.966 Thread 0x0000000015ff3800 5089       3       com.sun.org.apache.xerces.internal.impl.XMLEntityScanner::peekChar (63 bytes)
Event: 28.967 Thread 0x0000000015ff3800 nmethod 5089 0x00000000036e0b10 code [0x00000000036e0c80, 0x00000000036e0fc8]
Event: 28.967 Thread 0x0000000015ff3800 5090 %     3       com.sun.org.apache.xerces.internal.impl.XMLEntityScanner::scanContent @ 424 (690 bytes)
Event: 28.970 Thread 0x0000000015ff3800 nmethod 5090% 0x00000000036e1110 code [0x00000000036e13c0, 0x00000000036e28a8]
Event: 28.970 Thread 0x0000000015ff3800 5091       3       com.sun.org.apache.xerces.internal.impl.XMLEntityScanner::checkBeforeLoad (140 bytes)
Event: 28.970 Thread 0x0000000015ff3800 nmethod 5091 0x00000000036e3410 code [0x00000000036e35c0, 0x00000000036e3af8]

GC Heap History (10 events):
Event: 4.710 GC heap before
{Heap before GC invocations=8 (full 1):
 PSYoungGen      total 70144K, used 6215K [0x00000000e0000000, 0x00000000e8a00000, 0x0000000100000000)
  eden space 62464K, 0% used [0x00000000e0000000,0x00000000e0000000,0x00000000e3d00000)
  from space 7680K, 80% used [0x00000000e3d00000,0x00000000e4311d98,0x00000000e4480000)
  to   space 8192K, 0% used [0x00000000e8200000,0x00000000e8200000,0x00000000e8a00000)
 ParOldGen       total 42496K, used 7352K [0x00000000a0000000, 0x00000000a2980000, 0x00000000e0000000)
  object space 42496K, 17% used [0x00000000a0000000,0x00000000a072e160,0x00000000a2980000)
 Metaspace       used 20849K, capacity 21178K, committed 21248K, reserved 1067008K
  class space    used 2908K, capacity 3049K, committed 3072K, reserved 1048576K
Event: 4.765 GC heap after
Heap after GC invocations=8 (full 1):
 PSYoungGen      total 70144K, used 0K [0x00000000e0000000, 0x00000000e8a00000, 0x0000000100000000)
  eden space 62464K, 0% used [0x00000000e0000000,0x00000000e0000000,0x00000000e3d00000)
  from space 7680K, 0% used [0x00000000e3d00000,0x00000000e3d00000,0x00000000e4480000)
  to   space 8192K, 0% used [0x00000000e8200000,0x00000000e8200000,0x00000000e8a00000)
 ParOldGen       total 34816K, used 8455K [0x00000000a0000000, 0x00000000a2200000, 0x00000000e0000000)
  object space 34816K, 24% used [0x00000000a0000000,0x00000000a0841f80,0x00000000a2200000)
 Metaspace       used 20849K, capacity 21178K, committed 21248K, reserved 1067008K
  class space    used 2908K, capacity 3049K, committed 3072K, reserved 1048576K
}
Event: 7.910 GC heap before
{Heap before GC invocations=9 (full 1):
 PSYoungGen      total 70144K, used 62464K [0x00000000e0000000, 0x00000000e8a00000, 0x0000000100000000)
  eden space 62464K, 100% used [0x00000000e0000000,0x00000000e3d00000,0x00000000e3d00000)
  from space 7680K, 0% used [0x00000000e3d00000,0x00000000e3d00000,0x00000000e4480000)
  to   space 8192K, 0% used [0x00000000e8200000,0x00000000e8200000,0x00000000e8a00000)
 ParOldGen       total 34816K, used 8455K [0x00000000a0000000, 0x00000000a2200000, 0x00000000e0000000)
  object space 34816K, 24% used [0x00000000a0000000,0x00000000a0841f80,0x00000000a2200000)
 Metaspace       used 26258K, capacity 26618K, committed 26880K, reserved 1073152K
  class space    used 3618K, capacity 3744K, committed 3840K, reserved 1048576K
Event: 7.922 GC heap after
Heap after GC invocations=9 (full 1):
 PSYoungGen      total 102912K, used 6749K [0x00000000e0000000, 0x00000000e8900000, 0x0000000100000000)
  eden space 95744K, 0% used [0x00000000e0000000,0x00000000e0000000,0x00000000e5d80000)
  from space 7168K, 94% used [0x00000000e8200000,0x00000000e8897700,0x00000000e8900000)
  to   space 8704K, 0% used [0x00000000e7800000,0x00000000e7800000,0x00000000e8080000)
 ParOldGen       total 34816K, used 8463K [0x00000000a0000000, 0x00000000a2200000, 0x00000000e0000000)
  object space 34816K, 24% used [0x00000000a0000000,0x00000000a0843f80,0x00000000a2200000)
 Metaspace       used 26258K, capacity 26618K, committed 26880K, reserved 1073152K
  class space    used 3618K, capacity 3744K, committed 3840K, reserved 1048576K
}
Event: 16.228 GC heap before
{Heap before GC invocations=10 (full 1):
 PSYoungGen      total 102912K, used 97707K [0x00000000e0000000, 0x00000000e8900000, 0x0000000100000000)
  eden space 95744K, 95% used [0x00000000e0000000,0x00000000e58d35d0,0x00000000e5d80000)
  from space 7168K, 94% used [0x00000000e8200000,0x00000000e8897700,0x00000000e8900000)
  to   space 8704K, 0% used [0x00000000e7800000,0x00000000e7800000,0x00000000e8080000)
 ParOldGen       total 34816K, used 8463K [0x00000000a0000000, 0x00000000a2200000, 0x00000000e0000000)
  object space 34816K, 24% used [0x00000000a0000000,0x00000000a0843f80,0x00000000a2200000)
 Metaspace       used 34829K, capacity 35334K, committed 35416K, reserved 1079296K
  class space    used 4776K, capacity 4951K, committed 4992K, reserved 1048576K
Event: 16.244 GC heap after
Heap after GC invocations=10 (full 1):
 PSYoungGen      total 131584K, used 8676K [0x00000000e0000000, 0x00000000e8f00000, 0x0000000100000000)
  eden space 122880K, 0% used [0x00000000e0000000,0x00000000e0000000,0x00000000e7800000)
  from space 8704K, 99% used [0x00000000e7800000,0x00000000e80790b0,0x00000000e8080000)
  to   space 11776K, 0% used [0x00000000e8380000,0x00000000e8380000,0x00000000e8f00000)
 ParOldGen       total 34816K, used 12777K [0x00000000a0000000, 0x00000000a2200000, 0x00000000e0000000)
  object space 34816K, 36% used [0x00000000a0000000,0x00000000a0c7a718,0x00000000a2200000)
 Metaspace       used 34829K, capacity 35334K, committed 35416K, reserved 1079296K
  class space    used 4776K, capacity 4951K, committed 4992K, reserved 1048576K
}
Event: 16.244 GC heap before
{Heap before GC invocations=11 (full 2):
 PSYoungGen      total 131584K, used 8676K [0x00000000e0000000, 0x00000000e8f00000, 0x0000000100000000)
  eden space 122880K, 0% used [0x00000000e0000000,0x00000000e0000000,0x00000000e7800000)
  from space 8704K, 99% used [0x00000000e7800000,0x00000000e80790b0,0x00000000e8080000)
  to   space 11776K, 0% used [0x00000000e8380000,0x00000000e8380000,0x00000000e8f00000)
 ParOldGen       total 34816K, used 12777K [0x00000000a0000000, 0x00000000a2200000, 0x00000000e0000000)
  object space 34816K, 36% used [0x00000000a0000000,0x00000000a0c7a718,0x00000000a2200000)
 Metaspace       used 34829K, capacity 35334K, committed 35416K, reserved 1079296K
  class space    used 4776K, capacity 4951K, committed 4992K, reserved 1048576K
Event: 16.317 GC heap after
Heap after GC invocations=11 (full 2):
 PSYoungGen      total 131584K, used 0K [0x00000000e0000000, 0x00000000e8f00000, 0x0000000100000000)
  eden space 122880K, 0% used [0x00000000e0000000,0x00000000e0000000,0x00000000e7800000)
  from space 8704K, 0% used [0x00000000e7800000,0x00000000e7800000,0x00000000e8080000)
  to   space 11776K, 0% used [0x00000000e8380000,0x00000000e8380000,0x00000000e8f00000)
 ParOldGen       total 58368K, used 19596K [0x00000000a0000000, 0x00000000a3900000, 0x00000000e0000000)
  object space 58368K, 33% used [0x00000000a0000000,0x00000000a13230e0,0x00000000a3900000)
 Metaspace       used 34829K, capacity 35334K, committed 35416K, reserved 1079296K
  class space    used 4776K, capacity 4951K, committed 4992K, reserved 1048576K
}
Event: 24.525 GC heap before
{Heap before GC invocations=12 (full 2):
 PSYoungGen      total 131584K, used 122880K [0x00000000e0000000, 0x00000000e8f00000, 0x0000000100000000)
  eden space 122880K, 100% used [0x00000000e0000000,0x00000000e7800000,0x00000000e7800000)
  from space 8704K, 0% used [0x00000000e7800000,0x00000000e7800000,0x00000000e8080000)
  to   space 11776K, 0% used [0x00000000e8380000,0x00000000e8380000,0x00000000e8f00000)
 ParOldGen       total 58368K, used 19596K [0x00000000a0000000, 0x00000000a3900000, 0x00000000e0000000)
  object space 58368K, 33% used [0x00000000a0000000,0x00000000a13230e0,0x00000000a3900000)
 Metaspace       used 42367K, capacity 43166K, committed 43480K, reserved 1087488K
  class space    used 5828K, capacity 6058K, committed 6144K, reserved 1048576K
Event: 24.543 GC heap after
Heap after GC invocations=12 (full 2):
 PSYoungGen      total 134656K, used 11774K [0x00000000e0000000, 0x00000000e8f00000, 0x0000000100000000)
  eden space 122880K, 0% used [0x00000000e0000000,0x00000000e0000000,0x00000000e7800000)
  from space 11776K, 99% used [0x00000000e8380000,0x00000000e8eff960,0x00000000e8f00000)
  to   space 8704K, 0% used [0x00000000e7800000,0x00000000e7800000,0x00000000e8080000)
 ParOldGen       total 58368K, used 21055K [0x00000000a0000000, 0x00000000a3900000, 0x00000000e0000000)
  object space 58368K, 36% used [0x00000000a0000000,0x00000000a148ff50,0x00000000a3900000)
 Metaspace       used 42367K, capacity 43166K, committed 43480K, reserved 1087488K
  class space    used 5828K, capacity 6058K, committed 6144K, reserved 1048576K
}

Deoptimization events (10 events):
Event: 24.765 Thread 0x000000001910f800 Uncommon trap: reason=unstable_if action=reinterpret pc=0x00000000033e56dc method=java.io.DataInputStream.readUTF(Ljava/io/DataInput;)Ljava/lang/String; @ 31
Event: 25.443 Thread 0x000000001910f800 Uncommon trap: reason=unstable_if action=reinterpret pc=0x000000000324be08 method=java.util.regex.Pattern$BmpCharProperty.match(Ljava/util/regex/Matcher;ILjava/lang/CharSequence;)Z @ 34
Event: 25.443 Thread 0x000000001910f800 Uncommon trap: reason=unstable_if action=reinterpret pc=0x0000000002e68ce8 method=java.util.regex.Pattern$BmpCharProperty.match(Ljava/util/regex/Matcher;ILjava/lang/CharSequence;)Z @ 34
Event: 28.491 Thread 0x000000001910f800 Uncommon trap: reason=unstable_if action=reinterpret pc=0x0000000002ed378c method=org.objectweb.asm.ByteVector.putUTF8(Ljava/lang/String;)Lorg/objectweb/asm/ByteVector; @ 91
Event: 28.554 Thread 0x000000001910f800 Uncommon trap: reason=unstable_if action=reinterpret pc=0x0000000002e5d1f4 method=java.lang.String.lastIndexOf([CII[CIII)I @ 118
Event: 28.573 Thread 0x000000001910f800 Uncommon trap: reason=unstable_if action=reinterpret pc=0x0000000002796b70 method=org.objectweb.asm.ByteVector.putUTF8(Ljava/lang/String;)Lorg/objectweb/asm/ByteVector; @ 91
Event: 28.966 Thread 0x000000001910f800 Uncommon trap: reason=unstable_if action=reinterpret pc=0x00000000034e2828 method=java.util.regex.Pattern$GroupTail.match(Ljava/util/regex/Matcher;ILjava/lang/CharSequence;)Z @ 73
Event: 28.966 Thread 0x000000001910f800 Uncommon trap: reason=unstable_if action=reinterpret pc=0x000000000358022c method=com.sun.org.apache.xerces.internal.impl.XMLEntityScanner.peekChar()I @ 51
Event: 28.966 Thread 0x000000001910f800 Uncommon trap: reason=unstable_if action=reinterpret pc=0x00000000034e3d34 method=com.sun.org.apache.xerces.internal.impl.XMLEntityScanner.scanContent(Lcom/sun/org/apache/xerces/internal/xni/XMLString;)I @ 127
Event: 28.967 Thread 0x000000001910f800 Uncommon trap: reason=unstable_if action=reinterpret pc=0x00000000034569b4 method=com.sun.org.apache.xerces.internal.impl.XMLEntityScanner.checkBeforeLoad(Lcom/sun/xml/internal/stream/Entity$ScannedEntity;II)I @ 18

Classes redefined (0 events):
No events

Internal exceptions (10 events):
Event: 26.284 Thread 0x000000001910f800 Exception <a 'sun/nio/fs/WindowsException'> (0x00000000e3718370) thrown at [D:\src\AOSP-openjdk-cygwin\jdk8u\hotspot\src\share\vm\prims\jni.cpp, line 709]
Event: 26.284 Thread 0x000000001910f800 Exception <a 'sun/nio/fs/WindowsException'> (0x00000000e37190c0) thrown at [D:\src\AOSP-openjdk-cygwin\jdk8u\hotspot\src\share\vm\prims\jni.cpp, line 709]
Event: 26.284 Thread 0x000000001910f800 Exception <a 'sun/nio/fs/WindowsException'> (0x00000000e371b218) thrown at [D:\src\AOSP-openjdk-cygwin\jdk8u\hotspot\src\share\vm\prims\jni.cpp, line 709]
Event: 26.284 Thread 0x000000001910f800 Exception <a 'sun/nio/fs/WindowsException'> (0x00000000e371bfa8) thrown at [D:\src\AOSP-openjdk-cygwin\jdk8u\hotspot\src\share\vm\prims\jni.cpp, line 709]
Event: 26.331 Thread 0x000000001910f800 Exception <a 'java/lang/NoSuchMethodError': java.lang.Object.lambda$comparing$77a9974f$1(Ljava/util/function/Function;Ljava/lang/Object;Ljava/lang/Object;)I> (0x00000000e37a5a78) thrown at [D:\src\AOSP-openjdk-cygwin\jdk8u\hotspot\src\share\vm\interpreter
Event: 26.333 Thread 0x000000001910f800 Exception <a 'java/lang/NoSuchMethodError': java.lang.Object.lambda$thenComparing$36697e65$1(Ljava/util/Comparator;Ljava/lang/Object;Ljava/lang/Object;)I> (0x00000000e37b12e0) thrown at [D:\src\AOSP-openjdk-cygwin\jdk8u\hotspot\src\share\vm\interpreter\li
Event: 26.439 Thread 0x000000001910f800 Exception <a 'java/lang/NoSuchMethodError': java.lang.Object.lambda$maxBy$1(Ljava/util/Comparator;Ljava/lang/Object;Ljava/lang/Object;)Ljava/lang/Object;> (0x00000000e3905820) thrown at [D:\src\AOSP-openjdk-cygwin\jdk8u\hotspot\src\share\vm\interpreter\li
Event: 28.110 Thread 0x000000001910f800 Exception <a 'sun/nio/fs/WindowsException'> (0x00000000e3a47788) thrown at [D:\src\AOSP-openjdk-cygwin\jdk8u\hotspot\src\share\vm\prims\jni.cpp, line 709]
Event: 28.372 Thread 0x000000001910f800 Exception <a 'java/lang/ClassNotFoundException': org/gradle/api/plugins/BasePluginConventionBeanInfo> (0x00000000e404a230) thrown at [D:\src\AOSP-openjdk-cygwin\jdk8u\hotspot\src\share\vm\classfile\systemDictionary.cpp, line 210]
Event: 28.372 Thread 0x000000001910f800 Exception <a 'java/lang/ClassNotFoundException': org/gradle/api/plugins/BasePluginConventionCustomizer> (0x00000000e406c960) thrown at [D:\src\AOSP-openjdk-cygwin\jdk8u\hotspot\src\share\vm\classfile\systemDictionary.cpp, line 210]

Events (10 events):
Event: 28.966 Thread 0x000000001910f800 DEOPT PACKING pc=0x000000000358022c sp=0x000000001a57af70
Event: 28.966 Thread 0x000000001910f800 DEOPT UNPACKING pc=0x00000000026c557b sp=0x000000001a57af00 mode 2
Event: 28.966 Thread 0x000000001910f800 Uncommon trap: trap_request=0xffffff65 fr.pc=0x00000000034e3d34
Event: 28.966 Thread 0x000000001910f800 DEOPT PACKING pc=0x00000000034e3d34 sp=0x000000001a57af30
Event: 28.966 Thread 0x000000001910f800 DEOPT UNPACKING pc=0x00000000026c557b sp=0x000000001a57aed8 mode 2
Event: 28.967 Thread 0x000000001910f800 Uncommon trap: trap_request=0xffffff65 fr.pc=0x00000000034569b4
Event: 28.967 Thread 0x000000001910f800 DEOPT PACKING pc=0x00000000034569b4 sp=0x000000001a57ac10
Event: 28.967 Thread 0x000000001910f800 DEOPT UNPACKING pc=0x00000000026c557b sp=0x000000001a57ab88 mode 2
Event: 28.970 loading class com/android/build/gradle/internal/res/LinkAndroidResForBundleTask$ConfigAction
Event: 28.970 loading class com/android/build/gradle/internal/res/LinkAndroidResForBundleTask$ConfigAction done


Dynamic libraries:
0x00007ff63e3a0000 - 0x00007ff63e3d1000 	C:\Program Files\Android\Android Studio\jre\bin\java.exe
0x00007ffa0c010000 - 0x00007ffa0c1f1000 	C:\WINDOWS\SYSTEM32\ntdll.dll
0x00007ffa099c0000 - 0x00007ffa09a72000 	C:\WINDOWS\System32\KERNEL32.DLL
0x00007ffa08430000 - 0x00007ffa086a3000 	C:\WINDOWS\System32\KERNELBASE.dll
0x00007ffa0bc00000 - 0x00007ffa0bca1000 	C:\WINDOWS\System32\ADVAPI32.dll
0x00007ffa0ba30000 - 0x00007ffa0bace000 	C:\WINDOWS\System32\msvcrt.dll
0x00007ffa09890000 - 0x00007ffa098eb000 	C:\WINDOWS\System32\sechost.dll
0x00007ffa0bad0000 - 0x00007ffa0bbf4000 	C:\WINDOWS\System32\RPCRT4.dll
0x00007ffa0a460000 - 0x00007ffa0a5f0000 	C:\WINDOWS\System32\USER32.dll
0x00007ffa086b0000 - 0x00007ffa086d0000 	C:\WINDOWS\System32\win32u.dll
0x00007ffa09a80000 - 0x00007ffa09aa8000 	C:\WINDOWS\System32\GDI32.dll
0x00007ffa088f0000 - 0x00007ffa08a82000 	C:\WINDOWS\System32\gdi32full.dll
0x00007ffa08850000 - 0x00007ffa088ef000 	C:\WINDOWS\System32\msvcp_win.dll
0x00007ffa086d0000 - 0x00007ffa087ca000 	C:\WINDOWS\System32\ucrtbase.dll
0x00007ff9f5ad0000 - 0x00007ff9f5d39000 	C:\WINDOWS\WinSxS\amd64_microsoft.windows.common-controls_6595b64144ccf1df_6.0.17134.345_none_fb429a5930656358\COMCTL32.dll
0x00007ffa0bcb0000 - 0x00007ffa0bfd3000 	C:\WINDOWS\System32\combase.dll
0x00007ffa087d0000 - 0x00007ffa0884a000 	C:\WINDOWS\System32\bcryptPrimitives.dll
0x00007ffa09b40000 - 0x00007ffa09b6d000 	C:\WINDOWS\System32\IMM32.DLL
0x0000000066f40000 - 0x0000000067012000 	C:\Program Files\Android\Android Studio\jre\jre\bin\msvcr100.dll
0x0000000064e50000 - 0x000000006568f000 	C:\Program Files\Android\Android Studio\jre\jre\bin\server\jvm.dll
0x00007ffa09690000 - 0x00007ffa09698000 	C:\WINDOWS\System32\PSAPI.DLL
0x00007ff9f9100000 - 0x00007ff9f9109000 	C:\WINDOWS\SYSTEM32\WSOCK32.dll
0x00007ffa06620000 - 0x00007ffa06643000 	C:\WINDOWS\SYSTEM32\WINMM.dll
0x00007ff9ff490000 - 0x00007ff9ff49a000 	C:\WINDOWS\SYSTEM32\VERSION.dll
0x00007ffa09ab0000 - 0x00007ffa09b1c000 	C:\WINDOWS\System32\WS2_32.dll
0x00007ffa065f0000 - 0x00007ffa0661a000 	C:\WINDOWS\SYSTEM32\winmmbase.dll
0x00007ffa083e0000 - 0x00007ffa08429000 	C:\WINDOWS\System32\cfgmgr32.dll
0x00007ff9f90f0000 - 0x00007ff9f90ff000 	C:\Program Files\Android\Android Studio\jre\jre\bin\verify.dll
0x00007ff9eee90000 - 0x00007ff9eeeb9000 	C:\Program Files\Android\Android Studio\jre\jre\bin\java.dll
0x00007ff9f90d0000 - 0x00007ff9f90e6000 	C:\Program Files\Android\Android Studio\jre\jre\bin\zip.dll
0x00007ffa0a5f0000 - 0x00007ffa0ba2f000 	C:\WINDOWS\System32\SHELL32.dll
0x00007ffa09b70000 - 0x00007ffa09c19000 	C:\WINDOWS\System32\shcore.dll
0x00007ffa08d90000 - 0x00007ffa0949d000 	C:\WINDOWS\System32\windows.storage.dll
0x00007ffa09590000 - 0x00007ffa095e1000 	C:\WINDOWS\System32\shlwapi.dll
0x00007ffa083c0000 - 0x00007ffa083d1000 	C:\WINDOWS\System32\kernel.appcore.dll
0x00007ffa08330000 - 0x00007ffa0834f000 	C:\WINDOWS\System32\profapi.dll
0x00007ffa08350000 - 0x00007ffa0839c000 	C:\WINDOWS\System32\powrprof.dll
0x00007ffa08320000 - 0x00007ffa0832a000 	C:\WINDOWS\System32\FLTLIB.DLL
0x00007ff9ed890000 - 0x00007ff9ed8aa000 	C:\Program Files\Android\Android Studio\jre\jre\bin\net.dll
0x00007ffa07ba0000 - 0x00007ffa07c06000 	C:\WINDOWS\system32\mswsock.dll
0x00007ff9e5170000 - 0x00007ff9e5181000 	C:\Program Files\Android\Android Studio\jre\jre\bin\nio.dll
0x00007ffa066d0000 - 0x00007ffa066ee000 	C:\Users\Rozz\.gradle\native\25\windows-amd64\native-platform.dll
0x00007ff9eee80000 - 0x00007ff9eee8d000 	C:\Program Files\Android\Android Studio\jre\jre\bin\management.dll
0x00007ffa07d60000 - 0x00007ffa07d77000 	C:\WINDOWS\SYSTEM32\CRYPTSP.dll
0x00007ffa07780000 - 0x00007ffa077b3000 	C:\WINDOWS\system32\rsaenh.dll
0x00007ffa07e80000 - 0x00007ffa07ea5000 	C:\WINDOWS\SYSTEM32\bcrypt.dll
0x00007ffa08220000 - 0x00007ffa08248000 	C:\WINDOWS\SYSTEM32\USERENV.dll
0x00007ffa07d50000 - 0x00007ffa07d5b000 	C:\WINDOWS\SYSTEM32\CRYPTBASE.dll
0x00007ffa07920000 - 0x00007ffa07958000 	C:\WINDOWS\SYSTEM32\IPHLPAPI.DLL
0x00007ffa09c20000 - 0x00007ffa09c28000 	C:\WINDOWS\System32\NSI.dll
0x00007ff9ff7d0000 - 0x00007ff9ff7e6000 	C:\WINDOWS\SYSTEM32\dhcpcsvc6.DLL
0x00007ff9ff660000 - 0x00007ff9ff67a000 	C:\WINDOWS\SYSTEM32\dhcpcsvc.DLL

VM Arguments:
jvm_args: -Xmx1536m -Dfile.encoding=windows-1252 -Duser.country=PH -Duser.language=en -Duser.variant 
java_command: org.gradle.launcher.daemon.bootstrap.GradleDaemon 4.4
java_class_path (initial): C:\Users\Rozz\.gradle\wrapper\dists\gradle-4.4-all\9br9xq1tocpiv8o6njlyu5op1\gradle-4.4\lib\gradle-launcher-4.4.jar
Launcher Type: SUN_STANDARD

Environment Variables:
JAVA_HOME=C:\Program Files (x86)\SAP\SAP Business One ServerTools\Common\sapjvm_8
CLASSPATH=C:\Program Files (x86)\SAP\SAP Business One DI API\JCO\LIB\sbowrapper.jar;C:\Program Files (x86)\SAP\SAP Business One DI API\JCO\LIB\sboapi.jar
PATH=C:\ProgramData\Oracle\Java\javapath;C:\Program Files (x86)\Intel\iCLS Client\;C:\Program Files\Intel\iCLS Client\;C:\Windows\system32;C:\Windows;C:\Windows\System32\Wbem;C:\Windows\System32\WindowsPowerShell\v1.0\;C:\Program Files (x86)\Intel\Intel(R) Management Engine Components\DAL;C:\Program Files\Intel\Intel(R) Management Engine Components\DAL;C:\Program Files (x86)\Intel\Intel(R) Management Engine Components\IPT;C:\Program Files\Intel\Intel(R) Management Engine Components\IPT;C:\Program Files (x86)\NVIDIA Corporation\PhysX\Common;C:\Program Files\dotnet\;C:\WINDOWS\system32\config\systemprofile\.dnx\bin;C:\Program Files\Microsoft DNX\Dnvm\;C:\Program Files\Microsoft SQL Server\130\Tools\Binn\;C:\Program Files (x86)\Microsoft SQL Server\110\Tools\Binn\;C:\Program Files\Microsoft SQL Server\110\Tools\Binn\;C:\Program Files\Microsoft SQL Server\110\DTS\Binn\;c:\Program Files (x86)\Microsoft SQL Server\100\Tools\Binn\;c:\Program Files\Microsoft SQL Server\100\Tools\Binn\;c:\Program Files\Microsoft SQL Server\100\DTS\Binn\;C:\Program Files (x86)\SAP\SAP Business One DI API\JCO\LIB\;C:\Program Files (x86)\SAP\SAP Business One DI API\DI API 90;C:\Program Files (x86)\SAP\SAP Business One\;C:\Program Files (x86)\Microsoft SQL Server\110\Tools\Binn\ManagementStudio\;C:\Program Files (x86)\Microsoft SQL Server\110\DTS\Binn\;C:\Program Files (x86)\SAP\SAP Business One ServerTools\Common\sapjvm_8\jre\bin;C:\Program Files (x86)\SAP\SAP Business One ServerTools\Common\tomcat\bin;C:\Program Files (x86)\SAP\SAP Business One ServerTools\Common\sapjvm_8\jre\bin\server;C:\WINDOWS\system32;C:\WINDOWS;C:\WINDOWS\System32\Wbem;C:\WINDOWS\System32\WindowsPowerShell\v1.0\;C:\Program Files\Git\cmd;C:\WINDOWS\System32\OpenSSH\;C:\Users\Rozz\AppData\Local\Microsoft\WindowsApps;
USERNAME=Rozz
OS=Windows_NT
PROCESSOR_IDENTIFIER=Intel64 Family 6 Model 142 Stepping 9, GenuineIntel



---------------  S Y S T E M  ---------------

OS: Windows 10.0 , 64 bit Build 17134 (10.0.17134.1)

CPU:total 4 (initial active 4) (2 cores per cpu, 2 threads per core) family 6 model 142 stepping 9, cmov, cx8, fxsr, mmx, sse, sse2, sse3, ssse3, sse4.1, sse4.2, popcnt, avx, avx2, aes, clmul, erms, 3dnowpref, lzcnt, ht, tsc, tscinvbit, bmi1, bmi2, adx

Memory: 4k page, physical 4059364k(342872k free), swap 8253668k(6376k free)

vm_info: OpenJDK 64-Bit Server VM (25.152-b02) for windows-amd64 JRE (1.8.0_152-release-1024-b02), built by "builder" with MS VC++ 10.0 (VS2010)

time: Thu Nov 29 11:21:24 2018
elapsed time: 29 seconds (0d 0h 0m 29s)

