#
# There is insufficient memory for the Java Runtime Environment to continue.
# Native memory allocation (malloc) failed to allocate 1025456 bytes for Chunk::new
# Possible reasons:
#   The system is out of physical RAM or swap space
#   In 32 bit mode, the process size limit was hit
# Possible solutions:
#   Reduce memory load on the system
#   Increase physical memory or swap space
#   Check if swap backing store is full
#   Use 64 bit Java on a 64 bit OS
#   Decrease Java heap size (-Xmx/-Xms)
#   Decrease number of Java threads
#   Decrease Java thread stack sizes (-Xss)
#   Set larger code cache with -XX:ReservedCodeCacheSize=
# This output file may be truncated or incomplete.
#
#  Out of Memory Error (allocation.cpp:390), pid=3792, tid=0x0000000000001700
#
# JRE version: OpenJDK Runtime Environment (8.0_152-b01) (build 1.8.0_152-release-915-b01)
# Java VM: OpenJDK 64-Bit Server VM (25.152-b01 mixed mode windows-amd64 compressed oops)
# Failed to write core dump. Minidumps are not enabled by default on client versions of Windows
#

---------------  T H R E A D  ---------------

Current thread (0x0000000018502000):  JavaThread "C2 CompilerThread1" daemon [_thread_in_native, id=5888, stack(0x0000000019d40000,0x0000000019e40000)]

Stack: [0x0000000019d40000,0x0000000019e40000]
[error occurred during error reporting (printing stack bounds), id 0xc0000005]

Native frames: (J=compiled Java code, j=interpreted, Vv=VM code, C=native code)


Current CompileTask:
C2: 151081 11184       4       com.android.dx.dex.file.DebugInfoEncoder::emitPosition (214 bytes)


---------------  P R O C E S S  ---------------

Java Threads: ( => current thread )
  0x000000001b926000 JavaThread "Run command 'C:\sdk\build-tools\26.0.1\aapt.exe'" [_thread_in_native, id=13284, stack(0x0000000025100000,0x0000000025200000)]
  0x000000001b91e800 JavaThread "Thread-28" [_thread_blocked, id=608, stack(0x0000000025000000,0x0000000025100000)]
  0x000000001b924000 JavaThread "pool-2-thread-2" [_thread_blocked, id=7108, stack(0x0000000024f00000,0x0000000025000000)]
  0x000000001b923000 JavaThread "pool-5-thread-1" [_thread_blocked, id=10380, stack(0x0000000024800000,0x0000000024900000)]
  0x000000001b921800 JavaThread "pool-2-thread-1" [_thread_blocked, id=1560, stack(0x0000000024700000,0x0000000024800000)]
  0x000000001b927000 JavaThread "Task worker for ':' Thread 3" [_thread_blocked, id=13560, stack(0x0000000023e00000,0x0000000023f00000)]
  0x000000001b924800 JavaThread "Task worker for ':' Thread 2" [_thread_blocked, id=13724, stack(0x0000000023d00000,0x0000000023e00000)]
  0x000000001b91f800 JavaThread "Task worker for ':'" [_thread_blocked, id=14316, stack(0x0000000023c00000,0x0000000023d00000)]
  0x000000001b921000 JavaThread "Cache worker for task history cache (C:\PERALTA BACKUPS\PrestigeMobileAppUpdatedWed28-6-18-1258AM\MMReport\.gradle\4.1\taskHistory)" [_thread_blocked, id=10012, stack(0x0000000023b00000,0x0000000023c00000)]
  0x000000001b920000 JavaThread "Cache worker for file content cache (C:\PERALTA BACKUPS\PrestigeMobileAppUpdatedWed28-6-18-1258AM\MMReport\.gradle\4.1\fileContent)" [_thread_blocked, id=3332, stack(0x00000000233d0000,0x00000000234d0000)]
  0x000000001b925800 JavaThread "Memory manager" [_thread_blocked, id=4740, stack(0x0000000022cd0000,0x0000000022dd0000)]
  0x000000001b325800 JavaThread "pool-1-thread-1" [_thread_blocked, id=11656, stack(0x00000000229d0000,0x0000000022ad0000)]
  0x000000001b324000 JavaThread "build operations Thread 4" [_thread_blocked, id=13360, stack(0x00000000215e0000,0x00000000216e0000)]
  0x000000001b322800 JavaThread "build operations Thread 3" [_thread_blocked, id=13992, stack(0x00000000214e0000,0x00000000215e0000)]
  0x000000001b323000 JavaThread "build operations Thread 2" [_thread_blocked, id=12800, stack(0x00000000213e0000,0x00000000214e0000)]
  0x000000001b321000 JavaThread "build operations" [_thread_blocked, id=280, stack(0x00000000212e0000,0x00000000213e0000)]
  0x000000001b326000 JavaThread "Cache worker for Artifact transforms cache (C:\Users\Rozz\.gradle\caches\transforms-1)" [_thread_blocked, id=8644, stack(0x000000001e460000,0x000000001e560000)]
  0x000000001b5d1000 JavaThread "Cache worker for file hash cache (C:\PERALTA BACKUPS\PrestigeMobileAppUpdatedWed28-6-18-1258AM\MMReport\.gradle\4.1\fileHashes)" [_thread_blocked, id=7816, stack(0x000000001e160000,0x000000001e260000)]
  0x000000001a0e5800 JavaThread "File lock request listener" [_thread_in_native, id=1248, stack(0x000000001ce90000,0x000000001cf90000)]
  0x000000001a01d800 JavaThread "Cache worker for file hash cache (C:\Users\Rozz\.gradle\caches\4.1\fileHashes)" [_thread_blocked, id=4184, stack(0x000000001cd90000,0x000000001ce90000)]
  0x000000001adf4000 JavaThread "Asynchronous log dispatcher for DefaultDaemonConnection: socket connection from /127.0.0.1:11429 to /127.0.0.1:11430" [_thread_blocked, id=2884, stack(0x000000001cb90000,0x000000001cc90000)]
  0x000000001b207800 JavaThread "Daemon worker" [_thread_blocked, id=4404, stack(0x000000001ca90000,0x000000001cb90000)]
  0x000000001b205000 JavaThread "Cancel handler" [_thread_blocked, id=1116, stack(0x000000001c990000,0x000000001ca90000)]
  0x000000001aa79800 JavaThread "Handler for socket connection from /127.0.0.1:11429 to /127.0.0.1:11430" [_thread_in_native, id=10904, stack(0x000000001c690000,0x000000001c790000)]
  0x000000001ab59800 JavaThread "Daemon" [_thread_blocked, id=12620, stack(0x000000001c590000,0x000000001c690000)]
  0x000000001b02f800 JavaThread "Daemon periodic checks" [_thread_blocked, id=12416, stack(0x000000001c490000,0x000000001c590000)]
  0x000000001a7f9000 JavaThread "Incoming local TCP Connector on port 11429" [_thread_in_native, id=7704, stack(0x000000001c250000,0x000000001c350000)]
  0x000000001855c800 JavaThread "Service Thread" daemon [_thread_blocked, id=11172, stack(0x000000001a340000,0x000000001a440000)]
  0x0000000018513800 JavaThread "C1 CompilerThread2" daemon [_thread_blocked, id=14040, stack(0x0000000019e40000,0x0000000019f40000)]
=>0x0000000018502000 JavaThread "C2 CompilerThread1" daemon [_thread_in_native, id=5888, stack(0x0000000019d40000,0x0000000019e40000)]
  0x00000000184ff000 JavaThread "C2 CompilerThread0" daemon [_thread_in_native, id=980, stack(0x0000000019c40000,0x0000000019d40000)]
  0x00000000184fd800 JavaThread "Attach Listener" daemon [_thread_blocked, id=9636, stack(0x0000000019b40000,0x0000000019c40000)]
  0x00000000184fc000 JavaThread "Signal Dispatcher" daemon [_thread_blocked, id=6804, stack(0x0000000019a40000,0x0000000019b40000)]
  0x00000000184ee000 JavaThread "Finalizer" daemon [_thread_blocked, id=348, stack(0x0000000019750000,0x0000000019850000)]
  0x0000000004b82800 JavaThread "Reference Handler" daemon [_thread_blocked, id=8704, stack(0x0000000019650000,0x0000000019750000)]
  0x000000000498e800 JavaThread "main" [_thread_blocked, id=12372, stack(0x0000000004990000,0x0000000004a90000)]

Other Threads:
  0x00000000184c5800 VMThread [stack: 0x0000000019550000,0x0000000019650000] [id=11476]
  0x0000000019f6d000 WatcherThread [stack: 0x000000001a440000,0x000000001a540000] [id=7820]

VM state:not at safepoint (normal execution)

VM Mutex/Monitor currently owned by a thread: None

Heap:
 PSYoungGen      total 139264K, used 33456K [0x00000000e0000000, 0x00000000eb700000, 0x0000000100000000)
  eden space 98304K, 12% used [0x00000000e0000000,0x00000000e0c1aaf0,0x00000000e6000000)
  from space 40960K, 51% used [0x00000000e6000000,0x00000000e74917e0,0x00000000e8800000)
  to   space 40448K, 0% used [0x00000000e8f80000,0x00000000e8f80000,0x00000000eb700000)
 ParOldGen       total 154112K, used 120687K [0x00000000a0000000, 0x00000000a9680000, 0x00000000e0000000)
  object space 154112K, 78% used [0x00000000a0000000,0x00000000a75dbdd0,0x00000000a9680000)
 Metaspace       used 59096K, capacity 61072K, committed 61400K, reserved 1101824K
  class space    used 7806K, capacity 8277K, committed 8408K, reserved 1048576K

Card table byte_map: [0x0000000013f50000,0x0000000014260000] byte_map_base: 0x0000000013a50000

Marking Bits: (ParMarkBitMap*) 0x000000006bd83950
 Begin Bits: [0x0000000014860000, 0x0000000016060000)
 End Bits:   [0x0000000016060000, 0x0000000017860000)

Polling page: 0x00000000007e0000

CodeCache: size=245760Kb used=33353Kb max_used=33353Kb free=212406Kb
 bounds [0x0000000004b90000, 0x0000000006c70000, 0x0000000013b90000]
 total_blobs=9814 nmethods=9038 adapters=688
 compilation: enabled

Compilation events (10 events):
Event: 150.539 Thread 0x0000000018513800 11337       2       java.lang.ProcessEnvironment$CheckedEntrySet$1::next (5 bytes)
Event: 150.539 Thread 0x0000000018513800 nmethod 11337 0x0000000006b20710 code [0x0000000006b20880, 0x0000000006b20ac8]
Event: 150.539 Thread 0x0000000018513800 11336       2       java.util.stream.ReduceOps$ReduceOp::evaluateSequential (18 bytes)
Event: 150.539 Thread 0x0000000018513800 nmethod 11336 0x0000000006b20250 code [0x0000000006b203e0, 0x0000000006b20608]
Event: 150.569 Thread 0x0000000018513800 11338       2       java.lang.ProcessEnvironment$CheckedEntry::getValue (5 bytes)
Event: 150.570 Thread 0x0000000018513800 nmethod 11338 0x0000000006b1fe50 code [0x0000000006b1ffc0, 0x0000000006b20168]
Event: 150.570 Thread 0x0000000018513800 11339       2       java.util.Collections$UnmodifiableMap$UnmodifiableEntrySet$UnmodifiableEntry::getValue (10 bytes)
Event: 150.570 Thread 0x0000000018513800 nmethod 11339 0x0000000006b1fad0 code [0x0000000006b1fc40, 0x0000000006b1fdc8]
Event: 150.570 Thread 0x0000000018513800 11340       2       java.lang.ProcessEnvironment$EntryComparator::compare (13 bytes)
Event: 150.570 Thread 0x0000000018513800 nmethod 11340 0x0000000006b1f4d0 code [0x0000000006b1f660, 0x0000000006b1f948]

GC Heap History (10 events):
Event: 142.996 GC heap before
{Heap before GC invocations=57 (full 6):
 PSYoungGen      total 120320K, used 11759K [0x00000000e0000000, 0x00000000e9900000, 0x0000000100000000)
  eden space 93184K, 0% used [0x00000000e0000000,0x00000000e0000000,0x00000000e5b00000)
  from space 27136K, 43% used [0x00000000e5b00000,0x00000000e667be78,0x00000000e7580000)
  to   space 26112K, 0% used [0x00000000e7f80000,0x00000000e7f80000,0x00000000e9900000)
 ParOldGen       total 109056K, used 102006K [0x00000000a0000000, 0x00000000a6a80000, 0x00000000e0000000)
  object space 109056K, 93% used [0x00000000a0000000,0x00000000a639da80,0x00000000a6a80000)
 Metaspace       used 58595K, capacity 60512K, committed 60888K, reserved 1101824K
  class space    used 7781K, capacity 8241K, committed 8408K, reserved 1048576K
Event: 143.638 GC heap after
Heap after GC invocations=57 (full 6):
 PSYoungGen      total 120320K, used 0K [0x00000000e0000000, 0x00000000e9900000, 0x0000000100000000)
  eden space 93184K, 0% used [0x00000000e0000000,0x00000000e0000000,0x00000000e5b00000)
  from space 27136K, 0% used [0x00000000e5b00000,0x00000000e5b00000,0x00000000e7580000)
  to   space 26112K, 0% used [0x00000000e7f80000,0x00000000e7f80000,0x00000000e9900000)
 ParOldGen       total 154112K, used 99931K [0x00000000a0000000, 0x00000000a9680000, 0x00000000e0000000)
  object space 154112K, 64% used [0x00000000a0000000,0x00000000a6196fe8,0x00000000a9680000)
 Metaspace       used 58595K, capacity 60512K, committed 60888K, reserved 1101824K
  class space    used 7781K, capacity 8241K, committed 8408K, reserved 1048576K
}
Event: 144.319 GC heap before
{Heap before GC invocations=58 (full 6):
 PSYoungGen      total 120320K, used 93184K [0x00000000e0000000, 0x00000000e9900000, 0x0000000100000000)
  eden space 93184K, 100% used [0x00000000e0000000,0x00000000e5b00000,0x00000000e5b00000)
  from space 27136K, 0% used [0x00000000e5b00000,0x00000000e5b00000,0x00000000e7580000)
  to   space 26112K, 0% used [0x00000000e7f80000,0x00000000e7f80000,0x00000000e9900000)
 ParOldGen       total 154112K, used 99931K [0x00000000a0000000, 0x00000000a9680000, 0x00000000e0000000)
  object space 154112K, 64% used [0x00000000a0000000,0x00000000a6196fe8,0x00000000a9680000)
 Metaspace       used 58604K, capacity 60512K, committed 60888K, reserved 1101824K
  class space    used 7781K, capacity 8241K, committed 8408K, reserved 1048576K
Event: 144.342 GC heap after
Heap after GC invocations=58 (full 6):
 PSYoungGen      total 126976K, used 21915K [0x00000000e0000000, 0x00000000e9a80000, 0x0000000100000000)
  eden space 100864K, 0% used [0x00000000e0000000,0x00000000e0000000,0x00000000e6280000)
  from space 26112K, 83% used [0x00000000e7f80000,0x00000000e94e6ea8,0x00000000e9900000)
  to   space 28672K, 0% used [0x00000000e6280000,0x00000000e6280000,0x00000000e7e80000)
 ParOldGen       total 154112K, used 99939K [0x00000000a0000000, 0x00000000a9680000, 0x00000000e0000000)
  object space 154112K, 64% used [0x00000000a0000000,0x00000000a6198fe8,0x00000000a9680000)
 Metaspace       used 58604K, capacity 60512K, committed 60888K, reserved 1101824K
  class space    used 7781K, capacity 8241K, committed 8408K, reserved 1048576K
}
Event: 146.278 GC heap before
{Heap before GC invocations=59 (full 6):
 PSYoungGen      total 126976K, used 122779K [0x00000000e0000000, 0x00000000e9a80000, 0x0000000100000000)
  eden space 100864K, 100% used [0x00000000e0000000,0x00000000e6280000,0x00000000e6280000)
  from space 26112K, 83% used [0x00000000e7f80000,0x00000000e94e6ea8,0x00000000e9900000)
  to   space 28672K, 0% used [0x00000000e6280000,0x00000000e6280000,0x00000000e7e80000)
 ParOldGen       total 154112K, used 99939K [0x00000000a0000000, 0x00000000a9680000, 0x00000000e0000000)
  object space 154112K, 64% used [0x00000000a0000000,0x00000000a6198fe8,0x00000000a9680000)
 Metaspace       used 58621K, capacity 60576K, committed 60888K, reserved 1101824K
  class space    used 7782K, capacity 8241K, committed 8408K, reserved 1048576K
Event: 146.304 GC heap after
Heap after GC invocations=59 (full 6):
 PSYoungGen      total 129536K, used 22649K [0x00000000e0000000, 0x00000000ea680000, 0x0000000100000000)
  eden space 100864K, 0% used [0x00000000e0000000,0x00000000e0000000,0x00000000e6280000)
  from space 28672K, 78% used [0x00000000e6280000,0x00000000e789e780,0x00000000e7e80000)
  to   space 31232K, 0% used [0x00000000e8800000,0x00000000e8800000,0x00000000ea680000)
 ParOldGen       total 154112K, used 99947K [0x00000000a0000000, 0x00000000a9680000, 0x00000000e0000000)
  object space 154112K, 64% used [0x00000000a0000000,0x00000000a619afe8,0x00000000a9680000)
 Metaspace       used 58621K, capacity 60576K, committed 60888K, reserved 1101824K
  class space    used 7782K, capacity 8241K, committed 8408K, reserved 1048576K
}
Event: 147.058 GC heap before
{Heap before GC invocations=60 (full 6):
 PSYoungGen      total 129536K, used 123513K [0x00000000e0000000, 0x00000000ea680000, 0x0000000100000000)
  eden space 100864K, 100% used [0x00000000e0000000,0x00000000e6280000,0x00000000e6280000)
  from space 28672K, 78% used [0x00000000e6280000,0x00000000e789e780,0x00000000e7e80000)
  to   space 31232K, 0% used [0x00000000e8800000,0x00000000e8800000,0x00000000ea680000)
 ParOldGen       total 154112K, used 99947K [0x00000000a0000000, 0x00000000a9680000, 0x00000000e0000000)
  object space 154112K, 64% used [0x00000000a0000000,0x00000000a619afe8,0x00000000a9680000)
 Metaspace       used 58622K, capacity 60576K, committed 60888K, reserved 1101824K
  class space    used 7782K, capacity 8241K, committed 8408K, reserved 1048576K
Event: 147.114 GC heap after
Heap after GC invocations=60 (full 6):
 PSYoungGen      total 129536K, used 31225K [0x00000000e0000000, 0x00000000ebb00000, 0x0000000100000000)
  eden space 98304K, 0% used [0x00000000e0000000,0x00000000e0000000,0x00000000e6000000)
  from space 31232K, 99% used [0x00000000e8800000,0x00000000ea67e770,0x00000000ea680000)
  to   space 40960K, 0% used [0x00000000e6000000,0x00000000e6000000,0x00000000e8800000)
 ParOldGen       total 154112K, used 113029K [0x00000000a0000000, 0x00000000a9680000, 0x00000000e0000000)
  object space 154112K, 73% used [0x00000000a0000000,0x00000000a6e61590,0x00000000a9680000)
 Metaspace       used 58622K, capacity 60576K, committed 60888K, reserved 1101824K
  class space    used 7782K, capacity 8241K, committed 8408K, reserved 1048576K
}
Event: 148.524 GC heap before
{Heap before GC invocations=61 (full 6):
 PSYoungGen      total 129536K, used 129529K [0x00000000e0000000, 0x00000000ebb00000, 0x0000000100000000)
  eden space 98304K, 100% used [0x00000000e0000000,0x00000000e6000000,0x00000000e6000000)
  from space 31232K, 99% used [0x00000000e8800000,0x00000000ea67e770,0x00000000ea680000)
  to   space 40960K, 0% used [0x00000000e6000000,0x00000000e6000000,0x00000000e8800000)
 ParOldGen       total 154112K, used 113029K [0x00000000a0000000, 0x00000000a9680000, 0x00000000e0000000)
  object space 154112K, 73% used [0x00000000a0000000,0x00000000a6e61590,0x00000000a9680000)
 Metaspace       used 58881K, capacity 60768K, committed 61144K, reserved 1101824K
  class space    used 7795K, capacity 8241K, committed 8408K, reserved 1048576K
Event: 148.561 GC heap after
Heap after GC invocations=61 (full 6):
 PSYoungGen      total 139264K, used 21061K [0x00000000e0000000, 0x00000000eb700000, 0x0000000100000000)
  eden space 98304K, 0% used [0x00000000e0000000,0x00000000e0000000,0x00000000e6000000)
  from space 40960K, 51% used [0x00000000e6000000,0x00000000e74917e0,0x00000000e8800000)
  to   space 40448K, 0% used [0x00000000e8f80000,0x00000000e8f80000,0x00000000eb700000)
 ParOldGen       total 154112K, used 120687K [0x00000000a0000000, 0x00000000a9680000, 0x00000000e0000000)
  object space 154112K, 78% used [0x00000000a0000000,0x00000000a75dbdd0,0x00000000a9680000)
 Metaspace       used 58881K, capacity 60768K, committed 61144K, reserved 1101824K
  class space    used 7795K, capacity 8241K, committed 8408K, reserved 1048576K
}

Deoptimization events (10 events):
Event: 148.488 Thread 0x000000001b91e800 Uncommon trap: reason=array_check action=maybe_recompile pc=0x00000000062062dc method=java.util.ComparableTimSort.binarySort([Ljava/lang/Object;III)V @ 193
Event: 148.809 Thread 0x000000001b91e800 Uncommon trap: reason=unstable_if action=reinterpret pc=0x0000000006079468 method=com.android.dx.util.ByteArrayAnnotatedOutput.ensureCapacity(I)V @ 6
Event: 148.810 Thread 0x000000001b91e800 Uncommon trap: reason=unstable_if action=reinterpret pc=0x00000000061dc4dc method=com.android.dx.util.ByteArrayAnnotatedOutput.ensureCapacity(I)V @ 6
Event: 149.019 Thread 0x000000001b91e800 Uncommon trap: reason=unstable_if action=reinterpret pc=0x000000000680728c method=com.android.dx.util.ByteArrayAnnotatedOutput.writeByte(I)V @ 13
Event: 149.421 Thread 0x000000001b927000 Uncommon trap: reason=class_check action=maybe_recompile pc=0x0000000006605578 method=sun.nio.fs.WindowsPath.equals(Ljava/lang/Object;)Z @ 13
Event: 149.422 Thread 0x000000001b927000 Uncommon trap: reason=class_check action=maybe_recompile pc=0x0000000006605578 method=sun.nio.fs.WindowsPath.equals(Ljava/lang/Object;)Z @ 13
Event: 149.422 Thread 0x000000001b927000 Uncommon trap: reason=class_check action=maybe_recompile pc=0x0000000006605578 method=sun.nio.fs.WindowsPath.equals(Ljava/lang/Object;)Z @ 13
Event: 149.423 Thread 0x000000001b927000 Uncommon trap: reason=class_check action=maybe_recompile pc=0x0000000006605578 method=sun.nio.fs.WindowsPath.equals(Ljava/lang/Object;)Z @ 13
Event: 149.623 Thread 0x000000001b921000 Uncommon trap: reason=unstable_if action=reinterpret pc=0x00000000065b2978 method=com.esotericsoftware.kryo.io.Output.writeByte(B)V @ 8
Event: 150.133 Thread 0x000000001b927000 Uncommon trap: reason=unstable_if action=reinterpret pc=0x0000000006746b0c method=java.util.RegularEnumSet.contains(Ljava/lang/Object;)Z @ 16

Classes redefined (0 events):
No events

Internal exceptions (10 events):
Event: 95.955 Thread 0x000000001b924800 Implicit null exception at 0x0000000005cf94b7 to 0x0000000005cf9c7d
Event: 96.047 Thread 0x000000001b924800 Exception <a 'java/lang/NoSuchMethodError': <clinit>> (0x00000000e175fe58) thrown at [D:\src\AOSP-openjdk-cygwin\jdk8u\hotspot\src\share\vm\prims\jni.cpp, line 1613]
Event: 96.048 Thread 0x000000001b924800 Exception <a 'java/lang/NoSuchMethodError': <clinit>> (0x00000000e1772c88) thrown at [D:\src\AOSP-openjdk-cygwin\jdk8u\hotspot\src\share\vm\prims\jni.cpp, line 1613]
Event: 96.049 Thread 0x000000001b924800 Exception <a 'java/lang/NoSuchMethodError': <clinit>> (0x00000000e1774538) thrown at [D:\src\AOSP-openjdk-cygwin\jdk8u\hotspot\src\share\vm\prims\jni.cpp, line 1613]
Event: 102.119 Thread 0x000000001b91f800 Exception <a 'java/lang/NoSuchMethodError': java.lang.Object.lambda$negate$1(Ljava/lang/Object;)Z> (0x00000000e0451508) thrown at [D:\src\AOSP-openjdk-cygwin\jdk8u\hotspot\src\share\vm\interpreter\linkResolver.cpp, line 584]
Event: 114.063 Thread 0x000000001b927000 Exception <a 'java/lang/NoSuchMethodError': <clinit>> (0x00000000e0342c10) thrown at [D:\src\AOSP-openjdk-cygwin\jdk8u\hotspot\src\share\vm\prims\jni.cpp, line 1613]
Event: 115.024 Thread 0x000000001b927000 Exception <a 'java/lang/NoSuchMethodError': java.lang.Object.lambda$asRunnable$0(Lcom/android/apkzlib/utils/IOExceptionRunnable;)V> (0x00000000e1bb5a58) thrown at [D:\src\AOSP-openjdk-cygwin\jdk8u\hotspot\src\share\vm\interpreter\linkResolver.cpp, line 58
Event: 116.017 Thread 0x000000001b927000 Implicit null exception at 0x0000000004e7ad85 to 0x0000000004e7b085
Event: 134.943 Thread 0x000000001b929000 Implicit null exception at 0x000000000670a4e2 to 0x000000000670a5da
Event: 137.113 Thread 0x000000001b929000 Implicit null exception at 0x0000000006773487 to 0x0000000006774bdd

Events (10 events):
Event: 150.257 loading class com/android/build/gradle/internal/transforms/InstantRunSliceSplitApkBuilder done
Event: 150.258 loading class com/android/build/gradle/internal/transforms/InstantRunSplitApkBuilder$DexFiles
Event: 150.258 loading class com/android/build/gradle/internal/transforms/InstantRunSplitApkBuilder$DexFiles done
Event: 150.258 loading class com/android/build/gradle/internal/transforms/InstantRunSliceSplitApkBuilder
Event: 150.258 loading class com/android/build/gradle/internal/transforms/InstantRunSliceSplitApkBuilder done
Event: 150.258 Thread 0x000000001b924000 Thread added: 0x000000001b924000
Event: 150.487 Thread 0x000000001b91e800 Thread added: 0x000000001b91e800
Event: 150.539 Thread 0x000000001b926000 Thread added: 0x000000001b926000
Event: 150.570 Executing VM operation: RevokeBias
Event: 150.571 Executing VM operation: RevokeBias done


Dynamic libraries:
0x00007ff6f4880000 - 0x00007ff6f48b1000 	C:\Program Files\Android\Android Studio\jre\bin\java.exe
0x00007ffdf4e10000 - 0x00007ffdf4ff0000 	C:\WINDOWS\SYSTEM32\ntdll.dll
0x00007ffdf30f0000 - 0x00007ffdf319e000 	C:\WINDOWS\System32\KERNEL32.DLL
0x00007ffdf1ba0000 - 0x00007ffdf1e06000 	C:\WINDOWS\System32\KERNELBASE.dll
0x00007ffdf3240000 - 0x00007ffdf32e1000 	C:\WINDOWS\System32\ADVAPI32.dll
0x00007ffdf3740000 - 0x00007ffdf37dd000 	C:\WINDOWS\System32\msvcrt.dll
0x00007ffdf27f0000 - 0x00007ffdf284b000 	C:\WINDOWS\System32\sechost.dll
0x00007ffdf2550000 - 0x00007ffdf266f000 	C:\WINDOWS\System32\RPCRT4.dll
0x00007ffdf22e0000 - 0x00007ffdf246f000 	C:\WINDOWS\System32\USER32.dll
0x00007ffdf1b80000 - 0x00007ffdf1ba0000 	C:\WINDOWS\System32\win32u.dll
0x00007ffdf37f0000 - 0x00007ffdf3818000 	C:\WINDOWS\System32\GDI32.dll
0x00007ffdf2040000 - 0x00007ffdf21d3000 	C:\WINDOWS\System32\gdi32full.dll
0x00007ffdf1210000 - 0x00007ffdf12ab000 	C:\WINDOWS\System32\msvcp_win.dll
0x00007ffdf21e0000 - 0x00007ffdf22d6000 	C:\WINDOWS\System32\ucrtbase.dll
0x00007ffde06c0000 - 0x00007ffde0929000 	C:\WINDOWS\WinSxS\amd64_microsoft.windows.common-controls_6595b64144ccf1df_6.0.16299.192_none_15c8cdae9364c23b\COMCTL32.dll
0x00007ffdf2a60000 - 0x00007ffdf2d68000 	C:\WINDOWS\System32\combase.dll
0x00007ffdf12b0000 - 0x00007ffdf1322000 	C:\WINDOWS\System32\bcryptPrimitives.dll
0x00007ffdf3040000 - 0x00007ffdf306d000 	C:\WINDOWS\System32\IMM32.DLL
0x000000006d690000 - 0x000000006d762000 	C:\Program Files\Android\Android Studio\jre\jre\bin\msvcr100.dll
0x000000006b5c0000 - 0x000000006bdfe000 	C:\Program Files\Android\Android Studio\jre\jre\bin\server\jvm.dll
0x00007ffdf28b0000 - 0x00007ffdf28b8000 	C:\WINDOWS\System32\PSAPI.DLL
0x00007ffdeee60000 - 0x00007ffdeee83000 	C:\WINDOWS\SYSTEM32\WINMM.dll
0x00007ffde0b80000 - 0x00007ffde0b8a000 	C:\WINDOWS\SYSTEM32\VERSION.dll
0x00007ffdec030000 - 0x00007ffdec039000 	C:\WINDOWS\SYSTEM32\WSOCK32.dll
0x00007ffdf2fd0000 - 0x00007ffdf303c000 	C:\WINDOWS\System32\WS2_32.dll
0x00007ffdeee00000 - 0x00007ffdeee2a000 	C:\WINDOWS\SYSTEM32\WINMMBASE.dll
0x00007ffdf1b30000 - 0x00007ffdf1b7a000 	C:\WINDOWS\System32\cfgmgr32.dll
0x00007ffdeb7f0000 - 0x00007ffdeb7ff000 	C:\Program Files\Android\Android Studio\jre\jre\bin\verify.dll
0x00007ffdeab30000 - 0x00007ffdeab59000 	C:\Program Files\Android\Android Studio\jre\jre\bin\java.dll
0x00007ffdeaf40000 - 0x00007ffdeaf56000 	C:\Program Files\Android\Android Studio\jre\jre\bin\zip.dll
0x00007ffdf3820000 - 0x00007ffdf4c56000 	C:\WINDOWS\System32\SHELL32.dll
0x00007ffdf2740000 - 0x00007ffdf27e6000 	C:\WINDOWS\System32\shcore.dll
0x00007ffdf1330000 - 0x00007ffdf1a77000 	C:\WINDOWS\System32\windows.storage.dll
0x00007ffdf3070000 - 0x00007ffdf30c1000 	C:\WINDOWS\System32\shlwapi.dll
0x00007ffdf11f0000 - 0x00007ffdf1201000 	C:\WINDOWS\System32\kernel.appcore.dll
0x00007ffdf1160000 - 0x00007ffdf11ac000 	C:\WINDOWS\System32\powrprof.dll
0x00007ffdf11b0000 - 0x00007ffdf11cb000 	C:\WINDOWS\System32\profapi.dll
0x00007ffde9870000 - 0x00007ffde988a000 	C:\Program Files\Android\Android Studio\jre\jre\bin\net.dll
0x00007ffdf09f0000 - 0x00007ffdf0a56000 	C:\WINDOWS\system32\mswsock.dll
0x00007ffde9680000 - 0x00007ffde9691000 	C:\Program Files\Android\Android Studio\jre\jre\bin\nio.dll
0x00007ffde23f0000 - 0x00007ffde240e000 	C:\Users\Rozz\.gradle\native\25\windows-amd64\native-platform.dll
0x00007ffdec1e0000 - 0x00007ffdec1ed000 	C:\Program Files\Android\Android Studio\jre\jre\bin\management.dll
0x00007ffdf0bc0000 - 0x00007ffdf0bd7000 	C:\WINDOWS\SYSTEM32\CRYPTSP.dll
0x00007ffdf0600000 - 0x00007ffdf0633000 	C:\WINDOWS\system32\rsaenh.dll
0x00007ffdf0cc0000 - 0x00007ffdf0ce5000 	C:\WINDOWS\SYSTEM32\bcrypt.dll
0x00007ffdf1090000 - 0x00007ffdf10b9000 	C:\WINDOWS\SYSTEM32\USERENV.dll
0x00007ffdf0bb0000 - 0x00007ffdf0bbb000 	C:\WINDOWS\SYSTEM32\CRYPTBASE.dll
0x00007ffdf0780000 - 0x00007ffdf07b9000 	C:\WINDOWS\SYSTEM32\IPHLPAPI.DLL
0x00007ffdf37e0000 - 0x00007ffdf37e8000 	C:\WINDOWS\System32\NSI.dll
0x00007ffde80d0000 - 0x00007ffde80e6000 	C:\WINDOWS\SYSTEM32\dhcpcsvc6.DLL
0x00007ffde8cc0000 - 0x00007ffde8cda000 	C:\WINDOWS\SYSTEM32\dhcpcsvc.DLL

VM Arguments:
jvm_args: -Xmx1536m -Dfile.encoding=windows-1252 -Duser.country=PH -Duser.language=en -Duser.variant 
java_command: org.gradle.launcher.daemon.bootstrap.GradleDaemon 4.1
java_class_path (initial): C:\Users\Rozz\.gradle\wrapper\dists\gradle-4.1-all\bzyivzo6n839fup2jbap0tjew\gradle-4.1\lib\gradle-launcher-4.1.jar
Launcher Type: SUN_STANDARD

Environment Variables:
JAVA_HOME=C:\Program Files (x86)\SAP\SAP Business One ServerTools\Common\sapjvm_8
CLASSPATH=C:\Program Files (x86)\SAP\SAP Business One DI API\JCO\LIB\sbowrapper.jar;C:\Program Files (x86)\SAP\SAP Business One DI API\JCO\LIB\sboapi.jar
PATH=C:\ProgramData\Oracle\Java\javapath;C:\Program Files (x86)\Intel\iCLS Client\;C:\Program Files\Intel\iCLS Client\;C:\Windows\system32;C:\Windows;C:\Windows\System32\Wbem;C:\Windows\System32\WindowsPowerShell\v1.0\;C:\Program Files (x86)\Intel\Intel(R) Management Engine Components\DAL;C:\Program Files\Intel\Intel(R) Management Engine Components\DAL;C:\Program Files (x86)\Intel\Intel(R) Management Engine Components\IPT;C:\Program Files\Intel\Intel(R) Management Engine Components\IPT;C:\Program Files (x86)\NVIDIA Corporation\PhysX\Common;C:\Program Files\dotnet\;C:\WINDOWS\system32\config\systemprofile\.dnx\bin;C:\Program Files\Microsoft DNX\Dnvm\;C:\Program Files\Microsoft SQL Server\130\Tools\Binn\;C:\Program Files (x86)\Microsoft SQL Server\110\Tools\Binn\;C:\Program Files\Microsoft SQL Server\110\Tools\Binn\;C:\Program Files\Microsoft SQL Server\110\DTS\Binn\;c:\Program Files (x86)\Microsoft SQL Server\100\Tools\Binn\;c:\Program Files\Microsoft SQL Server\100\Tools\Binn\;c:\Program Files\Microsoft SQL Server\100\DTS\Binn\;C:\Program Files (x86)\SAP\SAP Business One DI API\JCO\LIB\;C:\Program Files (x86)\SAP\SAP Business One DI API\DI API 90;C:\Program Files (x86)\SAP\SAP Business One\;C:\Program Files (x86)\Microsoft SQL Server\110\Tools\Binn\ManagementStudio\;C:\Program Files (x86)\Microsoft SQL Server\110\DTS\Binn\;C:\Program Files (x86)\SAP\SAP Business One ServerTools\Common\sapjvm_8\jre\bin;C:\Program Files (x86)\SAP\SAP Business One ServerTools\Common\tomcat\bin;C:\Program Files (x86)\SAP\SAP Business One ServerTools\Common\sapjvm_8\jre\bin\server;C:\WINDOWS\system32;C:\WINDOWS;C:\WINDOWS\System32\Wbem;C:\WINDOWS\System32\WindowsPowerShell\v1.0\;C:\Program Files\Git\cmd;C:\Users\Rozz\AppData\Local\Microsoft\WindowsApps;
USERNAME=Rozz
OS=Windows_NT
PROCESSOR_IDENTIFIER=Intel64 Family 6 Model 142 Stepping 9, GenuineIntel



---------------  S Y S T E M  ---------------

OS: Windows 10.0 , 64 bit Build 16299 (10.0.16299.15)

CPU:total 4 (initial active 4) (2 cores per cpu, 2 threads per core) family 6 model 142 stepping 9, cmov, cx8, fxsr, mmx, sse, sse2, sse3, ssse3, sse4.1, sse4.2, popcnt, avx, avx2, aes, clmul, erms, 3dnowpref, lzcnt, ht, tsc, tscinvbit, bmi1, bmi2, adx

Memory: 4k page, physical 4059364k(279788k free), swap 8253668k(5172k free)

vm_info: OpenJDK 64-Bit Server VM (25.152-b01) for windows-amd64 JRE (1.8.0_152-release-915-b01), built by "builder" with MS VC++ 10.0 (VS2010)

time: Fri Mar 02 09:03:44 2018
elapsed time: 151 seconds (0d 0h 2m 31s)

